[2022-12-03T05:09:00.299+0000] {processor.py:153} INFO - Started process (PID=281) to work on /home/airflow/.local/lib/python3.7/site-packages/airflow/example_dags/example_bash_operator.py
[2022-12-03T05:09:00.302+0000] {processor.py:743} INFO - Processing file /home/airflow/.local/lib/python3.7/site-packages/airflow/example_dags/example_bash_operator.py for tasks to queue
[2022-12-03T05:09:00.309+0000] {logging_mixin.py:137} INFO - [2022-12-03T05:09:00.309+0000] {dagbag.py:538} INFO - Filling up the DagBag from /home/airflow/.local/lib/python3.7/site-packages/airflow/example_dags/example_bash_operator.py
[2022-12-03T05:09:00.338+0000] {processor.py:753} INFO - DAG(s) dict_keys(['example_bash_operator']) retrieved from /home/airflow/.local/lib/python3.7/site-packages/airflow/example_dags/example_bash_operator.py
[2022-12-03T05:09:00.397+0000] {logging_mixin.py:137} INFO - [2022-12-03T05:09:00.397+0000] {dag.py:2676} INFO - Sync 1 DAGs
[2022-12-03T05:09:00.429+0000] {logging_mixin.py:137} INFO - [2022-12-03T05:09:00.428+0000] {dag.py:3427} INFO - Setting next_dagrun for example_bash_operator to 2022-12-02T00:00:00+00:00, run_after=2022-12-03T00:00:00+00:00
[2022-12-03T05:09:00.463+0000] {processor.py:175} INFO - Processing /home/airflow/.local/lib/python3.7/site-packages/airflow/example_dags/example_bash_operator.py took 0.170 seconds
[2022-12-03T05:09:31.319+0000] {processor.py:153} INFO - Started process (PID=495) to work on /home/airflow/.local/lib/python3.7/site-packages/airflow/example_dags/example_bash_operator.py
[2022-12-03T05:09:31.321+0000] {processor.py:743} INFO - Processing file /home/airflow/.local/lib/python3.7/site-packages/airflow/example_dags/example_bash_operator.py for tasks to queue
[2022-12-03T05:09:31.322+0000] {logging_mixin.py:137} INFO - [2022-12-03T05:09:31.321+0000] {dagbag.py:538} INFO - Filling up the DagBag from /home/airflow/.local/lib/python3.7/site-packages/airflow/example_dags/example_bash_operator.py
[2022-12-03T05:09:31.336+0000] {processor.py:753} INFO - DAG(s) dict_keys(['example_bash_operator']) retrieved from /home/airflow/.local/lib/python3.7/site-packages/airflow/example_dags/example_bash_operator.py
[2022-12-03T05:09:31.368+0000] {logging_mixin.py:137} INFO - [2022-12-03T05:09:31.368+0000] {dag.py:2676} INFO - Sync 1 DAGs
[2022-12-03T05:09:31.384+0000] {logging_mixin.py:137} INFO - [2022-12-03T05:09:31.384+0000] {dag.py:3427} INFO - Setting next_dagrun for example_bash_operator to 2022-12-02T00:00:00+00:00, run_after=2022-12-03T00:00:00+00:00
[2022-12-03T05:09:31.397+0000] {processor.py:175} INFO - Processing /home/airflow/.local/lib/python3.7/site-packages/airflow/example_dags/example_bash_operator.py took 0.080 seconds
[2022-12-03T05:10:02.271+0000] {processor.py:153} INFO - Started process (PID=722) to work on /home/airflow/.local/lib/python3.7/site-packages/airflow/example_dags/example_bash_operator.py
[2022-12-03T05:10:02.272+0000] {processor.py:743} INFO - Processing file /home/airflow/.local/lib/python3.7/site-packages/airflow/example_dags/example_bash_operator.py for tasks to queue
[2022-12-03T05:10:02.274+0000] {logging_mixin.py:137} INFO - [2022-12-03T05:10:02.273+0000] {dagbag.py:538} INFO - Filling up the DagBag from /home/airflow/.local/lib/python3.7/site-packages/airflow/example_dags/example_bash_operator.py
[2022-12-03T05:10:02.287+0000] {processor.py:753} INFO - DAG(s) dict_keys(['example_bash_operator']) retrieved from /home/airflow/.local/lib/python3.7/site-packages/airflow/example_dags/example_bash_operator.py
[2022-12-03T05:10:02.324+0000] {logging_mixin.py:137} INFO - [2022-12-03T05:10:02.324+0000] {dag.py:2676} INFO - Sync 1 DAGs
[2022-12-03T05:10:02.350+0000] {logging_mixin.py:137} INFO - [2022-12-03T05:10:02.350+0000] {dag.py:3427} INFO - Setting next_dagrun for example_bash_operator to 2022-12-02T00:00:00+00:00, run_after=2022-12-03T00:00:00+00:00
[2022-12-03T05:10:02.363+0000] {processor.py:175} INFO - Processing /home/airflow/.local/lib/python3.7/site-packages/airflow/example_dags/example_bash_operator.py took 0.095 seconds
[2022-12-03T05:10:32.461+0000] {processor.py:153} INFO - Started process (PID=936) to work on /home/airflow/.local/lib/python3.7/site-packages/airflow/example_dags/example_bash_operator.py
[2022-12-03T05:10:32.464+0000] {processor.py:743} INFO - Processing file /home/airflow/.local/lib/python3.7/site-packages/airflow/example_dags/example_bash_operator.py for tasks to queue
[2022-12-03T05:10:32.464+0000] {logging_mixin.py:137} INFO - [2022-12-03T05:10:32.464+0000] {dagbag.py:538} INFO - Filling up the DagBag from /home/airflow/.local/lib/python3.7/site-packages/airflow/example_dags/example_bash_operator.py
[2022-12-03T05:10:32.482+0000] {processor.py:753} INFO - DAG(s) dict_keys(['example_bash_operator']) retrieved from /home/airflow/.local/lib/python3.7/site-packages/airflow/example_dags/example_bash_operator.py
[2022-12-03T05:10:32.592+0000] {logging_mixin.py:137} INFO - [2022-12-03T05:10:32.591+0000] {dag.py:2676} INFO - Sync 1 DAGs
[2022-12-03T05:10:32.611+0000] {logging_mixin.py:137} INFO - [2022-12-03T05:10:32.611+0000] {dag.py:3427} INFO - Setting next_dagrun for example_bash_operator to 2022-12-02T00:00:00+00:00, run_after=2022-12-03T00:00:00+00:00
[2022-12-03T05:10:32.660+0000] {processor.py:175} INFO - Processing /home/airflow/.local/lib/python3.7/site-packages/airflow/example_dags/example_bash_operator.py took 0.201 seconds
[2022-12-03T05:11:03.446+0000] {processor.py:153} INFO - Started process (PID=1161) to work on /home/airflow/.local/lib/python3.7/site-packages/airflow/example_dags/example_bash_operator.py
[2022-12-03T05:11:03.447+0000] {processor.py:743} INFO - Processing file /home/airflow/.local/lib/python3.7/site-packages/airflow/example_dags/example_bash_operator.py for tasks to queue
[2022-12-03T05:11:03.448+0000] {logging_mixin.py:137} INFO - [2022-12-03T05:11:03.448+0000] {dagbag.py:538} INFO - Filling up the DagBag from /home/airflow/.local/lib/python3.7/site-packages/airflow/example_dags/example_bash_operator.py
[2022-12-03T05:11:03.462+0000] {processor.py:753} INFO - DAG(s) dict_keys(['example_bash_operator']) retrieved from /home/airflow/.local/lib/python3.7/site-packages/airflow/example_dags/example_bash_operator.py
[2022-12-03T05:11:03.499+0000] {logging_mixin.py:137} INFO - [2022-12-03T05:11:03.499+0000] {dag.py:2676} INFO - Sync 1 DAGs
[2022-12-03T05:11:03.522+0000] {logging_mixin.py:137} INFO - [2022-12-03T05:11:03.521+0000] {dag.py:3427} INFO - Setting next_dagrun for example_bash_operator to 2022-12-02T00:00:00+00:00, run_after=2022-12-03T00:00:00+00:00
[2022-12-03T05:11:03.533+0000] {processor.py:175} INFO - Processing /home/airflow/.local/lib/python3.7/site-packages/airflow/example_dags/example_bash_operator.py took 0.089 seconds
[2022-12-03T05:11:34.395+0000] {processor.py:153} INFO - Started process (PID=1373) to work on /home/airflow/.local/lib/python3.7/site-packages/airflow/example_dags/example_bash_operator.py
[2022-12-03T05:11:34.396+0000] {processor.py:743} INFO - Processing file /home/airflow/.local/lib/python3.7/site-packages/airflow/example_dags/example_bash_operator.py for tasks to queue
[2022-12-03T05:11:34.397+0000] {logging_mixin.py:137} INFO - [2022-12-03T05:11:34.397+0000] {dagbag.py:538} INFO - Filling up the DagBag from /home/airflow/.local/lib/python3.7/site-packages/airflow/example_dags/example_bash_operator.py
[2022-12-03T05:11:34.411+0000] {processor.py:753} INFO - DAG(s) dict_keys(['example_bash_operator']) retrieved from /home/airflow/.local/lib/python3.7/site-packages/airflow/example_dags/example_bash_operator.py
[2022-12-03T05:11:34.463+0000] {logging_mixin.py:137} INFO - [2022-12-03T05:11:34.463+0000] {dag.py:2676} INFO - Sync 1 DAGs
[2022-12-03T05:11:34.500+0000] {logging_mixin.py:137} INFO - [2022-12-03T05:11:34.500+0000] {dag.py:3427} INFO - Setting next_dagrun for example_bash_operator to 2022-12-02T00:00:00+00:00, run_after=2022-12-03T00:00:00+00:00
[2022-12-03T05:11:34.526+0000] {processor.py:175} INFO - Processing /home/airflow/.local/lib/python3.7/site-packages/airflow/example_dags/example_bash_operator.py took 0.133 seconds
[2022-12-03T05:12:04.978+0000] {processor.py:153} INFO - Started process (PID=1601) to work on /home/airflow/.local/lib/python3.7/site-packages/airflow/example_dags/example_bash_operator.py
[2022-12-03T05:12:04.981+0000] {processor.py:743} INFO - Processing file /home/airflow/.local/lib/python3.7/site-packages/airflow/example_dags/example_bash_operator.py for tasks to queue
[2022-12-03T05:12:04.984+0000] {logging_mixin.py:137} INFO - [2022-12-03T05:12:04.984+0000] {dagbag.py:538} INFO - Filling up the DagBag from /home/airflow/.local/lib/python3.7/site-packages/airflow/example_dags/example_bash_operator.py
[2022-12-03T05:12:04.998+0000] {processor.py:753} INFO - DAG(s) dict_keys(['example_bash_operator']) retrieved from /home/airflow/.local/lib/python3.7/site-packages/airflow/example_dags/example_bash_operator.py
[2022-12-03T05:12:05.030+0000] {logging_mixin.py:137} INFO - [2022-12-03T05:12:05.030+0000] {dag.py:2676} INFO - Sync 1 DAGs
[2022-12-03T05:12:05.045+0000] {logging_mixin.py:137} INFO - [2022-12-03T05:12:05.045+0000] {dag.py:3427} INFO - Setting next_dagrun for example_bash_operator to 2022-12-02T00:00:00+00:00, run_after=2022-12-03T00:00:00+00:00
[2022-12-03T05:12:05.057+0000] {processor.py:175} INFO - Processing /home/airflow/.local/lib/python3.7/site-packages/airflow/example_dags/example_bash_operator.py took 0.081 seconds
[2022-12-03T05:12:37.424+0000] {processor.py:153} INFO - Started process (PID=1816) to work on /home/airflow/.local/lib/python3.7/site-packages/airflow/example_dags/example_bash_operator.py
[2022-12-03T05:12:37.440+0000] {processor.py:743} INFO - Processing file /home/airflow/.local/lib/python3.7/site-packages/airflow/example_dags/example_bash_operator.py for tasks to queue
[2022-12-03T05:12:37.442+0000] {logging_mixin.py:137} INFO - [2022-12-03T05:12:37.442+0000] {dagbag.py:538} INFO - Filling up the DagBag from /home/airflow/.local/lib/python3.7/site-packages/airflow/example_dags/example_bash_operator.py
[2022-12-03T05:12:37.518+0000] {processor.py:753} INFO - DAG(s) dict_keys(['example_bash_operator']) retrieved from /home/airflow/.local/lib/python3.7/site-packages/airflow/example_dags/example_bash_operator.py
[2022-12-03T05:12:37.678+0000] {logging_mixin.py:137} INFO - [2022-12-03T05:12:37.678+0000] {dag.py:2676} INFO - Sync 1 DAGs
[2022-12-03T05:12:37.739+0000] {logging_mixin.py:137} INFO - [2022-12-03T05:12:37.739+0000] {dag.py:3427} INFO - Setting next_dagrun for example_bash_operator to 2022-12-02T00:00:00+00:00, run_after=2022-12-03T00:00:00+00:00
[2022-12-03T05:12:37.760+0000] {processor.py:175} INFO - Processing /home/airflow/.local/lib/python3.7/site-packages/airflow/example_dags/example_bash_operator.py took 0.348 seconds
[2022-12-03T05:13:08.484+0000] {processor.py:153} INFO - Started process (PID=2040) to work on /home/airflow/.local/lib/python3.7/site-packages/airflow/example_dags/example_bash_operator.py
[2022-12-03T05:13:08.486+0000] {processor.py:743} INFO - Processing file /home/airflow/.local/lib/python3.7/site-packages/airflow/example_dags/example_bash_operator.py for tasks to queue
[2022-12-03T05:13:08.488+0000] {logging_mixin.py:137} INFO - [2022-12-03T05:13:08.487+0000] {dagbag.py:538} INFO - Filling up the DagBag from /home/airflow/.local/lib/python3.7/site-packages/airflow/example_dags/example_bash_operator.py
[2022-12-03T05:13:08.503+0000] {processor.py:753} INFO - DAG(s) dict_keys(['example_bash_operator']) retrieved from /home/airflow/.local/lib/python3.7/site-packages/airflow/example_dags/example_bash_operator.py
[2022-12-03T05:13:08.547+0000] {logging_mixin.py:137} INFO - [2022-12-03T05:13:08.547+0000] {dag.py:2676} INFO - Sync 1 DAGs
[2022-12-03T05:13:08.588+0000] {logging_mixin.py:137} INFO - [2022-12-03T05:13:08.588+0000] {dag.py:3427} INFO - Setting next_dagrun for example_bash_operator to 2022-12-02T00:00:00+00:00, run_after=2022-12-03T00:00:00+00:00
[2022-12-03T05:13:08.608+0000] {processor.py:175} INFO - Processing /home/airflow/.local/lib/python3.7/site-packages/airflow/example_dags/example_bash_operator.py took 0.126 seconds
[2022-12-03T05:13:38.673+0000] {processor.py:153} INFO - Started process (PID=2257) to work on /home/airflow/.local/lib/python3.7/site-packages/airflow/example_dags/example_bash_operator.py
[2022-12-03T05:13:38.675+0000] {processor.py:743} INFO - Processing file /home/airflow/.local/lib/python3.7/site-packages/airflow/example_dags/example_bash_operator.py for tasks to queue
[2022-12-03T05:13:38.676+0000] {logging_mixin.py:137} INFO - [2022-12-03T05:13:38.676+0000] {dagbag.py:538} INFO - Filling up the DagBag from /home/airflow/.local/lib/python3.7/site-packages/airflow/example_dags/example_bash_operator.py
[2022-12-03T05:13:38.691+0000] {processor.py:753} INFO - DAG(s) dict_keys(['example_bash_operator']) retrieved from /home/airflow/.local/lib/python3.7/site-packages/airflow/example_dags/example_bash_operator.py
[2022-12-03T05:13:38.724+0000] {logging_mixin.py:137} INFO - [2022-12-03T05:13:38.724+0000] {dag.py:2676} INFO - Sync 1 DAGs
[2022-12-03T05:13:38.739+0000] {logging_mixin.py:137} INFO - [2022-12-03T05:13:38.739+0000] {dag.py:3427} INFO - Setting next_dagrun for example_bash_operator to 2022-12-02T00:00:00+00:00, run_after=2022-12-03T00:00:00+00:00
[2022-12-03T05:13:38.749+0000] {processor.py:175} INFO - Processing /home/airflow/.local/lib/python3.7/site-packages/airflow/example_dags/example_bash_operator.py took 0.078 seconds
[2022-12-03T05:14:10.139+0000] {processor.py:153} INFO - Started process (PID=2482) to work on /home/airflow/.local/lib/python3.7/site-packages/airflow/example_dags/example_bash_operator.py
[2022-12-03T05:14:10.142+0000] {processor.py:743} INFO - Processing file /home/airflow/.local/lib/python3.7/site-packages/airflow/example_dags/example_bash_operator.py for tasks to queue
[2022-12-03T05:14:10.143+0000] {logging_mixin.py:137} INFO - [2022-12-03T05:14:10.143+0000] {dagbag.py:538} INFO - Filling up the DagBag from /home/airflow/.local/lib/python3.7/site-packages/airflow/example_dags/example_bash_operator.py
[2022-12-03T05:14:10.184+0000] {processor.py:753} INFO - DAG(s) dict_keys(['example_bash_operator']) retrieved from /home/airflow/.local/lib/python3.7/site-packages/airflow/example_dags/example_bash_operator.py
[2022-12-03T05:14:10.282+0000] {logging_mixin.py:137} INFO - [2022-12-03T05:14:10.282+0000] {dag.py:2676} INFO - Sync 1 DAGs
[2022-12-03T05:14:10.308+0000] {logging_mixin.py:137} INFO - [2022-12-03T05:14:10.308+0000] {dag.py:3427} INFO - Setting next_dagrun for example_bash_operator to 2022-12-02T00:00:00+00:00, run_after=2022-12-03T00:00:00+00:00
[2022-12-03T05:14:10.326+0000] {processor.py:175} INFO - Processing /home/airflow/.local/lib/python3.7/site-packages/airflow/example_dags/example_bash_operator.py took 0.210 seconds
[2022-12-03T05:14:40.895+0000] {processor.py:153} INFO - Started process (PID=2696) to work on /home/airflow/.local/lib/python3.7/site-packages/airflow/example_dags/example_bash_operator.py
[2022-12-03T05:14:40.898+0000] {processor.py:743} INFO - Processing file /home/airflow/.local/lib/python3.7/site-packages/airflow/example_dags/example_bash_operator.py for tasks to queue
[2022-12-03T05:14:40.900+0000] {logging_mixin.py:137} INFO - [2022-12-03T05:14:40.900+0000] {dagbag.py:538} INFO - Filling up the DagBag from /home/airflow/.local/lib/python3.7/site-packages/airflow/example_dags/example_bash_operator.py
[2022-12-03T05:14:40.916+0000] {processor.py:753} INFO - DAG(s) dict_keys(['example_bash_operator']) retrieved from /home/airflow/.local/lib/python3.7/site-packages/airflow/example_dags/example_bash_operator.py
[2022-12-03T05:14:40.951+0000] {logging_mixin.py:137} INFO - [2022-12-03T05:14:40.951+0000] {dag.py:2676} INFO - Sync 1 DAGs
[2022-12-03T05:14:40.978+0000] {logging_mixin.py:137} INFO - [2022-12-03T05:14:40.978+0000] {dag.py:3427} INFO - Setting next_dagrun for example_bash_operator to 2022-12-02T00:00:00+00:00, run_after=2022-12-03T00:00:00+00:00
[2022-12-03T05:14:40.999+0000] {processor.py:175} INFO - Processing /home/airflow/.local/lib/python3.7/site-packages/airflow/example_dags/example_bash_operator.py took 0.106 seconds
[2022-12-03T05:15:11.589+0000] {processor.py:153} INFO - Started process (PID=2918) to work on /home/airflow/.local/lib/python3.7/site-packages/airflow/example_dags/example_bash_operator.py
[2022-12-03T05:15:11.596+0000] {processor.py:743} INFO - Processing file /home/airflow/.local/lib/python3.7/site-packages/airflow/example_dags/example_bash_operator.py for tasks to queue
[2022-12-03T05:15:11.598+0000] {logging_mixin.py:137} INFO - [2022-12-03T05:15:11.597+0000] {dagbag.py:538} INFO - Filling up the DagBag from /home/airflow/.local/lib/python3.7/site-packages/airflow/example_dags/example_bash_operator.py
[2022-12-03T05:15:11.620+0000] {processor.py:753} INFO - DAG(s) dict_keys(['example_bash_operator']) retrieved from /home/airflow/.local/lib/python3.7/site-packages/airflow/example_dags/example_bash_operator.py
[2022-12-03T05:15:11.658+0000] {logging_mixin.py:137} INFO - [2022-12-03T05:15:11.658+0000] {dag.py:2676} INFO - Sync 1 DAGs
[2022-12-03T05:15:11.679+0000] {logging_mixin.py:137} INFO - [2022-12-03T05:15:11.679+0000] {dag.py:3427} INFO - Setting next_dagrun for example_bash_operator to 2022-12-02T00:00:00+00:00, run_after=2022-12-03T00:00:00+00:00
[2022-12-03T05:15:11.718+0000] {processor.py:175} INFO - Processing /home/airflow/.local/lib/python3.7/site-packages/airflow/example_dags/example_bash_operator.py took 0.132 seconds
[2022-12-03T05:15:42.357+0000] {processor.py:153} INFO - Started process (PID=3138) to work on /home/airflow/.local/lib/python3.7/site-packages/airflow/example_dags/example_bash_operator.py
[2022-12-03T05:15:42.359+0000] {processor.py:743} INFO - Processing file /home/airflow/.local/lib/python3.7/site-packages/airflow/example_dags/example_bash_operator.py for tasks to queue
[2022-12-03T05:15:42.361+0000] {logging_mixin.py:137} INFO - [2022-12-03T05:15:42.361+0000] {dagbag.py:538} INFO - Filling up the DagBag from /home/airflow/.local/lib/python3.7/site-packages/airflow/example_dags/example_bash_operator.py
[2022-12-03T05:15:42.379+0000] {processor.py:753} INFO - DAG(s) dict_keys(['example_bash_operator']) retrieved from /home/airflow/.local/lib/python3.7/site-packages/airflow/example_dags/example_bash_operator.py
[2022-12-03T05:15:42.409+0000] {logging_mixin.py:137} INFO - [2022-12-03T05:15:42.409+0000] {dag.py:2676} INFO - Sync 1 DAGs
[2022-12-03T05:15:42.426+0000] {logging_mixin.py:137} INFO - [2022-12-03T05:15:42.425+0000] {dag.py:3427} INFO - Setting next_dagrun for example_bash_operator to 2022-12-02T00:00:00+00:00, run_after=2022-12-03T00:00:00+00:00
[2022-12-03T05:15:42.448+0000] {processor.py:175} INFO - Processing /home/airflow/.local/lib/python3.7/site-packages/airflow/example_dags/example_bash_operator.py took 0.093 seconds
[2022-12-03T05:16:13.381+0000] {processor.py:153} INFO - Started process (PID=3361) to work on /home/airflow/.local/lib/python3.7/site-packages/airflow/example_dags/example_bash_operator.py
[2022-12-03T05:16:13.383+0000] {processor.py:743} INFO - Processing file /home/airflow/.local/lib/python3.7/site-packages/airflow/example_dags/example_bash_operator.py for tasks to queue
[2022-12-03T05:16:13.384+0000] {logging_mixin.py:137} INFO - [2022-12-03T05:16:13.384+0000] {dagbag.py:538} INFO - Filling up the DagBag from /home/airflow/.local/lib/python3.7/site-packages/airflow/example_dags/example_bash_operator.py
[2022-12-03T05:16:13.402+0000] {processor.py:753} INFO - DAG(s) dict_keys(['example_bash_operator']) retrieved from /home/airflow/.local/lib/python3.7/site-packages/airflow/example_dags/example_bash_operator.py
[2022-12-03T05:16:13.449+0000] {logging_mixin.py:137} INFO - [2022-12-03T05:16:13.449+0000] {dag.py:2676} INFO - Sync 1 DAGs
[2022-12-03T05:16:13.503+0000] {logging_mixin.py:137} INFO - [2022-12-03T05:16:13.503+0000] {dag.py:3427} INFO - Setting next_dagrun for example_bash_operator to 2022-12-02T00:00:00+00:00, run_after=2022-12-03T00:00:00+00:00
[2022-12-03T05:16:13.524+0000] {processor.py:175} INFO - Processing /home/airflow/.local/lib/python3.7/site-packages/airflow/example_dags/example_bash_operator.py took 0.147 seconds
[2022-12-03T05:16:44.148+0000] {processor.py:153} INFO - Started process (PID=3576) to work on /home/airflow/.local/lib/python3.7/site-packages/airflow/example_dags/example_bash_operator.py
[2022-12-03T05:16:44.151+0000] {processor.py:743} INFO - Processing file /home/airflow/.local/lib/python3.7/site-packages/airflow/example_dags/example_bash_operator.py for tasks to queue
[2022-12-03T05:16:44.152+0000] {logging_mixin.py:137} INFO - [2022-12-03T05:16:44.152+0000] {dagbag.py:538} INFO - Filling up the DagBag from /home/airflow/.local/lib/python3.7/site-packages/airflow/example_dags/example_bash_operator.py
[2022-12-03T05:16:44.181+0000] {processor.py:753} INFO - DAG(s) dict_keys(['example_bash_operator']) retrieved from /home/airflow/.local/lib/python3.7/site-packages/airflow/example_dags/example_bash_operator.py
[2022-12-03T05:16:44.240+0000] {logging_mixin.py:137} INFO - [2022-12-03T05:16:44.240+0000] {dag.py:2676} INFO - Sync 1 DAGs
[2022-12-03T05:16:44.261+0000] {logging_mixin.py:137} INFO - [2022-12-03T05:16:44.260+0000] {dag.py:3427} INFO - Setting next_dagrun for example_bash_operator to 2022-12-02T00:00:00+00:00, run_after=2022-12-03T00:00:00+00:00
[2022-12-03T05:16:44.274+0000] {processor.py:175} INFO - Processing /home/airflow/.local/lib/python3.7/site-packages/airflow/example_dags/example_bash_operator.py took 0.132 seconds
[2022-12-03T05:17:14.355+0000] {processor.py:153} INFO - Started process (PID=3802) to work on /home/airflow/.local/lib/python3.7/site-packages/airflow/example_dags/example_bash_operator.py
[2022-12-03T05:17:14.357+0000] {processor.py:743} INFO - Processing file /home/airflow/.local/lib/python3.7/site-packages/airflow/example_dags/example_bash_operator.py for tasks to queue
[2022-12-03T05:17:14.358+0000] {logging_mixin.py:137} INFO - [2022-12-03T05:17:14.358+0000] {dagbag.py:538} INFO - Filling up the DagBag from /home/airflow/.local/lib/python3.7/site-packages/airflow/example_dags/example_bash_operator.py
[2022-12-03T05:17:14.371+0000] {processor.py:753} INFO - DAG(s) dict_keys(['example_bash_operator']) retrieved from /home/airflow/.local/lib/python3.7/site-packages/airflow/example_dags/example_bash_operator.py
[2022-12-03T05:17:14.398+0000] {logging_mixin.py:137} INFO - [2022-12-03T05:17:14.398+0000] {dag.py:2676} INFO - Sync 1 DAGs
[2022-12-03T05:17:14.418+0000] {logging_mixin.py:137} INFO - [2022-12-03T05:17:14.418+0000] {dag.py:3427} INFO - Setting next_dagrun for example_bash_operator to 2022-12-02T00:00:00+00:00, run_after=2022-12-03T00:00:00+00:00
[2022-12-03T05:17:14.440+0000] {processor.py:175} INFO - Processing /home/airflow/.local/lib/python3.7/site-packages/airflow/example_dags/example_bash_operator.py took 0.087 seconds
[2022-12-03T05:17:45.031+0000] {processor.py:153} INFO - Started process (PID=4014) to work on /home/airflow/.local/lib/python3.7/site-packages/airflow/example_dags/example_bash_operator.py
[2022-12-03T05:17:45.034+0000] {processor.py:743} INFO - Processing file /home/airflow/.local/lib/python3.7/site-packages/airflow/example_dags/example_bash_operator.py for tasks to queue
[2022-12-03T05:17:45.035+0000] {logging_mixin.py:137} INFO - [2022-12-03T05:17:45.035+0000] {dagbag.py:538} INFO - Filling up the DagBag from /home/airflow/.local/lib/python3.7/site-packages/airflow/example_dags/example_bash_operator.py
[2022-12-03T05:17:45.050+0000] {processor.py:753} INFO - DAG(s) dict_keys(['example_bash_operator']) retrieved from /home/airflow/.local/lib/python3.7/site-packages/airflow/example_dags/example_bash_operator.py
[2022-12-03T05:17:45.081+0000] {logging_mixin.py:137} INFO - [2022-12-03T05:17:45.081+0000] {dag.py:2676} INFO - Sync 1 DAGs
[2022-12-03T05:17:45.100+0000] {logging_mixin.py:137} INFO - [2022-12-03T05:17:45.100+0000] {dag.py:3427} INFO - Setting next_dagrun for example_bash_operator to 2022-12-02T00:00:00+00:00, run_after=2022-12-03T00:00:00+00:00
[2022-12-03T05:17:45.114+0000] {processor.py:175} INFO - Processing /home/airflow/.local/lib/python3.7/site-packages/airflow/example_dags/example_bash_operator.py took 0.085 seconds
[2022-12-03T05:18:56.375+0000] {processor.py:153} INFO - Started process (PID=280) to work on /home/airflow/.local/lib/python3.7/site-packages/airflow/example_dags/example_bash_operator.py
[2022-12-03T05:18:56.380+0000] {processor.py:743} INFO - Processing file /home/airflow/.local/lib/python3.7/site-packages/airflow/example_dags/example_bash_operator.py for tasks to queue
[2022-12-03T05:18:56.386+0000] {logging_mixin.py:137} INFO - [2022-12-03T05:18:56.386+0000] {dagbag.py:538} INFO - Filling up the DagBag from /home/airflow/.local/lib/python3.7/site-packages/airflow/example_dags/example_bash_operator.py
[2022-12-03T05:18:56.419+0000] {processor.py:753} INFO - DAG(s) dict_keys(['example_bash_operator']) retrieved from /home/airflow/.local/lib/python3.7/site-packages/airflow/example_dags/example_bash_operator.py
[2022-12-03T05:18:56.453+0000] {logging_mixin.py:137} INFO - [2022-12-03T05:18:56.453+0000] {dag.py:2676} INFO - Sync 1 DAGs
[2022-12-03T05:18:56.484+0000] {logging_mixin.py:137} INFO - [2022-12-03T05:18:56.484+0000] {dag.py:3427} INFO - Setting next_dagrun for example_bash_operator to 2022-12-02T00:00:00+00:00, run_after=2022-12-03T00:00:00+00:00
[2022-12-03T05:18:56.506+0000] {processor.py:175} INFO - Processing /home/airflow/.local/lib/python3.7/site-packages/airflow/example_dags/example_bash_operator.py took 0.135 seconds
[2022-12-03T05:19:26.673+0000] {processor.py:153} INFO - Started process (PID=495) to work on /home/airflow/.local/lib/python3.7/site-packages/airflow/example_dags/example_bash_operator.py
[2022-12-03T05:19:26.675+0000] {processor.py:743} INFO - Processing file /home/airflow/.local/lib/python3.7/site-packages/airflow/example_dags/example_bash_operator.py for tasks to queue
[2022-12-03T05:19:26.677+0000] {logging_mixin.py:137} INFO - [2022-12-03T05:19:26.677+0000] {dagbag.py:538} INFO - Filling up the DagBag from /home/airflow/.local/lib/python3.7/site-packages/airflow/example_dags/example_bash_operator.py
[2022-12-03T05:19:26.693+0000] {processor.py:753} INFO - DAG(s) dict_keys(['example_bash_operator']) retrieved from /home/airflow/.local/lib/python3.7/site-packages/airflow/example_dags/example_bash_operator.py
[2022-12-03T05:19:26.727+0000] {logging_mixin.py:137} INFO - [2022-12-03T05:19:26.727+0000] {dag.py:2676} INFO - Sync 1 DAGs
[2022-12-03T05:19:26.747+0000] {logging_mixin.py:137} INFO - [2022-12-03T05:19:26.747+0000] {dag.py:3427} INFO - Setting next_dagrun for example_bash_operator to 2022-12-02T00:00:00+00:00, run_after=2022-12-03T00:00:00+00:00
[2022-12-03T05:19:26.763+0000] {processor.py:175} INFO - Processing /home/airflow/.local/lib/python3.7/site-packages/airflow/example_dags/example_bash_operator.py took 0.093 seconds
[2022-12-03T05:19:57.683+0000] {processor.py:153} INFO - Started process (PID=722) to work on /home/airflow/.local/lib/python3.7/site-packages/airflow/example_dags/example_bash_operator.py
[2022-12-03T05:19:57.685+0000] {processor.py:743} INFO - Processing file /home/airflow/.local/lib/python3.7/site-packages/airflow/example_dags/example_bash_operator.py for tasks to queue
[2022-12-03T05:19:57.687+0000] {logging_mixin.py:137} INFO - [2022-12-03T05:19:57.687+0000] {dagbag.py:538} INFO - Filling up the DagBag from /home/airflow/.local/lib/python3.7/site-packages/airflow/example_dags/example_bash_operator.py
[2022-12-03T05:19:57.702+0000] {processor.py:753} INFO - DAG(s) dict_keys(['example_bash_operator']) retrieved from /home/airflow/.local/lib/python3.7/site-packages/airflow/example_dags/example_bash_operator.py
[2022-12-03T05:19:57.739+0000] {logging_mixin.py:137} INFO - [2022-12-03T05:19:57.739+0000] {dag.py:2676} INFO - Sync 1 DAGs
[2022-12-03T05:19:57.757+0000] {logging_mixin.py:137} INFO - [2022-12-03T05:19:57.757+0000] {dag.py:3427} INFO - Setting next_dagrun for example_bash_operator to 2022-12-02T00:00:00+00:00, run_after=2022-12-03T00:00:00+00:00
[2022-12-03T05:19:57.801+0000] {processor.py:175} INFO - Processing /home/airflow/.local/lib/python3.7/site-packages/airflow/example_dags/example_bash_operator.py took 0.121 seconds
