[2022-12-03T05:09:00.855+0000] {processor.py:153} INFO - Started process (PID=306) to work on /home/airflow/.local/lib/python3.7/site-packages/airflow/example_dags/example_nested_branch_dag.py
[2022-12-03T05:09:00.858+0000] {processor.py:743} INFO - Processing file /home/airflow/.local/lib/python3.7/site-packages/airflow/example_dags/example_nested_branch_dag.py for tasks to queue
[2022-12-03T05:09:00.860+0000] {logging_mixin.py:137} INFO - [2022-12-03T05:09:00.860+0000] {dagbag.py:538} INFO - Filling up the DagBag from /home/airflow/.local/lib/python3.7/site-packages/airflow/example_dags/example_nested_branch_dag.py
[2022-12-03T05:09:00.909+0000] {processor.py:753} INFO - DAG(s) dict_keys(['example_nested_branch_dag']) retrieved from /home/airflow/.local/lib/python3.7/site-packages/airflow/example_dags/example_nested_branch_dag.py
[2022-12-03T05:09:00.947+0000] {logging_mixin.py:137} INFO - [2022-12-03T05:09:00.947+0000] {dag.py:2676} INFO - Sync 1 DAGs
[2022-12-03T05:09:01.012+0000] {logging_mixin.py:137} INFO - [2022-12-03T05:09:01.011+0000] {dag.py:3427} INFO - Setting next_dagrun for example_nested_branch_dag to 2022-12-02T00:00:00+00:00, run_after=2022-12-03T00:00:00+00:00
[2022-12-03T05:09:01.061+0000] {processor.py:175} INFO - Processing /home/airflow/.local/lib/python3.7/site-packages/airflow/example_dags/example_nested_branch_dag.py took 0.209 seconds
[2022-12-03T05:09:31.682+0000] {processor.py:153} INFO - Started process (PID=522) to work on /home/airflow/.local/lib/python3.7/site-packages/airflow/example_dags/example_nested_branch_dag.py
[2022-12-03T05:09:31.684+0000] {processor.py:743} INFO - Processing file /home/airflow/.local/lib/python3.7/site-packages/airflow/example_dags/example_nested_branch_dag.py for tasks to queue
[2022-12-03T05:09:31.686+0000] {logging_mixin.py:137} INFO - [2022-12-03T05:09:31.685+0000] {dagbag.py:538} INFO - Filling up the DagBag from /home/airflow/.local/lib/python3.7/site-packages/airflow/example_dags/example_nested_branch_dag.py
[2022-12-03T05:09:31.713+0000] {processor.py:753} INFO - DAG(s) dict_keys(['example_nested_branch_dag']) retrieved from /home/airflow/.local/lib/python3.7/site-packages/airflow/example_dags/example_nested_branch_dag.py
[2022-12-03T05:09:31.782+0000] {logging_mixin.py:137} INFO - [2022-12-03T05:09:31.782+0000] {dag.py:2676} INFO - Sync 1 DAGs
[2022-12-03T05:09:31.825+0000] {logging_mixin.py:137} INFO - [2022-12-03T05:09:31.825+0000] {dag.py:3427} INFO - Setting next_dagrun for example_nested_branch_dag to 2022-12-02T00:00:00+00:00, run_after=2022-12-03T00:00:00+00:00
[2022-12-03T05:09:31.865+0000] {processor.py:175} INFO - Processing /home/airflow/.local/lib/python3.7/site-packages/airflow/example_dags/example_nested_branch_dag.py took 0.186 seconds
[2022-12-03T05:10:02.739+0000] {processor.py:153} INFO - Started process (PID=747) to work on /home/airflow/.local/lib/python3.7/site-packages/airflow/example_dags/example_nested_branch_dag.py
[2022-12-03T05:10:02.743+0000] {processor.py:743} INFO - Processing file /home/airflow/.local/lib/python3.7/site-packages/airflow/example_dags/example_nested_branch_dag.py for tasks to queue
[2022-12-03T05:10:02.751+0000] {logging_mixin.py:137} INFO - [2022-12-03T05:10:02.749+0000] {dagbag.py:538} INFO - Filling up the DagBag from /home/airflow/.local/lib/python3.7/site-packages/airflow/example_dags/example_nested_branch_dag.py
[2022-12-03T05:10:02.782+0000] {processor.py:753} INFO - DAG(s) dict_keys(['example_nested_branch_dag']) retrieved from /home/airflow/.local/lib/python3.7/site-packages/airflow/example_dags/example_nested_branch_dag.py
[2022-12-03T05:10:02.831+0000] {logging_mixin.py:137} INFO - [2022-12-03T05:10:02.831+0000] {dag.py:2676} INFO - Sync 1 DAGs
[2022-12-03T05:10:02.863+0000] {logging_mixin.py:137} INFO - [2022-12-03T05:10:02.863+0000] {dag.py:3427} INFO - Setting next_dagrun for example_nested_branch_dag to 2022-12-02T00:00:00+00:00, run_after=2022-12-03T00:00:00+00:00
[2022-12-03T05:10:02.878+0000] {processor.py:175} INFO - Processing /home/airflow/.local/lib/python3.7/site-packages/airflow/example_dags/example_nested_branch_dag.py took 0.145 seconds
[2022-12-03T05:10:33.131+0000] {processor.py:153} INFO - Started process (PID=961) to work on /home/airflow/.local/lib/python3.7/site-packages/airflow/example_dags/example_nested_branch_dag.py
[2022-12-03T05:10:33.133+0000] {processor.py:743} INFO - Processing file /home/airflow/.local/lib/python3.7/site-packages/airflow/example_dags/example_nested_branch_dag.py for tasks to queue
[2022-12-03T05:10:33.134+0000] {logging_mixin.py:137} INFO - [2022-12-03T05:10:33.134+0000] {dagbag.py:538} INFO - Filling up the DagBag from /home/airflow/.local/lib/python3.7/site-packages/airflow/example_dags/example_nested_branch_dag.py
[2022-12-03T05:10:33.149+0000] {processor.py:753} INFO - DAG(s) dict_keys(['example_nested_branch_dag']) retrieved from /home/airflow/.local/lib/python3.7/site-packages/airflow/example_dags/example_nested_branch_dag.py
[2022-12-03T05:10:33.178+0000] {logging_mixin.py:137} INFO - [2022-12-03T05:10:33.177+0000] {dag.py:2676} INFO - Sync 1 DAGs
[2022-12-03T05:10:33.194+0000] {logging_mixin.py:137} INFO - [2022-12-03T05:10:33.194+0000] {dag.py:3427} INFO - Setting next_dagrun for example_nested_branch_dag to 2022-12-02T00:00:00+00:00, run_after=2022-12-03T00:00:00+00:00
[2022-12-03T05:10:33.209+0000] {processor.py:175} INFO - Processing /home/airflow/.local/lib/python3.7/site-packages/airflow/example_dags/example_nested_branch_dag.py took 0.080 seconds
[2022-12-03T05:11:03.809+0000] {processor.py:153} INFO - Started process (PID=1184) to work on /home/airflow/.local/lib/python3.7/site-packages/airflow/example_dags/example_nested_branch_dag.py
[2022-12-03T05:11:03.811+0000] {processor.py:743} INFO - Processing file /home/airflow/.local/lib/python3.7/site-packages/airflow/example_dags/example_nested_branch_dag.py for tasks to queue
[2022-12-03T05:11:03.812+0000] {logging_mixin.py:137} INFO - [2022-12-03T05:11:03.812+0000] {dagbag.py:538} INFO - Filling up the DagBag from /home/airflow/.local/lib/python3.7/site-packages/airflow/example_dags/example_nested_branch_dag.py
[2022-12-03T05:11:03.836+0000] {processor.py:753} INFO - DAG(s) dict_keys(['example_nested_branch_dag']) retrieved from /home/airflow/.local/lib/python3.7/site-packages/airflow/example_dags/example_nested_branch_dag.py
[2022-12-03T05:11:03.882+0000] {logging_mixin.py:137} INFO - [2022-12-03T05:11:03.882+0000] {dag.py:2676} INFO - Sync 1 DAGs
[2022-12-03T05:11:03.916+0000] {logging_mixin.py:137} INFO - [2022-12-03T05:11:03.915+0000] {dag.py:3427} INFO - Setting next_dagrun for example_nested_branch_dag to 2022-12-02T00:00:00+00:00, run_after=2022-12-03T00:00:00+00:00
[2022-12-03T05:11:03.953+0000] {processor.py:175} INFO - Processing /home/airflow/.local/lib/python3.7/site-packages/airflow/example_dags/example_nested_branch_dag.py took 0.146 seconds
[2022-12-03T05:11:34.767+0000] {processor.py:153} INFO - Started process (PID=1398) to work on /home/airflow/.local/lib/python3.7/site-packages/airflow/example_dags/example_nested_branch_dag.py
[2022-12-03T05:11:34.768+0000] {processor.py:743} INFO - Processing file /home/airflow/.local/lib/python3.7/site-packages/airflow/example_dags/example_nested_branch_dag.py for tasks to queue
[2022-12-03T05:11:34.769+0000] {logging_mixin.py:137} INFO - [2022-12-03T05:11:34.769+0000] {dagbag.py:538} INFO - Filling up the DagBag from /home/airflow/.local/lib/python3.7/site-packages/airflow/example_dags/example_nested_branch_dag.py
[2022-12-03T05:11:34.786+0000] {processor.py:753} INFO - DAG(s) dict_keys(['example_nested_branch_dag']) retrieved from /home/airflow/.local/lib/python3.7/site-packages/airflow/example_dags/example_nested_branch_dag.py
[2022-12-03T05:11:34.813+0000] {logging_mixin.py:137} INFO - [2022-12-03T05:11:34.813+0000] {dag.py:2676} INFO - Sync 1 DAGs
[2022-12-03T05:11:34.830+0000] {logging_mixin.py:137} INFO - [2022-12-03T05:11:34.830+0000] {dag.py:3427} INFO - Setting next_dagrun for example_nested_branch_dag to 2022-12-02T00:00:00+00:00, run_after=2022-12-03T00:00:00+00:00
[2022-12-03T05:11:34.848+0000] {processor.py:175} INFO - Processing /home/airflow/.local/lib/python3.7/site-packages/airflow/example_dags/example_nested_branch_dag.py took 0.083 seconds
[2022-12-03T05:12:05.313+0000] {processor.py:153} INFO - Started process (PID=1624) to work on /home/airflow/.local/lib/python3.7/site-packages/airflow/example_dags/example_nested_branch_dag.py
[2022-12-03T05:12:05.315+0000] {processor.py:743} INFO - Processing file /home/airflow/.local/lib/python3.7/site-packages/airflow/example_dags/example_nested_branch_dag.py for tasks to queue
[2022-12-03T05:12:05.316+0000] {logging_mixin.py:137} INFO - [2022-12-03T05:12:05.316+0000] {dagbag.py:538} INFO - Filling up the DagBag from /home/airflow/.local/lib/python3.7/site-packages/airflow/example_dags/example_nested_branch_dag.py
[2022-12-03T05:12:05.330+0000] {processor.py:753} INFO - DAG(s) dict_keys(['example_nested_branch_dag']) retrieved from /home/airflow/.local/lib/python3.7/site-packages/airflow/example_dags/example_nested_branch_dag.py
[2022-12-03T05:12:05.355+0000] {logging_mixin.py:137} INFO - [2022-12-03T05:12:05.355+0000] {dag.py:2676} INFO - Sync 1 DAGs
[2022-12-03T05:12:05.371+0000] {logging_mixin.py:137} INFO - [2022-12-03T05:12:05.371+0000] {dag.py:3427} INFO - Setting next_dagrun for example_nested_branch_dag to 2022-12-02T00:00:00+00:00, run_after=2022-12-03T00:00:00+00:00
[2022-12-03T05:12:05.383+0000] {processor.py:175} INFO - Processing /home/airflow/.local/lib/python3.7/site-packages/airflow/example_dags/example_nested_branch_dag.py took 0.072 seconds
[2022-12-03T05:12:38.656+0000] {processor.py:153} INFO - Started process (PID=1841) to work on /home/airflow/.local/lib/python3.7/site-packages/airflow/example_dags/example_nested_branch_dag.py
[2022-12-03T05:12:38.658+0000] {processor.py:743} INFO - Processing file /home/airflow/.local/lib/python3.7/site-packages/airflow/example_dags/example_nested_branch_dag.py for tasks to queue
[2022-12-03T05:12:38.661+0000] {logging_mixin.py:137} INFO - [2022-12-03T05:12:38.661+0000] {dagbag.py:538} INFO - Filling up the DagBag from /home/airflow/.local/lib/python3.7/site-packages/airflow/example_dags/example_nested_branch_dag.py
[2022-12-03T05:12:38.688+0000] {processor.py:753} INFO - DAG(s) dict_keys(['example_nested_branch_dag']) retrieved from /home/airflow/.local/lib/python3.7/site-packages/airflow/example_dags/example_nested_branch_dag.py
[2022-12-03T05:12:38.719+0000] {logging_mixin.py:137} INFO - [2022-12-03T05:12:38.719+0000] {dag.py:2676} INFO - Sync 1 DAGs
[2022-12-03T05:12:38.742+0000] {logging_mixin.py:137} INFO - [2022-12-03T05:12:38.742+0000] {dag.py:3427} INFO - Setting next_dagrun for example_nested_branch_dag to 2022-12-02T00:00:00+00:00, run_after=2022-12-03T00:00:00+00:00
[2022-12-03T05:12:38.791+0000] {processor.py:175} INFO - Processing /home/airflow/.local/lib/python3.7/site-packages/airflow/example_dags/example_nested_branch_dag.py took 0.137 seconds
[2022-12-03T05:13:09.158+0000] {processor.py:153} INFO - Started process (PID=2067) to work on /home/airflow/.local/lib/python3.7/site-packages/airflow/example_dags/example_nested_branch_dag.py
[2022-12-03T05:13:09.160+0000] {processor.py:743} INFO - Processing file /home/airflow/.local/lib/python3.7/site-packages/airflow/example_dags/example_nested_branch_dag.py for tasks to queue
[2022-12-03T05:13:09.161+0000] {logging_mixin.py:137} INFO - [2022-12-03T05:13:09.161+0000] {dagbag.py:538} INFO - Filling up the DagBag from /home/airflow/.local/lib/python3.7/site-packages/airflow/example_dags/example_nested_branch_dag.py
[2022-12-03T05:13:09.188+0000] {processor.py:753} INFO - DAG(s) dict_keys(['example_nested_branch_dag']) retrieved from /home/airflow/.local/lib/python3.7/site-packages/airflow/example_dags/example_nested_branch_dag.py
[2022-12-03T05:13:09.225+0000] {logging_mixin.py:137} INFO - [2022-12-03T05:13:09.225+0000] {dag.py:2676} INFO - Sync 1 DAGs
[2022-12-03T05:13:09.248+0000] {logging_mixin.py:137} INFO - [2022-12-03T05:13:09.248+0000] {dag.py:3427} INFO - Setting next_dagrun for example_nested_branch_dag to 2022-12-02T00:00:00+00:00, run_after=2022-12-03T00:00:00+00:00
[2022-12-03T05:13:09.263+0000] {processor.py:175} INFO - Processing /home/airflow/.local/lib/python3.7/site-packages/airflow/example_dags/example_nested_branch_dag.py took 0.108 seconds
[2022-12-03T05:13:39.919+0000] {processor.py:153} INFO - Started process (PID=2281) to work on /home/airflow/.local/lib/python3.7/site-packages/airflow/example_dags/example_nested_branch_dag.py
[2022-12-03T05:13:39.920+0000] {processor.py:743} INFO - Processing file /home/airflow/.local/lib/python3.7/site-packages/airflow/example_dags/example_nested_branch_dag.py for tasks to queue
[2022-12-03T05:13:39.921+0000] {logging_mixin.py:137} INFO - [2022-12-03T05:13:39.921+0000] {dagbag.py:538} INFO - Filling up the DagBag from /home/airflow/.local/lib/python3.7/site-packages/airflow/example_dags/example_nested_branch_dag.py
[2022-12-03T05:13:39.934+0000] {processor.py:753} INFO - DAG(s) dict_keys(['example_nested_branch_dag']) retrieved from /home/airflow/.local/lib/python3.7/site-packages/airflow/example_dags/example_nested_branch_dag.py
[2022-12-03T05:13:39.963+0000] {logging_mixin.py:137} INFO - [2022-12-03T05:13:39.963+0000] {dag.py:2676} INFO - Sync 1 DAGs
[2022-12-03T05:13:39.978+0000] {logging_mixin.py:137} INFO - [2022-12-03T05:13:39.978+0000] {dag.py:3427} INFO - Setting next_dagrun for example_nested_branch_dag to 2022-12-02T00:00:00+00:00, run_after=2022-12-03T00:00:00+00:00
[2022-12-03T05:13:39.989+0000] {processor.py:175} INFO - Processing /home/airflow/.local/lib/python3.7/site-packages/airflow/example_dags/example_nested_branch_dag.py took 0.073 seconds
[2022-12-03T05:14:10.761+0000] {processor.py:153} INFO - Started process (PID=2508) to work on /home/airflow/.local/lib/python3.7/site-packages/airflow/example_dags/example_nested_branch_dag.py
[2022-12-03T05:14:10.770+0000] {processor.py:743} INFO - Processing file /home/airflow/.local/lib/python3.7/site-packages/airflow/example_dags/example_nested_branch_dag.py for tasks to queue
[2022-12-03T05:14:10.773+0000] {logging_mixin.py:137} INFO - [2022-12-03T05:14:10.772+0000] {dagbag.py:538} INFO - Filling up the DagBag from /home/airflow/.local/lib/python3.7/site-packages/airflow/example_dags/example_nested_branch_dag.py
[2022-12-03T05:14:10.799+0000] {processor.py:753} INFO - DAG(s) dict_keys(['example_nested_branch_dag']) retrieved from /home/airflow/.local/lib/python3.7/site-packages/airflow/example_dags/example_nested_branch_dag.py
[2022-12-03T05:14:10.840+0000] {logging_mixin.py:137} INFO - [2022-12-03T05:14:10.840+0000] {dag.py:2676} INFO - Sync 1 DAGs
[2022-12-03T05:14:10.863+0000] {logging_mixin.py:137} INFO - [2022-12-03T05:14:10.862+0000] {dag.py:3427} INFO - Setting next_dagrun for example_nested_branch_dag to 2022-12-02T00:00:00+00:00, run_after=2022-12-03T00:00:00+00:00
[2022-12-03T05:14:10.879+0000] {processor.py:175} INFO - Processing /home/airflow/.local/lib/python3.7/site-packages/airflow/example_dags/example_nested_branch_dag.py took 0.123 seconds
[2022-12-03T05:14:41.305+0000] {processor.py:153} INFO - Started process (PID=2719) to work on /home/airflow/.local/lib/python3.7/site-packages/airflow/example_dags/example_nested_branch_dag.py
[2022-12-03T05:14:41.307+0000] {processor.py:743} INFO - Processing file /home/airflow/.local/lib/python3.7/site-packages/airflow/example_dags/example_nested_branch_dag.py for tasks to queue
[2022-12-03T05:14:41.308+0000] {logging_mixin.py:137} INFO - [2022-12-03T05:14:41.308+0000] {dagbag.py:538} INFO - Filling up the DagBag from /home/airflow/.local/lib/python3.7/site-packages/airflow/example_dags/example_nested_branch_dag.py
[2022-12-03T05:14:41.324+0000] {processor.py:753} INFO - DAG(s) dict_keys(['example_nested_branch_dag']) retrieved from /home/airflow/.local/lib/python3.7/site-packages/airflow/example_dags/example_nested_branch_dag.py
[2022-12-03T05:14:41.363+0000] {logging_mixin.py:137} INFO - [2022-12-03T05:14:41.363+0000] {dag.py:2676} INFO - Sync 1 DAGs
[2022-12-03T05:14:41.386+0000] {logging_mixin.py:137} INFO - [2022-12-03T05:14:41.386+0000] {dag.py:3427} INFO - Setting next_dagrun for example_nested_branch_dag to 2022-12-02T00:00:00+00:00, run_after=2022-12-03T00:00:00+00:00
[2022-12-03T05:14:41.404+0000] {processor.py:175} INFO - Processing /home/airflow/.local/lib/python3.7/site-packages/airflow/example_dags/example_nested_branch_dag.py took 0.101 seconds
[2022-12-03T05:15:12.264+0000] {processor.py:153} INFO - Started process (PID=2945) to work on /home/airflow/.local/lib/python3.7/site-packages/airflow/example_dags/example_nested_branch_dag.py
[2022-12-03T05:15:12.266+0000] {processor.py:743} INFO - Processing file /home/airflow/.local/lib/python3.7/site-packages/airflow/example_dags/example_nested_branch_dag.py for tasks to queue
[2022-12-03T05:15:12.268+0000] {logging_mixin.py:137} INFO - [2022-12-03T05:15:12.268+0000] {dagbag.py:538} INFO - Filling up the DagBag from /home/airflow/.local/lib/python3.7/site-packages/airflow/example_dags/example_nested_branch_dag.py
[2022-12-03T05:15:12.290+0000] {processor.py:753} INFO - DAG(s) dict_keys(['example_nested_branch_dag']) retrieved from /home/airflow/.local/lib/python3.7/site-packages/airflow/example_dags/example_nested_branch_dag.py
[2022-12-03T05:15:12.328+0000] {logging_mixin.py:137} INFO - [2022-12-03T05:15:12.328+0000] {dag.py:2676} INFO - Sync 1 DAGs
[2022-12-03T05:15:12.348+0000] {logging_mixin.py:137} INFO - [2022-12-03T05:15:12.348+0000] {dag.py:3427} INFO - Setting next_dagrun for example_nested_branch_dag to 2022-12-02T00:00:00+00:00, run_after=2022-12-03T00:00:00+00:00
[2022-12-03T05:15:12.369+0000] {processor.py:175} INFO - Processing /home/airflow/.local/lib/python3.7/site-packages/airflow/example_dags/example_nested_branch_dag.py took 0.107 seconds
[2022-12-03T05:15:42.673+0000] {processor.py:153} INFO - Started process (PID=3161) to work on /home/airflow/.local/lib/python3.7/site-packages/airflow/example_dags/example_nested_branch_dag.py
[2022-12-03T05:15:42.677+0000] {processor.py:743} INFO - Processing file /home/airflow/.local/lib/python3.7/site-packages/airflow/example_dags/example_nested_branch_dag.py for tasks to queue
[2022-12-03T05:15:42.681+0000] {logging_mixin.py:137} INFO - [2022-12-03T05:15:42.681+0000] {dagbag.py:538} INFO - Filling up the DagBag from /home/airflow/.local/lib/python3.7/site-packages/airflow/example_dags/example_nested_branch_dag.py
[2022-12-03T05:15:42.700+0000] {processor.py:753} INFO - DAG(s) dict_keys(['example_nested_branch_dag']) retrieved from /home/airflow/.local/lib/python3.7/site-packages/airflow/example_dags/example_nested_branch_dag.py
[2022-12-03T05:15:42.729+0000] {logging_mixin.py:137} INFO - [2022-12-03T05:15:42.729+0000] {dag.py:2676} INFO - Sync 1 DAGs
[2022-12-03T05:15:42.743+0000] {logging_mixin.py:137} INFO - [2022-12-03T05:15:42.743+0000] {dag.py:3427} INFO - Setting next_dagrun for example_nested_branch_dag to 2022-12-02T00:00:00+00:00, run_after=2022-12-03T00:00:00+00:00
[2022-12-03T05:15:42.754+0000] {processor.py:175} INFO - Processing /home/airflow/.local/lib/python3.7/site-packages/airflow/example_dags/example_nested_branch_dag.py took 0.083 seconds
[2022-12-03T05:16:14.048+0000] {processor.py:153} INFO - Started process (PID=3388) to work on /home/airflow/.local/lib/python3.7/site-packages/airflow/example_dags/example_nested_branch_dag.py
[2022-12-03T05:16:14.049+0000] {processor.py:743} INFO - Processing file /home/airflow/.local/lib/python3.7/site-packages/airflow/example_dags/example_nested_branch_dag.py for tasks to queue
[2022-12-03T05:16:14.050+0000] {logging_mixin.py:137} INFO - [2022-12-03T05:16:14.050+0000] {dagbag.py:538} INFO - Filling up the DagBag from /home/airflow/.local/lib/python3.7/site-packages/airflow/example_dags/example_nested_branch_dag.py
[2022-12-03T05:16:14.064+0000] {processor.py:753} INFO - DAG(s) dict_keys(['example_nested_branch_dag']) retrieved from /home/airflow/.local/lib/python3.7/site-packages/airflow/example_dags/example_nested_branch_dag.py
[2022-12-03T05:16:14.090+0000] {logging_mixin.py:137} INFO - [2022-12-03T05:16:14.090+0000] {dag.py:2676} INFO - Sync 1 DAGs
[2022-12-03T05:16:14.106+0000] {logging_mixin.py:137} INFO - [2022-12-03T05:16:14.106+0000] {dag.py:3427} INFO - Setting next_dagrun for example_nested_branch_dag to 2022-12-02T00:00:00+00:00, run_after=2022-12-03T00:00:00+00:00
[2022-12-03T05:16:14.118+0000] {processor.py:175} INFO - Processing /home/airflow/.local/lib/python3.7/site-packages/airflow/example_dags/example_nested_branch_dag.py took 0.072 seconds
[2022-12-03T05:16:44.398+0000] {processor.py:153} INFO - Started process (PID=3599) to work on /home/airflow/.local/lib/python3.7/site-packages/airflow/example_dags/example_nested_branch_dag.py
[2022-12-03T05:16:44.399+0000] {processor.py:743} INFO - Processing file /home/airflow/.local/lib/python3.7/site-packages/airflow/example_dags/example_nested_branch_dag.py for tasks to queue
[2022-12-03T05:16:44.401+0000] {logging_mixin.py:137} INFO - [2022-12-03T05:16:44.400+0000] {dagbag.py:538} INFO - Filling up the DagBag from /home/airflow/.local/lib/python3.7/site-packages/airflow/example_dags/example_nested_branch_dag.py
[2022-12-03T05:16:44.416+0000] {processor.py:753} INFO - DAG(s) dict_keys(['example_nested_branch_dag']) retrieved from /home/airflow/.local/lib/python3.7/site-packages/airflow/example_dags/example_nested_branch_dag.py
[2022-12-03T05:16:44.443+0000] {logging_mixin.py:137} INFO - [2022-12-03T05:16:44.443+0000] {dag.py:2676} INFO - Sync 1 DAGs
[2022-12-03T05:16:44.460+0000] {logging_mixin.py:137} INFO - [2022-12-03T05:16:44.460+0000] {dag.py:3427} INFO - Setting next_dagrun for example_nested_branch_dag to 2022-12-02T00:00:00+00:00, run_after=2022-12-03T00:00:00+00:00
[2022-12-03T05:16:44.473+0000] {processor.py:175} INFO - Processing /home/airflow/.local/lib/python3.7/site-packages/airflow/example_dags/example_nested_branch_dag.py took 0.077 seconds
[2022-12-03T05:17:14.660+0000] {processor.py:153} INFO - Started process (PID=3825) to work on /home/airflow/.local/lib/python3.7/site-packages/airflow/example_dags/example_nested_branch_dag.py
[2022-12-03T05:17:14.663+0000] {processor.py:743} INFO - Processing file /home/airflow/.local/lib/python3.7/site-packages/airflow/example_dags/example_nested_branch_dag.py for tasks to queue
[2022-12-03T05:17:14.666+0000] {logging_mixin.py:137} INFO - [2022-12-03T05:17:14.666+0000] {dagbag.py:538} INFO - Filling up the DagBag from /home/airflow/.local/lib/python3.7/site-packages/airflow/example_dags/example_nested_branch_dag.py
[2022-12-03T05:17:14.686+0000] {processor.py:753} INFO - DAG(s) dict_keys(['example_nested_branch_dag']) retrieved from /home/airflow/.local/lib/python3.7/site-packages/airflow/example_dags/example_nested_branch_dag.py
[2022-12-03T05:17:14.714+0000] {logging_mixin.py:137} INFO - [2022-12-03T05:17:14.714+0000] {dag.py:2676} INFO - Sync 1 DAGs
[2022-12-03T05:17:14.731+0000] {logging_mixin.py:137} INFO - [2022-12-03T05:17:14.730+0000] {dag.py:3427} INFO - Setting next_dagrun for example_nested_branch_dag to 2022-12-02T00:00:00+00:00, run_after=2022-12-03T00:00:00+00:00
[2022-12-03T05:17:14.742+0000] {processor.py:175} INFO - Processing /home/airflow/.local/lib/python3.7/site-packages/airflow/example_dags/example_nested_branch_dag.py took 0.084 seconds
[2022-12-03T05:17:45.336+0000] {processor.py:153} INFO - Started process (PID=4039) to work on /home/airflow/.local/lib/python3.7/site-packages/airflow/example_dags/example_nested_branch_dag.py
[2022-12-03T05:17:45.337+0000] {processor.py:743} INFO - Processing file /home/airflow/.local/lib/python3.7/site-packages/airflow/example_dags/example_nested_branch_dag.py for tasks to queue
[2022-12-03T05:17:45.338+0000] {logging_mixin.py:137} INFO - [2022-12-03T05:17:45.338+0000] {dagbag.py:538} INFO - Filling up the DagBag from /home/airflow/.local/lib/python3.7/site-packages/airflow/example_dags/example_nested_branch_dag.py
[2022-12-03T05:17:45.353+0000] {processor.py:753} INFO - DAG(s) dict_keys(['example_nested_branch_dag']) retrieved from /home/airflow/.local/lib/python3.7/site-packages/airflow/example_dags/example_nested_branch_dag.py
[2022-12-03T05:17:45.381+0000] {logging_mixin.py:137} INFO - [2022-12-03T05:17:45.381+0000] {dag.py:2676} INFO - Sync 1 DAGs
[2022-12-03T05:17:45.398+0000] {logging_mixin.py:137} INFO - [2022-12-03T05:17:45.398+0000] {dag.py:3427} INFO - Setting next_dagrun for example_nested_branch_dag to 2022-12-02T00:00:00+00:00, run_after=2022-12-03T00:00:00+00:00
[2022-12-03T05:17:45.421+0000] {processor.py:175} INFO - Processing /home/airflow/.local/lib/python3.7/site-packages/airflow/example_dags/example_nested_branch_dag.py took 0.088 seconds
[2022-12-03T05:18:56.792+0000] {processor.py:153} INFO - Started process (PID=305) to work on /home/airflow/.local/lib/python3.7/site-packages/airflow/example_dags/example_nested_branch_dag.py
[2022-12-03T05:18:56.793+0000] {processor.py:743} INFO - Processing file /home/airflow/.local/lib/python3.7/site-packages/airflow/example_dags/example_nested_branch_dag.py for tasks to queue
[2022-12-03T05:18:56.795+0000] {logging_mixin.py:137} INFO - [2022-12-03T05:18:56.794+0000] {dagbag.py:538} INFO - Filling up the DagBag from /home/airflow/.local/lib/python3.7/site-packages/airflow/example_dags/example_nested_branch_dag.py
[2022-12-03T05:18:56.815+0000] {processor.py:753} INFO - DAG(s) dict_keys(['example_nested_branch_dag']) retrieved from /home/airflow/.local/lib/python3.7/site-packages/airflow/example_dags/example_nested_branch_dag.py
[2022-12-03T05:18:56.847+0000] {logging_mixin.py:137} INFO - [2022-12-03T05:18:56.847+0000] {dag.py:2676} INFO - Sync 1 DAGs
[2022-12-03T05:18:56.885+0000] {logging_mixin.py:137} INFO - [2022-12-03T05:18:56.884+0000] {dag.py:3427} INFO - Setting next_dagrun for example_nested_branch_dag to 2022-12-02T00:00:00+00:00, run_after=2022-12-03T00:00:00+00:00
[2022-12-03T05:18:56.956+0000] {processor.py:175} INFO - Processing /home/airflow/.local/lib/python3.7/site-packages/airflow/example_dags/example_nested_branch_dag.py took 0.167 seconds
[2022-12-03T05:19:27.078+0000] {processor.py:153} INFO - Started process (PID=522) to work on /home/airflow/.local/lib/python3.7/site-packages/airflow/example_dags/example_nested_branch_dag.py
[2022-12-03T05:19:27.080+0000] {processor.py:743} INFO - Processing file /home/airflow/.local/lib/python3.7/site-packages/airflow/example_dags/example_nested_branch_dag.py for tasks to queue
[2022-12-03T05:19:27.081+0000] {logging_mixin.py:137} INFO - [2022-12-03T05:19:27.081+0000] {dagbag.py:538} INFO - Filling up the DagBag from /home/airflow/.local/lib/python3.7/site-packages/airflow/example_dags/example_nested_branch_dag.py
[2022-12-03T05:19:27.098+0000] {processor.py:753} INFO - DAG(s) dict_keys(['example_nested_branch_dag']) retrieved from /home/airflow/.local/lib/python3.7/site-packages/airflow/example_dags/example_nested_branch_dag.py
[2022-12-03T05:19:27.126+0000] {logging_mixin.py:137} INFO - [2022-12-03T05:19:27.126+0000] {dag.py:2676} INFO - Sync 1 DAGs
[2022-12-03T05:19:27.145+0000] {logging_mixin.py:137} INFO - [2022-12-03T05:19:27.145+0000] {dag.py:3427} INFO - Setting next_dagrun for example_nested_branch_dag to 2022-12-02T00:00:00+00:00, run_after=2022-12-03T00:00:00+00:00
[2022-12-03T05:19:27.158+0000] {processor.py:175} INFO - Processing /home/airflow/.local/lib/python3.7/site-packages/airflow/example_dags/example_nested_branch_dag.py took 0.082 seconds
[2022-12-03T05:19:58.033+0000] {processor.py:153} INFO - Started process (PID=747) to work on /home/airflow/.local/lib/python3.7/site-packages/airflow/example_dags/example_nested_branch_dag.py
[2022-12-03T05:19:58.035+0000] {processor.py:743} INFO - Processing file /home/airflow/.local/lib/python3.7/site-packages/airflow/example_dags/example_nested_branch_dag.py for tasks to queue
[2022-12-03T05:19:58.035+0000] {logging_mixin.py:137} INFO - [2022-12-03T05:19:58.035+0000] {dagbag.py:538} INFO - Filling up the DagBag from /home/airflow/.local/lib/python3.7/site-packages/airflow/example_dags/example_nested_branch_dag.py
[2022-12-03T05:19:58.053+0000] {processor.py:753} INFO - DAG(s) dict_keys(['example_nested_branch_dag']) retrieved from /home/airflow/.local/lib/python3.7/site-packages/airflow/example_dags/example_nested_branch_dag.py
[2022-12-03T05:19:58.086+0000] {logging_mixin.py:137} INFO - [2022-12-03T05:19:58.086+0000] {dag.py:2676} INFO - Sync 1 DAGs
[2022-12-03T05:19:58.113+0000] {logging_mixin.py:137} INFO - [2022-12-03T05:19:58.113+0000] {dag.py:3427} INFO - Setting next_dagrun for example_nested_branch_dag to 2022-12-02T00:00:00+00:00, run_after=2022-12-03T00:00:00+00:00
[2022-12-03T05:19:58.130+0000] {processor.py:175} INFO - Processing /home/airflow/.local/lib/python3.7/site-packages/airflow/example_dags/example_nested_branch_dag.py took 0.099 seconds
