[2022-12-03T05:09:01.979+0000] {processor.py:153} INFO - Started process (PID=351) to work on /home/airflow/.local/lib/python3.7/site-packages/airflow/example_dags/example_skip_dag.py
[2022-12-03T05:09:01.983+0000] {processor.py:743} INFO - Processing file /home/airflow/.local/lib/python3.7/site-packages/airflow/example_dags/example_skip_dag.py for tasks to queue
[2022-12-03T05:09:01.992+0000] {logging_mixin.py:137} INFO - [2022-12-03T05:09:01.992+0000] {dagbag.py:538} INFO - Filling up the DagBag from /home/airflow/.local/lib/python3.7/site-packages/airflow/example_dags/example_skip_dag.py
[2022-12-03T05:09:02.008+0000] {processor.py:753} INFO - DAG(s) dict_keys(['example_skip_dag']) retrieved from /home/airflow/.local/lib/python3.7/site-packages/airflow/example_dags/example_skip_dag.py
[2022-12-03T05:09:02.042+0000] {logging_mixin.py:137} INFO - [2022-12-03T05:09:02.042+0000] {dag.py:2676} INFO - Sync 1 DAGs
[2022-12-03T05:09:02.095+0000] {logging_mixin.py:137} INFO - [2022-12-03T05:09:02.095+0000] {dag.py:3427} INFO - Setting next_dagrun for example_skip_dag to 2022-12-02T05:09:02.093832+00:00, run_after=2022-12-03T05:09:02.093832+00:00
[2022-12-03T05:09:02.141+0000] {processor.py:175} INFO - Processing /home/airflow/.local/lib/python3.7/site-packages/airflow/example_dags/example_skip_dag.py took 0.168 seconds
[2022-12-03T05:09:32.535+0000] {processor.py:153} INFO - Started process (PID=565) to work on /home/airflow/.local/lib/python3.7/site-packages/airflow/example_dags/example_skip_dag.py
[2022-12-03T05:09:32.537+0000] {processor.py:743} INFO - Processing file /home/airflow/.local/lib/python3.7/site-packages/airflow/example_dags/example_skip_dag.py for tasks to queue
[2022-12-03T05:09:32.538+0000] {logging_mixin.py:137} INFO - [2022-12-03T05:09:32.538+0000] {dagbag.py:538} INFO - Filling up the DagBag from /home/airflow/.local/lib/python3.7/site-packages/airflow/example_dags/example_skip_dag.py
[2022-12-03T05:09:32.548+0000] {processor.py:753} INFO - DAG(s) dict_keys(['example_skip_dag']) retrieved from /home/airflow/.local/lib/python3.7/site-packages/airflow/example_dags/example_skip_dag.py
[2022-12-03T05:09:32.582+0000] {logging_mixin.py:137} INFO - [2022-12-03T05:09:32.582+0000] {dag.py:2676} INFO - Sync 1 DAGs
[2022-12-03T05:09:32.604+0000] {logging_mixin.py:137} INFO - [2022-12-03T05:09:32.604+0000] {dag.py:3427} INFO - Setting next_dagrun for example_skip_dag to 2022-12-02T05:09:32.603840+00:00, run_after=2022-12-03T05:09:32.603840+00:00
[2022-12-03T05:09:32.617+0000] {processor.py:175} INFO - Processing /home/airflow/.local/lib/python3.7/site-packages/airflow/example_dags/example_skip_dag.py took 0.084 seconds
[2022-12-03T05:10:03.886+0000] {processor.py:153} INFO - Started process (PID=792) to work on /home/airflow/.local/lib/python3.7/site-packages/airflow/example_dags/example_skip_dag.py
[2022-12-03T05:10:03.888+0000] {processor.py:743} INFO - Processing file /home/airflow/.local/lib/python3.7/site-packages/airflow/example_dags/example_skip_dag.py for tasks to queue
[2022-12-03T05:10:03.890+0000] {logging_mixin.py:137} INFO - [2022-12-03T05:10:03.890+0000] {dagbag.py:538} INFO - Filling up the DagBag from /home/airflow/.local/lib/python3.7/site-packages/airflow/example_dags/example_skip_dag.py
[2022-12-03T05:10:03.912+0000] {processor.py:753} INFO - DAG(s) dict_keys(['example_skip_dag']) retrieved from /home/airflow/.local/lib/python3.7/site-packages/airflow/example_dags/example_skip_dag.py
[2022-12-03T05:10:03.965+0000] {logging_mixin.py:137} INFO - [2022-12-03T05:10:03.965+0000] {dag.py:2676} INFO - Sync 1 DAGs
[2022-12-03T05:10:04.005+0000] {logging_mixin.py:137} INFO - [2022-12-03T05:10:04.005+0000] {dag.py:3427} INFO - Setting next_dagrun for example_skip_dag to 2022-12-02T05:10:04.004818+00:00, run_after=2022-12-03T05:10:04.004818+00:00
[2022-12-03T05:10:04.027+0000] {processor.py:175} INFO - Processing /home/airflow/.local/lib/python3.7/site-packages/airflow/example_dags/example_skip_dag.py took 0.145 seconds
[2022-12-03T05:10:34.919+0000] {processor.py:153} INFO - Started process (PID=1006) to work on /home/airflow/.local/lib/python3.7/site-packages/airflow/example_dags/example_skip_dag.py
[2022-12-03T05:10:34.922+0000] {processor.py:743} INFO - Processing file /home/airflow/.local/lib/python3.7/site-packages/airflow/example_dags/example_skip_dag.py for tasks to queue
[2022-12-03T05:10:34.923+0000] {logging_mixin.py:137} INFO - [2022-12-03T05:10:34.923+0000] {dagbag.py:538} INFO - Filling up the DagBag from /home/airflow/.local/lib/python3.7/site-packages/airflow/example_dags/example_skip_dag.py
[2022-12-03T05:10:34.932+0000] {processor.py:753} INFO - DAG(s) dict_keys(['example_skip_dag']) retrieved from /home/airflow/.local/lib/python3.7/site-packages/airflow/example_dags/example_skip_dag.py
[2022-12-03T05:10:34.956+0000] {logging_mixin.py:137} INFO - [2022-12-03T05:10:34.956+0000] {dag.py:2676} INFO - Sync 1 DAGs
[2022-12-03T05:10:34.970+0000] {logging_mixin.py:137} INFO - [2022-12-03T05:10:34.970+0000] {dag.py:3427} INFO - Setting next_dagrun for example_skip_dag to 2022-12-02T05:10:34.969967+00:00, run_after=2022-12-03T05:10:34.969967+00:00
[2022-12-03T05:10:34.981+0000] {processor.py:175} INFO - Processing /home/airflow/.local/lib/python3.7/site-packages/airflow/example_dags/example_skip_dag.py took 0.064 seconds
[2022-12-03T05:11:05.466+0000] {processor.py:153} INFO - Started process (PID=1231) to work on /home/airflow/.local/lib/python3.7/site-packages/airflow/example_dags/example_skip_dag.py
[2022-12-03T05:11:05.467+0000] {processor.py:743} INFO - Processing file /home/airflow/.local/lib/python3.7/site-packages/airflow/example_dags/example_skip_dag.py for tasks to queue
[2022-12-03T05:11:05.469+0000] {logging_mixin.py:137} INFO - [2022-12-03T05:11:05.469+0000] {dagbag.py:538} INFO - Filling up the DagBag from /home/airflow/.local/lib/python3.7/site-packages/airflow/example_dags/example_skip_dag.py
[2022-12-03T05:11:05.478+0000] {processor.py:753} INFO - DAG(s) dict_keys(['example_skip_dag']) retrieved from /home/airflow/.local/lib/python3.7/site-packages/airflow/example_dags/example_skip_dag.py
[2022-12-03T05:11:05.523+0000] {logging_mixin.py:137} INFO - [2022-12-03T05:11:05.522+0000] {dag.py:2676} INFO - Sync 1 DAGs
[2022-12-03T05:11:05.541+0000] {logging_mixin.py:137} INFO - [2022-12-03T05:11:05.541+0000] {dag.py:3427} INFO - Setting next_dagrun for example_skip_dag to 2022-12-02T05:11:05.540771+00:00, run_after=2022-12-03T05:11:05.540771+00:00
[2022-12-03T05:11:05.554+0000] {processor.py:175} INFO - Processing /home/airflow/.local/lib/python3.7/site-packages/airflow/example_dags/example_skip_dag.py took 0.090 seconds
[2022-12-03T05:11:37.172+0000] {processor.py:153} INFO - Started process (PID=1454) to work on /home/airflow/.local/lib/python3.7/site-packages/airflow/example_dags/example_skip_dag.py
[2022-12-03T05:11:37.180+0000] {processor.py:743} INFO - Processing file /home/airflow/.local/lib/python3.7/site-packages/airflow/example_dags/example_skip_dag.py for tasks to queue
[2022-12-03T05:11:37.183+0000] {logging_mixin.py:137} INFO - [2022-12-03T05:11:37.183+0000] {dagbag.py:538} INFO - Filling up the DagBag from /home/airflow/.local/lib/python3.7/site-packages/airflow/example_dags/example_skip_dag.py
[2022-12-03T05:11:37.233+0000] {processor.py:753} INFO - DAG(s) dict_keys(['example_skip_dag']) retrieved from /home/airflow/.local/lib/python3.7/site-packages/airflow/example_dags/example_skip_dag.py
[2022-12-03T05:11:37.364+0000] {logging_mixin.py:137} INFO - [2022-12-03T05:11:37.363+0000] {dag.py:2676} INFO - Sync 1 DAGs
[2022-12-03T05:11:37.446+0000] {logging_mixin.py:137} INFO - [2022-12-03T05:11:37.445+0000] {dag.py:3427} INFO - Setting next_dagrun for example_skip_dag to 2022-12-02T05:11:37.444934+00:00, run_after=2022-12-03T05:11:37.444934+00:00
[2022-12-03T05:11:37.518+0000] {processor.py:175} INFO - Processing /home/airflow/.local/lib/python3.7/site-packages/airflow/example_dags/example_skip_dag.py took 0.356 seconds
[2022-12-03T05:12:07.938+0000] {processor.py:153} INFO - Started process (PID=1671) to work on /home/airflow/.local/lib/python3.7/site-packages/airflow/example_dags/example_skip_dag.py
[2022-12-03T05:12:07.940+0000] {processor.py:743} INFO - Processing file /home/airflow/.local/lib/python3.7/site-packages/airflow/example_dags/example_skip_dag.py for tasks to queue
[2022-12-03T05:12:07.942+0000] {logging_mixin.py:137} INFO - [2022-12-03T05:12:07.942+0000] {dagbag.py:538} INFO - Filling up the DagBag from /home/airflow/.local/lib/python3.7/site-packages/airflow/example_dags/example_skip_dag.py
[2022-12-03T05:12:07.955+0000] {processor.py:753} INFO - DAG(s) dict_keys(['example_skip_dag']) retrieved from /home/airflow/.local/lib/python3.7/site-packages/airflow/example_dags/example_skip_dag.py
[2022-12-03T05:12:08.003+0000] {logging_mixin.py:137} INFO - [2022-12-03T05:12:08.003+0000] {dag.py:2676} INFO - Sync 1 DAGs
[2022-12-03T05:12:08.031+0000] {logging_mixin.py:137} INFO - [2022-12-03T05:12:08.031+0000] {dag.py:3427} INFO - Setting next_dagrun for example_skip_dag to 2022-12-02T05:12:08.030837+00:00, run_after=2022-12-03T05:12:08.030837+00:00
[2022-12-03T05:12:08.046+0000] {processor.py:175} INFO - Processing /home/airflow/.local/lib/python3.7/site-packages/airflow/example_dags/example_skip_dag.py took 0.110 seconds
[2022-12-03T05:12:41.879+0000] {processor.py:153} INFO - Started process (PID=1893) to work on /home/airflow/.local/lib/python3.7/site-packages/airflow/example_dags/example_skip_dag.py
[2022-12-03T05:12:41.904+0000] {processor.py:743} INFO - Processing file /home/airflow/.local/lib/python3.7/site-packages/airflow/example_dags/example_skip_dag.py for tasks to queue
[2022-12-03T05:12:41.932+0000] {logging_mixin.py:137} INFO - [2022-12-03T05:12:41.928+0000] {dagbag.py:538} INFO - Filling up the DagBag from /home/airflow/.local/lib/python3.7/site-packages/airflow/example_dags/example_skip_dag.py
[2022-12-03T05:12:42.013+0000] {processor.py:753} INFO - DAG(s) dict_keys(['example_skip_dag']) retrieved from /home/airflow/.local/lib/python3.7/site-packages/airflow/example_dags/example_skip_dag.py
[2022-12-03T05:12:42.408+0000] {logging_mixin.py:137} INFO - [2022-12-03T05:12:42.396+0000] {dag.py:2676} INFO - Sync 1 DAGs
[2022-12-03T05:12:42.526+0000] {logging_mixin.py:137} INFO - [2022-12-03T05:12:42.526+0000] {dag.py:3427} INFO - Setting next_dagrun for example_skip_dag to 2022-12-02T05:12:42.508954+00:00, run_after=2022-12-03T05:12:42.508954+00:00
[2022-12-03T05:12:42.621+0000] {processor.py:175} INFO - Processing /home/airflow/.local/lib/python3.7/site-packages/airflow/example_dags/example_skip_dag.py took 0.764 seconds
[2022-12-03T05:13:12.747+0000] {processor.py:153} INFO - Started process (PID=2108) to work on /home/airflow/.local/lib/python3.7/site-packages/airflow/example_dags/example_skip_dag.py
[2022-12-03T05:13:12.750+0000] {processor.py:743} INFO - Processing file /home/airflow/.local/lib/python3.7/site-packages/airflow/example_dags/example_skip_dag.py for tasks to queue
[2022-12-03T05:13:12.751+0000] {logging_mixin.py:137} INFO - [2022-12-03T05:13:12.751+0000] {dagbag.py:538} INFO - Filling up the DagBag from /home/airflow/.local/lib/python3.7/site-packages/airflow/example_dags/example_skip_dag.py
[2022-12-03T05:13:12.760+0000] {processor.py:753} INFO - DAG(s) dict_keys(['example_skip_dag']) retrieved from /home/airflow/.local/lib/python3.7/site-packages/airflow/example_dags/example_skip_dag.py
[2022-12-03T05:13:12.797+0000] {logging_mixin.py:137} INFO - [2022-12-03T05:13:12.797+0000] {dag.py:2676} INFO - Sync 1 DAGs
[2022-12-03T05:13:12.821+0000] {logging_mixin.py:137} INFO - [2022-12-03T05:13:12.821+0000] {dag.py:3427} INFO - Setting next_dagrun for example_skip_dag to 2022-12-02T05:13:12.821462+00:00, run_after=2022-12-03T05:13:12.821462+00:00
[2022-12-03T05:13:12.838+0000] {processor.py:175} INFO - Processing /home/airflow/.local/lib/python3.7/site-packages/airflow/example_dags/example_skip_dag.py took 0.093 seconds
[2022-12-03T05:13:43.780+0000] {processor.py:153} INFO - Started process (PID=2332) to work on /home/airflow/.local/lib/python3.7/site-packages/airflow/example_dags/example_skip_dag.py
[2022-12-03T05:13:43.792+0000] {processor.py:743} INFO - Processing file /home/airflow/.local/lib/python3.7/site-packages/airflow/example_dags/example_skip_dag.py for tasks to queue
[2022-12-03T05:13:43.827+0000] {logging_mixin.py:137} INFO - [2022-12-03T05:13:43.826+0000] {dagbag.py:538} INFO - Filling up the DagBag from /home/airflow/.local/lib/python3.7/site-packages/airflow/example_dags/example_skip_dag.py
[2022-12-03T05:13:43.863+0000] {processor.py:753} INFO - DAG(s) dict_keys(['example_skip_dag']) retrieved from /home/airflow/.local/lib/python3.7/site-packages/airflow/example_dags/example_skip_dag.py
[2022-12-03T05:13:43.908+0000] {logging_mixin.py:137} INFO - [2022-12-03T05:13:43.908+0000] {dag.py:2676} INFO - Sync 1 DAGs
[2022-12-03T05:13:43.944+0000] {logging_mixin.py:137} INFO - [2022-12-03T05:13:43.944+0000] {dag.py:3427} INFO - Setting next_dagrun for example_skip_dag to 2022-12-02T05:13:43.944149+00:00, run_after=2022-12-03T05:13:43.944149+00:00
[2022-12-03T05:13:43.966+0000] {processor.py:175} INFO - Processing /home/airflow/.local/lib/python3.7/site-packages/airflow/example_dags/example_skip_dag.py took 0.189 seconds
[2022-12-03T05:14:14.591+0000] {processor.py:153} INFO - Started process (PID=2550) to work on /home/airflow/.local/lib/python3.7/site-packages/airflow/example_dags/example_skip_dag.py
[2022-12-03T05:14:14.596+0000] {processor.py:743} INFO - Processing file /home/airflow/.local/lib/python3.7/site-packages/airflow/example_dags/example_skip_dag.py for tasks to queue
[2022-12-03T05:14:14.601+0000] {logging_mixin.py:137} INFO - [2022-12-03T05:14:14.601+0000] {dagbag.py:538} INFO - Filling up the DagBag from /home/airflow/.local/lib/python3.7/site-packages/airflow/example_dags/example_skip_dag.py
[2022-12-03T05:14:14.622+0000] {processor.py:753} INFO - DAG(s) dict_keys(['example_skip_dag']) retrieved from /home/airflow/.local/lib/python3.7/site-packages/airflow/example_dags/example_skip_dag.py
[2022-12-03T05:14:14.654+0000] {logging_mixin.py:137} INFO - [2022-12-03T05:14:14.654+0000] {dag.py:2676} INFO - Sync 1 DAGs
[2022-12-03T05:14:14.670+0000] {logging_mixin.py:137} INFO - [2022-12-03T05:14:14.670+0000] {dag.py:3427} INFO - Setting next_dagrun for example_skip_dag to 2022-12-02T05:14:14.670025+00:00, run_after=2022-12-03T05:14:14.670025+00:00
[2022-12-03T05:14:14.682+0000] {processor.py:175} INFO - Processing /home/airflow/.local/lib/python3.7/site-packages/airflow/example_dags/example_skip_dag.py took 0.094 seconds
[2022-12-03T05:14:45.191+0000] {processor.py:153} INFO - Started process (PID=2766) to work on /home/airflow/.local/lib/python3.7/site-packages/airflow/example_dags/example_skip_dag.py
[2022-12-03T05:14:45.193+0000] {processor.py:743} INFO - Processing file /home/airflow/.local/lib/python3.7/site-packages/airflow/example_dags/example_skip_dag.py for tasks to queue
[2022-12-03T05:14:45.195+0000] {logging_mixin.py:137} INFO - [2022-12-03T05:14:45.195+0000] {dagbag.py:538} INFO - Filling up the DagBag from /home/airflow/.local/lib/python3.7/site-packages/airflow/example_dags/example_skip_dag.py
[2022-12-03T05:14:45.208+0000] {processor.py:753} INFO - DAG(s) dict_keys(['example_skip_dag']) retrieved from /home/airflow/.local/lib/python3.7/site-packages/airflow/example_dags/example_skip_dag.py
[2022-12-03T05:14:45.241+0000] {logging_mixin.py:137} INFO - [2022-12-03T05:14:45.240+0000] {dag.py:2676} INFO - Sync 1 DAGs
[2022-12-03T05:14:45.267+0000] {logging_mixin.py:137} INFO - [2022-12-03T05:14:45.267+0000] {dag.py:3427} INFO - Setting next_dagrun for example_skip_dag to 2022-12-02T05:14:45.267034+00:00, run_after=2022-12-03T05:14:45.267034+00:00
[2022-12-03T05:14:45.320+0000] {processor.py:175} INFO - Processing /home/airflow/.local/lib/python3.7/site-packages/airflow/example_dags/example_skip_dag.py took 0.133 seconds
[2022-12-03T05:15:15.891+0000] {processor.py:153} INFO - Started process (PID=2991) to work on /home/airflow/.local/lib/python3.7/site-packages/airflow/example_dags/example_skip_dag.py
[2022-12-03T05:15:15.892+0000] {processor.py:743} INFO - Processing file /home/airflow/.local/lib/python3.7/site-packages/airflow/example_dags/example_skip_dag.py for tasks to queue
[2022-12-03T05:15:15.894+0000] {logging_mixin.py:137} INFO - [2022-12-03T05:15:15.894+0000] {dagbag.py:538} INFO - Filling up the DagBag from /home/airflow/.local/lib/python3.7/site-packages/airflow/example_dags/example_skip_dag.py
[2022-12-03T05:15:15.902+0000] {processor.py:753} INFO - DAG(s) dict_keys(['example_skip_dag']) retrieved from /home/airflow/.local/lib/python3.7/site-packages/airflow/example_dags/example_skip_dag.py
[2022-12-03T05:15:15.926+0000] {logging_mixin.py:137} INFO - [2022-12-03T05:15:15.926+0000] {dag.py:2676} INFO - Sync 1 DAGs
[2022-12-03T05:15:15.941+0000] {logging_mixin.py:137} INFO - [2022-12-03T05:15:15.941+0000] {dag.py:3427} INFO - Setting next_dagrun for example_skip_dag to 2022-12-02T05:15:15.941502+00:00, run_after=2022-12-03T05:15:15.941502+00:00
[2022-12-03T05:15:15.954+0000] {processor.py:175} INFO - Processing /home/airflow/.local/lib/python3.7/site-packages/airflow/example_dags/example_skip_dag.py took 0.066 seconds
[2022-12-03T05:15:46.943+0000] {processor.py:153} INFO - Started process (PID=3208) to work on /home/airflow/.local/lib/python3.7/site-packages/airflow/example_dags/example_skip_dag.py
[2022-12-03T05:15:46.957+0000] {processor.py:743} INFO - Processing file /home/airflow/.local/lib/python3.7/site-packages/airflow/example_dags/example_skip_dag.py for tasks to queue
[2022-12-03T05:15:46.977+0000] {logging_mixin.py:137} INFO - [2022-12-03T05:15:46.977+0000] {dagbag.py:538} INFO - Filling up the DagBag from /home/airflow/.local/lib/python3.7/site-packages/airflow/example_dags/example_skip_dag.py
[2022-12-03T05:15:47.008+0000] {processor.py:753} INFO - DAG(s) dict_keys(['example_skip_dag']) retrieved from /home/airflow/.local/lib/python3.7/site-packages/airflow/example_dags/example_skip_dag.py
[2022-12-03T05:15:47.045+0000] {logging_mixin.py:137} INFO - [2022-12-03T05:15:47.044+0000] {dag.py:2676} INFO - Sync 1 DAGs
[2022-12-03T05:15:47.074+0000] {logging_mixin.py:137} INFO - [2022-12-03T05:15:47.074+0000] {dag.py:3427} INFO - Setting next_dagrun for example_skip_dag to 2022-12-02T05:15:47.074020+00:00, run_after=2022-12-03T05:15:47.074020+00:00
[2022-12-03T05:15:47.107+0000] {processor.py:175} INFO - Processing /home/airflow/.local/lib/python3.7/site-packages/airflow/example_dags/example_skip_dag.py took 0.174 seconds
[2022-12-03T05:16:17.855+0000] {processor.py:153} INFO - Started process (PID=3433) to work on /home/airflow/.local/lib/python3.7/site-packages/airflow/example_dags/example_skip_dag.py
[2022-12-03T05:16:17.857+0000] {processor.py:743} INFO - Processing file /home/airflow/.local/lib/python3.7/site-packages/airflow/example_dags/example_skip_dag.py for tasks to queue
[2022-12-03T05:16:17.878+0000] {logging_mixin.py:137} INFO - [2022-12-03T05:16:17.877+0000] {dagbag.py:538} INFO - Filling up the DagBag from /home/airflow/.local/lib/python3.7/site-packages/airflow/example_dags/example_skip_dag.py
[2022-12-03T05:16:17.905+0000] {processor.py:753} INFO - DAG(s) dict_keys(['example_skip_dag']) retrieved from /home/airflow/.local/lib/python3.7/site-packages/airflow/example_dags/example_skip_dag.py
[2022-12-03T05:16:17.950+0000] {logging_mixin.py:137} INFO - [2022-12-03T05:16:17.950+0000] {dag.py:2676} INFO - Sync 1 DAGs
[2022-12-03T05:16:17.987+0000] {logging_mixin.py:137} INFO - [2022-12-03T05:16:17.986+0000] {dag.py:3427} INFO - Setting next_dagrun for example_skip_dag to 2022-12-02T05:16:17.986646+00:00, run_after=2022-12-03T05:16:17.986646+00:00
[2022-12-03T05:16:18.006+0000] {processor.py:175} INFO - Processing /home/airflow/.local/lib/python3.7/site-packages/airflow/example_dags/example_skip_dag.py took 0.153 seconds
[2022-12-03T05:16:48.093+0000] {processor.py:153} INFO - Started process (PID=3663) to work on /home/airflow/.local/lib/python3.7/site-packages/airflow/example_dags/example_skip_dag.py
[2022-12-03T05:16:48.095+0000] {processor.py:743} INFO - Processing file /home/airflow/.local/lib/python3.7/site-packages/airflow/example_dags/example_skip_dag.py for tasks to queue
[2022-12-03T05:16:48.097+0000] {logging_mixin.py:137} INFO - [2022-12-03T05:16:48.096+0000] {dagbag.py:538} INFO - Filling up the DagBag from /home/airflow/.local/lib/python3.7/site-packages/airflow/example_dags/example_skip_dag.py
[2022-12-03T05:16:48.111+0000] {processor.py:753} INFO - DAG(s) dict_keys(['example_skip_dag']) retrieved from /home/airflow/.local/lib/python3.7/site-packages/airflow/example_dags/example_skip_dag.py
[2022-12-03T05:16:48.140+0000] {logging_mixin.py:137} INFO - [2022-12-03T05:16:48.140+0000] {dag.py:2676} INFO - Sync 1 DAGs
[2022-12-03T05:16:48.156+0000] {logging_mixin.py:137} INFO - [2022-12-03T05:16:48.156+0000] {dag.py:3427} INFO - Setting next_dagrun for example_skip_dag to 2022-12-02T05:16:48.156135+00:00, run_after=2022-12-03T05:16:48.156135+00:00
[2022-12-03T05:16:48.168+0000] {processor.py:175} INFO - Processing /home/airflow/.local/lib/python3.7/site-packages/airflow/example_dags/example_skip_dag.py took 0.077 seconds
[2022-12-03T05:17:18.565+0000] {processor.py:153} INFO - Started process (PID=3877) to work on /home/airflow/.local/lib/python3.7/site-packages/airflow/example_dags/example_skip_dag.py
[2022-12-03T05:17:18.567+0000] {processor.py:743} INFO - Processing file /home/airflow/.local/lib/python3.7/site-packages/airflow/example_dags/example_skip_dag.py for tasks to queue
[2022-12-03T05:17:18.568+0000] {logging_mixin.py:137} INFO - [2022-12-03T05:17:18.568+0000] {dagbag.py:538} INFO - Filling up the DagBag from /home/airflow/.local/lib/python3.7/site-packages/airflow/example_dags/example_skip_dag.py
[2022-12-03T05:17:18.578+0000] {processor.py:753} INFO - DAG(s) dict_keys(['example_skip_dag']) retrieved from /home/airflow/.local/lib/python3.7/site-packages/airflow/example_dags/example_skip_dag.py
[2022-12-03T05:17:18.604+0000] {logging_mixin.py:137} INFO - [2022-12-03T05:17:18.604+0000] {dag.py:2676} INFO - Sync 1 DAGs
[2022-12-03T05:17:18.619+0000] {logging_mixin.py:137} INFO - [2022-12-03T05:17:18.619+0000] {dag.py:3427} INFO - Setting next_dagrun for example_skip_dag to 2022-12-02T05:17:18.618812+00:00, run_after=2022-12-03T05:17:18.618812+00:00
[2022-12-03T05:17:18.630+0000] {processor.py:175} INFO - Processing /home/airflow/.local/lib/python3.7/site-packages/airflow/example_dags/example_skip_dag.py took 0.067 seconds
[2022-12-03T05:17:49.117+0000] {processor.py:153} INFO - Started process (PID=4096) to work on /home/airflow/.local/lib/python3.7/site-packages/airflow/example_dags/example_skip_dag.py
[2022-12-03T05:17:49.120+0000] {processor.py:743} INFO - Processing file /home/airflow/.local/lib/python3.7/site-packages/airflow/example_dags/example_skip_dag.py for tasks to queue
[2022-12-03T05:17:49.121+0000] {logging_mixin.py:137} INFO - [2022-12-03T05:17:49.121+0000] {dagbag.py:538} INFO - Filling up the DagBag from /home/airflow/.local/lib/python3.7/site-packages/airflow/example_dags/example_skip_dag.py
[2022-12-03T05:17:49.136+0000] {processor.py:753} INFO - DAG(s) dict_keys(['example_skip_dag']) retrieved from /home/airflow/.local/lib/python3.7/site-packages/airflow/example_dags/example_skip_dag.py
[2022-12-03T05:17:49.166+0000] {logging_mixin.py:137} INFO - [2022-12-03T05:17:49.166+0000] {dag.py:2676} INFO - Sync 1 DAGs
[2022-12-03T05:17:49.183+0000] {logging_mixin.py:137} INFO - [2022-12-03T05:17:49.183+0000] {dag.py:3427} INFO - Setting next_dagrun for example_skip_dag to 2022-12-02T05:17:49.182923+00:00, run_after=2022-12-03T05:17:49.182923+00:00
[2022-12-03T05:17:49.196+0000] {processor.py:175} INFO - Processing /home/airflow/.local/lib/python3.7/site-packages/airflow/example_dags/example_skip_dag.py took 0.082 seconds
[2022-12-03T05:18:57.509+0000] {processor.py:153} INFO - Started process (PID=352) to work on /home/airflow/.local/lib/python3.7/site-packages/airflow/example_dags/example_skip_dag.py
[2022-12-03T05:18:57.512+0000] {processor.py:743} INFO - Processing file /home/airflow/.local/lib/python3.7/site-packages/airflow/example_dags/example_skip_dag.py for tasks to queue
[2022-12-03T05:18:57.513+0000] {logging_mixin.py:137} INFO - [2022-12-03T05:18:57.513+0000] {dagbag.py:538} INFO - Filling up the DagBag from /home/airflow/.local/lib/python3.7/site-packages/airflow/example_dags/example_skip_dag.py
[2022-12-03T05:18:57.528+0000] {processor.py:753} INFO - DAG(s) dict_keys(['example_skip_dag']) retrieved from /home/airflow/.local/lib/python3.7/site-packages/airflow/example_dags/example_skip_dag.py
[2022-12-03T05:18:57.549+0000] {logging_mixin.py:137} INFO - [2022-12-03T05:18:57.549+0000] {dag.py:2676} INFO - Sync 1 DAGs
[2022-12-03T05:18:57.569+0000] {logging_mixin.py:137} INFO - [2022-12-03T05:18:57.569+0000] {dag.py:3427} INFO - Setting next_dagrun for example_skip_dag to 2022-12-02T05:18:57.569703+00:00, run_after=2022-12-03T05:18:57.569703+00:00
[2022-12-03T05:18:57.585+0000] {processor.py:175} INFO - Processing /home/airflow/.local/lib/python3.7/site-packages/airflow/example_dags/example_skip_dag.py took 0.078 seconds
[2022-12-03T05:19:27.668+0000] {processor.py:153} INFO - Started process (PID=565) to work on /home/airflow/.local/lib/python3.7/site-packages/airflow/example_dags/example_skip_dag.py
[2022-12-03T05:19:27.670+0000] {processor.py:743} INFO - Processing file /home/airflow/.local/lib/python3.7/site-packages/airflow/example_dags/example_skip_dag.py for tasks to queue
[2022-12-03T05:19:27.671+0000] {logging_mixin.py:137} INFO - [2022-12-03T05:19:27.671+0000] {dagbag.py:538} INFO - Filling up the DagBag from /home/airflow/.local/lib/python3.7/site-packages/airflow/example_dags/example_skip_dag.py
[2022-12-03T05:19:27.684+0000] {processor.py:753} INFO - DAG(s) dict_keys(['example_skip_dag']) retrieved from /home/airflow/.local/lib/python3.7/site-packages/airflow/example_dags/example_skip_dag.py
[2022-12-03T05:19:27.714+0000] {logging_mixin.py:137} INFO - [2022-12-03T05:19:27.714+0000] {dag.py:2676} INFO - Sync 1 DAGs
[2022-12-03T05:19:27.744+0000] {logging_mixin.py:137} INFO - [2022-12-03T05:19:27.743+0000] {dag.py:3427} INFO - Setting next_dagrun for example_skip_dag to 2022-12-02T05:19:27.743553+00:00, run_after=2022-12-03T05:19:27.743553+00:00
[2022-12-03T05:19:27.764+0000] {processor.py:175} INFO - Processing /home/airflow/.local/lib/python3.7/site-packages/airflow/example_dags/example_skip_dag.py took 0.099 seconds
[2022-12-03T05:19:58.626+0000] {processor.py:153} INFO - Started process (PID=792) to work on /home/airflow/.local/lib/python3.7/site-packages/airflow/example_dags/example_skip_dag.py
[2022-12-03T05:19:58.628+0000] {processor.py:743} INFO - Processing file /home/airflow/.local/lib/python3.7/site-packages/airflow/example_dags/example_skip_dag.py for tasks to queue
[2022-12-03T05:19:58.630+0000] {logging_mixin.py:137} INFO - [2022-12-03T05:19:58.630+0000] {dagbag.py:538} INFO - Filling up the DagBag from /home/airflow/.local/lib/python3.7/site-packages/airflow/example_dags/example_skip_dag.py
[2022-12-03T05:19:58.643+0000] {processor.py:753} INFO - DAG(s) dict_keys(['example_skip_dag']) retrieved from /home/airflow/.local/lib/python3.7/site-packages/airflow/example_dags/example_skip_dag.py
[2022-12-03T05:19:58.676+0000] {logging_mixin.py:137} INFO - [2022-12-03T05:19:58.676+0000] {dag.py:2676} INFO - Sync 1 DAGs
[2022-12-03T05:19:58.700+0000] {logging_mixin.py:137} INFO - [2022-12-03T05:19:58.700+0000] {dag.py:3427} INFO - Setting next_dagrun for example_skip_dag to 2022-12-02T05:19:58.699956+00:00, run_after=2022-12-03T05:19:58.699956+00:00
[2022-12-03T05:19:58.716+0000] {processor.py:175} INFO - Processing /home/airflow/.local/lib/python3.7/site-packages/airflow/example_dags/example_skip_dag.py took 0.092 seconds
