[2022-12-03T05:09:00.922+0000] {processor.py:153} INFO - Started process (PID=311) to work on /home/airflow/.local/lib/python3.7/site-packages/airflow/example_dags/example_python_operator.py
[2022-12-03T05:09:00.927+0000] {processor.py:743} INFO - Processing file /home/airflow/.local/lib/python3.7/site-packages/airflow/example_dags/example_python_operator.py for tasks to queue
[2022-12-03T05:09:00.929+0000] {logging_mixin.py:137} INFO - [2022-12-03T05:09:00.929+0000] {dagbag.py:538} INFO - Filling up the DagBag from /home/airflow/.local/lib/python3.7/site-packages/airflow/example_dags/example_python_operator.py
[2022-12-03T05:09:00.960+0000] {logging_mixin.py:137} INFO - [2022-12-03T05:09:00.959+0000] {taskmixin.py:205} WARNING - Dependency <Task(_PythonDecoratedOperator): print_the_context>, log_sql_query already registered for DAG: example_python_operator
[2022-12-03T05:09:00.962+0000] {logging_mixin.py:137} INFO - [2022-12-03T05:09:00.962+0000] {taskmixin.py:205} WARNING - Dependency <Task(_PythonDecoratedOperator): log_sql_query>, print_the_context already registered for DAG: example_python_operator
[2022-12-03T05:09:00.965+0000] {logging_mixin.py:137} INFO - [2022-12-03T05:09:00.964+0000] {taskmixin.py:205} WARNING - Dependency <Task(_PythonDecoratedOperator): print_the_context>, log_sql_query already registered for DAG: example_python_operator
[2022-12-03T05:09:00.966+0000] {logging_mixin.py:137} INFO - [2022-12-03T05:09:00.966+0000] {taskmixin.py:205} WARNING - Dependency <Task(_PythonDecoratedOperator): log_sql_query>, print_the_context already registered for DAG: example_python_operator
[2022-12-03T05:09:00.967+0000] {logging_mixin.py:137} INFO - [2022-12-03T05:09:00.967+0000] {taskmixin.py:205} WARNING - Dependency <Task(_PythonDecoratedOperator): print_the_context>, log_sql_query already registered for DAG: example_python_operator
[2022-12-03T05:09:00.968+0000] {logging_mixin.py:137} INFO - [2022-12-03T05:09:00.968+0000] {taskmixin.py:205} WARNING - Dependency <Task(_PythonDecoratedOperator): log_sql_query>, print_the_context already registered for DAG: example_python_operator
[2022-12-03T05:09:00.970+0000] {logging_mixin.py:137} INFO - [2022-12-03T05:09:00.970+0000] {taskmixin.py:205} WARNING - Dependency <Task(_PythonDecoratedOperator): print_the_context>, log_sql_query already registered for DAG: example_python_operator
[2022-12-03T05:09:00.971+0000] {logging_mixin.py:137} INFO - [2022-12-03T05:09:00.971+0000] {taskmixin.py:205} WARNING - Dependency <Task(_PythonDecoratedOperator): log_sql_query>, print_the_context already registered for DAG: example_python_operator
[2022-12-03T05:09:01.013+0000] {processor.py:753} INFO - DAG(s) dict_keys(['example_python_operator']) retrieved from /home/airflow/.local/lib/python3.7/site-packages/airflow/example_dags/example_python_operator.py
[2022-12-03T05:09:01.063+0000] {logging_mixin.py:137} INFO - [2022-12-03T05:09:01.063+0000] {dag.py:2676} INFO - Sync 1 DAGs
[2022-12-03T05:09:01.096+0000] {logging_mixin.py:137} INFO - [2022-12-03T05:09:01.096+0000] {dag.py:3427} INFO - Setting next_dagrun for example_python_operator to None, run_after=None
[2022-12-03T05:09:01.127+0000] {processor.py:175} INFO - Processing /home/airflow/.local/lib/python3.7/site-packages/airflow/example_dags/example_python_operator.py took 0.208 seconds
[2022-12-03T05:09:31.706+0000] {processor.py:153} INFO - Started process (PID=525) to work on /home/airflow/.local/lib/python3.7/site-packages/airflow/example_dags/example_python_operator.py
[2022-12-03T05:09:31.709+0000] {processor.py:743} INFO - Processing file /home/airflow/.local/lib/python3.7/site-packages/airflow/example_dags/example_python_operator.py for tasks to queue
[2022-12-03T05:09:31.713+0000] {logging_mixin.py:137} INFO - [2022-12-03T05:09:31.712+0000] {dagbag.py:538} INFO - Filling up the DagBag from /home/airflow/.local/lib/python3.7/site-packages/airflow/example_dags/example_python_operator.py
[2022-12-03T05:09:31.744+0000] {logging_mixin.py:137} INFO - [2022-12-03T05:09:31.744+0000] {taskmixin.py:205} WARNING - Dependency <Task(_PythonDecoratedOperator): print_the_context>, log_sql_query already registered for DAG: example_python_operator
[2022-12-03T05:09:31.750+0000] {logging_mixin.py:137} INFO - [2022-12-03T05:09:31.750+0000] {taskmixin.py:205} WARNING - Dependency <Task(_PythonDecoratedOperator): log_sql_query>, print_the_context already registered for DAG: example_python_operator
[2022-12-03T05:09:31.754+0000] {logging_mixin.py:137} INFO - [2022-12-03T05:09:31.754+0000] {taskmixin.py:205} WARNING - Dependency <Task(_PythonDecoratedOperator): print_the_context>, log_sql_query already registered for DAG: example_python_operator
[2022-12-03T05:09:31.757+0000] {logging_mixin.py:137} INFO - [2022-12-03T05:09:31.756+0000] {taskmixin.py:205} WARNING - Dependency <Task(_PythonDecoratedOperator): log_sql_query>, print_the_context already registered for DAG: example_python_operator
[2022-12-03T05:09:31.760+0000] {logging_mixin.py:137} INFO - [2022-12-03T05:09:31.760+0000] {taskmixin.py:205} WARNING - Dependency <Task(_PythonDecoratedOperator): print_the_context>, log_sql_query already registered for DAG: example_python_operator
[2022-12-03T05:09:31.768+0000] {logging_mixin.py:137} INFO - [2022-12-03T05:09:31.768+0000] {taskmixin.py:205} WARNING - Dependency <Task(_PythonDecoratedOperator): log_sql_query>, print_the_context already registered for DAG: example_python_operator
[2022-12-03T05:09:31.776+0000] {logging_mixin.py:137} INFO - [2022-12-03T05:09:31.775+0000] {taskmixin.py:205} WARNING - Dependency <Task(_PythonDecoratedOperator): print_the_context>, log_sql_query already registered for DAG: example_python_operator
[2022-12-03T05:09:31.781+0000] {logging_mixin.py:137} INFO - [2022-12-03T05:09:31.781+0000] {taskmixin.py:205} WARNING - Dependency <Task(_PythonDecoratedOperator): log_sql_query>, print_the_context already registered for DAG: example_python_operator
[2022-12-03T05:09:31.799+0000] {processor.py:753} INFO - DAG(s) dict_keys(['example_python_operator']) retrieved from /home/airflow/.local/lib/python3.7/site-packages/airflow/example_dags/example_python_operator.py
[2022-12-03T05:09:31.908+0000] {logging_mixin.py:137} INFO - [2022-12-03T05:09:31.908+0000] {dag.py:2676} INFO - Sync 1 DAGs
[2022-12-03T05:09:31.951+0000] {logging_mixin.py:137} INFO - [2022-12-03T05:09:31.951+0000] {dag.py:3427} INFO - Setting next_dagrun for example_python_operator to None, run_after=None
[2022-12-03T05:09:32.036+0000] {processor.py:175} INFO - Processing /home/airflow/.local/lib/python3.7/site-packages/airflow/example_dags/example_python_operator.py took 0.333 seconds
[2022-12-03T05:10:02.911+0000] {processor.py:153} INFO - Started process (PID=752) to work on /home/airflow/.local/lib/python3.7/site-packages/airflow/example_dags/example_python_operator.py
[2022-12-03T05:10:02.914+0000] {processor.py:743} INFO - Processing file /home/airflow/.local/lib/python3.7/site-packages/airflow/example_dags/example_python_operator.py for tasks to queue
[2022-12-03T05:10:02.916+0000] {logging_mixin.py:137} INFO - [2022-12-03T05:10:02.916+0000] {dagbag.py:538} INFO - Filling up the DagBag from /home/airflow/.local/lib/python3.7/site-packages/airflow/example_dags/example_python_operator.py
[2022-12-03T05:10:02.933+0000] {logging_mixin.py:137} INFO - [2022-12-03T05:10:02.932+0000] {taskmixin.py:205} WARNING - Dependency <Task(_PythonDecoratedOperator): print_the_context>, log_sql_query already registered for DAG: example_python_operator
[2022-12-03T05:10:02.935+0000] {logging_mixin.py:137} INFO - [2022-12-03T05:10:02.935+0000] {taskmixin.py:205} WARNING - Dependency <Task(_PythonDecoratedOperator): log_sql_query>, print_the_context already registered for DAG: example_python_operator
[2022-12-03T05:10:02.940+0000] {logging_mixin.py:137} INFO - [2022-12-03T05:10:02.940+0000] {taskmixin.py:205} WARNING - Dependency <Task(_PythonDecoratedOperator): print_the_context>, log_sql_query already registered for DAG: example_python_operator
[2022-12-03T05:10:02.941+0000] {logging_mixin.py:137} INFO - [2022-12-03T05:10:02.941+0000] {taskmixin.py:205} WARNING - Dependency <Task(_PythonDecoratedOperator): log_sql_query>, print_the_context already registered for DAG: example_python_operator
[2022-12-03T05:10:02.943+0000] {logging_mixin.py:137} INFO - [2022-12-03T05:10:02.943+0000] {taskmixin.py:205} WARNING - Dependency <Task(_PythonDecoratedOperator): print_the_context>, log_sql_query already registered for DAG: example_python_operator
[2022-12-03T05:10:02.944+0000] {logging_mixin.py:137} INFO - [2022-12-03T05:10:02.944+0000] {taskmixin.py:205} WARNING - Dependency <Task(_PythonDecoratedOperator): log_sql_query>, print_the_context already registered for DAG: example_python_operator
[2022-12-03T05:10:02.945+0000] {logging_mixin.py:137} INFO - [2022-12-03T05:10:02.945+0000] {taskmixin.py:205} WARNING - Dependency <Task(_PythonDecoratedOperator): print_the_context>, log_sql_query already registered for DAG: example_python_operator
[2022-12-03T05:10:02.947+0000] {logging_mixin.py:137} INFO - [2022-12-03T05:10:02.947+0000] {taskmixin.py:205} WARNING - Dependency <Task(_PythonDecoratedOperator): log_sql_query>, print_the_context already registered for DAG: example_python_operator
[2022-12-03T05:10:02.955+0000] {processor.py:753} INFO - DAG(s) dict_keys(['example_python_operator']) retrieved from /home/airflow/.local/lib/python3.7/site-packages/airflow/example_dags/example_python_operator.py
[2022-12-03T05:10:03.036+0000] {logging_mixin.py:137} INFO - [2022-12-03T05:10:03.036+0000] {dag.py:2676} INFO - Sync 1 DAGs
[2022-12-03T05:10:03.074+0000] {logging_mixin.py:137} INFO - [2022-12-03T05:10:03.073+0000] {dag.py:3427} INFO - Setting next_dagrun for example_python_operator to None, run_after=None
[2022-12-03T05:10:03.115+0000] {processor.py:175} INFO - Processing /home/airflow/.local/lib/python3.7/site-packages/airflow/example_dags/example_python_operator.py took 0.208 seconds
[2022-12-03T05:10:33.252+0000] {processor.py:153} INFO - Started process (PID=966) to work on /home/airflow/.local/lib/python3.7/site-packages/airflow/example_dags/example_python_operator.py
[2022-12-03T05:10:33.258+0000] {processor.py:743} INFO - Processing file /home/airflow/.local/lib/python3.7/site-packages/airflow/example_dags/example_python_operator.py for tasks to queue
[2022-12-03T05:10:33.262+0000] {logging_mixin.py:137} INFO - [2022-12-03T05:10:33.262+0000] {dagbag.py:538} INFO - Filling up the DagBag from /home/airflow/.local/lib/python3.7/site-packages/airflow/example_dags/example_python_operator.py
[2022-12-03T05:10:33.284+0000] {logging_mixin.py:137} INFO - [2022-12-03T05:10:33.284+0000] {taskmixin.py:205} WARNING - Dependency <Task(_PythonDecoratedOperator): print_the_context>, log_sql_query already registered for DAG: example_python_operator
[2022-12-03T05:10:33.286+0000] {logging_mixin.py:137} INFO - [2022-12-03T05:10:33.286+0000] {taskmixin.py:205} WARNING - Dependency <Task(_PythonDecoratedOperator): log_sql_query>, print_the_context already registered for DAG: example_python_operator
[2022-12-03T05:10:33.292+0000] {logging_mixin.py:137} INFO - [2022-12-03T05:10:33.292+0000] {taskmixin.py:205} WARNING - Dependency <Task(_PythonDecoratedOperator): print_the_context>, log_sql_query already registered for DAG: example_python_operator
[2022-12-03T05:10:33.294+0000] {logging_mixin.py:137} INFO - [2022-12-03T05:10:33.293+0000] {taskmixin.py:205} WARNING - Dependency <Task(_PythonDecoratedOperator): log_sql_query>, print_the_context already registered for DAG: example_python_operator
[2022-12-03T05:10:33.295+0000] {logging_mixin.py:137} INFO - [2022-12-03T05:10:33.295+0000] {taskmixin.py:205} WARNING - Dependency <Task(_PythonDecoratedOperator): print_the_context>, log_sql_query already registered for DAG: example_python_operator
[2022-12-03T05:10:33.297+0000] {logging_mixin.py:137} INFO - [2022-12-03T05:10:33.296+0000] {taskmixin.py:205} WARNING - Dependency <Task(_PythonDecoratedOperator): log_sql_query>, print_the_context already registered for DAG: example_python_operator
[2022-12-03T05:10:33.299+0000] {logging_mixin.py:137} INFO - [2022-12-03T05:10:33.299+0000] {taskmixin.py:205} WARNING - Dependency <Task(_PythonDecoratedOperator): print_the_context>, log_sql_query already registered for DAG: example_python_operator
[2022-12-03T05:10:33.302+0000] {logging_mixin.py:137} INFO - [2022-12-03T05:10:33.302+0000] {taskmixin.py:205} WARNING - Dependency <Task(_PythonDecoratedOperator): log_sql_query>, print_the_context already registered for DAG: example_python_operator
[2022-12-03T05:10:33.308+0000] {processor.py:753} INFO - DAG(s) dict_keys(['example_python_operator']) retrieved from /home/airflow/.local/lib/python3.7/site-packages/airflow/example_dags/example_python_operator.py
[2022-12-03T05:10:33.336+0000] {logging_mixin.py:137} INFO - [2022-12-03T05:10:33.336+0000] {dag.py:2676} INFO - Sync 1 DAGs
[2022-12-03T05:10:33.357+0000] {logging_mixin.py:137} INFO - [2022-12-03T05:10:33.356+0000] {dag.py:3427} INFO - Setting next_dagrun for example_python_operator to None, run_after=None
[2022-12-03T05:10:33.370+0000] {processor.py:175} INFO - Processing /home/airflow/.local/lib/python3.7/site-packages/airflow/example_dags/example_python_operator.py took 0.122 seconds
[2022-12-03T05:11:03.845+0000] {processor.py:153} INFO - Started process (PID=1189) to work on /home/airflow/.local/lib/python3.7/site-packages/airflow/example_dags/example_python_operator.py
[2022-12-03T05:11:03.847+0000] {processor.py:743} INFO - Processing file /home/airflow/.local/lib/python3.7/site-packages/airflow/example_dags/example_python_operator.py for tasks to queue
[2022-12-03T05:11:03.849+0000] {logging_mixin.py:137} INFO - [2022-12-03T05:11:03.849+0000] {dagbag.py:538} INFO - Filling up the DagBag from /home/airflow/.local/lib/python3.7/site-packages/airflow/example_dags/example_python_operator.py
[2022-12-03T05:11:03.867+0000] {logging_mixin.py:137} INFO - [2022-12-03T05:11:03.866+0000] {taskmixin.py:205} WARNING - Dependency <Task(_PythonDecoratedOperator): print_the_context>, log_sql_query already registered for DAG: example_python_operator
[2022-12-03T05:11:03.868+0000] {logging_mixin.py:137} INFO - [2022-12-03T05:11:03.868+0000] {taskmixin.py:205} WARNING - Dependency <Task(_PythonDecoratedOperator): log_sql_query>, print_the_context already registered for DAG: example_python_operator
[2022-12-03T05:11:03.869+0000] {logging_mixin.py:137} INFO - [2022-12-03T05:11:03.869+0000] {taskmixin.py:205} WARNING - Dependency <Task(_PythonDecoratedOperator): print_the_context>, log_sql_query already registered for DAG: example_python_operator
[2022-12-03T05:11:03.871+0000] {logging_mixin.py:137} INFO - [2022-12-03T05:11:03.871+0000] {taskmixin.py:205} WARNING - Dependency <Task(_PythonDecoratedOperator): log_sql_query>, print_the_context already registered for DAG: example_python_operator
[2022-12-03T05:11:03.872+0000] {logging_mixin.py:137} INFO - [2022-12-03T05:11:03.872+0000] {taskmixin.py:205} WARNING - Dependency <Task(_PythonDecoratedOperator): print_the_context>, log_sql_query already registered for DAG: example_python_operator
[2022-12-03T05:11:03.874+0000] {logging_mixin.py:137} INFO - [2022-12-03T05:11:03.874+0000] {taskmixin.py:205} WARNING - Dependency <Task(_PythonDecoratedOperator): log_sql_query>, print_the_context already registered for DAG: example_python_operator
[2022-12-03T05:11:03.876+0000] {logging_mixin.py:137} INFO - [2022-12-03T05:11:03.876+0000] {taskmixin.py:205} WARNING - Dependency <Task(_PythonDecoratedOperator): print_the_context>, log_sql_query already registered for DAG: example_python_operator
[2022-12-03T05:11:03.878+0000] {logging_mixin.py:137} INFO - [2022-12-03T05:11:03.878+0000] {taskmixin.py:205} WARNING - Dependency <Task(_PythonDecoratedOperator): log_sql_query>, print_the_context already registered for DAG: example_python_operator
[2022-12-03T05:11:03.886+0000] {processor.py:753} INFO - DAG(s) dict_keys(['example_python_operator']) retrieved from /home/airflow/.local/lib/python3.7/site-packages/airflow/example_dags/example_python_operator.py
[2022-12-03T05:11:03.955+0000] {logging_mixin.py:137} INFO - [2022-12-03T05:11:03.954+0000] {dag.py:2676} INFO - Sync 1 DAGs
[2022-12-03T05:11:03.976+0000] {logging_mixin.py:137} INFO - [2022-12-03T05:11:03.976+0000] {dag.py:3427} INFO - Setting next_dagrun for example_python_operator to None, run_after=None
[2022-12-03T05:11:04.012+0000] {processor.py:175} INFO - Processing /home/airflow/.local/lib/python3.7/site-packages/airflow/example_dags/example_python_operator.py took 0.171 seconds
[2022-12-03T05:11:34.802+0000] {processor.py:153} INFO - Started process (PID=1403) to work on /home/airflow/.local/lib/python3.7/site-packages/airflow/example_dags/example_python_operator.py
[2022-12-03T05:11:34.803+0000] {processor.py:743} INFO - Processing file /home/airflow/.local/lib/python3.7/site-packages/airflow/example_dags/example_python_operator.py for tasks to queue
[2022-12-03T05:11:34.804+0000] {logging_mixin.py:137} INFO - [2022-12-03T05:11:34.804+0000] {dagbag.py:538} INFO - Filling up the DagBag from /home/airflow/.local/lib/python3.7/site-packages/airflow/example_dags/example_python_operator.py
[2022-12-03T05:11:34.816+0000] {logging_mixin.py:137} INFO - [2022-12-03T05:11:34.816+0000] {taskmixin.py:205} WARNING - Dependency <Task(_PythonDecoratedOperator): print_the_context>, log_sql_query already registered for DAG: example_python_operator
[2022-12-03T05:11:34.817+0000] {logging_mixin.py:137} INFO - [2022-12-03T05:11:34.817+0000] {taskmixin.py:205} WARNING - Dependency <Task(_PythonDecoratedOperator): log_sql_query>, print_the_context already registered for DAG: example_python_operator
[2022-12-03T05:11:34.818+0000] {logging_mixin.py:137} INFO - [2022-12-03T05:11:34.818+0000] {taskmixin.py:205} WARNING - Dependency <Task(_PythonDecoratedOperator): print_the_context>, log_sql_query already registered for DAG: example_python_operator
[2022-12-03T05:11:34.819+0000] {logging_mixin.py:137} INFO - [2022-12-03T05:11:34.819+0000] {taskmixin.py:205} WARNING - Dependency <Task(_PythonDecoratedOperator): log_sql_query>, print_the_context already registered for DAG: example_python_operator
[2022-12-03T05:11:34.820+0000] {logging_mixin.py:137} INFO - [2022-12-03T05:11:34.820+0000] {taskmixin.py:205} WARNING - Dependency <Task(_PythonDecoratedOperator): print_the_context>, log_sql_query already registered for DAG: example_python_operator
[2022-12-03T05:11:34.820+0000] {logging_mixin.py:137} INFO - [2022-12-03T05:11:34.820+0000] {taskmixin.py:205} WARNING - Dependency <Task(_PythonDecoratedOperator): log_sql_query>, print_the_context already registered for DAG: example_python_operator
[2022-12-03T05:11:34.822+0000] {logging_mixin.py:137} INFO - [2022-12-03T05:11:34.822+0000] {taskmixin.py:205} WARNING - Dependency <Task(_PythonDecoratedOperator): print_the_context>, log_sql_query already registered for DAG: example_python_operator
[2022-12-03T05:11:34.823+0000] {logging_mixin.py:137} INFO - [2022-12-03T05:11:34.823+0000] {taskmixin.py:205} WARNING - Dependency <Task(_PythonDecoratedOperator): log_sql_query>, print_the_context already registered for DAG: example_python_operator
[2022-12-03T05:11:34.828+0000] {processor.py:753} INFO - DAG(s) dict_keys(['example_python_operator']) retrieved from /home/airflow/.local/lib/python3.7/site-packages/airflow/example_dags/example_python_operator.py
[2022-12-03T05:11:34.865+0000] {logging_mixin.py:137} INFO - [2022-12-03T05:11:34.865+0000] {dag.py:2676} INFO - Sync 1 DAGs
[2022-12-03T05:11:34.885+0000] {logging_mixin.py:137} INFO - [2022-12-03T05:11:34.885+0000] {dag.py:3427} INFO - Setting next_dagrun for example_python_operator to None, run_after=None
[2022-12-03T05:11:34.897+0000] {processor.py:175} INFO - Processing /home/airflow/.local/lib/python3.7/site-packages/airflow/example_dags/example_python_operator.py took 0.098 seconds
[2022-12-03T05:12:05.409+0000] {processor.py:153} INFO - Started process (PID=1631) to work on /home/airflow/.local/lib/python3.7/site-packages/airflow/example_dags/example_python_operator.py
[2022-12-03T05:12:05.411+0000] {processor.py:743} INFO - Processing file /home/airflow/.local/lib/python3.7/site-packages/airflow/example_dags/example_python_operator.py for tasks to queue
[2022-12-03T05:12:05.412+0000] {logging_mixin.py:137} INFO - [2022-12-03T05:12:05.412+0000] {dagbag.py:538} INFO - Filling up the DagBag from /home/airflow/.local/lib/python3.7/site-packages/airflow/example_dags/example_python_operator.py
[2022-12-03T05:12:05.429+0000] {logging_mixin.py:137} INFO - [2022-12-03T05:12:05.429+0000] {taskmixin.py:205} WARNING - Dependency <Task(_PythonDecoratedOperator): print_the_context>, log_sql_query already registered for DAG: example_python_operator
[2022-12-03T05:12:05.430+0000] {logging_mixin.py:137} INFO - [2022-12-03T05:12:05.430+0000] {taskmixin.py:205} WARNING - Dependency <Task(_PythonDecoratedOperator): log_sql_query>, print_the_context already registered for DAG: example_python_operator
[2022-12-03T05:12:05.433+0000] {logging_mixin.py:137} INFO - [2022-12-03T05:12:05.433+0000] {taskmixin.py:205} WARNING - Dependency <Task(_PythonDecoratedOperator): print_the_context>, log_sql_query already registered for DAG: example_python_operator
[2022-12-03T05:12:05.434+0000] {logging_mixin.py:137} INFO - [2022-12-03T05:12:05.434+0000] {taskmixin.py:205} WARNING - Dependency <Task(_PythonDecoratedOperator): log_sql_query>, print_the_context already registered for DAG: example_python_operator
[2022-12-03T05:12:05.436+0000] {logging_mixin.py:137} INFO - [2022-12-03T05:12:05.435+0000] {taskmixin.py:205} WARNING - Dependency <Task(_PythonDecoratedOperator): print_the_context>, log_sql_query already registered for DAG: example_python_operator
[2022-12-03T05:12:05.436+0000] {logging_mixin.py:137} INFO - [2022-12-03T05:12:05.436+0000] {taskmixin.py:205} WARNING - Dependency <Task(_PythonDecoratedOperator): log_sql_query>, print_the_context already registered for DAG: example_python_operator
[2022-12-03T05:12:05.437+0000] {logging_mixin.py:137} INFO - [2022-12-03T05:12:05.437+0000] {taskmixin.py:205} WARNING - Dependency <Task(_PythonDecoratedOperator): print_the_context>, log_sql_query already registered for DAG: example_python_operator
[2022-12-03T05:12:05.438+0000] {logging_mixin.py:137} INFO - [2022-12-03T05:12:05.438+0000] {taskmixin.py:205} WARNING - Dependency <Task(_PythonDecoratedOperator): log_sql_query>, print_the_context already registered for DAG: example_python_operator
[2022-12-03T05:12:05.442+0000] {processor.py:753} INFO - DAG(s) dict_keys(['example_python_operator']) retrieved from /home/airflow/.local/lib/python3.7/site-packages/airflow/example_dags/example_python_operator.py
[2022-12-03T05:12:05.467+0000] {logging_mixin.py:137} INFO - [2022-12-03T05:12:05.467+0000] {dag.py:2676} INFO - Sync 1 DAGs
[2022-12-03T05:12:05.486+0000] {logging_mixin.py:137} INFO - [2022-12-03T05:12:05.486+0000] {dag.py:3427} INFO - Setting next_dagrun for example_python_operator to None, run_after=None
[2022-12-03T05:12:05.503+0000] {processor.py:175} INFO - Processing /home/airflow/.local/lib/python3.7/site-packages/airflow/example_dags/example_python_operator.py took 0.095 seconds
[2022-12-03T05:12:38.862+0000] {processor.py:153} INFO - Started process (PID=1846) to work on /home/airflow/.local/lib/python3.7/site-packages/airflow/example_dags/example_python_operator.py
[2022-12-03T05:12:38.865+0000] {processor.py:743} INFO - Processing file /home/airflow/.local/lib/python3.7/site-packages/airflow/example_dags/example_python_operator.py for tasks to queue
[2022-12-03T05:12:38.867+0000] {logging_mixin.py:137} INFO - [2022-12-03T05:12:38.867+0000] {dagbag.py:538} INFO - Filling up the DagBag from /home/airflow/.local/lib/python3.7/site-packages/airflow/example_dags/example_python_operator.py
[2022-12-03T05:12:38.885+0000] {logging_mixin.py:137} INFO - [2022-12-03T05:12:38.885+0000] {taskmixin.py:205} WARNING - Dependency <Task(_PythonDecoratedOperator): print_the_context>, log_sql_query already registered for DAG: example_python_operator
[2022-12-03T05:12:38.888+0000] {logging_mixin.py:137} INFO - [2022-12-03T05:12:38.888+0000] {taskmixin.py:205} WARNING - Dependency <Task(_PythonDecoratedOperator): log_sql_query>, print_the_context already registered for DAG: example_python_operator
[2022-12-03T05:12:38.890+0000] {logging_mixin.py:137} INFO - [2022-12-03T05:12:38.890+0000] {taskmixin.py:205} WARNING - Dependency <Task(_PythonDecoratedOperator): print_the_context>, log_sql_query already registered for DAG: example_python_operator
[2022-12-03T05:12:38.892+0000] {logging_mixin.py:137} INFO - [2022-12-03T05:12:38.892+0000] {taskmixin.py:205} WARNING - Dependency <Task(_PythonDecoratedOperator): log_sql_query>, print_the_context already registered for DAG: example_python_operator
[2022-12-03T05:12:38.893+0000] {logging_mixin.py:137} INFO - [2022-12-03T05:12:38.893+0000] {taskmixin.py:205} WARNING - Dependency <Task(_PythonDecoratedOperator): print_the_context>, log_sql_query already registered for DAG: example_python_operator
[2022-12-03T05:12:38.894+0000] {logging_mixin.py:137} INFO - [2022-12-03T05:12:38.894+0000] {taskmixin.py:205} WARNING - Dependency <Task(_PythonDecoratedOperator): log_sql_query>, print_the_context already registered for DAG: example_python_operator
[2022-12-03T05:12:38.896+0000] {logging_mixin.py:137} INFO - [2022-12-03T05:12:38.896+0000] {taskmixin.py:205} WARNING - Dependency <Task(_PythonDecoratedOperator): print_the_context>, log_sql_query already registered for DAG: example_python_operator
[2022-12-03T05:12:38.899+0000] {logging_mixin.py:137} INFO - [2022-12-03T05:12:38.899+0000] {taskmixin.py:205} WARNING - Dependency <Task(_PythonDecoratedOperator): log_sql_query>, print_the_context already registered for DAG: example_python_operator
[2022-12-03T05:12:38.906+0000] {processor.py:753} INFO - DAG(s) dict_keys(['example_python_operator']) retrieved from /home/airflow/.local/lib/python3.7/site-packages/airflow/example_dags/example_python_operator.py
[2022-12-03T05:12:38.966+0000] {logging_mixin.py:137} INFO - [2022-12-03T05:12:38.966+0000] {dag.py:2676} INFO - Sync 1 DAGs
[2022-12-03T05:12:39.010+0000] {logging_mixin.py:137} INFO - [2022-12-03T05:12:39.010+0000] {dag.py:3427} INFO - Setting next_dagrun for example_python_operator to None, run_after=None
[2022-12-03T05:12:39.132+0000] {processor.py:175} INFO - Processing /home/airflow/.local/lib/python3.7/site-packages/airflow/example_dags/example_python_operator.py took 0.273 seconds
[2022-12-03T05:13:10.208+0000] {processor.py:153} INFO - Started process (PID=2073) to work on /home/airflow/.local/lib/python3.7/site-packages/airflow/example_dags/example_python_operator.py
[2022-12-03T05:13:10.212+0000] {processor.py:743} INFO - Processing file /home/airflow/.local/lib/python3.7/site-packages/airflow/example_dags/example_python_operator.py for tasks to queue
[2022-12-03T05:13:10.214+0000] {logging_mixin.py:137} INFO - [2022-12-03T05:13:10.214+0000] {dagbag.py:538} INFO - Filling up the DagBag from /home/airflow/.local/lib/python3.7/site-packages/airflow/example_dags/example_python_operator.py
[2022-12-03T05:13:10.232+0000] {logging_mixin.py:137} INFO - [2022-12-03T05:13:10.232+0000] {taskmixin.py:205} WARNING - Dependency <Task(_PythonDecoratedOperator): print_the_context>, log_sql_query already registered for DAG: example_python_operator
[2022-12-03T05:13:10.233+0000] {logging_mixin.py:137} INFO - [2022-12-03T05:13:10.233+0000] {taskmixin.py:205} WARNING - Dependency <Task(_PythonDecoratedOperator): log_sql_query>, print_the_context already registered for DAG: example_python_operator
[2022-12-03T05:13:10.234+0000] {logging_mixin.py:137} INFO - [2022-12-03T05:13:10.234+0000] {taskmixin.py:205} WARNING - Dependency <Task(_PythonDecoratedOperator): print_the_context>, log_sql_query already registered for DAG: example_python_operator
[2022-12-03T05:13:10.235+0000] {logging_mixin.py:137} INFO - [2022-12-03T05:13:10.235+0000] {taskmixin.py:205} WARNING - Dependency <Task(_PythonDecoratedOperator): log_sql_query>, print_the_context already registered for DAG: example_python_operator
[2022-12-03T05:13:10.238+0000] {logging_mixin.py:137} INFO - [2022-12-03T05:13:10.237+0000] {taskmixin.py:205} WARNING - Dependency <Task(_PythonDecoratedOperator): print_the_context>, log_sql_query already registered for DAG: example_python_operator
[2022-12-03T05:13:10.239+0000] {logging_mixin.py:137} INFO - [2022-12-03T05:13:10.239+0000] {taskmixin.py:205} WARNING - Dependency <Task(_PythonDecoratedOperator): log_sql_query>, print_the_context already registered for DAG: example_python_operator
[2022-12-03T05:13:10.243+0000] {logging_mixin.py:137} INFO - [2022-12-03T05:13:10.242+0000] {taskmixin.py:205} WARNING - Dependency <Task(_PythonDecoratedOperator): print_the_context>, log_sql_query already registered for DAG: example_python_operator
[2022-12-03T05:13:10.245+0000] {logging_mixin.py:137} INFO - [2022-12-03T05:13:10.245+0000] {taskmixin.py:205} WARNING - Dependency <Task(_PythonDecoratedOperator): log_sql_query>, print_the_context already registered for DAG: example_python_operator
[2022-12-03T05:13:10.255+0000] {processor.py:753} INFO - DAG(s) dict_keys(['example_python_operator']) retrieved from /home/airflow/.local/lib/python3.7/site-packages/airflow/example_dags/example_python_operator.py
[2022-12-03T05:13:10.299+0000] {logging_mixin.py:137} INFO - [2022-12-03T05:13:10.299+0000] {dag.py:2676} INFO - Sync 1 DAGs
[2022-12-03T05:13:10.319+0000] {logging_mixin.py:137} INFO - [2022-12-03T05:13:10.319+0000] {dag.py:3427} INFO - Setting next_dagrun for example_python_operator to None, run_after=None
[2022-12-03T05:13:10.332+0000] {processor.py:175} INFO - Processing /home/airflow/.local/lib/python3.7/site-packages/airflow/example_dags/example_python_operator.py took 0.129 seconds
[2022-12-03T05:13:40.983+0000] {processor.py:153} INFO - Started process (PID=2287) to work on /home/airflow/.local/lib/python3.7/site-packages/airflow/example_dags/example_python_operator.py
[2022-12-03T05:13:40.987+0000] {processor.py:743} INFO - Processing file /home/airflow/.local/lib/python3.7/site-packages/airflow/example_dags/example_python_operator.py for tasks to queue
[2022-12-03T05:13:40.989+0000] {logging_mixin.py:137} INFO - [2022-12-03T05:13:40.989+0000] {dagbag.py:538} INFO - Filling up the DagBag from /home/airflow/.local/lib/python3.7/site-packages/airflow/example_dags/example_python_operator.py
[2022-12-03T05:13:41.008+0000] {logging_mixin.py:137} INFO - [2022-12-03T05:13:41.008+0000] {taskmixin.py:205} WARNING - Dependency <Task(_PythonDecoratedOperator): print_the_context>, log_sql_query already registered for DAG: example_python_operator
[2022-12-03T05:13:41.009+0000] {logging_mixin.py:137} INFO - [2022-12-03T05:13:41.009+0000] {taskmixin.py:205} WARNING - Dependency <Task(_PythonDecoratedOperator): log_sql_query>, print_the_context already registered for DAG: example_python_operator
[2022-12-03T05:13:41.011+0000] {logging_mixin.py:137} INFO - [2022-12-03T05:13:41.011+0000] {taskmixin.py:205} WARNING - Dependency <Task(_PythonDecoratedOperator): print_the_context>, log_sql_query already registered for DAG: example_python_operator
[2022-12-03T05:13:41.012+0000] {logging_mixin.py:137} INFO - [2022-12-03T05:13:41.012+0000] {taskmixin.py:205} WARNING - Dependency <Task(_PythonDecoratedOperator): log_sql_query>, print_the_context already registered for DAG: example_python_operator
[2022-12-03T05:13:41.014+0000] {logging_mixin.py:137} INFO - [2022-12-03T05:13:41.014+0000] {taskmixin.py:205} WARNING - Dependency <Task(_PythonDecoratedOperator): print_the_context>, log_sql_query already registered for DAG: example_python_operator
[2022-12-03T05:13:41.015+0000] {logging_mixin.py:137} INFO - [2022-12-03T05:13:41.015+0000] {taskmixin.py:205} WARNING - Dependency <Task(_PythonDecoratedOperator): log_sql_query>, print_the_context already registered for DAG: example_python_operator
[2022-12-03T05:13:41.016+0000] {logging_mixin.py:137} INFO - [2022-12-03T05:13:41.016+0000] {taskmixin.py:205} WARNING - Dependency <Task(_PythonDecoratedOperator): print_the_context>, log_sql_query already registered for DAG: example_python_operator
[2022-12-03T05:13:41.017+0000] {logging_mixin.py:137} INFO - [2022-12-03T05:13:41.017+0000] {taskmixin.py:205} WARNING - Dependency <Task(_PythonDecoratedOperator): log_sql_query>, print_the_context already registered for DAG: example_python_operator
[2022-12-03T05:13:41.023+0000] {processor.py:753} INFO - DAG(s) dict_keys(['example_python_operator']) retrieved from /home/airflow/.local/lib/python3.7/site-packages/airflow/example_dags/example_python_operator.py
[2022-12-03T05:13:41.069+0000] {logging_mixin.py:137} INFO - [2022-12-03T05:13:41.069+0000] {dag.py:2676} INFO - Sync 1 DAGs
[2022-12-03T05:13:41.087+0000] {logging_mixin.py:137} INFO - [2022-12-03T05:13:41.087+0000] {dag.py:3427} INFO - Setting next_dagrun for example_python_operator to None, run_after=None
[2022-12-03T05:13:41.099+0000] {processor.py:175} INFO - Processing /home/airflow/.local/lib/python3.7/site-packages/airflow/example_dags/example_python_operator.py took 0.122 seconds
[2022-12-03T05:14:11.803+0000] {processor.py:153} INFO - Started process (PID=2513) to work on /home/airflow/.local/lib/python3.7/site-packages/airflow/example_dags/example_python_operator.py
[2022-12-03T05:14:11.812+0000] {processor.py:743} INFO - Processing file /home/airflow/.local/lib/python3.7/site-packages/airflow/example_dags/example_python_operator.py for tasks to queue
[2022-12-03T05:14:11.814+0000] {logging_mixin.py:137} INFO - [2022-12-03T05:14:11.814+0000] {dagbag.py:538} INFO - Filling up the DagBag from /home/airflow/.local/lib/python3.7/site-packages/airflow/example_dags/example_python_operator.py
[2022-12-03T05:14:11.844+0000] {logging_mixin.py:137} INFO - [2022-12-03T05:14:11.843+0000] {taskmixin.py:205} WARNING - Dependency <Task(_PythonDecoratedOperator): print_the_context>, log_sql_query already registered for DAG: example_python_operator
[2022-12-03T05:14:11.846+0000] {logging_mixin.py:137} INFO - [2022-12-03T05:14:11.845+0000] {taskmixin.py:205} WARNING - Dependency <Task(_PythonDecoratedOperator): log_sql_query>, print_the_context already registered for DAG: example_python_operator
[2022-12-03T05:14:11.848+0000] {logging_mixin.py:137} INFO - [2022-12-03T05:14:11.848+0000] {taskmixin.py:205} WARNING - Dependency <Task(_PythonDecoratedOperator): print_the_context>, log_sql_query already registered for DAG: example_python_operator
[2022-12-03T05:14:11.850+0000] {logging_mixin.py:137} INFO - [2022-12-03T05:14:11.850+0000] {taskmixin.py:205} WARNING - Dependency <Task(_PythonDecoratedOperator): log_sql_query>, print_the_context already registered for DAG: example_python_operator
[2022-12-03T05:14:11.852+0000] {logging_mixin.py:137} INFO - [2022-12-03T05:14:11.852+0000] {taskmixin.py:205} WARNING - Dependency <Task(_PythonDecoratedOperator): print_the_context>, log_sql_query already registered for DAG: example_python_operator
[2022-12-03T05:14:11.855+0000] {logging_mixin.py:137} INFO - [2022-12-03T05:14:11.855+0000] {taskmixin.py:205} WARNING - Dependency <Task(_PythonDecoratedOperator): log_sql_query>, print_the_context already registered for DAG: example_python_operator
[2022-12-03T05:14:11.861+0000] {logging_mixin.py:137} INFO - [2022-12-03T05:14:11.861+0000] {taskmixin.py:205} WARNING - Dependency <Task(_PythonDecoratedOperator): print_the_context>, log_sql_query already registered for DAG: example_python_operator
[2022-12-03T05:14:11.869+0000] {logging_mixin.py:137} INFO - [2022-12-03T05:14:11.868+0000] {taskmixin.py:205} WARNING - Dependency <Task(_PythonDecoratedOperator): log_sql_query>, print_the_context already registered for DAG: example_python_operator
[2022-12-03T05:14:11.887+0000] {processor.py:753} INFO - DAG(s) dict_keys(['example_python_operator']) retrieved from /home/airflow/.local/lib/python3.7/site-packages/airflow/example_dags/example_python_operator.py
[2022-12-03T05:14:12.034+0000] {logging_mixin.py:137} INFO - [2022-12-03T05:14:12.033+0000] {dag.py:2676} INFO - Sync 1 DAGs
[2022-12-03T05:14:12.065+0000] {logging_mixin.py:137} INFO - [2022-12-03T05:14:12.065+0000] {dag.py:3427} INFO - Setting next_dagrun for example_python_operator to None, run_after=None
[2022-12-03T05:14:12.092+0000] {processor.py:175} INFO - Processing /home/airflow/.local/lib/python3.7/site-packages/airflow/example_dags/example_python_operator.py took 0.295 seconds
[2022-12-03T05:14:42.340+0000] {processor.py:153} INFO - Started process (PID=2726) to work on /home/airflow/.local/lib/python3.7/site-packages/airflow/example_dags/example_python_operator.py
[2022-12-03T05:14:42.345+0000] {processor.py:743} INFO - Processing file /home/airflow/.local/lib/python3.7/site-packages/airflow/example_dags/example_python_operator.py for tasks to queue
[2022-12-03T05:14:42.347+0000] {logging_mixin.py:137} INFO - [2022-12-03T05:14:42.347+0000] {dagbag.py:538} INFO - Filling up the DagBag from /home/airflow/.local/lib/python3.7/site-packages/airflow/example_dags/example_python_operator.py
[2022-12-03T05:14:42.372+0000] {logging_mixin.py:137} INFO - [2022-12-03T05:14:42.371+0000] {taskmixin.py:205} WARNING - Dependency <Task(_PythonDecoratedOperator): print_the_context>, log_sql_query already registered for DAG: example_python_operator
[2022-12-03T05:14:42.373+0000] {logging_mixin.py:137} INFO - [2022-12-03T05:14:42.373+0000] {taskmixin.py:205} WARNING - Dependency <Task(_PythonDecoratedOperator): log_sql_query>, print_the_context already registered for DAG: example_python_operator
[2022-12-03T05:14:42.375+0000] {logging_mixin.py:137} INFO - [2022-12-03T05:14:42.375+0000] {taskmixin.py:205} WARNING - Dependency <Task(_PythonDecoratedOperator): print_the_context>, log_sql_query already registered for DAG: example_python_operator
[2022-12-03T05:14:42.376+0000] {logging_mixin.py:137} INFO - [2022-12-03T05:14:42.376+0000] {taskmixin.py:205} WARNING - Dependency <Task(_PythonDecoratedOperator): log_sql_query>, print_the_context already registered for DAG: example_python_operator
[2022-12-03T05:14:42.379+0000] {logging_mixin.py:137} INFO - [2022-12-03T05:14:42.378+0000] {taskmixin.py:205} WARNING - Dependency <Task(_PythonDecoratedOperator): print_the_context>, log_sql_query already registered for DAG: example_python_operator
[2022-12-03T05:14:42.381+0000] {logging_mixin.py:137} INFO - [2022-12-03T05:14:42.381+0000] {taskmixin.py:205} WARNING - Dependency <Task(_PythonDecoratedOperator): log_sql_query>, print_the_context already registered for DAG: example_python_operator
[2022-12-03T05:14:42.383+0000] {logging_mixin.py:137} INFO - [2022-12-03T05:14:42.383+0000] {taskmixin.py:205} WARNING - Dependency <Task(_PythonDecoratedOperator): print_the_context>, log_sql_query already registered for DAG: example_python_operator
[2022-12-03T05:14:42.386+0000] {logging_mixin.py:137} INFO - [2022-12-03T05:14:42.386+0000] {taskmixin.py:205} WARNING - Dependency <Task(_PythonDecoratedOperator): log_sql_query>, print_the_context already registered for DAG: example_python_operator
[2022-12-03T05:14:42.394+0000] {processor.py:753} INFO - DAG(s) dict_keys(['example_python_operator']) retrieved from /home/airflow/.local/lib/python3.7/site-packages/airflow/example_dags/example_python_operator.py
[2022-12-03T05:14:42.438+0000] {logging_mixin.py:137} INFO - [2022-12-03T05:14:42.438+0000] {dag.py:2676} INFO - Sync 1 DAGs
[2022-12-03T05:14:42.456+0000] {logging_mixin.py:137} INFO - [2022-12-03T05:14:42.456+0000] {dag.py:3427} INFO - Setting next_dagrun for example_python_operator to None, run_after=None
[2022-12-03T05:14:42.495+0000] {processor.py:175} INFO - Processing /home/airflow/.local/lib/python3.7/site-packages/airflow/example_dags/example_python_operator.py took 0.159 seconds
[2022-12-03T05:15:13.300+0000] {processor.py:153} INFO - Started process (PID=2953) to work on /home/airflow/.local/lib/python3.7/site-packages/airflow/example_dags/example_python_operator.py
[2022-12-03T05:15:13.302+0000] {processor.py:743} INFO - Processing file /home/airflow/.local/lib/python3.7/site-packages/airflow/example_dags/example_python_operator.py for tasks to queue
[2022-12-03T05:15:13.313+0000] {logging_mixin.py:137} INFO - [2022-12-03T05:15:13.313+0000] {dagbag.py:538} INFO - Filling up the DagBag from /home/airflow/.local/lib/python3.7/site-packages/airflow/example_dags/example_python_operator.py
[2022-12-03T05:15:13.341+0000] {logging_mixin.py:137} INFO - [2022-12-03T05:15:13.341+0000] {taskmixin.py:205} WARNING - Dependency <Task(_PythonDecoratedOperator): print_the_context>, log_sql_query already registered for DAG: example_python_operator
[2022-12-03T05:15:13.343+0000] {logging_mixin.py:137} INFO - [2022-12-03T05:15:13.343+0000] {taskmixin.py:205} WARNING - Dependency <Task(_PythonDecoratedOperator): log_sql_query>, print_the_context already registered for DAG: example_python_operator
[2022-12-03T05:15:13.347+0000] {logging_mixin.py:137} INFO - [2022-12-03T05:15:13.347+0000] {taskmixin.py:205} WARNING - Dependency <Task(_PythonDecoratedOperator): print_the_context>, log_sql_query already registered for DAG: example_python_operator
[2022-12-03T05:15:13.348+0000] {logging_mixin.py:137} INFO - [2022-12-03T05:15:13.348+0000] {taskmixin.py:205} WARNING - Dependency <Task(_PythonDecoratedOperator): log_sql_query>, print_the_context already registered for DAG: example_python_operator
[2022-12-03T05:15:13.349+0000] {logging_mixin.py:137} INFO - [2022-12-03T05:15:13.349+0000] {taskmixin.py:205} WARNING - Dependency <Task(_PythonDecoratedOperator): print_the_context>, log_sql_query already registered for DAG: example_python_operator
[2022-12-03T05:15:13.350+0000] {logging_mixin.py:137} INFO - [2022-12-03T05:15:13.350+0000] {taskmixin.py:205} WARNING - Dependency <Task(_PythonDecoratedOperator): log_sql_query>, print_the_context already registered for DAG: example_python_operator
[2022-12-03T05:15:13.351+0000] {logging_mixin.py:137} INFO - [2022-12-03T05:15:13.351+0000] {taskmixin.py:205} WARNING - Dependency <Task(_PythonDecoratedOperator): print_the_context>, log_sql_query already registered for DAG: example_python_operator
[2022-12-03T05:15:13.352+0000] {logging_mixin.py:137} INFO - [2022-12-03T05:15:13.352+0000] {taskmixin.py:205} WARNING - Dependency <Task(_PythonDecoratedOperator): log_sql_query>, print_the_context already registered for DAG: example_python_operator
[2022-12-03T05:15:13.362+0000] {processor.py:753} INFO - DAG(s) dict_keys(['example_python_operator']) retrieved from /home/airflow/.local/lib/python3.7/site-packages/airflow/example_dags/example_python_operator.py
[2022-12-03T05:15:13.420+0000] {logging_mixin.py:137} INFO - [2022-12-03T05:15:13.419+0000] {dag.py:2676} INFO - Sync 1 DAGs
[2022-12-03T05:15:13.454+0000] {logging_mixin.py:137} INFO - [2022-12-03T05:15:13.454+0000] {dag.py:3427} INFO - Setting next_dagrun for example_python_operator to None, run_after=None
[2022-12-03T05:15:13.481+0000] {processor.py:175} INFO - Processing /home/airflow/.local/lib/python3.7/site-packages/airflow/example_dags/example_python_operator.py took 0.185 seconds
[2022-12-03T05:15:43.751+0000] {processor.py:153} INFO - Started process (PID=3168) to work on /home/airflow/.local/lib/python3.7/site-packages/airflow/example_dags/example_python_operator.py
[2022-12-03T05:15:43.754+0000] {processor.py:743} INFO - Processing file /home/airflow/.local/lib/python3.7/site-packages/airflow/example_dags/example_python_operator.py for tasks to queue
[2022-12-03T05:15:43.756+0000] {logging_mixin.py:137} INFO - [2022-12-03T05:15:43.756+0000] {dagbag.py:538} INFO - Filling up the DagBag from /home/airflow/.local/lib/python3.7/site-packages/airflow/example_dags/example_python_operator.py
[2022-12-03T05:15:43.777+0000] {logging_mixin.py:137} INFO - [2022-12-03T05:15:43.777+0000] {taskmixin.py:205} WARNING - Dependency <Task(_PythonDecoratedOperator): print_the_context>, log_sql_query already registered for DAG: example_python_operator
[2022-12-03T05:15:43.779+0000] {logging_mixin.py:137} INFO - [2022-12-03T05:15:43.779+0000] {taskmixin.py:205} WARNING - Dependency <Task(_PythonDecoratedOperator): log_sql_query>, print_the_context already registered for DAG: example_python_operator
[2022-12-03T05:15:43.780+0000] {logging_mixin.py:137} INFO - [2022-12-03T05:15:43.780+0000] {taskmixin.py:205} WARNING - Dependency <Task(_PythonDecoratedOperator): print_the_context>, log_sql_query already registered for DAG: example_python_operator
[2022-12-03T05:15:43.781+0000] {logging_mixin.py:137} INFO - [2022-12-03T05:15:43.781+0000] {taskmixin.py:205} WARNING - Dependency <Task(_PythonDecoratedOperator): log_sql_query>, print_the_context already registered for DAG: example_python_operator
[2022-12-03T05:15:43.783+0000] {logging_mixin.py:137} INFO - [2022-12-03T05:15:43.783+0000] {taskmixin.py:205} WARNING - Dependency <Task(_PythonDecoratedOperator): print_the_context>, log_sql_query already registered for DAG: example_python_operator
[2022-12-03T05:15:43.785+0000] {logging_mixin.py:137} INFO - [2022-12-03T05:15:43.784+0000] {taskmixin.py:205} WARNING - Dependency <Task(_PythonDecoratedOperator): log_sql_query>, print_the_context already registered for DAG: example_python_operator
[2022-12-03T05:15:43.786+0000] {logging_mixin.py:137} INFO - [2022-12-03T05:15:43.786+0000] {taskmixin.py:205} WARNING - Dependency <Task(_PythonDecoratedOperator): print_the_context>, log_sql_query already registered for DAG: example_python_operator
[2022-12-03T05:15:43.787+0000] {logging_mixin.py:137} INFO - [2022-12-03T05:15:43.787+0000] {taskmixin.py:205} WARNING - Dependency <Task(_PythonDecoratedOperator): log_sql_query>, print_the_context already registered for DAG: example_python_operator
[2022-12-03T05:15:43.793+0000] {processor.py:753} INFO - DAG(s) dict_keys(['example_python_operator']) retrieved from /home/airflow/.local/lib/python3.7/site-packages/airflow/example_dags/example_python_operator.py
[2022-12-03T05:15:43.827+0000] {logging_mixin.py:137} INFO - [2022-12-03T05:15:43.826+0000] {dag.py:2676} INFO - Sync 1 DAGs
[2022-12-03T05:15:43.844+0000] {logging_mixin.py:137} INFO - [2022-12-03T05:15:43.843+0000] {dag.py:3427} INFO - Setting next_dagrun for example_python_operator to None, run_after=None
[2022-12-03T05:15:43.859+0000] {processor.py:175} INFO - Processing /home/airflow/.local/lib/python3.7/site-packages/airflow/example_dags/example_python_operator.py took 0.113 seconds
[2022-12-03T05:16:14.143+0000] {processor.py:153} INFO - Started process (PID=3393) to work on /home/airflow/.local/lib/python3.7/site-packages/airflow/example_dags/example_python_operator.py
[2022-12-03T05:16:14.144+0000] {processor.py:743} INFO - Processing file /home/airflow/.local/lib/python3.7/site-packages/airflow/example_dags/example_python_operator.py for tasks to queue
[2022-12-03T05:16:14.145+0000] {logging_mixin.py:137} INFO - [2022-12-03T05:16:14.145+0000] {dagbag.py:538} INFO - Filling up the DagBag from /home/airflow/.local/lib/python3.7/site-packages/airflow/example_dags/example_python_operator.py
[2022-12-03T05:16:14.162+0000] {logging_mixin.py:137} INFO - [2022-12-03T05:16:14.162+0000] {taskmixin.py:205} WARNING - Dependency <Task(_PythonDecoratedOperator): print_the_context>, log_sql_query already registered for DAG: example_python_operator
[2022-12-03T05:16:14.164+0000] {logging_mixin.py:137} INFO - [2022-12-03T05:16:14.163+0000] {taskmixin.py:205} WARNING - Dependency <Task(_PythonDecoratedOperator): log_sql_query>, print_the_context already registered for DAG: example_python_operator
[2022-12-03T05:16:14.165+0000] {logging_mixin.py:137} INFO - [2022-12-03T05:16:14.165+0000] {taskmixin.py:205} WARNING - Dependency <Task(_PythonDecoratedOperator): print_the_context>, log_sql_query already registered for DAG: example_python_operator
[2022-12-03T05:16:14.165+0000] {logging_mixin.py:137} INFO - [2022-12-03T05:16:14.165+0000] {taskmixin.py:205} WARNING - Dependency <Task(_PythonDecoratedOperator): log_sql_query>, print_the_context already registered for DAG: example_python_operator
[2022-12-03T05:16:14.166+0000] {logging_mixin.py:137} INFO - [2022-12-03T05:16:14.166+0000] {taskmixin.py:205} WARNING - Dependency <Task(_PythonDecoratedOperator): print_the_context>, log_sql_query already registered for DAG: example_python_operator
[2022-12-03T05:16:14.167+0000] {logging_mixin.py:137} INFO - [2022-12-03T05:16:14.167+0000] {taskmixin.py:205} WARNING - Dependency <Task(_PythonDecoratedOperator): log_sql_query>, print_the_context already registered for DAG: example_python_operator
[2022-12-03T05:16:14.169+0000] {logging_mixin.py:137} INFO - [2022-12-03T05:16:14.168+0000] {taskmixin.py:205} WARNING - Dependency <Task(_PythonDecoratedOperator): print_the_context>, log_sql_query already registered for DAG: example_python_operator
[2022-12-03T05:16:14.169+0000] {logging_mixin.py:137} INFO - [2022-12-03T05:16:14.169+0000] {taskmixin.py:205} WARNING - Dependency <Task(_PythonDecoratedOperator): log_sql_query>, print_the_context already registered for DAG: example_python_operator
[2022-12-03T05:16:14.175+0000] {processor.py:753} INFO - DAG(s) dict_keys(['example_python_operator']) retrieved from /home/airflow/.local/lib/python3.7/site-packages/airflow/example_dags/example_python_operator.py
[2022-12-03T05:16:14.225+0000] {logging_mixin.py:137} INFO - [2022-12-03T05:16:14.225+0000] {dag.py:2676} INFO - Sync 1 DAGs
[2022-12-03T05:16:14.241+0000] {logging_mixin.py:137} INFO - [2022-12-03T05:16:14.241+0000] {dag.py:3427} INFO - Setting next_dagrun for example_python_operator to None, run_after=None
[2022-12-03T05:16:14.254+0000] {processor.py:175} INFO - Processing /home/airflow/.local/lib/python3.7/site-packages/airflow/example_dags/example_python_operator.py took 0.113 seconds
[2022-12-03T05:16:44.495+0000] {processor.py:153} INFO - Started process (PID=3604) to work on /home/airflow/.local/lib/python3.7/site-packages/airflow/example_dags/example_python_operator.py
[2022-12-03T05:16:44.499+0000] {processor.py:743} INFO - Processing file /home/airflow/.local/lib/python3.7/site-packages/airflow/example_dags/example_python_operator.py for tasks to queue
[2022-12-03T05:16:44.500+0000] {logging_mixin.py:137} INFO - [2022-12-03T05:16:44.500+0000] {dagbag.py:538} INFO - Filling up the DagBag from /home/airflow/.local/lib/python3.7/site-packages/airflow/example_dags/example_python_operator.py
[2022-12-03T05:16:44.522+0000] {logging_mixin.py:137} INFO - [2022-12-03T05:16:44.522+0000] {taskmixin.py:205} WARNING - Dependency <Task(_PythonDecoratedOperator): print_the_context>, log_sql_query already registered for DAG: example_python_operator
[2022-12-03T05:16:44.524+0000] {logging_mixin.py:137} INFO - [2022-12-03T05:16:44.524+0000] {taskmixin.py:205} WARNING - Dependency <Task(_PythonDecoratedOperator): log_sql_query>, print_the_context already registered for DAG: example_python_operator
[2022-12-03T05:16:44.526+0000] {logging_mixin.py:137} INFO - [2022-12-03T05:16:44.526+0000] {taskmixin.py:205} WARNING - Dependency <Task(_PythonDecoratedOperator): print_the_context>, log_sql_query already registered for DAG: example_python_operator
[2022-12-03T05:16:44.527+0000] {logging_mixin.py:137} INFO - [2022-12-03T05:16:44.527+0000] {taskmixin.py:205} WARNING - Dependency <Task(_PythonDecoratedOperator): log_sql_query>, print_the_context already registered for DAG: example_python_operator
[2022-12-03T05:16:44.529+0000] {logging_mixin.py:137} INFO - [2022-12-03T05:16:44.529+0000] {taskmixin.py:205} WARNING - Dependency <Task(_PythonDecoratedOperator): print_the_context>, log_sql_query already registered for DAG: example_python_operator
[2022-12-03T05:16:44.531+0000] {logging_mixin.py:137} INFO - [2022-12-03T05:16:44.531+0000] {taskmixin.py:205} WARNING - Dependency <Task(_PythonDecoratedOperator): log_sql_query>, print_the_context already registered for DAG: example_python_operator
[2022-12-03T05:16:44.532+0000] {logging_mixin.py:137} INFO - [2022-12-03T05:16:44.532+0000] {taskmixin.py:205} WARNING - Dependency <Task(_PythonDecoratedOperator): print_the_context>, log_sql_query already registered for DAG: example_python_operator
[2022-12-03T05:16:44.533+0000] {logging_mixin.py:137} INFO - [2022-12-03T05:16:44.533+0000] {taskmixin.py:205} WARNING - Dependency <Task(_PythonDecoratedOperator): log_sql_query>, print_the_context already registered for DAG: example_python_operator
[2022-12-03T05:16:44.539+0000] {processor.py:753} INFO - DAG(s) dict_keys(['example_python_operator']) retrieved from /home/airflow/.local/lib/python3.7/site-packages/airflow/example_dags/example_python_operator.py
[2022-12-03T05:16:44.564+0000] {logging_mixin.py:137} INFO - [2022-12-03T05:16:44.564+0000] {dag.py:2676} INFO - Sync 1 DAGs
[2022-12-03T05:16:44.578+0000] {logging_mixin.py:137} INFO - [2022-12-03T05:16:44.578+0000] {dag.py:3427} INFO - Setting next_dagrun for example_python_operator to None, run_after=None
[2022-12-03T05:16:44.590+0000] {processor.py:175} INFO - Processing /home/airflow/.local/lib/python3.7/site-packages/airflow/example_dags/example_python_operator.py took 0.097 seconds
[2022-12-03T05:17:14.768+0000] {processor.py:153} INFO - Started process (PID=3832) to work on /home/airflow/.local/lib/python3.7/site-packages/airflow/example_dags/example_python_operator.py
[2022-12-03T05:17:14.769+0000] {processor.py:743} INFO - Processing file /home/airflow/.local/lib/python3.7/site-packages/airflow/example_dags/example_python_operator.py for tasks to queue
[2022-12-03T05:17:14.770+0000] {logging_mixin.py:137} INFO - [2022-12-03T05:17:14.770+0000] {dagbag.py:538} INFO - Filling up the DagBag from /home/airflow/.local/lib/python3.7/site-packages/airflow/example_dags/example_python_operator.py
[2022-12-03T05:17:14.781+0000] {logging_mixin.py:137} INFO - [2022-12-03T05:17:14.781+0000] {taskmixin.py:205} WARNING - Dependency <Task(_PythonDecoratedOperator): print_the_context>, log_sql_query already registered for DAG: example_python_operator
[2022-12-03T05:17:14.782+0000] {logging_mixin.py:137} INFO - [2022-12-03T05:17:14.782+0000] {taskmixin.py:205} WARNING - Dependency <Task(_PythonDecoratedOperator): log_sql_query>, print_the_context already registered for DAG: example_python_operator
[2022-12-03T05:17:14.783+0000] {logging_mixin.py:137} INFO - [2022-12-03T05:17:14.783+0000] {taskmixin.py:205} WARNING - Dependency <Task(_PythonDecoratedOperator): print_the_context>, log_sql_query already registered for DAG: example_python_operator
[2022-12-03T05:17:14.784+0000] {logging_mixin.py:137} INFO - [2022-12-03T05:17:14.784+0000] {taskmixin.py:205} WARNING - Dependency <Task(_PythonDecoratedOperator): log_sql_query>, print_the_context already registered for DAG: example_python_operator
[2022-12-03T05:17:14.785+0000] {logging_mixin.py:137} INFO - [2022-12-03T05:17:14.785+0000] {taskmixin.py:205} WARNING - Dependency <Task(_PythonDecoratedOperator): print_the_context>, log_sql_query already registered for DAG: example_python_operator
[2022-12-03T05:17:14.786+0000] {logging_mixin.py:137} INFO - [2022-12-03T05:17:14.786+0000] {taskmixin.py:205} WARNING - Dependency <Task(_PythonDecoratedOperator): log_sql_query>, print_the_context already registered for DAG: example_python_operator
[2022-12-03T05:17:14.787+0000] {logging_mixin.py:137} INFO - [2022-12-03T05:17:14.787+0000] {taskmixin.py:205} WARNING - Dependency <Task(_PythonDecoratedOperator): print_the_context>, log_sql_query already registered for DAG: example_python_operator
[2022-12-03T05:17:14.787+0000] {logging_mixin.py:137} INFO - [2022-12-03T05:17:14.787+0000] {taskmixin.py:205} WARNING - Dependency <Task(_PythonDecoratedOperator): log_sql_query>, print_the_context already registered for DAG: example_python_operator
[2022-12-03T05:17:14.792+0000] {processor.py:753} INFO - DAG(s) dict_keys(['example_python_operator']) retrieved from /home/airflow/.local/lib/python3.7/site-packages/airflow/example_dags/example_python_operator.py
[2022-12-03T05:17:14.817+0000] {logging_mixin.py:137} INFO - [2022-12-03T05:17:14.816+0000] {dag.py:2676} INFO - Sync 1 DAGs
[2022-12-03T05:17:14.833+0000] {logging_mixin.py:137} INFO - [2022-12-03T05:17:14.833+0000] {dag.py:3427} INFO - Setting next_dagrun for example_python_operator to None, run_after=None
[2022-12-03T05:17:14.843+0000] {processor.py:175} INFO - Processing /home/airflow/.local/lib/python3.7/site-packages/airflow/example_dags/example_python_operator.py took 0.078 seconds
[2022-12-03T05:17:45.385+0000] {processor.py:153} INFO - Started process (PID=4044) to work on /home/airflow/.local/lib/python3.7/site-packages/airflow/example_dags/example_python_operator.py
[2022-12-03T05:17:45.387+0000] {processor.py:743} INFO - Processing file /home/airflow/.local/lib/python3.7/site-packages/airflow/example_dags/example_python_operator.py for tasks to queue
[2022-12-03T05:17:45.388+0000] {logging_mixin.py:137} INFO - [2022-12-03T05:17:45.388+0000] {dagbag.py:538} INFO - Filling up the DagBag from /home/airflow/.local/lib/python3.7/site-packages/airflow/example_dags/example_python_operator.py
[2022-12-03T05:17:45.400+0000] {logging_mixin.py:137} INFO - [2022-12-03T05:17:45.400+0000] {taskmixin.py:205} WARNING - Dependency <Task(_PythonDecoratedOperator): print_the_context>, log_sql_query already registered for DAG: example_python_operator
[2022-12-03T05:17:45.400+0000] {logging_mixin.py:137} INFO - [2022-12-03T05:17:45.400+0000] {taskmixin.py:205} WARNING - Dependency <Task(_PythonDecoratedOperator): log_sql_query>, print_the_context already registered for DAG: example_python_operator
[2022-12-03T05:17:45.403+0000] {logging_mixin.py:137} INFO - [2022-12-03T05:17:45.402+0000] {taskmixin.py:205} WARNING - Dependency <Task(_PythonDecoratedOperator): print_the_context>, log_sql_query already registered for DAG: example_python_operator
[2022-12-03T05:17:45.404+0000] {logging_mixin.py:137} INFO - [2022-12-03T05:17:45.403+0000] {taskmixin.py:205} WARNING - Dependency <Task(_PythonDecoratedOperator): log_sql_query>, print_the_context already registered for DAG: example_python_operator
[2022-12-03T05:17:45.408+0000] {logging_mixin.py:137} INFO - [2022-12-03T05:17:45.408+0000] {taskmixin.py:205} WARNING - Dependency <Task(_PythonDecoratedOperator): print_the_context>, log_sql_query already registered for DAG: example_python_operator
[2022-12-03T05:17:45.409+0000] {logging_mixin.py:137} INFO - [2022-12-03T05:17:45.409+0000] {taskmixin.py:205} WARNING - Dependency <Task(_PythonDecoratedOperator): log_sql_query>, print_the_context already registered for DAG: example_python_operator
[2022-12-03T05:17:45.419+0000] {logging_mixin.py:137} INFO - [2022-12-03T05:17:45.419+0000] {taskmixin.py:205} WARNING - Dependency <Task(_PythonDecoratedOperator): print_the_context>, log_sql_query already registered for DAG: example_python_operator
[2022-12-03T05:17:45.420+0000] {logging_mixin.py:137} INFO - [2022-12-03T05:17:45.420+0000] {taskmixin.py:205} WARNING - Dependency <Task(_PythonDecoratedOperator): log_sql_query>, print_the_context already registered for DAG: example_python_operator
[2022-12-03T05:17:45.430+0000] {processor.py:753} INFO - DAG(s) dict_keys(['example_python_operator']) retrieved from /home/airflow/.local/lib/python3.7/site-packages/airflow/example_dags/example_python_operator.py
[2022-12-03T05:17:45.476+0000] {logging_mixin.py:137} INFO - [2022-12-03T05:17:45.475+0000] {dag.py:2676} INFO - Sync 1 DAGs
[2022-12-03T05:17:45.522+0000] {logging_mixin.py:137} INFO - [2022-12-03T05:17:45.522+0000] {dag.py:3427} INFO - Setting next_dagrun for example_python_operator to None, run_after=None
[2022-12-03T05:17:45.537+0000] {processor.py:175} INFO - Processing /home/airflow/.local/lib/python3.7/site-packages/airflow/example_dags/example_python_operator.py took 0.154 seconds
[2022-12-03T05:18:56.810+0000] {processor.py:153} INFO - Started process (PID=310) to work on /home/airflow/.local/lib/python3.7/site-packages/airflow/example_dags/example_python_operator.py
[2022-12-03T05:18:56.812+0000] {processor.py:743} INFO - Processing file /home/airflow/.local/lib/python3.7/site-packages/airflow/example_dags/example_python_operator.py for tasks to queue
[2022-12-03T05:18:56.813+0000] {logging_mixin.py:137} INFO - [2022-12-03T05:18:56.813+0000] {dagbag.py:538} INFO - Filling up the DagBag from /home/airflow/.local/lib/python3.7/site-packages/airflow/example_dags/example_python_operator.py
[2022-12-03T05:18:56.832+0000] {logging_mixin.py:137} INFO - [2022-12-03T05:18:56.832+0000] {taskmixin.py:205} WARNING - Dependency <Task(_PythonDecoratedOperator): print_the_context>, log_sql_query already registered for DAG: example_python_operator
[2022-12-03T05:18:56.833+0000] {logging_mixin.py:137} INFO - [2022-12-03T05:18:56.833+0000] {taskmixin.py:205} WARNING - Dependency <Task(_PythonDecoratedOperator): log_sql_query>, print_the_context already registered for DAG: example_python_operator
[2022-12-03T05:18:56.837+0000] {logging_mixin.py:137} INFO - [2022-12-03T05:18:56.837+0000] {taskmixin.py:205} WARNING - Dependency <Task(_PythonDecoratedOperator): print_the_context>, log_sql_query already registered for DAG: example_python_operator
[2022-12-03T05:18:56.838+0000] {logging_mixin.py:137} INFO - [2022-12-03T05:18:56.838+0000] {taskmixin.py:205} WARNING - Dependency <Task(_PythonDecoratedOperator): log_sql_query>, print_the_context already registered for DAG: example_python_operator
[2022-12-03T05:18:56.843+0000] {logging_mixin.py:137} INFO - [2022-12-03T05:18:56.842+0000] {taskmixin.py:205} WARNING - Dependency <Task(_PythonDecoratedOperator): print_the_context>, log_sql_query already registered for DAG: example_python_operator
[2022-12-03T05:18:56.846+0000] {logging_mixin.py:137} INFO - [2022-12-03T05:18:56.845+0000] {taskmixin.py:205} WARNING - Dependency <Task(_PythonDecoratedOperator): log_sql_query>, print_the_context already registered for DAG: example_python_operator
[2022-12-03T05:18:56.848+0000] {logging_mixin.py:137} INFO - [2022-12-03T05:18:56.848+0000] {taskmixin.py:205} WARNING - Dependency <Task(_PythonDecoratedOperator): print_the_context>, log_sql_query already registered for DAG: example_python_operator
[2022-12-03T05:18:56.849+0000] {logging_mixin.py:137} INFO - [2022-12-03T05:18:56.849+0000] {taskmixin.py:205} WARNING - Dependency <Task(_PythonDecoratedOperator): log_sql_query>, print_the_context already registered for DAG: example_python_operator
[2022-12-03T05:18:56.862+0000] {processor.py:753} INFO - DAG(s) dict_keys(['example_python_operator']) retrieved from /home/airflow/.local/lib/python3.7/site-packages/airflow/example_dags/example_python_operator.py
[2022-12-03T05:18:56.894+0000] {logging_mixin.py:137} INFO - [2022-12-03T05:18:56.894+0000] {dag.py:2676} INFO - Sync 1 DAGs
[2022-12-03T05:18:56.954+0000] {logging_mixin.py:137} INFO - [2022-12-03T05:18:56.954+0000] {dag.py:3427} INFO - Setting next_dagrun for example_python_operator to None, run_after=None
[2022-12-03T05:18:56.991+0000] {processor.py:175} INFO - Processing /home/airflow/.local/lib/python3.7/site-packages/airflow/example_dags/example_python_operator.py took 0.182 seconds
[2022-12-03T05:19:27.080+0000] {processor.py:153} INFO - Started process (PID=525) to work on /home/airflow/.local/lib/python3.7/site-packages/airflow/example_dags/example_python_operator.py
[2022-12-03T05:19:27.081+0000] {processor.py:743} INFO - Processing file /home/airflow/.local/lib/python3.7/site-packages/airflow/example_dags/example_python_operator.py for tasks to queue
[2022-12-03T05:19:27.082+0000] {logging_mixin.py:137} INFO - [2022-12-03T05:19:27.082+0000] {dagbag.py:538} INFO - Filling up the DagBag from /home/airflow/.local/lib/python3.7/site-packages/airflow/example_dags/example_python_operator.py
[2022-12-03T05:19:27.093+0000] {logging_mixin.py:137} INFO - [2022-12-03T05:19:27.093+0000] {taskmixin.py:205} WARNING - Dependency <Task(_PythonDecoratedOperator): print_the_context>, log_sql_query already registered for DAG: example_python_operator
[2022-12-03T05:19:27.095+0000] {logging_mixin.py:137} INFO - [2022-12-03T05:19:27.095+0000] {taskmixin.py:205} WARNING - Dependency <Task(_PythonDecoratedOperator): log_sql_query>, print_the_context already registered for DAG: example_python_operator
[2022-12-03T05:19:27.096+0000] {logging_mixin.py:137} INFO - [2022-12-03T05:19:27.096+0000] {taskmixin.py:205} WARNING - Dependency <Task(_PythonDecoratedOperator): print_the_context>, log_sql_query already registered for DAG: example_python_operator
[2022-12-03T05:19:27.097+0000] {logging_mixin.py:137} INFO - [2022-12-03T05:19:27.097+0000] {taskmixin.py:205} WARNING - Dependency <Task(_PythonDecoratedOperator): log_sql_query>, print_the_context already registered for DAG: example_python_operator
[2022-12-03T05:19:27.099+0000] {logging_mixin.py:137} INFO - [2022-12-03T05:19:27.099+0000] {taskmixin.py:205} WARNING - Dependency <Task(_PythonDecoratedOperator): print_the_context>, log_sql_query already registered for DAG: example_python_operator
[2022-12-03T05:19:27.099+0000] {logging_mixin.py:137} INFO - [2022-12-03T05:19:27.099+0000] {taskmixin.py:205} WARNING - Dependency <Task(_PythonDecoratedOperator): log_sql_query>, print_the_context already registered for DAG: example_python_operator
[2022-12-03T05:19:27.101+0000] {logging_mixin.py:137} INFO - [2022-12-03T05:19:27.101+0000] {taskmixin.py:205} WARNING - Dependency <Task(_PythonDecoratedOperator): print_the_context>, log_sql_query already registered for DAG: example_python_operator
[2022-12-03T05:19:27.104+0000] {logging_mixin.py:137} INFO - [2022-12-03T05:19:27.103+0000] {taskmixin.py:205} WARNING - Dependency <Task(_PythonDecoratedOperator): log_sql_query>, print_the_context already registered for DAG: example_python_operator
[2022-12-03T05:19:27.110+0000] {processor.py:753} INFO - DAG(s) dict_keys(['example_python_operator']) retrieved from /home/airflow/.local/lib/python3.7/site-packages/airflow/example_dags/example_python_operator.py
[2022-12-03T05:19:27.164+0000] {logging_mixin.py:137} INFO - [2022-12-03T05:19:27.163+0000] {dag.py:2676} INFO - Sync 1 DAGs
[2022-12-03T05:19:27.184+0000] {logging_mixin.py:137} INFO - [2022-12-03T05:19:27.183+0000] {dag.py:3427} INFO - Setting next_dagrun for example_python_operator to None, run_after=None
[2022-12-03T05:19:27.202+0000] {processor.py:175} INFO - Processing /home/airflow/.local/lib/python3.7/site-packages/airflow/example_dags/example_python_operator.py took 0.124 seconds
[2022-12-03T05:19:58.077+0000] {processor.py:153} INFO - Started process (PID=752) to work on /home/airflow/.local/lib/python3.7/site-packages/airflow/example_dags/example_python_operator.py
[2022-12-03T05:19:58.079+0000] {processor.py:743} INFO - Processing file /home/airflow/.local/lib/python3.7/site-packages/airflow/example_dags/example_python_operator.py for tasks to queue
[2022-12-03T05:19:58.080+0000] {logging_mixin.py:137} INFO - [2022-12-03T05:19:58.080+0000] {dagbag.py:538} INFO - Filling up the DagBag from /home/airflow/.local/lib/python3.7/site-packages/airflow/example_dags/example_python_operator.py
[2022-12-03T05:19:58.094+0000] {logging_mixin.py:137} INFO - [2022-12-03T05:19:58.094+0000] {taskmixin.py:205} WARNING - Dependency <Task(_PythonDecoratedOperator): print_the_context>, log_sql_query already registered for DAG: example_python_operator
[2022-12-03T05:19:58.096+0000] {logging_mixin.py:137} INFO - [2022-12-03T05:19:58.096+0000] {taskmixin.py:205} WARNING - Dependency <Task(_PythonDecoratedOperator): log_sql_query>, print_the_context already registered for DAG: example_python_operator
[2022-12-03T05:19:58.097+0000] {logging_mixin.py:137} INFO - [2022-12-03T05:19:58.097+0000] {taskmixin.py:205} WARNING - Dependency <Task(_PythonDecoratedOperator): print_the_context>, log_sql_query already registered for DAG: example_python_operator
[2022-12-03T05:19:58.099+0000] {logging_mixin.py:137} INFO - [2022-12-03T05:19:58.098+0000] {taskmixin.py:205} WARNING - Dependency <Task(_PythonDecoratedOperator): log_sql_query>, print_the_context already registered for DAG: example_python_operator
[2022-12-03T05:19:58.100+0000] {logging_mixin.py:137} INFO - [2022-12-03T05:19:58.100+0000] {taskmixin.py:205} WARNING - Dependency <Task(_PythonDecoratedOperator): print_the_context>, log_sql_query already registered for DAG: example_python_operator
[2022-12-03T05:19:58.101+0000] {logging_mixin.py:137} INFO - [2022-12-03T05:19:58.101+0000] {taskmixin.py:205} WARNING - Dependency <Task(_PythonDecoratedOperator): log_sql_query>, print_the_context already registered for DAG: example_python_operator
[2022-12-03T05:19:58.103+0000] {logging_mixin.py:137} INFO - [2022-12-03T05:19:58.102+0000] {taskmixin.py:205} WARNING - Dependency <Task(_PythonDecoratedOperator): print_the_context>, log_sql_query already registered for DAG: example_python_operator
[2022-12-03T05:19:58.103+0000] {logging_mixin.py:137} INFO - [2022-12-03T05:19:58.103+0000] {taskmixin.py:205} WARNING - Dependency <Task(_PythonDecoratedOperator): log_sql_query>, print_the_context already registered for DAG: example_python_operator
[2022-12-03T05:19:58.109+0000] {processor.py:753} INFO - DAG(s) dict_keys(['example_python_operator']) retrieved from /home/airflow/.local/lib/python3.7/site-packages/airflow/example_dags/example_python_operator.py
[2022-12-03T05:19:58.140+0000] {logging_mixin.py:137} INFO - [2022-12-03T05:19:58.140+0000] {dag.py:2676} INFO - Sync 1 DAGs
[2022-12-03T05:19:58.163+0000] {logging_mixin.py:137} INFO - [2022-12-03T05:19:58.163+0000] {dag.py:3427} INFO - Setting next_dagrun for example_python_operator to None, run_after=None
[2022-12-03T05:19:58.177+0000] {processor.py:175} INFO - Processing /home/airflow/.local/lib/python3.7/site-packages/airflow/example_dags/example_python_operator.py took 0.103 seconds
