[2022-12-03T05:09:01.435+0000] {processor.py:153} INFO - Started process (PID=331) to work on /home/airflow/.local/lib/python3.7/site-packages/airflow/example_dags/example_short_circuit_operator.py
[2022-12-03T05:09:01.437+0000] {processor.py:743} INFO - Processing file /home/airflow/.local/lib/python3.7/site-packages/airflow/example_dags/example_short_circuit_operator.py for tasks to queue
[2022-12-03T05:09:01.438+0000] {logging_mixin.py:137} INFO - [2022-12-03T05:09:01.438+0000] {dagbag.py:538} INFO - Filling up the DagBag from /home/airflow/.local/lib/python3.7/site-packages/airflow/example_dags/example_short_circuit_operator.py
[2022-12-03T05:09:01.500+0000] {processor.py:753} INFO - DAG(s) dict_keys(['example_short_circuit_operator']) retrieved from /home/airflow/.local/lib/python3.7/site-packages/airflow/example_dags/example_short_circuit_operator.py
[2022-12-03T05:09:01.618+0000] {logging_mixin.py:137} INFO - [2022-12-03T05:09:01.617+0000] {dag.py:2676} INFO - Sync 1 DAGs
[2022-12-03T05:09:01.661+0000] {logging_mixin.py:137} INFO - [2022-12-03T05:09:01.659+0000] {dag.py:3427} INFO - Setting next_dagrun for example_short_circuit_operator to 2022-12-02T05:09:01.658762+00:00, run_after=2022-12-03T05:09:01.658762+00:00
[2022-12-03T05:09:01.686+0000] {processor.py:175} INFO - Processing /home/airflow/.local/lib/python3.7/site-packages/airflow/example_dags/example_short_circuit_operator.py took 0.254 seconds
[2022-12-03T05:09:32.210+0000] {processor.py:153} INFO - Started process (PID=545) to work on /home/airflow/.local/lib/python3.7/site-packages/airflow/example_dags/example_short_circuit_operator.py
[2022-12-03T05:09:32.212+0000] {processor.py:743} INFO - Processing file /home/airflow/.local/lib/python3.7/site-packages/airflow/example_dags/example_short_circuit_operator.py for tasks to queue
[2022-12-03T05:09:32.213+0000] {logging_mixin.py:137} INFO - [2022-12-03T05:09:32.213+0000] {dagbag.py:538} INFO - Filling up the DagBag from /home/airflow/.local/lib/python3.7/site-packages/airflow/example_dags/example_short_circuit_operator.py
[2022-12-03T05:09:32.223+0000] {processor.py:753} INFO - DAG(s) dict_keys(['example_short_circuit_operator']) retrieved from /home/airflow/.local/lib/python3.7/site-packages/airflow/example_dags/example_short_circuit_operator.py
[2022-12-03T05:09:32.268+0000] {logging_mixin.py:137} INFO - [2022-12-03T05:09:32.268+0000] {dag.py:2676} INFO - Sync 1 DAGs
[2022-12-03T05:09:32.284+0000] {logging_mixin.py:137} INFO - [2022-12-03T05:09:32.284+0000] {dag.py:3427} INFO - Setting next_dagrun for example_short_circuit_operator to 2022-12-02T05:09:32.284479+00:00, run_after=2022-12-03T05:09:32.284479+00:00
[2022-12-03T05:09:32.297+0000] {processor.py:175} INFO - Processing /home/airflow/.local/lib/python3.7/site-packages/airflow/example_dags/example_short_circuit_operator.py took 0.089 seconds
[2022-12-03T05:10:03.268+0000] {processor.py:153} INFO - Started process (PID=770) to work on /home/airflow/.local/lib/python3.7/site-packages/airflow/example_dags/example_short_circuit_operator.py
[2022-12-03T05:10:03.269+0000] {processor.py:743} INFO - Processing file /home/airflow/.local/lib/python3.7/site-packages/airflow/example_dags/example_short_circuit_operator.py for tasks to queue
[2022-12-03T05:10:03.270+0000] {logging_mixin.py:137} INFO - [2022-12-03T05:10:03.270+0000] {dagbag.py:538} INFO - Filling up the DagBag from /home/airflow/.local/lib/python3.7/site-packages/airflow/example_dags/example_short_circuit_operator.py
[2022-12-03T05:10:03.287+0000] {processor.py:753} INFO - DAG(s) dict_keys(['example_short_circuit_operator']) retrieved from /home/airflow/.local/lib/python3.7/site-packages/airflow/example_dags/example_short_circuit_operator.py
[2022-12-03T05:10:03.316+0000] {logging_mixin.py:137} INFO - [2022-12-03T05:10:03.316+0000] {dag.py:2676} INFO - Sync 1 DAGs
[2022-12-03T05:10:03.332+0000] {logging_mixin.py:137} INFO - [2022-12-03T05:10:03.332+0000] {dag.py:3427} INFO - Setting next_dagrun for example_short_circuit_operator to 2022-12-02T05:10:03.332436+00:00, run_after=2022-12-03T05:10:03.332436+00:00
[2022-12-03T05:10:03.346+0000] {processor.py:175} INFO - Processing /home/airflow/.local/lib/python3.7/site-packages/airflow/example_dags/example_short_circuit_operator.py took 0.081 seconds
[2022-12-03T05:10:33.624+0000] {processor.py:153} INFO - Started process (PID=986) to work on /home/airflow/.local/lib/python3.7/site-packages/airflow/example_dags/example_short_circuit_operator.py
[2022-12-03T05:10:33.625+0000] {processor.py:743} INFO - Processing file /home/airflow/.local/lib/python3.7/site-packages/airflow/example_dags/example_short_circuit_operator.py for tasks to queue
[2022-12-03T05:10:33.626+0000] {logging_mixin.py:137} INFO - [2022-12-03T05:10:33.626+0000] {dagbag.py:538} INFO - Filling up the DagBag from /home/airflow/.local/lib/python3.7/site-packages/airflow/example_dags/example_short_circuit_operator.py
[2022-12-03T05:10:33.638+0000] {processor.py:753} INFO - DAG(s) dict_keys(['example_short_circuit_operator']) retrieved from /home/airflow/.local/lib/python3.7/site-packages/airflow/example_dags/example_short_circuit_operator.py
[2022-12-03T05:10:33.662+0000] {logging_mixin.py:137} INFO - [2022-12-03T05:10:33.662+0000] {dag.py:2676} INFO - Sync 1 DAGs
[2022-12-03T05:10:33.676+0000] {logging_mixin.py:137} INFO - [2022-12-03T05:10:33.676+0000] {dag.py:3427} INFO - Setting next_dagrun for example_short_circuit_operator to 2022-12-02T05:10:33.676513+00:00, run_after=2022-12-03T05:10:33.676513+00:00
[2022-12-03T05:10:33.688+0000] {processor.py:175} INFO - Processing /home/airflow/.local/lib/python3.7/site-packages/airflow/example_dags/example_short_circuit_operator.py took 0.067 seconds
[2022-12-03T05:11:04.169+0000] {processor.py:153} INFO - Started process (PID=1209) to work on /home/airflow/.local/lib/python3.7/site-packages/airflow/example_dags/example_short_circuit_operator.py
[2022-12-03T05:11:04.172+0000] {processor.py:743} INFO - Processing file /home/airflow/.local/lib/python3.7/site-packages/airflow/example_dags/example_short_circuit_operator.py for tasks to queue
[2022-12-03T05:11:04.173+0000] {logging_mixin.py:137} INFO - [2022-12-03T05:11:04.173+0000] {dagbag.py:538} INFO - Filling up the DagBag from /home/airflow/.local/lib/python3.7/site-packages/airflow/example_dags/example_short_circuit_operator.py
[2022-12-03T05:11:04.185+0000] {processor.py:753} INFO - DAG(s) dict_keys(['example_short_circuit_operator']) retrieved from /home/airflow/.local/lib/python3.7/site-packages/airflow/example_dags/example_short_circuit_operator.py
[2022-12-03T05:11:04.210+0000] {logging_mixin.py:137} INFO - [2022-12-03T05:11:04.210+0000] {dag.py:2676} INFO - Sync 1 DAGs
[2022-12-03T05:11:04.229+0000] {logging_mixin.py:137} INFO - [2022-12-03T05:11:04.229+0000] {dag.py:3427} INFO - Setting next_dagrun for example_short_circuit_operator to 2022-12-02T05:11:04.228879+00:00, run_after=2022-12-03T05:11:04.228879+00:00
[2022-12-03T05:11:04.270+0000] {processor.py:175} INFO - Processing /home/airflow/.local/lib/python3.7/site-packages/airflow/example_dags/example_short_circuit_operator.py took 0.104 seconds
[2022-12-03T05:11:35.037+0000] {processor.py:153} INFO - Started process (PID=1423) to work on /home/airflow/.local/lib/python3.7/site-packages/airflow/example_dags/example_short_circuit_operator.py
[2022-12-03T05:11:35.038+0000] {processor.py:743} INFO - Processing file /home/airflow/.local/lib/python3.7/site-packages/airflow/example_dags/example_short_circuit_operator.py for tasks to queue
[2022-12-03T05:11:35.039+0000] {logging_mixin.py:137} INFO - [2022-12-03T05:11:35.039+0000] {dagbag.py:538} INFO - Filling up the DagBag from /home/airflow/.local/lib/python3.7/site-packages/airflow/example_dags/example_short_circuit_operator.py
[2022-12-03T05:11:35.050+0000] {processor.py:753} INFO - DAG(s) dict_keys(['example_short_circuit_operator']) retrieved from /home/airflow/.local/lib/python3.7/site-packages/airflow/example_dags/example_short_circuit_operator.py
[2022-12-03T05:11:35.075+0000] {logging_mixin.py:137} INFO - [2022-12-03T05:11:35.075+0000] {dag.py:2676} INFO - Sync 1 DAGs
[2022-12-03T05:11:35.094+0000] {logging_mixin.py:137} INFO - [2022-12-03T05:11:35.093+0000] {dag.py:3427} INFO - Setting next_dagrun for example_short_circuit_operator to 2022-12-02T05:11:35.093765+00:00, run_after=2022-12-03T05:11:35.093765+00:00
[2022-12-03T05:11:35.121+0000] {processor.py:175} INFO - Processing /home/airflow/.local/lib/python3.7/site-packages/airflow/example_dags/example_short_circuit_operator.py took 0.087 seconds
[2022-12-03T05:12:05.629+0000] {processor.py:153} INFO - Started process (PID=1649) to work on /home/airflow/.local/lib/python3.7/site-packages/airflow/example_dags/example_short_circuit_operator.py
[2022-12-03T05:12:05.630+0000] {processor.py:743} INFO - Processing file /home/airflow/.local/lib/python3.7/site-packages/airflow/example_dags/example_short_circuit_operator.py for tasks to queue
[2022-12-03T05:12:05.631+0000] {logging_mixin.py:137} INFO - [2022-12-03T05:12:05.631+0000] {dagbag.py:538} INFO - Filling up the DagBag from /home/airflow/.local/lib/python3.7/site-packages/airflow/example_dags/example_short_circuit_operator.py
[2022-12-03T05:12:05.643+0000] {processor.py:753} INFO - DAG(s) dict_keys(['example_short_circuit_operator']) retrieved from /home/airflow/.local/lib/python3.7/site-packages/airflow/example_dags/example_short_circuit_operator.py
[2022-12-03T05:12:05.670+0000] {logging_mixin.py:137} INFO - [2022-12-03T05:12:05.670+0000] {dag.py:2676} INFO - Sync 1 DAGs
[2022-12-03T05:12:05.687+0000] {logging_mixin.py:137} INFO - [2022-12-03T05:12:05.687+0000] {dag.py:3427} INFO - Setting next_dagrun for example_short_circuit_operator to 2022-12-02T05:12:05.687350+00:00, run_after=2022-12-03T05:12:05.687350+00:00
[2022-12-03T05:12:05.713+0000] {processor.py:175} INFO - Processing /home/airflow/.local/lib/python3.7/site-packages/airflow/example_dags/example_short_circuit_operator.py took 0.088 seconds
[2022-12-03T05:12:39.921+0000] {processor.py:153} INFO - Started process (PID=1873) to work on /home/airflow/.local/lib/python3.7/site-packages/airflow/example_dags/example_short_circuit_operator.py
[2022-12-03T05:12:39.923+0000] {processor.py:743} INFO - Processing file /home/airflow/.local/lib/python3.7/site-packages/airflow/example_dags/example_short_circuit_operator.py for tasks to queue
[2022-12-03T05:12:39.925+0000] {logging_mixin.py:137} INFO - [2022-12-03T05:12:39.924+0000] {dagbag.py:538} INFO - Filling up the DagBag from /home/airflow/.local/lib/python3.7/site-packages/airflow/example_dags/example_short_circuit_operator.py
[2022-12-03T05:12:39.985+0000] {processor.py:753} INFO - DAG(s) dict_keys(['example_short_circuit_operator']) retrieved from /home/airflow/.local/lib/python3.7/site-packages/airflow/example_dags/example_short_circuit_operator.py
[2022-12-03T05:12:40.191+0000] {logging_mixin.py:137} INFO - [2022-12-03T05:12:40.190+0000] {dag.py:2676} INFO - Sync 1 DAGs
[2022-12-03T05:12:40.340+0000] {logging_mixin.py:137} INFO - [2022-12-03T05:12:40.339+0000] {dag.py:3427} INFO - Setting next_dagrun for example_short_circuit_operator to 2022-12-02T05:12:40.339265+00:00, run_after=2022-12-03T05:12:40.339265+00:00
[2022-12-03T05:12:40.404+0000] {processor.py:175} INFO - Processing /home/airflow/.local/lib/python3.7/site-packages/airflow/example_dags/example_short_circuit_operator.py took 0.486 seconds
[2022-12-03T05:13:11.504+0000] {processor.py:153} INFO - Started process (PID=2093) to work on /home/airflow/.local/lib/python3.7/site-packages/airflow/example_dags/example_short_circuit_operator.py
[2022-12-03T05:13:11.507+0000] {processor.py:743} INFO - Processing file /home/airflow/.local/lib/python3.7/site-packages/airflow/example_dags/example_short_circuit_operator.py for tasks to queue
[2022-12-03T05:13:11.511+0000] {logging_mixin.py:137} INFO - [2022-12-03T05:13:11.511+0000] {dagbag.py:538} INFO - Filling up the DagBag from /home/airflow/.local/lib/python3.7/site-packages/airflow/example_dags/example_short_circuit_operator.py
[2022-12-03T05:13:11.535+0000] {processor.py:753} INFO - DAG(s) dict_keys(['example_short_circuit_operator']) retrieved from /home/airflow/.local/lib/python3.7/site-packages/airflow/example_dags/example_short_circuit_operator.py
[2022-12-03T05:13:11.578+0000] {logging_mixin.py:137} INFO - [2022-12-03T05:13:11.578+0000] {dag.py:2676} INFO - Sync 1 DAGs
[2022-12-03T05:13:11.602+0000] {logging_mixin.py:137} INFO - [2022-12-03T05:13:11.602+0000] {dag.py:3427} INFO - Setting next_dagrun for example_short_circuit_operator to 2022-12-02T05:13:11.602305+00:00, run_after=2022-12-03T05:13:11.602305+00:00
[2022-12-03T05:13:11.623+0000] {processor.py:175} INFO - Processing /home/airflow/.local/lib/python3.7/site-packages/airflow/example_dags/example_short_circuit_operator.py took 0.126 seconds
[2022-12-03T05:13:42.261+0000] {processor.py:153} INFO - Started process (PID=2307) to work on /home/airflow/.local/lib/python3.7/site-packages/airflow/example_dags/example_short_circuit_operator.py
[2022-12-03T05:13:42.264+0000] {processor.py:743} INFO - Processing file /home/airflow/.local/lib/python3.7/site-packages/airflow/example_dags/example_short_circuit_operator.py for tasks to queue
[2022-12-03T05:13:42.266+0000] {logging_mixin.py:137} INFO - [2022-12-03T05:13:42.266+0000] {dagbag.py:538} INFO - Filling up the DagBag from /home/airflow/.local/lib/python3.7/site-packages/airflow/example_dags/example_short_circuit_operator.py
[2022-12-03T05:13:42.283+0000] {processor.py:753} INFO - DAG(s) dict_keys(['example_short_circuit_operator']) retrieved from /home/airflow/.local/lib/python3.7/site-packages/airflow/example_dags/example_short_circuit_operator.py
[2022-12-03T05:13:42.319+0000] {logging_mixin.py:137} INFO - [2022-12-03T05:13:42.319+0000] {dag.py:2676} INFO - Sync 1 DAGs
[2022-12-03T05:13:42.340+0000] {logging_mixin.py:137} INFO - [2022-12-03T05:13:42.340+0000] {dag.py:3427} INFO - Setting next_dagrun for example_short_circuit_operator to 2022-12-02T05:13:42.340426+00:00, run_after=2022-12-03T05:13:42.340426+00:00
[2022-12-03T05:13:42.378+0000] {processor.py:175} INFO - Processing /home/airflow/.local/lib/python3.7/site-packages/airflow/example_dags/example_short_circuit_operator.py took 0.121 seconds
[2022-12-03T05:14:13.335+0000] {processor.py:153} INFO - Started process (PID=2533) to work on /home/airflow/.local/lib/python3.7/site-packages/airflow/example_dags/example_short_circuit_operator.py
[2022-12-03T05:14:13.339+0000] {processor.py:743} INFO - Processing file /home/airflow/.local/lib/python3.7/site-packages/airflow/example_dags/example_short_circuit_operator.py for tasks to queue
[2022-12-03T05:14:13.341+0000] {logging_mixin.py:137} INFO - [2022-12-03T05:14:13.341+0000] {dagbag.py:538} INFO - Filling up the DagBag from /home/airflow/.local/lib/python3.7/site-packages/airflow/example_dags/example_short_circuit_operator.py
[2022-12-03T05:14:13.363+0000] {processor.py:753} INFO - DAG(s) dict_keys(['example_short_circuit_operator']) retrieved from /home/airflow/.local/lib/python3.7/site-packages/airflow/example_dags/example_short_circuit_operator.py
[2022-12-03T05:14:13.399+0000] {logging_mixin.py:137} INFO - [2022-12-03T05:14:13.399+0000] {dag.py:2676} INFO - Sync 1 DAGs
[2022-12-03T05:14:13.415+0000] {logging_mixin.py:137} INFO - [2022-12-03T05:14:13.415+0000] {dag.py:3427} INFO - Setting next_dagrun for example_short_circuit_operator to 2022-12-02T05:14:13.415102+00:00, run_after=2022-12-03T05:14:13.415102+00:00
[2022-12-03T05:14:13.428+0000] {processor.py:175} INFO - Processing /home/airflow/.local/lib/python3.7/site-packages/airflow/example_dags/example_short_circuit_operator.py took 0.100 seconds
[2022-12-03T05:14:43.678+0000] {processor.py:153} INFO - Started process (PID=2746) to work on /home/airflow/.local/lib/python3.7/site-packages/airflow/example_dags/example_short_circuit_operator.py
[2022-12-03T05:14:43.681+0000] {processor.py:743} INFO - Processing file /home/airflow/.local/lib/python3.7/site-packages/airflow/example_dags/example_short_circuit_operator.py for tasks to queue
[2022-12-03T05:14:43.683+0000] {logging_mixin.py:137} INFO - [2022-12-03T05:14:43.683+0000] {dagbag.py:538} INFO - Filling up the DagBag from /home/airflow/.local/lib/python3.7/site-packages/airflow/example_dags/example_short_circuit_operator.py
[2022-12-03T05:14:43.704+0000] {processor.py:753} INFO - DAG(s) dict_keys(['example_short_circuit_operator']) retrieved from /home/airflow/.local/lib/python3.7/site-packages/airflow/example_dags/example_short_circuit_operator.py
[2022-12-03T05:14:43.757+0000] {logging_mixin.py:137} INFO - [2022-12-03T05:14:43.757+0000] {dag.py:2676} INFO - Sync 1 DAGs
[2022-12-03T05:14:43.782+0000] {logging_mixin.py:137} INFO - [2022-12-03T05:14:43.782+0000] {dag.py:3427} INFO - Setting next_dagrun for example_short_circuit_operator to 2022-12-02T05:14:43.782011+00:00, run_after=2022-12-03T05:14:43.782011+00:00
[2022-12-03T05:14:43.798+0000] {processor.py:175} INFO - Processing /home/airflow/.local/lib/python3.7/site-packages/airflow/example_dags/example_short_circuit_operator.py took 0.125 seconds
[2022-12-03T05:15:14.681+0000] {processor.py:153} INFO - Started process (PID=2973) to work on /home/airflow/.local/lib/python3.7/site-packages/airflow/example_dags/example_short_circuit_operator.py
[2022-12-03T05:15:14.684+0000] {processor.py:743} INFO - Processing file /home/airflow/.local/lib/python3.7/site-packages/airflow/example_dags/example_short_circuit_operator.py for tasks to queue
[2022-12-03T05:15:14.685+0000] {logging_mixin.py:137} INFO - [2022-12-03T05:15:14.685+0000] {dagbag.py:538} INFO - Filling up the DagBag from /home/airflow/.local/lib/python3.7/site-packages/airflow/example_dags/example_short_circuit_operator.py
[2022-12-03T05:15:14.716+0000] {processor.py:753} INFO - DAG(s) dict_keys(['example_short_circuit_operator']) retrieved from /home/airflow/.local/lib/python3.7/site-packages/airflow/example_dags/example_short_circuit_operator.py
[2022-12-03T05:15:14.765+0000] {logging_mixin.py:137} INFO - [2022-12-03T05:15:14.765+0000] {dag.py:2676} INFO - Sync 1 DAGs
[2022-12-03T05:15:14.784+0000] {logging_mixin.py:137} INFO - [2022-12-03T05:15:14.784+0000] {dag.py:3427} INFO - Setting next_dagrun for example_short_circuit_operator to 2022-12-02T05:15:14.784578+00:00, run_after=2022-12-03T05:15:14.784578+00:00
[2022-12-03T05:15:14.802+0000] {processor.py:175} INFO - Processing /home/airflow/.local/lib/python3.7/site-packages/airflow/example_dags/example_short_circuit_operator.py took 0.124 seconds
[2022-12-03T05:15:45.019+0000] {processor.py:153} INFO - Started process (PID=3188) to work on /home/airflow/.local/lib/python3.7/site-packages/airflow/example_dags/example_short_circuit_operator.py
[2022-12-03T05:15:45.022+0000] {processor.py:743} INFO - Processing file /home/airflow/.local/lib/python3.7/site-packages/airflow/example_dags/example_short_circuit_operator.py for tasks to queue
[2022-12-03T05:15:45.026+0000] {logging_mixin.py:137} INFO - [2022-12-03T05:15:45.025+0000] {dagbag.py:538} INFO - Filling up the DagBag from /home/airflow/.local/lib/python3.7/site-packages/airflow/example_dags/example_short_circuit_operator.py
[2022-12-03T05:15:45.058+0000] {processor.py:753} INFO - DAG(s) dict_keys(['example_short_circuit_operator']) retrieved from /home/airflow/.local/lib/python3.7/site-packages/airflow/example_dags/example_short_circuit_operator.py
[2022-12-03T05:15:45.266+0000] {logging_mixin.py:137} INFO - [2022-12-03T05:15:45.266+0000] {dag.py:2676} INFO - Sync 1 DAGs
[2022-12-03T05:15:45.290+0000] {logging_mixin.py:137} INFO - [2022-12-03T05:15:45.290+0000] {dag.py:3427} INFO - Setting next_dagrun for example_short_circuit_operator to 2022-12-02T05:15:45.289756+00:00, run_after=2022-12-03T05:15:45.289756+00:00
[2022-12-03T05:15:45.311+0000] {processor.py:175} INFO - Processing /home/airflow/.local/lib/python3.7/site-packages/airflow/example_dags/example_short_circuit_operator.py took 0.295 seconds
[2022-12-03T05:16:15.387+0000] {processor.py:153} INFO - Started process (PID=3413) to work on /home/airflow/.local/lib/python3.7/site-packages/airflow/example_dags/example_short_circuit_operator.py
[2022-12-03T05:16:15.389+0000] {processor.py:743} INFO - Processing file /home/airflow/.local/lib/python3.7/site-packages/airflow/example_dags/example_short_circuit_operator.py for tasks to queue
[2022-12-03T05:16:15.390+0000] {logging_mixin.py:137} INFO - [2022-12-03T05:16:15.390+0000] {dagbag.py:538} INFO - Filling up the DagBag from /home/airflow/.local/lib/python3.7/site-packages/airflow/example_dags/example_short_circuit_operator.py
[2022-12-03T05:16:15.403+0000] {processor.py:753} INFO - DAG(s) dict_keys(['example_short_circuit_operator']) retrieved from /home/airflow/.local/lib/python3.7/site-packages/airflow/example_dags/example_short_circuit_operator.py
[2022-12-03T05:16:15.430+0000] {logging_mixin.py:137} INFO - [2022-12-03T05:16:15.430+0000] {dag.py:2676} INFO - Sync 1 DAGs
[2022-12-03T05:16:15.447+0000] {logging_mixin.py:137} INFO - [2022-12-03T05:16:15.447+0000] {dag.py:3427} INFO - Setting next_dagrun for example_short_circuit_operator to 2022-12-02T05:16:15.447526+00:00, run_after=2022-12-03T05:16:15.447526+00:00
[2022-12-03T05:16:15.471+0000] {processor.py:175} INFO - Processing /home/airflow/.local/lib/python3.7/site-packages/airflow/example_dags/example_short_circuit_operator.py took 0.086 seconds
[2022-12-03T05:16:45.657+0000] {processor.py:153} INFO - Started process (PID=3626) to work on /home/airflow/.local/lib/python3.7/site-packages/airflow/example_dags/example_short_circuit_operator.py
[2022-12-03T05:16:45.661+0000] {processor.py:743} INFO - Processing file /home/airflow/.local/lib/python3.7/site-packages/airflow/example_dags/example_short_circuit_operator.py for tasks to queue
[2022-12-03T05:16:45.663+0000] {logging_mixin.py:137} INFO - [2022-12-03T05:16:45.662+0000] {dagbag.py:538} INFO - Filling up the DagBag from /home/airflow/.local/lib/python3.7/site-packages/airflow/example_dags/example_short_circuit_operator.py
[2022-12-03T05:16:45.680+0000] {processor.py:753} INFO - DAG(s) dict_keys(['example_short_circuit_operator']) retrieved from /home/airflow/.local/lib/python3.7/site-packages/airflow/example_dags/example_short_circuit_operator.py
[2022-12-03T05:16:45.712+0000] {logging_mixin.py:137} INFO - [2022-12-03T05:16:45.712+0000] {dag.py:2676} INFO - Sync 1 DAGs
[2022-12-03T05:16:45.729+0000] {logging_mixin.py:137} INFO - [2022-12-03T05:16:45.729+0000] {dag.py:3427} INFO - Setting next_dagrun for example_short_circuit_operator to 2022-12-02T05:16:45.729597+00:00, run_after=2022-12-03T05:16:45.729597+00:00
[2022-12-03T05:16:45.749+0000] {processor.py:175} INFO - Processing /home/airflow/.local/lib/python3.7/site-packages/airflow/example_dags/example_short_circuit_operator.py took 0.098 seconds
[2022-12-03T05:17:16.028+0000] {processor.py:153} INFO - Started process (PID=3852) to work on /home/airflow/.local/lib/python3.7/site-packages/airflow/example_dags/example_short_circuit_operator.py
[2022-12-03T05:17:16.030+0000] {processor.py:743} INFO - Processing file /home/airflow/.local/lib/python3.7/site-packages/airflow/example_dags/example_short_circuit_operator.py for tasks to queue
[2022-12-03T05:17:16.032+0000] {logging_mixin.py:137} INFO - [2022-12-03T05:17:16.032+0000] {dagbag.py:538} INFO - Filling up the DagBag from /home/airflow/.local/lib/python3.7/site-packages/airflow/example_dags/example_short_circuit_operator.py
[2022-12-03T05:17:16.048+0000] {processor.py:753} INFO - DAG(s) dict_keys(['example_short_circuit_operator']) retrieved from /home/airflow/.local/lib/python3.7/site-packages/airflow/example_dags/example_short_circuit_operator.py
[2022-12-03T05:17:16.077+0000] {logging_mixin.py:137} INFO - [2022-12-03T05:17:16.077+0000] {dag.py:2676} INFO - Sync 1 DAGs
[2022-12-03T05:17:16.091+0000] {logging_mixin.py:137} INFO - [2022-12-03T05:17:16.091+0000] {dag.py:3427} INFO - Setting next_dagrun for example_short_circuit_operator to 2022-12-02T05:17:16.090935+00:00, run_after=2022-12-03T05:17:16.090935+00:00
[2022-12-03T05:17:16.102+0000] {processor.py:175} INFO - Processing /home/airflow/.local/lib/python3.7/site-packages/airflow/example_dags/example_short_circuit_operator.py took 0.079 seconds
[2022-12-03T05:17:46.836+0000] {processor.py:153} INFO - Started process (PID=4078) to work on /home/airflow/.local/lib/python3.7/site-packages/airflow/example_dags/example_short_circuit_operator.py
[2022-12-03T05:17:46.840+0000] {processor.py:743} INFO - Processing file /home/airflow/.local/lib/python3.7/site-packages/airflow/example_dags/example_short_circuit_operator.py for tasks to queue
[2022-12-03T05:17:46.845+0000] {logging_mixin.py:137} INFO - [2022-12-03T05:17:46.845+0000] {dagbag.py:538} INFO - Filling up the DagBag from /home/airflow/.local/lib/python3.7/site-packages/airflow/example_dags/example_short_circuit_operator.py
[2022-12-03T05:17:46.909+0000] {processor.py:753} INFO - DAG(s) dict_keys(['example_short_circuit_operator']) retrieved from /home/airflow/.local/lib/python3.7/site-packages/airflow/example_dags/example_short_circuit_operator.py
[2022-12-03T05:17:47.056+0000] {logging_mixin.py:137} INFO - [2022-12-03T05:17:47.056+0000] {dag.py:2676} INFO - Sync 1 DAGs
[2022-12-03T05:17:47.106+0000] {logging_mixin.py:137} INFO - [2022-12-03T05:17:47.106+0000] {dag.py:3427} INFO - Setting next_dagrun for example_short_circuit_operator to 2022-12-02T05:17:47.105983+00:00, run_after=2022-12-03T05:17:47.105983+00:00
[2022-12-03T05:17:47.129+0000] {processor.py:175} INFO - Processing /home/airflow/.local/lib/python3.7/site-packages/airflow/example_dags/example_short_circuit_operator.py took 0.304 seconds
[2022-12-03T05:18:57.264+0000] {processor.py:153} INFO - Started process (PID=332) to work on /home/airflow/.local/lib/python3.7/site-packages/airflow/example_dags/example_short_circuit_operator.py
[2022-12-03T05:18:57.266+0000] {processor.py:743} INFO - Processing file /home/airflow/.local/lib/python3.7/site-packages/airflow/example_dags/example_short_circuit_operator.py for tasks to queue
[2022-12-03T05:18:57.267+0000] {logging_mixin.py:137} INFO - [2022-12-03T05:18:57.267+0000] {dagbag.py:538} INFO - Filling up the DagBag from /home/airflow/.local/lib/python3.7/site-packages/airflow/example_dags/example_short_circuit_operator.py
[2022-12-03T05:18:57.282+0000] {processor.py:753} INFO - DAG(s) dict_keys(['example_short_circuit_operator']) retrieved from /home/airflow/.local/lib/python3.7/site-packages/airflow/example_dags/example_short_circuit_operator.py
[2022-12-03T05:18:57.305+0000] {logging_mixin.py:137} INFO - [2022-12-03T05:18:57.305+0000] {dag.py:2676} INFO - Sync 1 DAGs
[2022-12-03T05:18:57.328+0000] {logging_mixin.py:137} INFO - [2022-12-03T05:18:57.328+0000] {dag.py:3427} INFO - Setting next_dagrun for example_short_circuit_operator to 2022-12-02T05:18:57.328005+00:00, run_after=2022-12-03T05:18:57.328005+00:00
[2022-12-03T05:18:57.345+0000] {processor.py:175} INFO - Processing /home/airflow/.local/lib/python3.7/site-packages/airflow/example_dags/example_short_circuit_operator.py took 0.083 seconds
[2022-12-03T05:19:27.403+0000] {processor.py:153} INFO - Started process (PID=545) to work on /home/airflow/.local/lib/python3.7/site-packages/airflow/example_dags/example_short_circuit_operator.py
[2022-12-03T05:19:27.405+0000] {processor.py:743} INFO - Processing file /home/airflow/.local/lib/python3.7/site-packages/airflow/example_dags/example_short_circuit_operator.py for tasks to queue
[2022-12-03T05:19:27.406+0000] {logging_mixin.py:137} INFO - [2022-12-03T05:19:27.406+0000] {dagbag.py:538} INFO - Filling up the DagBag from /home/airflow/.local/lib/python3.7/site-packages/airflow/example_dags/example_short_circuit_operator.py
[2022-12-03T05:19:27.421+0000] {processor.py:753} INFO - DAG(s) dict_keys(['example_short_circuit_operator']) retrieved from /home/airflow/.local/lib/python3.7/site-packages/airflow/example_dags/example_short_circuit_operator.py
[2022-12-03T05:19:27.463+0000] {logging_mixin.py:137} INFO - [2022-12-03T05:19:27.463+0000] {dag.py:2676} INFO - Sync 1 DAGs
[2022-12-03T05:19:27.485+0000] {logging_mixin.py:137} INFO - [2022-12-03T05:19:27.485+0000] {dag.py:3427} INFO - Setting next_dagrun for example_short_circuit_operator to 2022-12-02T05:19:27.484956+00:00, run_after=2022-12-03T05:19:27.484956+00:00
[2022-12-03T05:19:27.499+0000] {processor.py:175} INFO - Processing /home/airflow/.local/lib/python3.7/site-packages/airflow/example_dags/example_short_circuit_operator.py took 0.100 seconds
[2022-12-03T05:19:58.320+0000] {processor.py:153} INFO - Started process (PID=772) to work on /home/airflow/.local/lib/python3.7/site-packages/airflow/example_dags/example_short_circuit_operator.py
[2022-12-03T05:19:58.322+0000] {processor.py:743} INFO - Processing file /home/airflow/.local/lib/python3.7/site-packages/airflow/example_dags/example_short_circuit_operator.py for tasks to queue
[2022-12-03T05:19:58.323+0000] {logging_mixin.py:137} INFO - [2022-12-03T05:19:58.323+0000] {dagbag.py:538} INFO - Filling up the DagBag from /home/airflow/.local/lib/python3.7/site-packages/airflow/example_dags/example_short_circuit_operator.py
[2022-12-03T05:19:58.334+0000] {processor.py:753} INFO - DAG(s) dict_keys(['example_short_circuit_operator']) retrieved from /home/airflow/.local/lib/python3.7/site-packages/airflow/example_dags/example_short_circuit_operator.py
[2022-12-03T05:19:58.362+0000] {logging_mixin.py:137} INFO - [2022-12-03T05:19:58.361+0000] {dag.py:2676} INFO - Sync 1 DAGs
[2022-12-03T05:19:58.378+0000] {logging_mixin.py:137} INFO - [2022-12-03T05:19:58.378+0000] {dag.py:3427} INFO - Setting next_dagrun for example_short_circuit_operator to 2022-12-02T05:19:58.378105+00:00, run_after=2022-12-03T05:19:58.378105+00:00
[2022-12-03T05:19:58.403+0000] {processor.py:175} INFO - Processing /home/airflow/.local/lib/python3.7/site-packages/airflow/example_dags/example_short_circuit_operator.py took 0.085 seconds
