[2022-12-03T05:08:55.017+0000] {processor.py:153} INFO - Started process (PID=175) to work on /home/airflow/.local/lib/python3.7/site-packages/airflow/example_dags/example_datasets.py
[2022-12-03T05:08:55.028+0000] {processor.py:743} INFO - Processing file /home/airflow/.local/lib/python3.7/site-packages/airflow/example_dags/example_datasets.py for tasks to queue
[2022-12-03T05:08:55.032+0000] {logging_mixin.py:137} INFO - [2022-12-03T05:08:55.031+0000] {dagbag.py:538} INFO - Filling up the DagBag from /home/airflow/.local/lib/python3.7/site-packages/airflow/example_dags/example_datasets.py
[2022-12-03T05:08:55.348+0000] {processor.py:753} INFO - DAG(s) dict_keys(['dataset_produces_1', 'dataset_produces_2', 'dataset_consumes_1_and_2', 'dataset_consumes_unknown_never_scheduled', 'dataset_consumes_1', 'dataset_consumes_1_never_scheduled']) retrieved from /home/airflow/.local/lib/python3.7/site-packages/airflow/example_dags/example_datasets.py
[2022-12-03T05:08:55.518+0000] {logging_mixin.py:137} INFO - [2022-12-03T05:08:55.518+0000] {dag.py:2676} INFO - Sync 6 DAGs
[2022-12-03T05:08:55.619+0000] {logging_mixin.py:137} INFO - [2022-12-03T05:08:55.618+0000] {dag.py:3427} INFO - Setting next_dagrun for dataset_consumes_1 to None, run_after=None
[2022-12-03T05:08:55.626+0000] {logging_mixin.py:137} INFO - [2022-12-03T05:08:55.625+0000] {dag.py:3427} INFO - Setting next_dagrun for dataset_consumes_1_and_2 to None, run_after=None
[2022-12-03T05:08:55.632+0000] {logging_mixin.py:137} INFO - [2022-12-03T05:08:55.631+0000] {dag.py:3427} INFO - Setting next_dagrun for dataset_consumes_1_never_scheduled to None, run_after=None
[2022-12-03T05:08:55.637+0000] {logging_mixin.py:137} INFO - [2022-12-03T05:08:55.636+0000] {dag.py:3427} INFO - Setting next_dagrun for dataset_consumes_unknown_never_scheduled to None, run_after=None
[2022-12-03T05:08:55.651+0000] {logging_mixin.py:137} INFO - [2022-12-03T05:08:55.651+0000] {dag.py:3427} INFO - Setting next_dagrun for dataset_produces_1 to 2022-12-02T00:00:00+00:00, run_after=2022-12-03T00:00:00+00:00
[2022-12-03T05:08:55.666+0000] {logging_mixin.py:137} INFO - [2022-12-03T05:08:55.666+0000] {dag.py:3427} INFO - Setting next_dagrun for dataset_produces_2 to None, run_after=None
[2022-12-03T05:08:55.872+0000] {processor.py:175} INFO - Processing /home/airflow/.local/lib/python3.7/site-packages/airflow/example_dags/example_datasets.py took 0.906 seconds
[2022-12-03T05:09:26.928+0000] {processor.py:153} INFO - Started process (PID=392) to work on /home/airflow/.local/lib/python3.7/site-packages/airflow/example_dags/example_datasets.py
[2022-12-03T05:09:26.934+0000] {processor.py:743} INFO - Processing file /home/airflow/.local/lib/python3.7/site-packages/airflow/example_dags/example_datasets.py for tasks to queue
[2022-12-03T05:09:26.945+0000] {logging_mixin.py:137} INFO - [2022-12-03T05:09:26.944+0000] {dagbag.py:538} INFO - Filling up the DagBag from /home/airflow/.local/lib/python3.7/site-packages/airflow/example_dags/example_datasets.py
[2022-12-03T05:09:27.085+0000] {processor.py:753} INFO - DAG(s) dict_keys(['dataset_consumes_1_never_scheduled', 'dataset_consumes_1_and_2', 'dataset_consumes_1', 'dataset_produces_2', 'dataset_consumes_unknown_never_scheduled', 'dataset_produces_1']) retrieved from /home/airflow/.local/lib/python3.7/site-packages/airflow/example_dags/example_datasets.py
[2022-12-03T05:09:27.254+0000] {logging_mixin.py:137} INFO - [2022-12-03T05:09:27.254+0000] {dag.py:2676} INFO - Sync 6 DAGs
[2022-12-03T05:09:27.277+0000] {logging_mixin.py:137} INFO - [2022-12-03T05:09:27.277+0000] {dag.py:3427} INFO - Setting next_dagrun for dataset_consumes_1 to None, run_after=None
[2022-12-03T05:09:27.284+0000] {logging_mixin.py:137} INFO - [2022-12-03T05:09:27.284+0000] {dag.py:3427} INFO - Setting next_dagrun for dataset_consumes_1_and_2 to None, run_after=None
[2022-12-03T05:09:27.286+0000] {logging_mixin.py:137} INFO - [2022-12-03T05:09:27.286+0000] {dag.py:3427} INFO - Setting next_dagrun for dataset_consumes_1_never_scheduled to None, run_after=None
[2022-12-03T05:09:27.290+0000] {logging_mixin.py:137} INFO - [2022-12-03T05:09:27.290+0000] {dag.py:3427} INFO - Setting next_dagrun for dataset_consumes_unknown_never_scheduled to None, run_after=None
[2022-12-03T05:09:27.294+0000] {logging_mixin.py:137} INFO - [2022-12-03T05:09:27.294+0000] {dag.py:3427} INFO - Setting next_dagrun for dataset_produces_1 to 2022-12-02T00:00:00+00:00, run_after=2022-12-03T00:00:00+00:00
[2022-12-03T05:09:27.296+0000] {logging_mixin.py:137} INFO - [2022-12-03T05:09:27.296+0000] {dag.py:3427} INFO - Setting next_dagrun for dataset_produces_2 to None, run_after=None
[2022-12-03T05:09:27.322+0000] {processor.py:175} INFO - Processing /home/airflow/.local/lib/python3.7/site-packages/airflow/example_dags/example_datasets.py took 0.406 seconds
[2022-12-03T05:09:58.125+0000] {processor.py:153} INFO - Started process (PID=605) to work on /home/airflow/.local/lib/python3.7/site-packages/airflow/example_dags/example_datasets.py
[2022-12-03T05:09:58.128+0000] {processor.py:743} INFO - Processing file /home/airflow/.local/lib/python3.7/site-packages/airflow/example_dags/example_datasets.py for tasks to queue
[2022-12-03T05:09:58.130+0000] {logging_mixin.py:137} INFO - [2022-12-03T05:09:58.130+0000] {dagbag.py:538} INFO - Filling up the DagBag from /home/airflow/.local/lib/python3.7/site-packages/airflow/example_dags/example_datasets.py
[2022-12-03T05:09:58.180+0000] {processor.py:753} INFO - DAG(s) dict_keys(['dataset_consumes_1', 'dataset_consumes_1_and_2', 'dataset_produces_1', 'dataset_consumes_unknown_never_scheduled', 'dataset_consumes_1_never_scheduled', 'dataset_produces_2']) retrieved from /home/airflow/.local/lib/python3.7/site-packages/airflow/example_dags/example_datasets.py
[2022-12-03T05:09:58.250+0000] {logging_mixin.py:137} INFO - [2022-12-03T05:09:58.250+0000] {dag.py:2676} INFO - Sync 6 DAGs
[2022-12-03T05:09:58.274+0000] {logging_mixin.py:137} INFO - [2022-12-03T05:09:58.274+0000] {dag.py:3427} INFO - Setting next_dagrun for dataset_consumes_1 to None, run_after=None
[2022-12-03T05:09:58.277+0000] {logging_mixin.py:137} INFO - [2022-12-03T05:09:58.277+0000] {dag.py:3427} INFO - Setting next_dagrun for dataset_consumes_1_and_2 to None, run_after=None
[2022-12-03T05:09:58.280+0000] {logging_mixin.py:137} INFO - [2022-12-03T05:09:58.280+0000] {dag.py:3427} INFO - Setting next_dagrun for dataset_consumes_1_never_scheduled to None, run_after=None
[2022-12-03T05:09:58.281+0000] {logging_mixin.py:137} INFO - [2022-12-03T05:09:58.281+0000] {dag.py:3427} INFO - Setting next_dagrun for dataset_consumes_unknown_never_scheduled to None, run_after=None
[2022-12-03T05:09:58.284+0000] {logging_mixin.py:137} INFO - [2022-12-03T05:09:58.284+0000] {dag.py:3427} INFO - Setting next_dagrun for dataset_produces_1 to 2022-12-02T00:00:00+00:00, run_after=2022-12-03T00:00:00+00:00
[2022-12-03T05:09:58.285+0000] {logging_mixin.py:137} INFO - [2022-12-03T05:09:58.285+0000] {dag.py:3427} INFO - Setting next_dagrun for dataset_produces_2 to None, run_after=None
[2022-12-03T05:09:58.315+0000] {processor.py:175} INFO - Processing /home/airflow/.local/lib/python3.7/site-packages/airflow/example_dags/example_datasets.py took 0.206 seconds
[2022-12-03T05:10:28.715+0000] {processor.py:153} INFO - Started process (PID=831) to work on /home/airflow/.local/lib/python3.7/site-packages/airflow/example_dags/example_datasets.py
[2022-12-03T05:10:28.719+0000] {processor.py:743} INFO - Processing file /home/airflow/.local/lib/python3.7/site-packages/airflow/example_dags/example_datasets.py for tasks to queue
[2022-12-03T05:10:28.723+0000] {logging_mixin.py:137} INFO - [2022-12-03T05:10:28.723+0000] {dagbag.py:538} INFO - Filling up the DagBag from /home/airflow/.local/lib/python3.7/site-packages/airflow/example_dags/example_datasets.py
[2022-12-03T05:10:28.764+0000] {processor.py:753} INFO - DAG(s) dict_keys(['dataset_consumes_1', 'dataset_consumes_1_and_2', 'dataset_produces_2', 'dataset_produces_1', 'dataset_consumes_1_never_scheduled', 'dataset_consumes_unknown_never_scheduled']) retrieved from /home/airflow/.local/lib/python3.7/site-packages/airflow/example_dags/example_datasets.py
[2022-12-03T05:10:28.856+0000] {logging_mixin.py:137} INFO - [2022-12-03T05:10:28.856+0000] {dag.py:2676} INFO - Sync 6 DAGs
[2022-12-03T05:10:28.888+0000] {logging_mixin.py:137} INFO - [2022-12-03T05:10:28.888+0000] {dag.py:3427} INFO - Setting next_dagrun for dataset_consumes_1 to None, run_after=None
[2022-12-03T05:10:28.891+0000] {logging_mixin.py:137} INFO - [2022-12-03T05:10:28.890+0000] {dag.py:3427} INFO - Setting next_dagrun for dataset_consumes_1_and_2 to None, run_after=None
[2022-12-03T05:10:28.892+0000] {logging_mixin.py:137} INFO - [2022-12-03T05:10:28.892+0000] {dag.py:3427} INFO - Setting next_dagrun for dataset_consumes_1_never_scheduled to None, run_after=None
[2022-12-03T05:10:28.894+0000] {logging_mixin.py:137} INFO - [2022-12-03T05:10:28.894+0000] {dag.py:3427} INFO - Setting next_dagrun for dataset_consumes_unknown_never_scheduled to None, run_after=None
[2022-12-03T05:10:28.896+0000] {logging_mixin.py:137} INFO - [2022-12-03T05:10:28.896+0000] {dag.py:3427} INFO - Setting next_dagrun for dataset_produces_1 to 2022-12-02T00:00:00+00:00, run_after=2022-12-03T00:00:00+00:00
[2022-12-03T05:10:28.898+0000] {logging_mixin.py:137} INFO - [2022-12-03T05:10:28.898+0000] {dag.py:3427} INFO - Setting next_dagrun for dataset_produces_2 to None, run_after=None
[2022-12-03T05:10:28.955+0000] {processor.py:175} INFO - Processing /home/airflow/.local/lib/python3.7/site-packages/airflow/example_dags/example_datasets.py took 0.261 seconds
[2022-12-03T05:10:59.473+0000] {processor.py:153} INFO - Started process (PID=1045) to work on /home/airflow/.local/lib/python3.7/site-packages/airflow/example_dags/example_datasets.py
[2022-12-03T05:10:59.478+0000] {processor.py:743} INFO - Processing file /home/airflow/.local/lib/python3.7/site-packages/airflow/example_dags/example_datasets.py for tasks to queue
[2022-12-03T05:10:59.481+0000] {logging_mixin.py:137} INFO - [2022-12-03T05:10:59.480+0000] {dagbag.py:538} INFO - Filling up the DagBag from /home/airflow/.local/lib/python3.7/site-packages/airflow/example_dags/example_datasets.py
[2022-12-03T05:10:59.510+0000] {processor.py:753} INFO - DAG(s) dict_keys(['dataset_consumes_unknown_never_scheduled', 'dataset_consumes_1_never_scheduled', 'dataset_produces_1', 'dataset_consumes_1', 'dataset_produces_2', 'dataset_consumes_1_and_2']) retrieved from /home/airflow/.local/lib/python3.7/site-packages/airflow/example_dags/example_datasets.py
[2022-12-03T05:10:59.580+0000] {logging_mixin.py:137} INFO - [2022-12-03T05:10:59.580+0000] {dag.py:2676} INFO - Sync 6 DAGs
[2022-12-03T05:10:59.599+0000] {logging_mixin.py:137} INFO - [2022-12-03T05:10:59.599+0000] {dag.py:3427} INFO - Setting next_dagrun for dataset_consumes_1 to None, run_after=None
[2022-12-03T05:10:59.603+0000] {logging_mixin.py:137} INFO - [2022-12-03T05:10:59.603+0000] {dag.py:3427} INFO - Setting next_dagrun for dataset_consumes_1_and_2 to None, run_after=None
[2022-12-03T05:10:59.605+0000] {logging_mixin.py:137} INFO - [2022-12-03T05:10:59.605+0000] {dag.py:3427} INFO - Setting next_dagrun for dataset_consumes_1_never_scheduled to None, run_after=None
[2022-12-03T05:10:59.609+0000] {logging_mixin.py:137} INFO - [2022-12-03T05:10:59.609+0000] {dag.py:3427} INFO - Setting next_dagrun for dataset_consumes_unknown_never_scheduled to None, run_after=None
[2022-12-03T05:10:59.612+0000] {logging_mixin.py:137} INFO - [2022-12-03T05:10:59.612+0000] {dag.py:3427} INFO - Setting next_dagrun for dataset_produces_1 to 2022-12-02T00:00:00+00:00, run_after=2022-12-03T00:00:00+00:00
[2022-12-03T05:10:59.614+0000] {logging_mixin.py:137} INFO - [2022-12-03T05:10:59.614+0000] {dag.py:3427} INFO - Setting next_dagrun for dataset_produces_2 to None, run_after=None
[2022-12-03T05:10:59.662+0000] {processor.py:175} INFO - Processing /home/airflow/.local/lib/python3.7/site-packages/airflow/example_dags/example_datasets.py took 0.196 seconds
[2022-12-03T05:11:29.968+0000] {processor.py:153} INFO - Started process (PID=1270) to work on /home/airflow/.local/lib/python3.7/site-packages/airflow/example_dags/example_datasets.py
[2022-12-03T05:11:29.973+0000] {processor.py:743} INFO - Processing file /home/airflow/.local/lib/python3.7/site-packages/airflow/example_dags/example_datasets.py for tasks to queue
[2022-12-03T05:11:29.974+0000] {logging_mixin.py:137} INFO - [2022-12-03T05:11:29.974+0000] {dagbag.py:538} INFO - Filling up the DagBag from /home/airflow/.local/lib/python3.7/site-packages/airflow/example_dags/example_datasets.py
[2022-12-03T05:11:30.008+0000] {processor.py:753} INFO - DAG(s) dict_keys(['dataset_consumes_1_and_2', 'dataset_consumes_1_never_scheduled', 'dataset_consumes_unknown_never_scheduled', 'dataset_produces_2', 'dataset_produces_1', 'dataset_consumes_1']) retrieved from /home/airflow/.local/lib/python3.7/site-packages/airflow/example_dags/example_datasets.py
[2022-12-03T05:11:30.074+0000] {logging_mixin.py:137} INFO - [2022-12-03T05:11:30.074+0000] {dag.py:2676} INFO - Sync 6 DAGs
[2022-12-03T05:11:30.104+0000] {logging_mixin.py:137} INFO - [2022-12-03T05:11:30.104+0000] {dag.py:3427} INFO - Setting next_dagrun for dataset_consumes_1 to None, run_after=None
[2022-12-03T05:11:30.111+0000] {logging_mixin.py:137} INFO - [2022-12-03T05:11:30.111+0000] {dag.py:3427} INFO - Setting next_dagrun for dataset_consumes_1_and_2 to None, run_after=None
[2022-12-03T05:11:30.115+0000] {logging_mixin.py:137} INFO - [2022-12-03T05:11:30.115+0000] {dag.py:3427} INFO - Setting next_dagrun for dataset_consumes_1_never_scheduled to None, run_after=None
[2022-12-03T05:11:30.123+0000] {logging_mixin.py:137} INFO - [2022-12-03T05:11:30.123+0000] {dag.py:3427} INFO - Setting next_dagrun for dataset_consumes_unknown_never_scheduled to None, run_after=None
[2022-12-03T05:11:30.126+0000] {logging_mixin.py:137} INFO - [2022-12-03T05:11:30.126+0000] {dag.py:3427} INFO - Setting next_dagrun for dataset_produces_1 to 2022-12-02T00:00:00+00:00, run_after=2022-12-03T00:00:00+00:00
[2022-12-03T05:11:30.128+0000] {logging_mixin.py:137} INFO - [2022-12-03T05:11:30.128+0000] {dag.py:3427} INFO - Setting next_dagrun for dataset_produces_2 to None, run_after=None
[2022-12-03T05:11:30.157+0000] {processor.py:175} INFO - Processing /home/airflow/.local/lib/python3.7/site-packages/airflow/example_dags/example_datasets.py took 0.195 seconds
[2022-12-03T05:12:00.982+0000] {processor.py:153} INFO - Started process (PID=1484) to work on /home/airflow/.local/lib/python3.7/site-packages/airflow/example_dags/example_datasets.py
[2022-12-03T05:12:00.985+0000] {processor.py:743} INFO - Processing file /home/airflow/.local/lib/python3.7/site-packages/airflow/example_dags/example_datasets.py for tasks to queue
[2022-12-03T05:12:00.988+0000] {logging_mixin.py:137} INFO - [2022-12-03T05:12:00.988+0000] {dagbag.py:538} INFO - Filling up the DagBag from /home/airflow/.local/lib/python3.7/site-packages/airflow/example_dags/example_datasets.py
[2022-12-03T05:12:01.014+0000] {processor.py:753} INFO - DAG(s) dict_keys(['dataset_produces_1', 'dataset_consumes_1_and_2', 'dataset_consumes_unknown_never_scheduled', 'dataset_produces_2', 'dataset_consumes_1', 'dataset_consumes_1_never_scheduled']) retrieved from /home/airflow/.local/lib/python3.7/site-packages/airflow/example_dags/example_datasets.py
[2022-12-03T05:12:01.082+0000] {logging_mixin.py:137} INFO - [2022-12-03T05:12:01.082+0000] {dag.py:2676} INFO - Sync 6 DAGs
[2022-12-03T05:12:01.104+0000] {logging_mixin.py:137} INFO - [2022-12-03T05:12:01.104+0000] {dag.py:3427} INFO - Setting next_dagrun for dataset_consumes_1 to None, run_after=None
[2022-12-03T05:12:01.108+0000] {logging_mixin.py:137} INFO - [2022-12-03T05:12:01.108+0000] {dag.py:3427} INFO - Setting next_dagrun for dataset_consumes_1_and_2 to None, run_after=None
[2022-12-03T05:12:01.109+0000] {logging_mixin.py:137} INFO - [2022-12-03T05:12:01.109+0000] {dag.py:3427} INFO - Setting next_dagrun for dataset_consumes_1_never_scheduled to None, run_after=None
[2022-12-03T05:12:01.111+0000] {logging_mixin.py:137} INFO - [2022-12-03T05:12:01.111+0000] {dag.py:3427} INFO - Setting next_dagrun for dataset_consumes_unknown_never_scheduled to None, run_after=None
[2022-12-03T05:12:01.115+0000] {logging_mixin.py:137} INFO - [2022-12-03T05:12:01.115+0000] {dag.py:3427} INFO - Setting next_dagrun for dataset_produces_1 to 2022-12-02T00:00:00+00:00, run_after=2022-12-03T00:00:00+00:00
[2022-12-03T05:12:01.117+0000] {logging_mixin.py:137} INFO - [2022-12-03T05:12:01.117+0000] {dag.py:3427} INFO - Setting next_dagrun for dataset_produces_2 to None, run_after=None
[2022-12-03T05:12:01.157+0000] {processor.py:175} INFO - Processing /home/airflow/.local/lib/python3.7/site-packages/airflow/example_dags/example_datasets.py took 0.181 seconds
[2022-12-03T05:12:31.841+0000] {processor.py:153} INFO - Started process (PID=1711) to work on /home/airflow/.local/lib/python3.7/site-packages/airflow/example_dags/example_datasets.py
[2022-12-03T05:12:31.844+0000] {processor.py:743} INFO - Processing file /home/airflow/.local/lib/python3.7/site-packages/airflow/example_dags/example_datasets.py for tasks to queue
[2022-12-03T05:12:31.846+0000] {logging_mixin.py:137} INFO - [2022-12-03T05:12:31.846+0000] {dagbag.py:538} INFO - Filling up the DagBag from /home/airflow/.local/lib/python3.7/site-packages/airflow/example_dags/example_datasets.py
[2022-12-03T05:12:31.878+0000] {processor.py:753} INFO - DAG(s) dict_keys(['dataset_produces_1', 'dataset_consumes_unknown_never_scheduled', 'dataset_consumes_1', 'dataset_consumes_1_and_2', 'dataset_consumes_1_never_scheduled', 'dataset_produces_2']) retrieved from /home/airflow/.local/lib/python3.7/site-packages/airflow/example_dags/example_datasets.py
[2022-12-03T05:12:32.003+0000] {logging_mixin.py:137} INFO - [2022-12-03T05:12:32.003+0000] {dag.py:2676} INFO - Sync 6 DAGs
[2022-12-03T05:12:32.025+0000] {logging_mixin.py:137} INFO - [2022-12-03T05:12:32.025+0000] {dag.py:3427} INFO - Setting next_dagrun for dataset_consumes_1 to None, run_after=None
[2022-12-03T05:12:32.028+0000] {logging_mixin.py:137} INFO - [2022-12-03T05:12:32.028+0000] {dag.py:3427} INFO - Setting next_dagrun for dataset_consumes_1_and_2 to None, run_after=None
[2022-12-03T05:12:32.031+0000] {logging_mixin.py:137} INFO - [2022-12-03T05:12:32.031+0000] {dag.py:3427} INFO - Setting next_dagrun for dataset_consumes_1_never_scheduled to None, run_after=None
[2022-12-03T05:12:32.033+0000] {logging_mixin.py:137} INFO - [2022-12-03T05:12:32.033+0000] {dag.py:3427} INFO - Setting next_dagrun for dataset_consumes_unknown_never_scheduled to None, run_after=None
[2022-12-03T05:12:32.035+0000] {logging_mixin.py:137} INFO - [2022-12-03T05:12:32.035+0000] {dag.py:3427} INFO - Setting next_dagrun for dataset_produces_1 to 2022-12-02T00:00:00+00:00, run_after=2022-12-03T00:00:00+00:00
[2022-12-03T05:12:32.036+0000] {logging_mixin.py:137} INFO - [2022-12-03T05:12:32.036+0000] {dag.py:3427} INFO - Setting next_dagrun for dataset_produces_2 to None, run_after=None
[2022-12-03T05:12:32.072+0000] {processor.py:175} INFO - Processing /home/airflow/.local/lib/python3.7/site-packages/airflow/example_dags/example_datasets.py took 0.245 seconds
[2022-12-03T05:13:02.180+0000] {processor.py:153} INFO - Started process (PID=1926) to work on /home/airflow/.local/lib/python3.7/site-packages/airflow/example_dags/example_datasets.py
[2022-12-03T05:13:02.185+0000] {processor.py:743} INFO - Processing file /home/airflow/.local/lib/python3.7/site-packages/airflow/example_dags/example_datasets.py for tasks to queue
[2022-12-03T05:13:02.190+0000] {logging_mixin.py:137} INFO - [2022-12-03T05:13:02.190+0000] {dagbag.py:538} INFO - Filling up the DagBag from /home/airflow/.local/lib/python3.7/site-packages/airflow/example_dags/example_datasets.py
[2022-12-03T05:13:02.221+0000] {processor.py:753} INFO - DAG(s) dict_keys(['dataset_consumes_unknown_never_scheduled', 'dataset_consumes_1', 'dataset_consumes_1_and_2', 'dataset_produces_2', 'dataset_produces_1', 'dataset_consumes_1_never_scheduled']) retrieved from /home/airflow/.local/lib/python3.7/site-packages/airflow/example_dags/example_datasets.py
[2022-12-03T05:13:02.289+0000] {logging_mixin.py:137} INFO - [2022-12-03T05:13:02.289+0000] {dag.py:2676} INFO - Sync 6 DAGs
[2022-12-03T05:13:02.309+0000] {logging_mixin.py:137} INFO - [2022-12-03T05:13:02.309+0000] {dag.py:3427} INFO - Setting next_dagrun for dataset_consumes_1 to None, run_after=None
[2022-12-03T05:13:02.314+0000] {logging_mixin.py:137} INFO - [2022-12-03T05:13:02.314+0000] {dag.py:3427} INFO - Setting next_dagrun for dataset_consumes_1_and_2 to None, run_after=None
[2022-12-03T05:13:02.320+0000] {logging_mixin.py:137} INFO - [2022-12-03T05:13:02.320+0000] {dag.py:3427} INFO - Setting next_dagrun for dataset_consumes_1_never_scheduled to None, run_after=None
[2022-12-03T05:13:02.326+0000] {logging_mixin.py:137} INFO - [2022-12-03T05:13:02.326+0000] {dag.py:3427} INFO - Setting next_dagrun for dataset_consumes_unknown_never_scheduled to None, run_after=None
[2022-12-03T05:13:02.335+0000] {logging_mixin.py:137} INFO - [2022-12-03T05:13:02.335+0000] {dag.py:3427} INFO - Setting next_dagrun for dataset_produces_1 to 2022-12-02T00:00:00+00:00, run_after=2022-12-03T00:00:00+00:00
[2022-12-03T05:13:02.345+0000] {logging_mixin.py:137} INFO - [2022-12-03T05:13:02.345+0000] {dag.py:3427} INFO - Setting next_dagrun for dataset_produces_2 to None, run_after=None
[2022-12-03T05:13:02.416+0000] {processor.py:175} INFO - Processing /home/airflow/.local/lib/python3.7/site-packages/airflow/example_dags/example_datasets.py took 0.246 seconds
[2022-12-03T05:13:33.238+0000] {processor.py:153} INFO - Started process (PID=2152) to work on /home/airflow/.local/lib/python3.7/site-packages/airflow/example_dags/example_datasets.py
[2022-12-03T05:13:33.240+0000] {processor.py:743} INFO - Processing file /home/airflow/.local/lib/python3.7/site-packages/airflow/example_dags/example_datasets.py for tasks to queue
[2022-12-03T05:13:33.242+0000] {logging_mixin.py:137} INFO - [2022-12-03T05:13:33.242+0000] {dagbag.py:538} INFO - Filling up the DagBag from /home/airflow/.local/lib/python3.7/site-packages/airflow/example_dags/example_datasets.py
[2022-12-03T05:13:33.267+0000] {processor.py:753} INFO - DAG(s) dict_keys(['dataset_produces_1', 'dataset_consumes_1_and_2', 'dataset_consumes_unknown_never_scheduled', 'dataset_produces_2', 'dataset_consumes_1_never_scheduled', 'dataset_consumes_1']) retrieved from /home/airflow/.local/lib/python3.7/site-packages/airflow/example_dags/example_datasets.py
[2022-12-03T05:13:33.337+0000] {logging_mixin.py:137} INFO - [2022-12-03T05:13:33.337+0000] {dag.py:2676} INFO - Sync 6 DAGs
[2022-12-03T05:13:33.383+0000] {logging_mixin.py:137} INFO - [2022-12-03T05:13:33.383+0000] {dag.py:3427} INFO - Setting next_dagrun for dataset_consumes_1 to None, run_after=None
[2022-12-03T05:13:33.387+0000] {logging_mixin.py:137} INFO - [2022-12-03T05:13:33.387+0000] {dag.py:3427} INFO - Setting next_dagrun for dataset_consumes_1_and_2 to None, run_after=None
[2022-12-03T05:13:33.390+0000] {logging_mixin.py:137} INFO - [2022-12-03T05:13:33.389+0000] {dag.py:3427} INFO - Setting next_dagrun for dataset_consumes_1_never_scheduled to None, run_after=None
[2022-12-03T05:13:33.391+0000] {logging_mixin.py:137} INFO - [2022-12-03T05:13:33.391+0000] {dag.py:3427} INFO - Setting next_dagrun for dataset_consumes_unknown_never_scheduled to None, run_after=None
[2022-12-03T05:13:33.394+0000] {logging_mixin.py:137} INFO - [2022-12-03T05:13:33.394+0000] {dag.py:3427} INFO - Setting next_dagrun for dataset_produces_1 to 2022-12-02T00:00:00+00:00, run_after=2022-12-03T00:00:00+00:00
[2022-12-03T05:13:33.395+0000] {logging_mixin.py:137} INFO - [2022-12-03T05:13:33.395+0000] {dag.py:3427} INFO - Setting next_dagrun for dataset_produces_2 to None, run_after=None
[2022-12-03T05:13:33.426+0000] {processor.py:175} INFO - Processing /home/airflow/.local/lib/python3.7/site-packages/airflow/example_dags/example_datasets.py took 0.194 seconds
[2022-12-03T05:14:03.693+0000] {processor.py:153} INFO - Started process (PID=2366) to work on /home/airflow/.local/lib/python3.7/site-packages/airflow/example_dags/example_datasets.py
[2022-12-03T05:14:03.701+0000] {processor.py:743} INFO - Processing file /home/airflow/.local/lib/python3.7/site-packages/airflow/example_dags/example_datasets.py for tasks to queue
[2022-12-03T05:14:03.708+0000] {logging_mixin.py:137} INFO - [2022-12-03T05:14:03.707+0000] {dagbag.py:538} INFO - Filling up the DagBag from /home/airflow/.local/lib/python3.7/site-packages/airflow/example_dags/example_datasets.py
[2022-12-03T05:14:03.777+0000] {processor.py:753} INFO - DAG(s) dict_keys(['dataset_produces_1', 'dataset_consumes_unknown_never_scheduled', 'dataset_consumes_1_never_scheduled', 'dataset_produces_2', 'dataset_consumes_1', 'dataset_consumes_1_and_2']) retrieved from /home/airflow/.local/lib/python3.7/site-packages/airflow/example_dags/example_datasets.py
[2022-12-03T05:14:03.900+0000] {logging_mixin.py:137} INFO - [2022-12-03T05:14:03.900+0000] {dag.py:2676} INFO - Sync 6 DAGs
[2022-12-03T05:14:03.925+0000] {logging_mixin.py:137} INFO - [2022-12-03T05:14:03.925+0000] {dag.py:3427} INFO - Setting next_dagrun for dataset_consumes_1 to None, run_after=None
[2022-12-03T05:14:03.928+0000] {logging_mixin.py:137} INFO - [2022-12-03T05:14:03.928+0000] {dag.py:3427} INFO - Setting next_dagrun for dataset_consumes_1_and_2 to None, run_after=None
[2022-12-03T05:14:03.930+0000] {logging_mixin.py:137} INFO - [2022-12-03T05:14:03.929+0000] {dag.py:3427} INFO - Setting next_dagrun for dataset_consumes_1_never_scheduled to None, run_after=None
[2022-12-03T05:14:03.931+0000] {logging_mixin.py:137} INFO - [2022-12-03T05:14:03.931+0000] {dag.py:3427} INFO - Setting next_dagrun for dataset_consumes_unknown_never_scheduled to None, run_after=None
[2022-12-03T05:14:03.938+0000] {logging_mixin.py:137} INFO - [2022-12-03T05:14:03.938+0000] {dag.py:3427} INFO - Setting next_dagrun for dataset_produces_1 to 2022-12-02T00:00:00+00:00, run_after=2022-12-03T00:00:00+00:00
[2022-12-03T05:14:03.942+0000] {logging_mixin.py:137} INFO - [2022-12-03T05:14:03.942+0000] {dag.py:3427} INFO - Setting next_dagrun for dataset_produces_2 to None, run_after=None
[2022-12-03T05:14:03.971+0000] {processor.py:175} INFO - Processing /home/airflow/.local/lib/python3.7/site-packages/airflow/example_dags/example_datasets.py took 0.297 seconds
[2022-12-03T05:14:34.164+0000] {processor.py:153} INFO - Started process (PID=2591) to work on /home/airflow/.local/lib/python3.7/site-packages/airflow/example_dags/example_datasets.py
[2022-12-03T05:14:34.173+0000] {processor.py:743} INFO - Processing file /home/airflow/.local/lib/python3.7/site-packages/airflow/example_dags/example_datasets.py for tasks to queue
[2022-12-03T05:14:34.185+0000] {logging_mixin.py:137} INFO - [2022-12-03T05:14:34.185+0000] {dagbag.py:538} INFO - Filling up the DagBag from /home/airflow/.local/lib/python3.7/site-packages/airflow/example_dags/example_datasets.py
[2022-12-03T05:14:34.222+0000] {processor.py:753} INFO - DAG(s) dict_keys(['dataset_consumes_1_and_2', 'dataset_consumes_1_never_scheduled', 'dataset_produces_2', 'dataset_produces_1', 'dataset_consumes_unknown_never_scheduled', 'dataset_consumes_1']) retrieved from /home/airflow/.local/lib/python3.7/site-packages/airflow/example_dags/example_datasets.py
[2022-12-03T05:14:34.313+0000] {logging_mixin.py:137} INFO - [2022-12-03T05:14:34.313+0000] {dag.py:2676} INFO - Sync 6 DAGs
[2022-12-03T05:14:34.409+0000] {logging_mixin.py:137} INFO - [2022-12-03T05:14:34.409+0000] {dag.py:3427} INFO - Setting next_dagrun for dataset_consumes_1 to None, run_after=None
[2022-12-03T05:14:34.416+0000] {logging_mixin.py:137} INFO - [2022-12-03T05:14:34.416+0000] {dag.py:3427} INFO - Setting next_dagrun for dataset_consumes_1_and_2 to None, run_after=None
[2022-12-03T05:14:34.419+0000] {logging_mixin.py:137} INFO - [2022-12-03T05:14:34.418+0000] {dag.py:3427} INFO - Setting next_dagrun for dataset_consumes_1_never_scheduled to None, run_after=None
[2022-12-03T05:14:34.426+0000] {logging_mixin.py:137} INFO - [2022-12-03T05:14:34.426+0000] {dag.py:3427} INFO - Setting next_dagrun for dataset_consumes_unknown_never_scheduled to None, run_after=None
[2022-12-03T05:14:34.434+0000] {logging_mixin.py:137} INFO - [2022-12-03T05:14:34.434+0000] {dag.py:3427} INFO - Setting next_dagrun for dataset_produces_1 to 2022-12-02T00:00:00+00:00, run_after=2022-12-03T00:00:00+00:00
[2022-12-03T05:14:34.445+0000] {logging_mixin.py:137} INFO - [2022-12-03T05:14:34.444+0000] {dag.py:3427} INFO - Setting next_dagrun for dataset_produces_2 to None, run_after=None
[2022-12-03T05:14:34.557+0000] {processor.py:175} INFO - Processing /home/airflow/.local/lib/python3.7/site-packages/airflow/example_dags/example_datasets.py took 0.400 seconds
[2022-12-03T05:15:04.846+0000] {processor.py:153} INFO - Started process (PID=2806) to work on /home/airflow/.local/lib/python3.7/site-packages/airflow/example_dags/example_datasets.py
[2022-12-03T05:15:04.850+0000] {processor.py:743} INFO - Processing file /home/airflow/.local/lib/python3.7/site-packages/airflow/example_dags/example_datasets.py for tasks to queue
[2022-12-03T05:15:04.854+0000] {logging_mixin.py:137} INFO - [2022-12-03T05:15:04.854+0000] {dagbag.py:538} INFO - Filling up the DagBag from /home/airflow/.local/lib/python3.7/site-packages/airflow/example_dags/example_datasets.py
[2022-12-03T05:15:04.901+0000] {processor.py:753} INFO - DAG(s) dict_keys(['dataset_consumes_1_and_2', 'dataset_consumes_1_never_scheduled', 'dataset_produces_2', 'dataset_consumes_unknown_never_scheduled', 'dataset_consumes_1', 'dataset_produces_1']) retrieved from /home/airflow/.local/lib/python3.7/site-packages/airflow/example_dags/example_datasets.py
[2022-12-03T05:15:04.971+0000] {logging_mixin.py:137} INFO - [2022-12-03T05:15:04.971+0000] {dag.py:2676} INFO - Sync 6 DAGs
[2022-12-03T05:15:04.991+0000] {logging_mixin.py:137} INFO - [2022-12-03T05:15:04.991+0000] {dag.py:3427} INFO - Setting next_dagrun for dataset_consumes_1 to None, run_after=None
[2022-12-03T05:15:04.997+0000] {logging_mixin.py:137} INFO - [2022-12-03T05:15:04.997+0000] {dag.py:3427} INFO - Setting next_dagrun for dataset_consumes_1_and_2 to None, run_after=None
[2022-12-03T05:15:04.999+0000] {logging_mixin.py:137} INFO - [2022-12-03T05:15:04.999+0000] {dag.py:3427} INFO - Setting next_dagrun for dataset_consumes_1_never_scheduled to None, run_after=None
[2022-12-03T05:15:05.001+0000] {logging_mixin.py:137} INFO - [2022-12-03T05:15:05.001+0000] {dag.py:3427} INFO - Setting next_dagrun for dataset_consumes_unknown_never_scheduled to None, run_after=None
[2022-12-03T05:15:05.003+0000] {logging_mixin.py:137} INFO - [2022-12-03T05:15:05.003+0000] {dag.py:3427} INFO - Setting next_dagrun for dataset_produces_1 to 2022-12-02T00:00:00+00:00, run_after=2022-12-03T00:00:00+00:00
[2022-12-03T05:15:05.005+0000] {logging_mixin.py:137} INFO - [2022-12-03T05:15:05.005+0000] {dag.py:3427} INFO - Setting next_dagrun for dataset_produces_2 to None, run_after=None
[2022-12-03T05:15:05.030+0000] {processor.py:175} INFO - Processing /home/airflow/.local/lib/python3.7/site-packages/airflow/example_dags/example_datasets.py took 0.199 seconds
[2022-12-03T05:15:35.561+0000] {processor.py:153} INFO - Started process (PID=3020) to work on /home/airflow/.local/lib/python3.7/site-packages/airflow/example_dags/example_datasets.py
[2022-12-03T05:15:35.563+0000] {processor.py:743} INFO - Processing file /home/airflow/.local/lib/python3.7/site-packages/airflow/example_dags/example_datasets.py for tasks to queue
[2022-12-03T05:15:35.565+0000] {logging_mixin.py:137} INFO - [2022-12-03T05:15:35.564+0000] {dagbag.py:538} INFO - Filling up the DagBag from /home/airflow/.local/lib/python3.7/site-packages/airflow/example_dags/example_datasets.py
[2022-12-03T05:15:35.589+0000] {processor.py:753} INFO - DAG(s) dict_keys(['dataset_consumes_1_and_2', 'dataset_consumes_1', 'dataset_produces_1', 'dataset_consumes_unknown_never_scheduled', 'dataset_produces_2', 'dataset_consumes_1_never_scheduled']) retrieved from /home/airflow/.local/lib/python3.7/site-packages/airflow/example_dags/example_datasets.py
[2022-12-03T05:15:35.658+0000] {logging_mixin.py:137} INFO - [2022-12-03T05:15:35.658+0000] {dag.py:2676} INFO - Sync 6 DAGs
[2022-12-03T05:15:35.681+0000] {logging_mixin.py:137} INFO - [2022-12-03T05:15:35.680+0000] {dag.py:3427} INFO - Setting next_dagrun for dataset_consumes_1 to None, run_after=None
[2022-12-03T05:15:35.685+0000] {logging_mixin.py:137} INFO - [2022-12-03T05:15:35.685+0000] {dag.py:3427} INFO - Setting next_dagrun for dataset_consumes_1_and_2 to None, run_after=None
[2022-12-03T05:15:35.687+0000] {logging_mixin.py:137} INFO - [2022-12-03T05:15:35.686+0000] {dag.py:3427} INFO - Setting next_dagrun for dataset_consumes_1_never_scheduled to None, run_after=None
[2022-12-03T05:15:35.688+0000] {logging_mixin.py:137} INFO - [2022-12-03T05:15:35.688+0000] {dag.py:3427} INFO - Setting next_dagrun for dataset_consumes_unknown_never_scheduled to None, run_after=None
[2022-12-03T05:15:35.690+0000] {logging_mixin.py:137} INFO - [2022-12-03T05:15:35.690+0000] {dag.py:3427} INFO - Setting next_dagrun for dataset_produces_1 to 2022-12-02T00:00:00+00:00, run_after=2022-12-03T00:00:00+00:00
[2022-12-03T05:15:35.692+0000] {logging_mixin.py:137} INFO - [2022-12-03T05:15:35.692+0000] {dag.py:3427} INFO - Setting next_dagrun for dataset_produces_2 to None, run_after=None
[2022-12-03T05:15:35.731+0000] {processor.py:175} INFO - Processing /home/airflow/.local/lib/python3.7/site-packages/airflow/example_dags/example_datasets.py took 0.175 seconds
[2022-12-03T05:16:06.502+0000] {processor.py:153} INFO - Started process (PID=3246) to work on /home/airflow/.local/lib/python3.7/site-packages/airflow/example_dags/example_datasets.py
[2022-12-03T05:16:06.507+0000] {processor.py:743} INFO - Processing file /home/airflow/.local/lib/python3.7/site-packages/airflow/example_dags/example_datasets.py for tasks to queue
[2022-12-03T05:16:06.516+0000] {logging_mixin.py:137} INFO - [2022-12-03T05:16:06.516+0000] {dagbag.py:538} INFO - Filling up the DagBag from /home/airflow/.local/lib/python3.7/site-packages/airflow/example_dags/example_datasets.py
[2022-12-03T05:16:06.573+0000] {processor.py:753} INFO - DAG(s) dict_keys(['dataset_consumes_1_and_2', 'dataset_consumes_1_never_scheduled', 'dataset_produces_2', 'dataset_consumes_1', 'dataset_produces_1', 'dataset_consumes_unknown_never_scheduled']) retrieved from /home/airflow/.local/lib/python3.7/site-packages/airflow/example_dags/example_datasets.py
[2022-12-03T05:16:06.689+0000] {logging_mixin.py:137} INFO - [2022-12-03T05:16:06.689+0000] {dag.py:2676} INFO - Sync 6 DAGs
[2022-12-03T05:16:06.740+0000] {logging_mixin.py:137} INFO - [2022-12-03T05:16:06.740+0000] {dag.py:3427} INFO - Setting next_dagrun for dataset_consumes_1 to None, run_after=None
[2022-12-03T05:16:06.745+0000] {logging_mixin.py:137} INFO - [2022-12-03T05:16:06.745+0000] {dag.py:3427} INFO - Setting next_dagrun for dataset_consumes_1_and_2 to None, run_after=None
[2022-12-03T05:16:06.748+0000] {logging_mixin.py:137} INFO - [2022-12-03T05:16:06.748+0000] {dag.py:3427} INFO - Setting next_dagrun for dataset_consumes_1_never_scheduled to None, run_after=None
[2022-12-03T05:16:06.751+0000] {logging_mixin.py:137} INFO - [2022-12-03T05:16:06.751+0000] {dag.py:3427} INFO - Setting next_dagrun for dataset_consumes_unknown_never_scheduled to None, run_after=None
[2022-12-03T05:16:06.753+0000] {logging_mixin.py:137} INFO - [2022-12-03T05:16:06.753+0000] {dag.py:3427} INFO - Setting next_dagrun for dataset_produces_1 to 2022-12-02T00:00:00+00:00, run_after=2022-12-03T00:00:00+00:00
[2022-12-03T05:16:06.755+0000] {logging_mixin.py:137} INFO - [2022-12-03T05:16:06.755+0000] {dag.py:3427} INFO - Setting next_dagrun for dataset_produces_2 to None, run_after=None
[2022-12-03T05:16:06.788+0000] {processor.py:175} INFO - Processing /home/airflow/.local/lib/python3.7/site-packages/airflow/example_dags/example_datasets.py took 0.304 seconds
[2022-12-03T05:16:37.381+0000] {processor.py:153} INFO - Started process (PID=3471) to work on /home/airflow/.local/lib/python3.7/site-packages/airflow/example_dags/example_datasets.py
[2022-12-03T05:16:37.386+0000] {processor.py:743} INFO - Processing file /home/airflow/.local/lib/python3.7/site-packages/airflow/example_dags/example_datasets.py for tasks to queue
[2022-12-03T05:16:37.389+0000] {logging_mixin.py:137} INFO - [2022-12-03T05:16:37.389+0000] {dagbag.py:538} INFO - Filling up the DagBag from /home/airflow/.local/lib/python3.7/site-packages/airflow/example_dags/example_datasets.py
[2022-12-03T05:16:37.420+0000] {processor.py:753} INFO - DAG(s) dict_keys(['dataset_consumes_1_and_2', 'dataset_produces_2', 'dataset_consumes_unknown_never_scheduled', 'dataset_consumes_1', 'dataset_produces_1', 'dataset_consumes_1_never_scheduled']) retrieved from /home/airflow/.local/lib/python3.7/site-packages/airflow/example_dags/example_datasets.py
[2022-12-03T05:16:37.474+0000] {logging_mixin.py:137} INFO - [2022-12-03T05:16:37.474+0000] {dag.py:2676} INFO - Sync 6 DAGs
[2022-12-03T05:16:37.493+0000] {logging_mixin.py:137} INFO - [2022-12-03T05:16:37.493+0000] {dag.py:3427} INFO - Setting next_dagrun for dataset_consumes_1 to None, run_after=None
[2022-12-03T05:16:37.497+0000] {logging_mixin.py:137} INFO - [2022-12-03T05:16:37.497+0000] {dag.py:3427} INFO - Setting next_dagrun for dataset_consumes_1_and_2 to None, run_after=None
[2022-12-03T05:16:37.500+0000] {logging_mixin.py:137} INFO - [2022-12-03T05:16:37.500+0000] {dag.py:3427} INFO - Setting next_dagrun for dataset_consumes_1_never_scheduled to None, run_after=None
[2022-12-03T05:16:37.501+0000] {logging_mixin.py:137} INFO - [2022-12-03T05:16:37.501+0000] {dag.py:3427} INFO - Setting next_dagrun for dataset_consumes_unknown_never_scheduled to None, run_after=None
[2022-12-03T05:16:37.504+0000] {logging_mixin.py:137} INFO - [2022-12-03T05:16:37.504+0000] {dag.py:3427} INFO - Setting next_dagrun for dataset_produces_1 to 2022-12-02T00:00:00+00:00, run_after=2022-12-03T00:00:00+00:00
[2022-12-03T05:16:37.505+0000] {logging_mixin.py:137} INFO - [2022-12-03T05:16:37.505+0000] {dag.py:3427} INFO - Setting next_dagrun for dataset_produces_2 to None, run_after=None
[2022-12-03T05:16:37.529+0000] {processor.py:175} INFO - Processing /home/airflow/.local/lib/python3.7/site-packages/airflow/example_dags/example_datasets.py took 0.154 seconds
[2022-12-03T05:17:08.518+0000] {processor.py:153} INFO - Started process (PID=3685) to work on /home/airflow/.local/lib/python3.7/site-packages/airflow/example_dags/example_datasets.py
[2022-12-03T05:17:08.521+0000] {processor.py:743} INFO - Processing file /home/airflow/.local/lib/python3.7/site-packages/airflow/example_dags/example_datasets.py for tasks to queue
[2022-12-03T05:17:08.523+0000] {logging_mixin.py:137} INFO - [2022-12-03T05:17:08.523+0000] {dagbag.py:538} INFO - Filling up the DagBag from /home/airflow/.local/lib/python3.7/site-packages/airflow/example_dags/example_datasets.py
[2022-12-03T05:17:08.556+0000] {processor.py:753} INFO - DAG(s) dict_keys(['dataset_consumes_1_never_scheduled', 'dataset_consumes_1_and_2', 'dataset_consumes_unknown_never_scheduled', 'dataset_consumes_1', 'dataset_produces_2', 'dataset_produces_1']) retrieved from /home/airflow/.local/lib/python3.7/site-packages/airflow/example_dags/example_datasets.py
[2022-12-03T05:17:08.623+0000] {logging_mixin.py:137} INFO - [2022-12-03T05:17:08.623+0000] {dag.py:2676} INFO - Sync 6 DAGs
[2022-12-03T05:17:08.642+0000] {logging_mixin.py:137} INFO - [2022-12-03T05:17:08.642+0000] {dag.py:3427} INFO - Setting next_dagrun for dataset_consumes_1 to None, run_after=None
[2022-12-03T05:17:08.646+0000] {logging_mixin.py:137} INFO - [2022-12-03T05:17:08.646+0000] {dag.py:3427} INFO - Setting next_dagrun for dataset_consumes_1_and_2 to None, run_after=None
[2022-12-03T05:17:08.647+0000] {logging_mixin.py:137} INFO - [2022-12-03T05:17:08.647+0000] {dag.py:3427} INFO - Setting next_dagrun for dataset_consumes_1_never_scheduled to None, run_after=None
[2022-12-03T05:17:08.648+0000] {logging_mixin.py:137} INFO - [2022-12-03T05:17:08.648+0000] {dag.py:3427} INFO - Setting next_dagrun for dataset_consumes_unknown_never_scheduled to None, run_after=None
[2022-12-03T05:17:08.651+0000] {logging_mixin.py:137} INFO - [2022-12-03T05:17:08.651+0000] {dag.py:3427} INFO - Setting next_dagrun for dataset_produces_1 to 2022-12-02T00:00:00+00:00, run_after=2022-12-03T00:00:00+00:00
[2022-12-03T05:17:08.652+0000] {logging_mixin.py:137} INFO - [2022-12-03T05:17:08.652+0000] {dag.py:3427} INFO - Setting next_dagrun for dataset_produces_2 to None, run_after=None
[2022-12-03T05:17:08.678+0000] {processor.py:175} INFO - Processing /home/airflow/.local/lib/python3.7/site-packages/airflow/example_dags/example_datasets.py took 0.174 seconds
[2022-12-03T05:17:39.069+0000] {processor.py:153} INFO - Started process (PID=3911) to work on /home/airflow/.local/lib/python3.7/site-packages/airflow/example_dags/example_datasets.py
[2022-12-03T05:17:39.072+0000] {processor.py:743} INFO - Processing file /home/airflow/.local/lib/python3.7/site-packages/airflow/example_dags/example_datasets.py for tasks to queue
[2022-12-03T05:17:39.073+0000] {logging_mixin.py:137} INFO - [2022-12-03T05:17:39.073+0000] {dagbag.py:538} INFO - Filling up the DagBag from /home/airflow/.local/lib/python3.7/site-packages/airflow/example_dags/example_datasets.py
[2022-12-03T05:17:39.099+0000] {processor.py:753} INFO - DAG(s) dict_keys(['dataset_produces_1', 'dataset_consumes_unknown_never_scheduled', 'dataset_consumes_1_and_2', 'dataset_consumes_1_never_scheduled', 'dataset_produces_2', 'dataset_consumes_1']) retrieved from /home/airflow/.local/lib/python3.7/site-packages/airflow/example_dags/example_datasets.py
[2022-12-03T05:17:39.188+0000] {logging_mixin.py:137} INFO - [2022-12-03T05:17:39.187+0000] {dag.py:2676} INFO - Sync 6 DAGs
[2022-12-03T05:17:39.212+0000] {logging_mixin.py:137} INFO - [2022-12-03T05:17:39.212+0000] {dag.py:3427} INFO - Setting next_dagrun for dataset_consumes_1 to None, run_after=None
[2022-12-03T05:17:39.216+0000] {logging_mixin.py:137} INFO - [2022-12-03T05:17:39.216+0000] {dag.py:3427} INFO - Setting next_dagrun for dataset_consumes_1_and_2 to None, run_after=None
[2022-12-03T05:17:39.218+0000] {logging_mixin.py:137} INFO - [2022-12-03T05:17:39.218+0000] {dag.py:3427} INFO - Setting next_dagrun for dataset_consumes_1_never_scheduled to None, run_after=None
[2022-12-03T05:17:39.219+0000] {logging_mixin.py:137} INFO - [2022-12-03T05:17:39.219+0000] {dag.py:3427} INFO - Setting next_dagrun for dataset_consumes_unknown_never_scheduled to None, run_after=None
[2022-12-03T05:17:39.222+0000] {logging_mixin.py:137} INFO - [2022-12-03T05:17:39.221+0000] {dag.py:3427} INFO - Setting next_dagrun for dataset_produces_1 to 2022-12-02T00:00:00+00:00, run_after=2022-12-03T00:00:00+00:00
[2022-12-03T05:17:39.223+0000] {logging_mixin.py:137} INFO - [2022-12-03T05:17:39.223+0000] {dag.py:3427} INFO - Setting next_dagrun for dataset_produces_2 to None, run_after=None
[2022-12-03T05:17:39.254+0000] {processor.py:175} INFO - Processing /home/airflow/.local/lib/python3.7/site-packages/airflow/example_dags/example_datasets.py took 0.197 seconds
[2022-12-03T05:18:52.726+0000] {processor.py:153} INFO - Started process (PID=177) to work on /home/airflow/.local/lib/python3.7/site-packages/airflow/example_dags/example_datasets.py
[2022-12-03T05:18:52.734+0000] {processor.py:743} INFO - Processing file /home/airflow/.local/lib/python3.7/site-packages/airflow/example_dags/example_datasets.py for tasks to queue
[2022-12-03T05:18:52.737+0000] {logging_mixin.py:137} INFO - [2022-12-03T05:18:52.737+0000] {dagbag.py:538} INFO - Filling up the DagBag from /home/airflow/.local/lib/python3.7/site-packages/airflow/example_dags/example_datasets.py
[2022-12-03T05:18:53.055+0000] {processor.py:753} INFO - DAG(s) dict_keys(['dataset_consumes_1_and_2', 'dataset_consumes_unknown_never_scheduled', 'dataset_produces_1', 'dataset_consumes_1', 'dataset_consumes_1_never_scheduled', 'dataset_produces_2']) retrieved from /home/airflow/.local/lib/python3.7/site-packages/airflow/example_dags/example_datasets.py
[2022-12-03T05:18:53.224+0000] {logging_mixin.py:137} INFO - [2022-12-03T05:18:53.223+0000] {dag.py:2676} INFO - Sync 6 DAGs
[2022-12-03T05:18:53.419+0000] {logging_mixin.py:137} INFO - [2022-12-03T05:18:53.419+0000] {dag.py:3427} INFO - Setting next_dagrun for dataset_consumes_1 to None, run_after=None
[2022-12-03T05:18:53.445+0000] {logging_mixin.py:137} INFO - [2022-12-03T05:18:53.445+0000] {dag.py:3427} INFO - Setting next_dagrun for dataset_consumes_1_and_2 to None, run_after=None
[2022-12-03T05:18:53.457+0000] {logging_mixin.py:137} INFO - [2022-12-03T05:18:53.457+0000] {dag.py:3427} INFO - Setting next_dagrun for dataset_consumes_1_never_scheduled to None, run_after=None
[2022-12-03T05:18:53.491+0000] {logging_mixin.py:137} INFO - [2022-12-03T05:18:53.490+0000] {dag.py:3427} INFO - Setting next_dagrun for dataset_consumes_unknown_never_scheduled to None, run_after=None
[2022-12-03T05:18:53.519+0000] {logging_mixin.py:137} INFO - [2022-12-03T05:18:53.518+0000] {dag.py:3427} INFO - Setting next_dagrun for dataset_produces_1 to 2022-12-02T00:00:00+00:00, run_after=2022-12-03T00:00:00+00:00
[2022-12-03T05:18:53.540+0000] {logging_mixin.py:137} INFO - [2022-12-03T05:18:53.539+0000] {dag.py:3427} INFO - Setting next_dagrun for dataset_produces_2 to None, run_after=None
[2022-12-03T05:18:53.743+0000] {processor.py:175} INFO - Processing /home/airflow/.local/lib/python3.7/site-packages/airflow/example_dags/example_datasets.py took 1.058 seconds
[2022-12-03T05:19:24.128+0000] {processor.py:153} INFO - Started process (PID=392) to work on /home/airflow/.local/lib/python3.7/site-packages/airflow/example_dags/example_datasets.py
[2022-12-03T05:19:24.135+0000] {processor.py:743} INFO - Processing file /home/airflow/.local/lib/python3.7/site-packages/airflow/example_dags/example_datasets.py for tasks to queue
[2022-12-03T05:19:24.136+0000] {logging_mixin.py:137} INFO - [2022-12-03T05:19:24.135+0000] {dagbag.py:538} INFO - Filling up the DagBag from /home/airflow/.local/lib/python3.7/site-packages/airflow/example_dags/example_datasets.py
[2022-12-03T05:19:24.179+0000] {processor.py:753} INFO - DAG(s) dict_keys(['dataset_consumes_1', 'dataset_produces_2', 'dataset_consumes_1_and_2', 'dataset_produces_1', 'dataset_consumes_1_never_scheduled', 'dataset_consumes_unknown_never_scheduled']) retrieved from /home/airflow/.local/lib/python3.7/site-packages/airflow/example_dags/example_datasets.py
[2022-12-03T05:19:24.338+0000] {logging_mixin.py:137} INFO - [2022-12-03T05:19:24.338+0000] {dag.py:2676} INFO - Sync 6 DAGs
[2022-12-03T05:19:24.359+0000] {logging_mixin.py:137} INFO - [2022-12-03T05:19:24.359+0000] {dag.py:3427} INFO - Setting next_dagrun for dataset_consumes_1 to None, run_after=None
[2022-12-03T05:19:24.364+0000] {logging_mixin.py:137} INFO - [2022-12-03T05:19:24.364+0000] {dag.py:3427} INFO - Setting next_dagrun for dataset_consumes_1_and_2 to None, run_after=None
[2022-12-03T05:19:24.366+0000] {logging_mixin.py:137} INFO - [2022-12-03T05:19:24.366+0000] {dag.py:3427} INFO - Setting next_dagrun for dataset_consumes_1_never_scheduled to None, run_after=None
[2022-12-03T05:19:24.368+0000] {logging_mixin.py:137} INFO - [2022-12-03T05:19:24.368+0000] {dag.py:3427} INFO - Setting next_dagrun for dataset_consumes_unknown_never_scheduled to None, run_after=None
[2022-12-03T05:19:24.371+0000] {logging_mixin.py:137} INFO - [2022-12-03T05:19:24.371+0000] {dag.py:3427} INFO - Setting next_dagrun for dataset_produces_1 to 2022-12-02T00:00:00+00:00, run_after=2022-12-03T00:00:00+00:00
[2022-12-03T05:19:24.373+0000] {logging_mixin.py:137} INFO - [2022-12-03T05:19:24.373+0000] {dag.py:3427} INFO - Setting next_dagrun for dataset_produces_2 to None, run_after=None
[2022-12-03T05:19:24.403+0000] {processor.py:175} INFO - Processing /home/airflow/.local/lib/python3.7/site-packages/airflow/example_dags/example_datasets.py took 0.280 seconds
[2022-12-03T05:19:55.244+0000] {processor.py:153} INFO - Started process (PID=619) to work on /home/airflow/.local/lib/python3.7/site-packages/airflow/example_dags/example_datasets.py
[2022-12-03T05:19:55.250+0000] {processor.py:743} INFO - Processing file /home/airflow/.local/lib/python3.7/site-packages/airflow/example_dags/example_datasets.py for tasks to queue
[2022-12-03T05:19:55.252+0000] {logging_mixin.py:137} INFO - [2022-12-03T05:19:55.252+0000] {dagbag.py:538} INFO - Filling up the DagBag from /home/airflow/.local/lib/python3.7/site-packages/airflow/example_dags/example_datasets.py
[2022-12-03T05:19:55.278+0000] {processor.py:753} INFO - DAG(s) dict_keys(['dataset_consumes_unknown_never_scheduled', 'dataset_produces_1', 'dataset_produces_2', 'dataset_consumes_1', 'dataset_consumes_1_never_scheduled', 'dataset_consumes_1_and_2']) retrieved from /home/airflow/.local/lib/python3.7/site-packages/airflow/example_dags/example_datasets.py
[2022-12-03T05:19:55.334+0000] {logging_mixin.py:137} INFO - [2022-12-03T05:19:55.334+0000] {dag.py:2676} INFO - Sync 6 DAGs
[2022-12-03T05:19:55.352+0000] {logging_mixin.py:137} INFO - [2022-12-03T05:19:55.352+0000] {dag.py:3427} INFO - Setting next_dagrun for dataset_consumes_1 to None, run_after=None
[2022-12-03T05:19:55.356+0000] {logging_mixin.py:137} INFO - [2022-12-03T05:19:55.356+0000] {dag.py:3427} INFO - Setting next_dagrun for dataset_consumes_1_and_2 to None, run_after=None
[2022-12-03T05:19:55.358+0000] {logging_mixin.py:137} INFO - [2022-12-03T05:19:55.358+0000] {dag.py:3427} INFO - Setting next_dagrun for dataset_consumes_1_never_scheduled to None, run_after=None
[2022-12-03T05:19:55.360+0000] {logging_mixin.py:137} INFO - [2022-12-03T05:19:55.360+0000] {dag.py:3427} INFO - Setting next_dagrun for dataset_consumes_unknown_never_scheduled to None, run_after=None
[2022-12-03T05:19:55.363+0000] {logging_mixin.py:137} INFO - [2022-12-03T05:19:55.363+0000] {dag.py:3427} INFO - Setting next_dagrun for dataset_produces_1 to 2022-12-02T00:00:00+00:00, run_after=2022-12-03T00:00:00+00:00
[2022-12-03T05:19:55.364+0000] {logging_mixin.py:137} INFO - [2022-12-03T05:19:55.364+0000] {dag.py:3427} INFO - Setting next_dagrun for dataset_produces_2 to None, run_after=None
[2022-12-03T05:19:55.389+0000] {processor.py:175} INFO - Processing /home/airflow/.local/lib/python3.7/site-packages/airflow/example_dags/example_datasets.py took 0.149 seconds
