[2022-12-03T05:08:56.092+0000] {processor.py:153} INFO - Started process (PID=186) to work on /home/airflow/.local/lib/python3.7/site-packages/airflow/example_dags/example_complex.py
[2022-12-03T05:08:56.096+0000] {processor.py:743} INFO - Processing file /home/airflow/.local/lib/python3.7/site-packages/airflow/example_dags/example_complex.py for tasks to queue
[2022-12-03T05:08:56.099+0000] {logging_mixin.py:137} INFO - [2022-12-03T05:08:56.099+0000] {dagbag.py:538} INFO - Filling up the DagBag from /home/airflow/.local/lib/python3.7/site-packages/airflow/example_dags/example_complex.py
[2022-12-03T05:08:56.174+0000] {logging_mixin.py:137} INFO - [2022-12-03T05:08:56.174+0000] {taskmixin.py:205} WARNING - Dependency <Task(BashOperator): create_entry_group>, delete_entry_group already registered for DAG: example_complex
[2022-12-03T05:08:56.177+0000] {logging_mixin.py:137} INFO - [2022-12-03T05:08:56.177+0000] {taskmixin.py:205} WARNING - Dependency <Task(BashOperator): delete_entry_group>, create_entry_group already registered for DAG: example_complex
[2022-12-03T05:08:56.179+0000] {logging_mixin.py:137} INFO - [2022-12-03T05:08:56.179+0000] {taskmixin.py:205} WARNING - Dependency <Task(BashOperator): create_entry_gcs>, delete_entry already registered for DAG: example_complex
[2022-12-03T05:08:56.181+0000] {logging_mixin.py:137} INFO - [2022-12-03T05:08:56.181+0000] {taskmixin.py:205} WARNING - Dependency <Task(BashOperator): delete_entry>, create_entry_gcs already registered for DAG: example_complex
[2022-12-03T05:08:56.183+0000] {logging_mixin.py:137} INFO - [2022-12-03T05:08:56.183+0000] {taskmixin.py:205} WARNING - Dependency <Task(BashOperator): create_tag>, delete_tag already registered for DAG: example_complex
[2022-12-03T05:08:56.185+0000] {logging_mixin.py:137} INFO - [2022-12-03T05:08:56.185+0000] {taskmixin.py:205} WARNING - Dependency <Task(BashOperator): delete_tag>, create_tag already registered for DAG: example_complex
[2022-12-03T05:08:56.216+0000] {processor.py:753} INFO - DAG(s) dict_keys(['example_complex']) retrieved from /home/airflow/.local/lib/python3.7/site-packages/airflow/example_dags/example_complex.py
[2022-12-03T05:08:56.323+0000] {logging_mixin.py:137} INFO - [2022-12-03T05:08:56.323+0000] {dag.py:2676} INFO - Sync 1 DAGs
[2022-12-03T05:08:56.431+0000] {logging_mixin.py:137} INFO - [2022-12-03T05:08:56.430+0000] {dag.py:3427} INFO - Setting next_dagrun for example_complex to None, run_after=None
[2022-12-03T05:08:56.601+0000] {processor.py:175} INFO - Processing /home/airflow/.local/lib/python3.7/site-packages/airflow/example_dags/example_complex.py took 0.526 seconds
[2022-12-03T05:09:27.363+0000] {processor.py:153} INFO - Started process (PID=405) to work on /home/airflow/.local/lib/python3.7/site-packages/airflow/example_dags/example_complex.py
[2022-12-03T05:09:27.364+0000] {processor.py:743} INFO - Processing file /home/airflow/.local/lib/python3.7/site-packages/airflow/example_dags/example_complex.py for tasks to queue
[2022-12-03T05:09:27.365+0000] {logging_mixin.py:137} INFO - [2022-12-03T05:09:27.365+0000] {dagbag.py:538} INFO - Filling up the DagBag from /home/airflow/.local/lib/python3.7/site-packages/airflow/example_dags/example_complex.py
[2022-12-03T05:09:27.376+0000] {logging_mixin.py:137} INFO - [2022-12-03T05:09:27.376+0000] {taskmixin.py:205} WARNING - Dependency <Task(BashOperator): create_entry_group>, delete_entry_group already registered for DAG: example_complex
[2022-12-03T05:09:27.377+0000] {logging_mixin.py:137} INFO - [2022-12-03T05:09:27.377+0000] {taskmixin.py:205} WARNING - Dependency <Task(BashOperator): delete_entry_group>, create_entry_group already registered for DAG: example_complex
[2022-12-03T05:09:27.377+0000] {logging_mixin.py:137} INFO - [2022-12-03T05:09:27.377+0000] {taskmixin.py:205} WARNING - Dependency <Task(BashOperator): create_entry_gcs>, delete_entry already registered for DAG: example_complex
[2022-12-03T05:09:27.379+0000] {logging_mixin.py:137} INFO - [2022-12-03T05:09:27.379+0000] {taskmixin.py:205} WARNING - Dependency <Task(BashOperator): delete_entry>, create_entry_gcs already registered for DAG: example_complex
[2022-12-03T05:09:27.381+0000] {logging_mixin.py:137} INFO - [2022-12-03T05:09:27.381+0000] {taskmixin.py:205} WARNING - Dependency <Task(BashOperator): create_tag>, delete_tag already registered for DAG: example_complex
[2022-12-03T05:09:27.382+0000] {logging_mixin.py:137} INFO - [2022-12-03T05:09:27.381+0000] {taskmixin.py:205} WARNING - Dependency <Task(BashOperator): delete_tag>, create_tag already registered for DAG: example_complex
[2022-12-03T05:09:27.392+0000] {processor.py:753} INFO - DAG(s) dict_keys(['example_complex']) retrieved from /home/airflow/.local/lib/python3.7/site-packages/airflow/example_dags/example_complex.py
[2022-12-03T05:09:27.426+0000] {logging_mixin.py:137} INFO - [2022-12-03T05:09:27.426+0000] {dag.py:2676} INFO - Sync 1 DAGs
[2022-12-03T05:09:27.443+0000] {logging_mixin.py:137} INFO - [2022-12-03T05:09:27.443+0000] {dag.py:3427} INFO - Setting next_dagrun for example_complex to None, run_after=None
[2022-12-03T05:09:27.457+0000] {processor.py:175} INFO - Processing /home/airflow/.local/lib/python3.7/site-packages/airflow/example_dags/example_complex.py took 0.098 seconds
[2022-12-03T05:09:58.348+0000] {processor.py:153} INFO - Started process (PID=618) to work on /home/airflow/.local/lib/python3.7/site-packages/airflow/example_dags/example_complex.py
[2022-12-03T05:09:58.350+0000] {processor.py:743} INFO - Processing file /home/airflow/.local/lib/python3.7/site-packages/airflow/example_dags/example_complex.py for tasks to queue
[2022-12-03T05:09:58.352+0000] {logging_mixin.py:137} INFO - [2022-12-03T05:09:58.352+0000] {dagbag.py:538} INFO - Filling up the DagBag from /home/airflow/.local/lib/python3.7/site-packages/airflow/example_dags/example_complex.py
[2022-12-03T05:09:58.360+0000] {logging_mixin.py:137} INFO - [2022-12-03T05:09:58.360+0000] {taskmixin.py:205} WARNING - Dependency <Task(BashOperator): create_entry_group>, delete_entry_group already registered for DAG: example_complex
[2022-12-03T05:09:58.361+0000] {logging_mixin.py:137} INFO - [2022-12-03T05:09:58.361+0000] {taskmixin.py:205} WARNING - Dependency <Task(BashOperator): delete_entry_group>, create_entry_group already registered for DAG: example_complex
[2022-12-03T05:09:58.363+0000] {logging_mixin.py:137} INFO - [2022-12-03T05:09:58.363+0000] {taskmixin.py:205} WARNING - Dependency <Task(BashOperator): create_entry_gcs>, delete_entry already registered for DAG: example_complex
[2022-12-03T05:09:58.365+0000] {logging_mixin.py:137} INFO - [2022-12-03T05:09:58.365+0000] {taskmixin.py:205} WARNING - Dependency <Task(BashOperator): delete_entry>, create_entry_gcs already registered for DAG: example_complex
[2022-12-03T05:09:58.368+0000] {logging_mixin.py:137} INFO - [2022-12-03T05:09:58.368+0000] {taskmixin.py:205} WARNING - Dependency <Task(BashOperator): create_tag>, delete_tag already registered for DAG: example_complex
[2022-12-03T05:09:58.370+0000] {logging_mixin.py:137} INFO - [2022-12-03T05:09:58.369+0000] {taskmixin.py:205} WARNING - Dependency <Task(BashOperator): delete_tag>, create_tag already registered for DAG: example_complex
[2022-12-03T05:09:58.376+0000] {processor.py:753} INFO - DAG(s) dict_keys(['example_complex']) retrieved from /home/airflow/.local/lib/python3.7/site-packages/airflow/example_dags/example_complex.py
[2022-12-03T05:09:58.414+0000] {logging_mixin.py:137} INFO - [2022-12-03T05:09:58.414+0000] {dag.py:2676} INFO - Sync 1 DAGs
[2022-12-03T05:09:58.447+0000] {logging_mixin.py:137} INFO - [2022-12-03T05:09:58.447+0000] {dag.py:3427} INFO - Setting next_dagrun for example_complex to None, run_after=None
[2022-12-03T05:09:58.471+0000] {processor.py:175} INFO - Processing /home/airflow/.local/lib/python3.7/site-packages/airflow/example_dags/example_complex.py took 0.125 seconds
[2022-12-03T05:10:28.999+0000] {processor.py:153} INFO - Started process (PID=844) to work on /home/airflow/.local/lib/python3.7/site-packages/airflow/example_dags/example_complex.py
[2022-12-03T05:10:29.002+0000] {processor.py:743} INFO - Processing file /home/airflow/.local/lib/python3.7/site-packages/airflow/example_dags/example_complex.py for tasks to queue
[2022-12-03T05:10:29.003+0000] {logging_mixin.py:137} INFO - [2022-12-03T05:10:29.003+0000] {dagbag.py:538} INFO - Filling up the DagBag from /home/airflow/.local/lib/python3.7/site-packages/airflow/example_dags/example_complex.py
[2022-12-03T05:10:29.012+0000] {logging_mixin.py:137} INFO - [2022-12-03T05:10:29.012+0000] {taskmixin.py:205} WARNING - Dependency <Task(BashOperator): create_entry_group>, delete_entry_group already registered for DAG: example_complex
[2022-12-03T05:10:29.015+0000] {logging_mixin.py:137} INFO - [2022-12-03T05:10:29.015+0000] {taskmixin.py:205} WARNING - Dependency <Task(BashOperator): delete_entry_group>, create_entry_group already registered for DAG: example_complex
[2022-12-03T05:10:29.017+0000] {logging_mixin.py:137} INFO - [2022-12-03T05:10:29.017+0000] {taskmixin.py:205} WARNING - Dependency <Task(BashOperator): create_entry_gcs>, delete_entry already registered for DAG: example_complex
[2022-12-03T05:10:29.018+0000] {logging_mixin.py:137} INFO - [2022-12-03T05:10:29.018+0000] {taskmixin.py:205} WARNING - Dependency <Task(BashOperator): delete_entry>, create_entry_gcs already registered for DAG: example_complex
[2022-12-03T05:10:29.019+0000] {logging_mixin.py:137} INFO - [2022-12-03T05:10:29.019+0000] {taskmixin.py:205} WARNING - Dependency <Task(BashOperator): create_tag>, delete_tag already registered for DAG: example_complex
[2022-12-03T05:10:29.020+0000] {logging_mixin.py:137} INFO - [2022-12-03T05:10:29.020+0000] {taskmixin.py:205} WARNING - Dependency <Task(BashOperator): delete_tag>, create_tag already registered for DAG: example_complex
[2022-12-03T05:10:29.025+0000] {processor.py:753} INFO - DAG(s) dict_keys(['example_complex']) retrieved from /home/airflow/.local/lib/python3.7/site-packages/airflow/example_dags/example_complex.py
[2022-12-03T05:10:29.060+0000] {logging_mixin.py:137} INFO - [2022-12-03T05:10:29.060+0000] {dag.py:2676} INFO - Sync 1 DAGs
[2022-12-03T05:10:29.079+0000] {logging_mixin.py:137} INFO - [2022-12-03T05:10:29.079+0000] {dag.py:3427} INFO - Setting next_dagrun for example_complex to None, run_after=None
[2022-12-03T05:10:29.095+0000] {processor.py:175} INFO - Processing /home/airflow/.local/lib/python3.7/site-packages/airflow/example_dags/example_complex.py took 0.099 seconds
[2022-12-03T05:10:59.698+0000] {processor.py:153} INFO - Started process (PID=1058) to work on /home/airflow/.local/lib/python3.7/site-packages/airflow/example_dags/example_complex.py
[2022-12-03T05:10:59.700+0000] {processor.py:743} INFO - Processing file /home/airflow/.local/lib/python3.7/site-packages/airflow/example_dags/example_complex.py for tasks to queue
[2022-12-03T05:10:59.701+0000] {logging_mixin.py:137} INFO - [2022-12-03T05:10:59.701+0000] {dagbag.py:538} INFO - Filling up the DagBag from /home/airflow/.local/lib/python3.7/site-packages/airflow/example_dags/example_complex.py
[2022-12-03T05:10:59.710+0000] {logging_mixin.py:137} INFO - [2022-12-03T05:10:59.710+0000] {taskmixin.py:205} WARNING - Dependency <Task(BashOperator): create_entry_group>, delete_entry_group already registered for DAG: example_complex
[2022-12-03T05:10:59.712+0000] {logging_mixin.py:137} INFO - [2022-12-03T05:10:59.712+0000] {taskmixin.py:205} WARNING - Dependency <Task(BashOperator): delete_entry_group>, create_entry_group already registered for DAG: example_complex
[2022-12-03T05:10:59.715+0000] {logging_mixin.py:137} INFO - [2022-12-03T05:10:59.714+0000] {taskmixin.py:205} WARNING - Dependency <Task(BashOperator): create_entry_gcs>, delete_entry already registered for DAG: example_complex
[2022-12-03T05:10:59.717+0000] {logging_mixin.py:137} INFO - [2022-12-03T05:10:59.717+0000] {taskmixin.py:205} WARNING - Dependency <Task(BashOperator): delete_entry>, create_entry_gcs already registered for DAG: example_complex
[2022-12-03T05:10:59.723+0000] {logging_mixin.py:137} INFO - [2022-12-03T05:10:59.723+0000] {taskmixin.py:205} WARNING - Dependency <Task(BashOperator): create_tag>, delete_tag already registered for DAG: example_complex
[2022-12-03T05:10:59.726+0000] {logging_mixin.py:137} INFO - [2022-12-03T05:10:59.726+0000] {taskmixin.py:205} WARNING - Dependency <Task(BashOperator): delete_tag>, create_tag already registered for DAG: example_complex
[2022-12-03T05:10:59.733+0000] {processor.py:753} INFO - DAG(s) dict_keys(['example_complex']) retrieved from /home/airflow/.local/lib/python3.7/site-packages/airflow/example_dags/example_complex.py
[2022-12-03T05:10:59.793+0000] {logging_mixin.py:137} INFO - [2022-12-03T05:10:59.793+0000] {dag.py:2676} INFO - Sync 1 DAGs
[2022-12-03T05:10:59.823+0000] {logging_mixin.py:137} INFO - [2022-12-03T05:10:59.823+0000] {dag.py:3427} INFO - Setting next_dagrun for example_complex to None, run_after=None
[2022-12-03T05:10:59.864+0000] {processor.py:175} INFO - Processing /home/airflow/.local/lib/python3.7/site-packages/airflow/example_dags/example_complex.py took 0.168 seconds
[2022-12-03T05:11:30.190+0000] {processor.py:153} INFO - Started process (PID=1283) to work on /home/airflow/.local/lib/python3.7/site-packages/airflow/example_dags/example_complex.py
[2022-12-03T05:11:30.191+0000] {processor.py:743} INFO - Processing file /home/airflow/.local/lib/python3.7/site-packages/airflow/example_dags/example_complex.py for tasks to queue
[2022-12-03T05:11:30.192+0000] {logging_mixin.py:137} INFO - [2022-12-03T05:11:30.192+0000] {dagbag.py:538} INFO - Filling up the DagBag from /home/airflow/.local/lib/python3.7/site-packages/airflow/example_dags/example_complex.py
[2022-12-03T05:11:30.200+0000] {logging_mixin.py:137} INFO - [2022-12-03T05:11:30.200+0000] {taskmixin.py:205} WARNING - Dependency <Task(BashOperator): create_entry_group>, delete_entry_group already registered for DAG: example_complex
[2022-12-03T05:11:30.201+0000] {logging_mixin.py:137} INFO - [2022-12-03T05:11:30.201+0000] {taskmixin.py:205} WARNING - Dependency <Task(BashOperator): delete_entry_group>, create_entry_group already registered for DAG: example_complex
[2022-12-03T05:11:30.202+0000] {logging_mixin.py:137} INFO - [2022-12-03T05:11:30.202+0000] {taskmixin.py:205} WARNING - Dependency <Task(BashOperator): create_entry_gcs>, delete_entry already registered for DAG: example_complex
[2022-12-03T05:11:30.202+0000] {logging_mixin.py:137} INFO - [2022-12-03T05:11:30.202+0000] {taskmixin.py:205} WARNING - Dependency <Task(BashOperator): delete_entry>, create_entry_gcs already registered for DAG: example_complex
[2022-12-03T05:11:30.203+0000] {logging_mixin.py:137} INFO - [2022-12-03T05:11:30.203+0000] {taskmixin.py:205} WARNING - Dependency <Task(BashOperator): create_tag>, delete_tag already registered for DAG: example_complex
[2022-12-03T05:11:30.203+0000] {logging_mixin.py:137} INFO - [2022-12-03T05:11:30.203+0000] {taskmixin.py:205} WARNING - Dependency <Task(BashOperator): delete_tag>, create_tag already registered for DAG: example_complex
[2022-12-03T05:11:30.210+0000] {processor.py:753} INFO - DAG(s) dict_keys(['example_complex']) retrieved from /home/airflow/.local/lib/python3.7/site-packages/airflow/example_dags/example_complex.py
[2022-12-03T05:11:30.242+0000] {logging_mixin.py:137} INFO - [2022-12-03T05:11:30.242+0000] {dag.py:2676} INFO - Sync 1 DAGs
[2022-12-03T05:11:30.260+0000] {logging_mixin.py:137} INFO - [2022-12-03T05:11:30.260+0000] {dag.py:3427} INFO - Setting next_dagrun for example_complex to None, run_after=None
[2022-12-03T05:11:30.274+0000] {processor.py:175} INFO - Processing /home/airflow/.local/lib/python3.7/site-packages/airflow/example_dags/example_complex.py took 0.086 seconds
[2022-12-03T05:12:01.223+0000] {processor.py:153} INFO - Started process (PID=1497) to work on /home/airflow/.local/lib/python3.7/site-packages/airflow/example_dags/example_complex.py
[2022-12-03T05:12:01.225+0000] {processor.py:743} INFO - Processing file /home/airflow/.local/lib/python3.7/site-packages/airflow/example_dags/example_complex.py for tasks to queue
[2022-12-03T05:12:01.227+0000] {logging_mixin.py:137} INFO - [2022-12-03T05:12:01.227+0000] {dagbag.py:538} INFO - Filling up the DagBag from /home/airflow/.local/lib/python3.7/site-packages/airflow/example_dags/example_complex.py
[2022-12-03T05:12:01.250+0000] {logging_mixin.py:137} INFO - [2022-12-03T05:12:01.250+0000] {taskmixin.py:205} WARNING - Dependency <Task(BashOperator): create_entry_group>, delete_entry_group already registered for DAG: example_complex
[2022-12-03T05:12:01.253+0000] {logging_mixin.py:137} INFO - [2022-12-03T05:12:01.252+0000] {taskmixin.py:205} WARNING - Dependency <Task(BashOperator): delete_entry_group>, create_entry_group already registered for DAG: example_complex
[2022-12-03T05:12:01.254+0000] {logging_mixin.py:137} INFO - [2022-12-03T05:12:01.254+0000] {taskmixin.py:205} WARNING - Dependency <Task(BashOperator): create_entry_gcs>, delete_entry already registered for DAG: example_complex
[2022-12-03T05:12:01.256+0000] {logging_mixin.py:137} INFO - [2022-12-03T05:12:01.255+0000] {taskmixin.py:205} WARNING - Dependency <Task(BashOperator): delete_entry>, create_entry_gcs already registered for DAG: example_complex
[2022-12-03T05:12:01.257+0000] {logging_mixin.py:137} INFO - [2022-12-03T05:12:01.257+0000] {taskmixin.py:205} WARNING - Dependency <Task(BashOperator): create_tag>, delete_tag already registered for DAG: example_complex
[2022-12-03T05:12:01.263+0000] {logging_mixin.py:137} INFO - [2022-12-03T05:12:01.263+0000] {taskmixin.py:205} WARNING - Dependency <Task(BashOperator): delete_tag>, create_tag already registered for DAG: example_complex
[2022-12-03T05:12:01.271+0000] {processor.py:753} INFO - DAG(s) dict_keys(['example_complex']) retrieved from /home/airflow/.local/lib/python3.7/site-packages/airflow/example_dags/example_complex.py
[2022-12-03T05:12:01.316+0000] {logging_mixin.py:137} INFO - [2022-12-03T05:12:01.316+0000] {dag.py:2676} INFO - Sync 1 DAGs
[2022-12-03T05:12:01.342+0000] {logging_mixin.py:137} INFO - [2022-12-03T05:12:01.341+0000] {dag.py:3427} INFO - Setting next_dagrun for example_complex to None, run_after=None
[2022-12-03T05:12:01.359+0000] {processor.py:175} INFO - Processing /home/airflow/.local/lib/python3.7/site-packages/airflow/example_dags/example_complex.py took 0.139 seconds
[2022-12-03T05:12:32.101+0000] {processor.py:153} INFO - Started process (PID=1724) to work on /home/airflow/.local/lib/python3.7/site-packages/airflow/example_dags/example_complex.py
[2022-12-03T05:12:32.103+0000] {processor.py:743} INFO - Processing file /home/airflow/.local/lib/python3.7/site-packages/airflow/example_dags/example_complex.py for tasks to queue
[2022-12-03T05:12:32.104+0000] {logging_mixin.py:137} INFO - [2022-12-03T05:12:32.104+0000] {dagbag.py:538} INFO - Filling up the DagBag from /home/airflow/.local/lib/python3.7/site-packages/airflow/example_dags/example_complex.py
[2022-12-03T05:12:32.111+0000] {logging_mixin.py:137} INFO - [2022-12-03T05:12:32.111+0000] {taskmixin.py:205} WARNING - Dependency <Task(BashOperator): create_entry_group>, delete_entry_group already registered for DAG: example_complex
[2022-12-03T05:12:32.112+0000] {logging_mixin.py:137} INFO - [2022-12-03T05:12:32.112+0000] {taskmixin.py:205} WARNING - Dependency <Task(BashOperator): delete_entry_group>, create_entry_group already registered for DAG: example_complex
[2022-12-03T05:12:32.115+0000] {logging_mixin.py:137} INFO - [2022-12-03T05:12:32.115+0000] {taskmixin.py:205} WARNING - Dependency <Task(BashOperator): create_entry_gcs>, delete_entry already registered for DAG: example_complex
[2022-12-03T05:12:32.117+0000] {logging_mixin.py:137} INFO - [2022-12-03T05:12:32.116+0000] {taskmixin.py:205} WARNING - Dependency <Task(BashOperator): delete_entry>, create_entry_gcs already registered for DAG: example_complex
[2022-12-03T05:12:32.118+0000] {logging_mixin.py:137} INFO - [2022-12-03T05:12:32.118+0000] {taskmixin.py:205} WARNING - Dependency <Task(BashOperator): create_tag>, delete_tag already registered for DAG: example_complex
[2022-12-03T05:12:32.118+0000] {logging_mixin.py:137} INFO - [2022-12-03T05:12:32.118+0000] {taskmixin.py:205} WARNING - Dependency <Task(BashOperator): delete_tag>, create_tag already registered for DAG: example_complex
[2022-12-03T05:12:32.125+0000] {processor.py:753} INFO - DAG(s) dict_keys(['example_complex']) retrieved from /home/airflow/.local/lib/python3.7/site-packages/airflow/example_dags/example_complex.py
[2022-12-03T05:12:32.173+0000] {logging_mixin.py:137} INFO - [2022-12-03T05:12:32.173+0000] {dag.py:2676} INFO - Sync 1 DAGs
[2022-12-03T05:12:32.213+0000] {logging_mixin.py:137} INFO - [2022-12-03T05:12:32.213+0000] {dag.py:3427} INFO - Setting next_dagrun for example_complex to None, run_after=None
[2022-12-03T05:12:32.233+0000] {processor.py:175} INFO - Processing /home/airflow/.local/lib/python3.7/site-packages/airflow/example_dags/example_complex.py took 0.135 seconds
[2022-12-03T05:13:02.451+0000] {processor.py:153} INFO - Started process (PID=1939) to work on /home/airflow/.local/lib/python3.7/site-packages/airflow/example_dags/example_complex.py
[2022-12-03T05:13:02.453+0000] {processor.py:743} INFO - Processing file /home/airflow/.local/lib/python3.7/site-packages/airflow/example_dags/example_complex.py for tasks to queue
[2022-12-03T05:13:02.454+0000] {logging_mixin.py:137} INFO - [2022-12-03T05:13:02.454+0000] {dagbag.py:538} INFO - Filling up the DagBag from /home/airflow/.local/lib/python3.7/site-packages/airflow/example_dags/example_complex.py
[2022-12-03T05:13:02.466+0000] {logging_mixin.py:137} INFO - [2022-12-03T05:13:02.466+0000] {taskmixin.py:205} WARNING - Dependency <Task(BashOperator): create_entry_group>, delete_entry_group already registered for DAG: example_complex
[2022-12-03T05:13:02.468+0000] {logging_mixin.py:137} INFO - [2022-12-03T05:13:02.468+0000] {taskmixin.py:205} WARNING - Dependency <Task(BashOperator): delete_entry_group>, create_entry_group already registered for DAG: example_complex
[2022-12-03T05:13:02.469+0000] {logging_mixin.py:137} INFO - [2022-12-03T05:13:02.469+0000] {taskmixin.py:205} WARNING - Dependency <Task(BashOperator): create_entry_gcs>, delete_entry already registered for DAG: example_complex
[2022-12-03T05:13:02.470+0000] {logging_mixin.py:137} INFO - [2022-12-03T05:13:02.470+0000] {taskmixin.py:205} WARNING - Dependency <Task(BashOperator): delete_entry>, create_entry_gcs already registered for DAG: example_complex
[2022-12-03T05:13:02.472+0000] {logging_mixin.py:137} INFO - [2022-12-03T05:13:02.472+0000] {taskmixin.py:205} WARNING - Dependency <Task(BashOperator): create_tag>, delete_tag already registered for DAG: example_complex
[2022-12-03T05:13:02.473+0000] {logging_mixin.py:137} INFO - [2022-12-03T05:13:02.473+0000] {taskmixin.py:205} WARNING - Dependency <Task(BashOperator): delete_tag>, create_tag already registered for DAG: example_complex
[2022-12-03T05:13:02.479+0000] {processor.py:753} INFO - DAG(s) dict_keys(['example_complex']) retrieved from /home/airflow/.local/lib/python3.7/site-packages/airflow/example_dags/example_complex.py
[2022-12-03T05:13:02.540+0000] {logging_mixin.py:137} INFO - [2022-12-03T05:13:02.540+0000] {dag.py:2676} INFO - Sync 1 DAGs
[2022-12-03T05:13:02.561+0000] {logging_mixin.py:137} INFO - [2022-12-03T05:13:02.561+0000] {dag.py:3427} INFO - Setting next_dagrun for example_complex to None, run_after=None
[2022-12-03T05:13:02.578+0000] {processor.py:175} INFO - Processing /home/airflow/.local/lib/python3.7/site-packages/airflow/example_dags/example_complex.py took 0.129 seconds
[2022-12-03T05:13:33.459+0000] {processor.py:153} INFO - Started process (PID=2165) to work on /home/airflow/.local/lib/python3.7/site-packages/airflow/example_dags/example_complex.py
[2022-12-03T05:13:33.461+0000] {processor.py:743} INFO - Processing file /home/airflow/.local/lib/python3.7/site-packages/airflow/example_dags/example_complex.py for tasks to queue
[2022-12-03T05:13:33.462+0000] {logging_mixin.py:137} INFO - [2022-12-03T05:13:33.462+0000] {dagbag.py:538} INFO - Filling up the DagBag from /home/airflow/.local/lib/python3.7/site-packages/airflow/example_dags/example_complex.py
[2022-12-03T05:13:33.470+0000] {logging_mixin.py:137} INFO - [2022-12-03T05:13:33.470+0000] {taskmixin.py:205} WARNING - Dependency <Task(BashOperator): create_entry_group>, delete_entry_group already registered for DAG: example_complex
[2022-12-03T05:13:33.472+0000] {logging_mixin.py:137} INFO - [2022-12-03T05:13:33.472+0000] {taskmixin.py:205} WARNING - Dependency <Task(BashOperator): delete_entry_group>, create_entry_group already registered for DAG: example_complex
[2022-12-03T05:13:33.473+0000] {logging_mixin.py:137} INFO - [2022-12-03T05:13:33.473+0000] {taskmixin.py:205} WARNING - Dependency <Task(BashOperator): create_entry_gcs>, delete_entry already registered for DAG: example_complex
[2022-12-03T05:13:33.474+0000] {logging_mixin.py:137} INFO - [2022-12-03T05:13:33.474+0000] {taskmixin.py:205} WARNING - Dependency <Task(BashOperator): delete_entry>, create_entry_gcs already registered for DAG: example_complex
[2022-12-03T05:13:33.475+0000] {logging_mixin.py:137} INFO - [2022-12-03T05:13:33.475+0000] {taskmixin.py:205} WARNING - Dependency <Task(BashOperator): create_tag>, delete_tag already registered for DAG: example_complex
[2022-12-03T05:13:33.476+0000] {logging_mixin.py:137} INFO - [2022-12-03T05:13:33.476+0000] {taskmixin.py:205} WARNING - Dependency <Task(BashOperator): delete_tag>, create_tag already registered for DAG: example_complex
[2022-12-03T05:13:33.482+0000] {processor.py:753} INFO - DAG(s) dict_keys(['example_complex']) retrieved from /home/airflow/.local/lib/python3.7/site-packages/airflow/example_dags/example_complex.py
[2022-12-03T05:13:33.509+0000] {logging_mixin.py:137} INFO - [2022-12-03T05:13:33.509+0000] {dag.py:2676} INFO - Sync 1 DAGs
[2022-12-03T05:13:33.528+0000] {logging_mixin.py:137} INFO - [2022-12-03T05:13:33.528+0000] {dag.py:3427} INFO - Setting next_dagrun for example_complex to None, run_after=None
[2022-12-03T05:13:33.542+0000] {processor.py:175} INFO - Processing /home/airflow/.local/lib/python3.7/site-packages/airflow/example_dags/example_complex.py took 0.086 seconds
[2022-12-03T05:14:04.009+0000] {processor.py:153} INFO - Started process (PID=2379) to work on /home/airflow/.local/lib/python3.7/site-packages/airflow/example_dags/example_complex.py
[2022-12-03T05:14:04.011+0000] {processor.py:743} INFO - Processing file /home/airflow/.local/lib/python3.7/site-packages/airflow/example_dags/example_complex.py for tasks to queue
[2022-12-03T05:14:04.012+0000] {logging_mixin.py:137} INFO - [2022-12-03T05:14:04.012+0000] {dagbag.py:538} INFO - Filling up the DagBag from /home/airflow/.local/lib/python3.7/site-packages/airflow/example_dags/example_complex.py
[2022-12-03T05:14:04.021+0000] {logging_mixin.py:137} INFO - [2022-12-03T05:14:04.021+0000] {taskmixin.py:205} WARNING - Dependency <Task(BashOperator): create_entry_group>, delete_entry_group already registered for DAG: example_complex
[2022-12-03T05:14:04.022+0000] {logging_mixin.py:137} INFO - [2022-12-03T05:14:04.022+0000] {taskmixin.py:205} WARNING - Dependency <Task(BashOperator): delete_entry_group>, create_entry_group already registered for DAG: example_complex
[2022-12-03T05:14:04.023+0000] {logging_mixin.py:137} INFO - [2022-12-03T05:14:04.023+0000] {taskmixin.py:205} WARNING - Dependency <Task(BashOperator): create_entry_gcs>, delete_entry already registered for DAG: example_complex
[2022-12-03T05:14:04.024+0000] {logging_mixin.py:137} INFO - [2022-12-03T05:14:04.024+0000] {taskmixin.py:205} WARNING - Dependency <Task(BashOperator): delete_entry>, create_entry_gcs already registered for DAG: example_complex
[2022-12-03T05:14:04.025+0000] {logging_mixin.py:137} INFO - [2022-12-03T05:14:04.025+0000] {taskmixin.py:205} WARNING - Dependency <Task(BashOperator): create_tag>, delete_tag already registered for DAG: example_complex
[2022-12-03T05:14:04.026+0000] {logging_mixin.py:137} INFO - [2022-12-03T05:14:04.026+0000] {taskmixin.py:205} WARNING - Dependency <Task(BashOperator): delete_tag>, create_tag already registered for DAG: example_complex
[2022-12-03T05:14:04.032+0000] {processor.py:753} INFO - DAG(s) dict_keys(['example_complex']) retrieved from /home/airflow/.local/lib/python3.7/site-packages/airflow/example_dags/example_complex.py
[2022-12-03T05:14:04.065+0000] {logging_mixin.py:137} INFO - [2022-12-03T05:14:04.065+0000] {dag.py:2676} INFO - Sync 1 DAGs
[2022-12-03T05:14:04.088+0000] {logging_mixin.py:137} INFO - [2022-12-03T05:14:04.088+0000] {dag.py:3427} INFO - Setting next_dagrun for example_complex to None, run_after=None
[2022-12-03T05:14:04.102+0000] {processor.py:175} INFO - Processing /home/airflow/.local/lib/python3.7/site-packages/airflow/example_dags/example_complex.py took 0.096 seconds
[2022-12-03T05:14:34.727+0000] {processor.py:153} INFO - Started process (PID=2604) to work on /home/airflow/.local/lib/python3.7/site-packages/airflow/example_dags/example_complex.py
[2022-12-03T05:14:34.734+0000] {processor.py:743} INFO - Processing file /home/airflow/.local/lib/python3.7/site-packages/airflow/example_dags/example_complex.py for tasks to queue
[2022-12-03T05:14:34.739+0000] {logging_mixin.py:137} INFO - [2022-12-03T05:14:34.739+0000] {dagbag.py:538} INFO - Filling up the DagBag from /home/airflow/.local/lib/python3.7/site-packages/airflow/example_dags/example_complex.py
[2022-12-03T05:14:34.766+0000] {logging_mixin.py:137} INFO - [2022-12-03T05:14:34.765+0000] {taskmixin.py:205} WARNING - Dependency <Task(BashOperator): create_entry_group>, delete_entry_group already registered for DAG: example_complex
[2022-12-03T05:14:34.767+0000] {logging_mixin.py:137} INFO - [2022-12-03T05:14:34.767+0000] {taskmixin.py:205} WARNING - Dependency <Task(BashOperator): delete_entry_group>, create_entry_group already registered for DAG: example_complex
[2022-12-03T05:14:34.769+0000] {logging_mixin.py:137} INFO - [2022-12-03T05:14:34.769+0000] {taskmixin.py:205} WARNING - Dependency <Task(BashOperator): create_entry_gcs>, delete_entry already registered for DAG: example_complex
[2022-12-03T05:14:34.772+0000] {logging_mixin.py:137} INFO - [2022-12-03T05:14:34.772+0000] {taskmixin.py:205} WARNING - Dependency <Task(BashOperator): delete_entry>, create_entry_gcs already registered for DAG: example_complex
[2022-12-03T05:14:34.773+0000] {logging_mixin.py:137} INFO - [2022-12-03T05:14:34.773+0000] {taskmixin.py:205} WARNING - Dependency <Task(BashOperator): create_tag>, delete_tag already registered for DAG: example_complex
[2022-12-03T05:14:34.774+0000] {logging_mixin.py:137} INFO - [2022-12-03T05:14:34.774+0000] {taskmixin.py:205} WARNING - Dependency <Task(BashOperator): delete_tag>, create_tag already registered for DAG: example_complex
[2022-12-03T05:14:34.838+0000] {processor.py:753} INFO - DAG(s) dict_keys(['example_complex']) retrieved from /home/airflow/.local/lib/python3.7/site-packages/airflow/example_dags/example_complex.py
[2022-12-03T05:14:35.043+0000] {logging_mixin.py:137} INFO - [2022-12-03T05:14:35.042+0000] {dag.py:2676} INFO - Sync 1 DAGs
[2022-12-03T05:14:35.085+0000] {logging_mixin.py:137} INFO - [2022-12-03T05:14:35.085+0000] {dag.py:3427} INFO - Setting next_dagrun for example_complex to None, run_after=None
[2022-12-03T05:14:35.115+0000] {processor.py:175} INFO - Processing /home/airflow/.local/lib/python3.7/site-packages/airflow/example_dags/example_complex.py took 0.395 seconds
[2022-12-03T05:15:05.207+0000] {processor.py:153} INFO - Started process (PID=2821) to work on /home/airflow/.local/lib/python3.7/site-packages/airflow/example_dags/example_complex.py
[2022-12-03T05:15:05.209+0000] {processor.py:743} INFO - Processing file /home/airflow/.local/lib/python3.7/site-packages/airflow/example_dags/example_complex.py for tasks to queue
[2022-12-03T05:15:05.210+0000] {logging_mixin.py:137} INFO - [2022-12-03T05:15:05.210+0000] {dagbag.py:538} INFO - Filling up the DagBag from /home/airflow/.local/lib/python3.7/site-packages/airflow/example_dags/example_complex.py
[2022-12-03T05:15:05.217+0000] {logging_mixin.py:137} INFO - [2022-12-03T05:15:05.217+0000] {taskmixin.py:205} WARNING - Dependency <Task(BashOperator): create_entry_group>, delete_entry_group already registered for DAG: example_complex
[2022-12-03T05:15:05.218+0000] {logging_mixin.py:137} INFO - [2022-12-03T05:15:05.218+0000] {taskmixin.py:205} WARNING - Dependency <Task(BashOperator): delete_entry_group>, create_entry_group already registered for DAG: example_complex
[2022-12-03T05:15:05.220+0000] {logging_mixin.py:137} INFO - [2022-12-03T05:15:05.220+0000] {taskmixin.py:205} WARNING - Dependency <Task(BashOperator): create_entry_gcs>, delete_entry already registered for DAG: example_complex
[2022-12-03T05:15:05.221+0000] {logging_mixin.py:137} INFO - [2022-12-03T05:15:05.221+0000] {taskmixin.py:205} WARNING - Dependency <Task(BashOperator): delete_entry>, create_entry_gcs already registered for DAG: example_complex
[2022-12-03T05:15:05.222+0000] {logging_mixin.py:137} INFO - [2022-12-03T05:15:05.221+0000] {taskmixin.py:205} WARNING - Dependency <Task(BashOperator): create_tag>, delete_tag already registered for DAG: example_complex
[2022-12-03T05:15:05.222+0000] {logging_mixin.py:137} INFO - [2022-12-03T05:15:05.222+0000] {taskmixin.py:205} WARNING - Dependency <Task(BashOperator): delete_tag>, create_tag already registered for DAG: example_complex
[2022-12-03T05:15:05.227+0000] {processor.py:753} INFO - DAG(s) dict_keys(['example_complex']) retrieved from /home/airflow/.local/lib/python3.7/site-packages/airflow/example_dags/example_complex.py
[2022-12-03T05:15:05.254+0000] {logging_mixin.py:137} INFO - [2022-12-03T05:15:05.254+0000] {dag.py:2676} INFO - Sync 1 DAGs
[2022-12-03T05:15:05.267+0000] {logging_mixin.py:137} INFO - [2022-12-03T05:15:05.267+0000] {dag.py:3427} INFO - Setting next_dagrun for example_complex to None, run_after=None
[2022-12-03T05:15:05.279+0000] {processor.py:175} INFO - Processing /home/airflow/.local/lib/python3.7/site-packages/airflow/example_dags/example_complex.py took 0.074 seconds
[2022-12-03T05:15:35.769+0000] {processor.py:153} INFO - Started process (PID=3035) to work on /home/airflow/.local/lib/python3.7/site-packages/airflow/example_dags/example_complex.py
[2022-12-03T05:15:35.770+0000] {processor.py:743} INFO - Processing file /home/airflow/.local/lib/python3.7/site-packages/airflow/example_dags/example_complex.py for tasks to queue
[2022-12-03T05:15:35.771+0000] {logging_mixin.py:137} INFO - [2022-12-03T05:15:35.771+0000] {dagbag.py:538} INFO - Filling up the DagBag from /home/airflow/.local/lib/python3.7/site-packages/airflow/example_dags/example_complex.py
[2022-12-03T05:15:35.787+0000] {logging_mixin.py:137} INFO - [2022-12-03T05:15:35.787+0000] {taskmixin.py:205} WARNING - Dependency <Task(BashOperator): create_entry_group>, delete_entry_group already registered for DAG: example_complex
[2022-12-03T05:15:35.805+0000] {logging_mixin.py:137} INFO - [2022-12-03T05:15:35.805+0000] {taskmixin.py:205} WARNING - Dependency <Task(BashOperator): delete_entry_group>, create_entry_group already registered for DAG: example_complex
[2022-12-03T05:15:35.806+0000] {logging_mixin.py:137} INFO - [2022-12-03T05:15:35.806+0000] {taskmixin.py:205} WARNING - Dependency <Task(BashOperator): create_entry_gcs>, delete_entry already registered for DAG: example_complex
[2022-12-03T05:15:35.807+0000] {logging_mixin.py:137} INFO - [2022-12-03T05:15:35.807+0000] {taskmixin.py:205} WARNING - Dependency <Task(BashOperator): delete_entry>, create_entry_gcs already registered for DAG: example_complex
[2022-12-03T05:15:35.810+0000] {logging_mixin.py:137} INFO - [2022-12-03T05:15:35.810+0000] {taskmixin.py:205} WARNING - Dependency <Task(BashOperator): create_tag>, delete_tag already registered for DAG: example_complex
[2022-12-03T05:15:35.826+0000] {logging_mixin.py:137} INFO - [2022-12-03T05:15:35.826+0000] {taskmixin.py:205} WARNING - Dependency <Task(BashOperator): delete_tag>, create_tag already registered for DAG: example_complex
[2022-12-03T05:15:35.833+0000] {processor.py:753} INFO - DAG(s) dict_keys(['example_complex']) retrieved from /home/airflow/.local/lib/python3.7/site-packages/airflow/example_dags/example_complex.py
[2022-12-03T05:15:35.880+0000] {logging_mixin.py:137} INFO - [2022-12-03T05:15:35.879+0000] {dag.py:2676} INFO - Sync 1 DAGs
[2022-12-03T05:15:35.920+0000] {logging_mixin.py:137} INFO - [2022-12-03T05:15:35.920+0000] {dag.py:3427} INFO - Setting next_dagrun for example_complex to None, run_after=None
[2022-12-03T05:15:35.936+0000] {processor.py:175} INFO - Processing /home/airflow/.local/lib/python3.7/site-packages/airflow/example_dags/example_complex.py took 0.170 seconds
[2022-12-03T05:16:06.822+0000] {processor.py:153} INFO - Started process (PID=3259) to work on /home/airflow/.local/lib/python3.7/site-packages/airflow/example_dags/example_complex.py
[2022-12-03T05:16:06.824+0000] {processor.py:743} INFO - Processing file /home/airflow/.local/lib/python3.7/site-packages/airflow/example_dags/example_complex.py for tasks to queue
[2022-12-03T05:16:06.825+0000] {logging_mixin.py:137} INFO - [2022-12-03T05:16:06.825+0000] {dagbag.py:538} INFO - Filling up the DagBag from /home/airflow/.local/lib/python3.7/site-packages/airflow/example_dags/example_complex.py
[2022-12-03T05:16:06.836+0000] {logging_mixin.py:137} INFO - [2022-12-03T05:16:06.836+0000] {taskmixin.py:205} WARNING - Dependency <Task(BashOperator): create_entry_group>, delete_entry_group already registered for DAG: example_complex
[2022-12-03T05:16:06.837+0000] {logging_mixin.py:137} INFO - [2022-12-03T05:16:06.837+0000] {taskmixin.py:205} WARNING - Dependency <Task(BashOperator): delete_entry_group>, create_entry_group already registered for DAG: example_complex
[2022-12-03T05:16:06.839+0000] {logging_mixin.py:137} INFO - [2022-12-03T05:16:06.839+0000] {taskmixin.py:205} WARNING - Dependency <Task(BashOperator): create_entry_gcs>, delete_entry already registered for DAG: example_complex
[2022-12-03T05:16:06.840+0000] {logging_mixin.py:137} INFO - [2022-12-03T05:16:06.839+0000] {taskmixin.py:205} WARNING - Dependency <Task(BashOperator): delete_entry>, create_entry_gcs already registered for DAG: example_complex
[2022-12-03T05:16:06.842+0000] {logging_mixin.py:137} INFO - [2022-12-03T05:16:06.842+0000] {taskmixin.py:205} WARNING - Dependency <Task(BashOperator): create_tag>, delete_tag already registered for DAG: example_complex
[2022-12-03T05:16:06.843+0000] {logging_mixin.py:137} INFO - [2022-12-03T05:16:06.843+0000] {taskmixin.py:205} WARNING - Dependency <Task(BashOperator): delete_tag>, create_tag already registered for DAG: example_complex
[2022-12-03T05:16:06.849+0000] {processor.py:753} INFO - DAG(s) dict_keys(['example_complex']) retrieved from /home/airflow/.local/lib/python3.7/site-packages/airflow/example_dags/example_complex.py
[2022-12-03T05:16:06.880+0000] {logging_mixin.py:137} INFO - [2022-12-03T05:16:06.879+0000] {dag.py:2676} INFO - Sync 1 DAGs
[2022-12-03T05:16:06.917+0000] {logging_mixin.py:137} INFO - [2022-12-03T05:16:06.917+0000] {dag.py:3427} INFO - Setting next_dagrun for example_complex to None, run_after=None
[2022-12-03T05:16:06.934+0000] {processor.py:175} INFO - Processing /home/airflow/.local/lib/python3.7/site-packages/airflow/example_dags/example_complex.py took 0.115 seconds
[2022-12-03T05:16:37.557+0000] {processor.py:153} INFO - Started process (PID=3484) to work on /home/airflow/.local/lib/python3.7/site-packages/airflow/example_dags/example_complex.py
[2022-12-03T05:16:37.559+0000] {processor.py:743} INFO - Processing file /home/airflow/.local/lib/python3.7/site-packages/airflow/example_dags/example_complex.py for tasks to queue
[2022-12-03T05:16:37.560+0000] {logging_mixin.py:137} INFO - [2022-12-03T05:16:37.560+0000] {dagbag.py:538} INFO - Filling up the DagBag from /home/airflow/.local/lib/python3.7/site-packages/airflow/example_dags/example_complex.py
[2022-12-03T05:16:37.571+0000] {logging_mixin.py:137} INFO - [2022-12-03T05:16:37.570+0000] {taskmixin.py:205} WARNING - Dependency <Task(BashOperator): create_entry_group>, delete_entry_group already registered for DAG: example_complex
[2022-12-03T05:16:37.573+0000] {logging_mixin.py:137} INFO - [2022-12-03T05:16:37.573+0000] {taskmixin.py:205} WARNING - Dependency <Task(BashOperator): delete_entry_group>, create_entry_group already registered for DAG: example_complex
[2022-12-03T05:16:37.575+0000] {logging_mixin.py:137} INFO - [2022-12-03T05:16:37.575+0000] {taskmixin.py:205} WARNING - Dependency <Task(BashOperator): create_entry_gcs>, delete_entry already registered for DAG: example_complex
[2022-12-03T05:16:37.579+0000] {logging_mixin.py:137} INFO - [2022-12-03T05:16:37.579+0000] {taskmixin.py:205} WARNING - Dependency <Task(BashOperator): delete_entry>, create_entry_gcs already registered for DAG: example_complex
[2022-12-03T05:16:37.582+0000] {logging_mixin.py:137} INFO - [2022-12-03T05:16:37.582+0000] {taskmixin.py:205} WARNING - Dependency <Task(BashOperator): create_tag>, delete_tag already registered for DAG: example_complex
[2022-12-03T05:16:37.586+0000] {logging_mixin.py:137} INFO - [2022-12-03T05:16:37.585+0000] {taskmixin.py:205} WARNING - Dependency <Task(BashOperator): delete_tag>, create_tag already registered for DAG: example_complex
[2022-12-03T05:16:37.593+0000] {processor.py:753} INFO - DAG(s) dict_keys(['example_complex']) retrieved from /home/airflow/.local/lib/python3.7/site-packages/airflow/example_dags/example_complex.py
[2022-12-03T05:16:37.622+0000] {logging_mixin.py:137} INFO - [2022-12-03T05:16:37.622+0000] {dag.py:2676} INFO - Sync 1 DAGs
[2022-12-03T05:16:37.648+0000] {logging_mixin.py:137} INFO - [2022-12-03T05:16:37.648+0000] {dag.py:3427} INFO - Setting next_dagrun for example_complex to None, run_after=None
[2022-12-03T05:16:37.662+0000] {processor.py:175} INFO - Processing /home/airflow/.local/lib/python3.7/site-packages/airflow/example_dags/example_complex.py took 0.107 seconds
[2022-12-03T05:17:08.706+0000] {processor.py:153} INFO - Started process (PID=3698) to work on /home/airflow/.local/lib/python3.7/site-packages/airflow/example_dags/example_complex.py
[2022-12-03T05:17:08.708+0000] {processor.py:743} INFO - Processing file /home/airflow/.local/lib/python3.7/site-packages/airflow/example_dags/example_complex.py for tasks to queue
[2022-12-03T05:17:08.709+0000] {logging_mixin.py:137} INFO - [2022-12-03T05:17:08.709+0000] {dagbag.py:538} INFO - Filling up the DagBag from /home/airflow/.local/lib/python3.7/site-packages/airflow/example_dags/example_complex.py
[2022-12-03T05:17:08.716+0000] {logging_mixin.py:137} INFO - [2022-12-03T05:17:08.716+0000] {taskmixin.py:205} WARNING - Dependency <Task(BashOperator): create_entry_group>, delete_entry_group already registered for DAG: example_complex
[2022-12-03T05:17:08.717+0000] {logging_mixin.py:137} INFO - [2022-12-03T05:17:08.717+0000] {taskmixin.py:205} WARNING - Dependency <Task(BashOperator): delete_entry_group>, create_entry_group already registered for DAG: example_complex
[2022-12-03T05:17:08.718+0000] {logging_mixin.py:137} INFO - [2022-12-03T05:17:08.717+0000] {taskmixin.py:205} WARNING - Dependency <Task(BashOperator): create_entry_gcs>, delete_entry already registered for DAG: example_complex
[2022-12-03T05:17:08.718+0000] {logging_mixin.py:137} INFO - [2022-12-03T05:17:08.718+0000] {taskmixin.py:205} WARNING - Dependency <Task(BashOperator): delete_entry>, create_entry_gcs already registered for DAG: example_complex
[2022-12-03T05:17:08.719+0000] {logging_mixin.py:137} INFO - [2022-12-03T05:17:08.719+0000] {taskmixin.py:205} WARNING - Dependency <Task(BashOperator): create_tag>, delete_tag already registered for DAG: example_complex
[2022-12-03T05:17:08.720+0000] {logging_mixin.py:137} INFO - [2022-12-03T05:17:08.720+0000] {taskmixin.py:205} WARNING - Dependency <Task(BashOperator): delete_tag>, create_tag already registered for DAG: example_complex
[2022-12-03T05:17:08.726+0000] {processor.py:753} INFO - DAG(s) dict_keys(['example_complex']) retrieved from /home/airflow/.local/lib/python3.7/site-packages/airflow/example_dags/example_complex.py
[2022-12-03T05:17:08.759+0000] {logging_mixin.py:137} INFO - [2022-12-03T05:17:08.759+0000] {dag.py:2676} INFO - Sync 1 DAGs
[2022-12-03T05:17:08.777+0000] {logging_mixin.py:137} INFO - [2022-12-03T05:17:08.777+0000] {dag.py:3427} INFO - Setting next_dagrun for example_complex to None, run_after=None
[2022-12-03T05:17:08.790+0000] {processor.py:175} INFO - Processing /home/airflow/.local/lib/python3.7/site-packages/airflow/example_dags/example_complex.py took 0.086 seconds
[2022-12-03T05:17:39.291+0000] {processor.py:153} INFO - Started process (PID=3924) to work on /home/airflow/.local/lib/python3.7/site-packages/airflow/example_dags/example_complex.py
[2022-12-03T05:17:39.294+0000] {processor.py:743} INFO - Processing file /home/airflow/.local/lib/python3.7/site-packages/airflow/example_dags/example_complex.py for tasks to queue
[2022-12-03T05:17:39.295+0000] {logging_mixin.py:137} INFO - [2022-12-03T05:17:39.295+0000] {dagbag.py:538} INFO - Filling up the DagBag from /home/airflow/.local/lib/python3.7/site-packages/airflow/example_dags/example_complex.py
[2022-12-03T05:17:39.303+0000] {logging_mixin.py:137} INFO - [2022-12-03T05:17:39.302+0000] {taskmixin.py:205} WARNING - Dependency <Task(BashOperator): create_entry_group>, delete_entry_group already registered for DAG: example_complex
[2022-12-03T05:17:39.304+0000] {logging_mixin.py:137} INFO - [2022-12-03T05:17:39.304+0000] {taskmixin.py:205} WARNING - Dependency <Task(BashOperator): delete_entry_group>, create_entry_group already registered for DAG: example_complex
[2022-12-03T05:17:39.305+0000] {logging_mixin.py:137} INFO - [2022-12-03T05:17:39.304+0000] {taskmixin.py:205} WARNING - Dependency <Task(BashOperator): create_entry_gcs>, delete_entry already registered for DAG: example_complex
[2022-12-03T05:17:39.305+0000] {logging_mixin.py:137} INFO - [2022-12-03T05:17:39.305+0000] {taskmixin.py:205} WARNING - Dependency <Task(BashOperator): delete_entry>, create_entry_gcs already registered for DAG: example_complex
[2022-12-03T05:17:39.308+0000] {logging_mixin.py:137} INFO - [2022-12-03T05:17:39.308+0000] {taskmixin.py:205} WARNING - Dependency <Task(BashOperator): create_tag>, delete_tag already registered for DAG: example_complex
[2022-12-03T05:17:39.310+0000] {logging_mixin.py:137} INFO - [2022-12-03T05:17:39.310+0000] {taskmixin.py:205} WARNING - Dependency <Task(BashOperator): delete_tag>, create_tag already registered for DAG: example_complex
[2022-12-03T05:17:39.317+0000] {processor.py:753} INFO - DAG(s) dict_keys(['example_complex']) retrieved from /home/airflow/.local/lib/python3.7/site-packages/airflow/example_dags/example_complex.py
[2022-12-03T05:17:39.348+0000] {logging_mixin.py:137} INFO - [2022-12-03T05:17:39.348+0000] {dag.py:2676} INFO - Sync 1 DAGs
[2022-12-03T05:17:39.368+0000] {logging_mixin.py:137} INFO - [2022-12-03T05:17:39.367+0000] {dag.py:3427} INFO - Setting next_dagrun for example_complex to None, run_after=None
[2022-12-03T05:17:39.392+0000] {processor.py:175} INFO - Processing /home/airflow/.local/lib/python3.7/site-packages/airflow/example_dags/example_complex.py took 0.103 seconds
[2022-12-03T05:18:53.867+0000] {processor.py:153} INFO - Started process (PID=190) to work on /home/airflow/.local/lib/python3.7/site-packages/airflow/example_dags/example_complex.py
[2022-12-03T05:18:53.874+0000] {processor.py:743} INFO - Processing file /home/airflow/.local/lib/python3.7/site-packages/airflow/example_dags/example_complex.py for tasks to queue
[2022-12-03T05:18:53.891+0000] {logging_mixin.py:137} INFO - [2022-12-03T05:18:53.891+0000] {dagbag.py:538} INFO - Filling up the DagBag from /home/airflow/.local/lib/python3.7/site-packages/airflow/example_dags/example_complex.py
[2022-12-03T05:18:53.997+0000] {logging_mixin.py:137} INFO - [2022-12-03T05:18:53.997+0000] {taskmixin.py:205} WARNING - Dependency <Task(BashOperator): create_entry_group>, delete_entry_group already registered for DAG: example_complex
[2022-12-03T05:18:54.004+0000] {logging_mixin.py:137} INFO - [2022-12-03T05:18:54.003+0000] {taskmixin.py:205} WARNING - Dependency <Task(BashOperator): delete_entry_group>, create_entry_group already registered for DAG: example_complex
[2022-12-03T05:18:54.005+0000] {logging_mixin.py:137} INFO - [2022-12-03T05:18:54.005+0000] {taskmixin.py:205} WARNING - Dependency <Task(BashOperator): create_entry_gcs>, delete_entry already registered for DAG: example_complex
[2022-12-03T05:18:54.007+0000] {logging_mixin.py:137} INFO - [2022-12-03T05:18:54.007+0000] {taskmixin.py:205} WARNING - Dependency <Task(BashOperator): delete_entry>, create_entry_gcs already registered for DAG: example_complex
[2022-12-03T05:18:54.009+0000] {logging_mixin.py:137} INFO - [2022-12-03T05:18:54.009+0000] {taskmixin.py:205} WARNING - Dependency <Task(BashOperator): create_tag>, delete_tag already registered for DAG: example_complex
[2022-12-03T05:18:54.011+0000] {logging_mixin.py:137} INFO - [2022-12-03T05:18:54.010+0000] {taskmixin.py:205} WARNING - Dependency <Task(BashOperator): delete_tag>, create_tag already registered for DAG: example_complex
[2022-12-03T05:18:54.040+0000] {processor.py:753} INFO - DAG(s) dict_keys(['example_complex']) retrieved from /home/airflow/.local/lib/python3.7/site-packages/airflow/example_dags/example_complex.py
[2022-12-03T05:18:54.124+0000] {logging_mixin.py:137} INFO - [2022-12-03T05:18:54.124+0000] {dag.py:2676} INFO - Sync 1 DAGs
[2022-12-03T05:18:54.221+0000] {logging_mixin.py:137} INFO - [2022-12-03T05:18:54.221+0000] {dag.py:3427} INFO - Setting next_dagrun for example_complex to None, run_after=None
[2022-12-03T05:18:54.241+0000] {processor.py:175} INFO - Processing /home/airflow/.local/lib/python3.7/site-packages/airflow/example_dags/example_complex.py took 0.377 seconds
[2022-12-03T05:19:24.437+0000] {processor.py:153} INFO - Started process (PID=405) to work on /home/airflow/.local/lib/python3.7/site-packages/airflow/example_dags/example_complex.py
[2022-12-03T05:19:24.442+0000] {processor.py:743} INFO - Processing file /home/airflow/.local/lib/python3.7/site-packages/airflow/example_dags/example_complex.py for tasks to queue
[2022-12-03T05:19:24.446+0000] {logging_mixin.py:137} INFO - [2022-12-03T05:19:24.446+0000] {dagbag.py:538} INFO - Filling up the DagBag from /home/airflow/.local/lib/python3.7/site-packages/airflow/example_dags/example_complex.py
[2022-12-03T05:19:24.458+0000] {logging_mixin.py:137} INFO - [2022-12-03T05:19:24.457+0000] {taskmixin.py:205} WARNING - Dependency <Task(BashOperator): create_entry_group>, delete_entry_group already registered for DAG: example_complex
[2022-12-03T05:19:24.462+0000] {logging_mixin.py:137} INFO - [2022-12-03T05:19:24.462+0000] {taskmixin.py:205} WARNING - Dependency <Task(BashOperator): delete_entry_group>, create_entry_group already registered for DAG: example_complex
[2022-12-03T05:19:24.464+0000] {logging_mixin.py:137} INFO - [2022-12-03T05:19:24.464+0000] {taskmixin.py:205} WARNING - Dependency <Task(BashOperator): create_entry_gcs>, delete_entry already registered for DAG: example_complex
[2022-12-03T05:19:24.465+0000] {logging_mixin.py:137} INFO - [2022-12-03T05:19:24.465+0000] {taskmixin.py:205} WARNING - Dependency <Task(BashOperator): delete_entry>, create_entry_gcs already registered for DAG: example_complex
[2022-12-03T05:19:24.466+0000] {logging_mixin.py:137} INFO - [2022-12-03T05:19:24.466+0000] {taskmixin.py:205} WARNING - Dependency <Task(BashOperator): create_tag>, delete_tag already registered for DAG: example_complex
[2022-12-03T05:19:24.467+0000] {logging_mixin.py:137} INFO - [2022-12-03T05:19:24.467+0000] {taskmixin.py:205} WARNING - Dependency <Task(BashOperator): delete_tag>, create_tag already registered for DAG: example_complex
[2022-12-03T05:19:24.473+0000] {processor.py:753} INFO - DAG(s) dict_keys(['example_complex']) retrieved from /home/airflow/.local/lib/python3.7/site-packages/airflow/example_dags/example_complex.py
[2022-12-03T05:19:24.508+0000] {logging_mixin.py:137} INFO - [2022-12-03T05:19:24.508+0000] {dag.py:2676} INFO - Sync 1 DAGs
[2022-12-03T05:19:24.523+0000] {logging_mixin.py:137} INFO - [2022-12-03T05:19:24.523+0000] {dag.py:3427} INFO - Setting next_dagrun for example_complex to None, run_after=None
[2022-12-03T05:19:24.536+0000] {processor.py:175} INFO - Processing /home/airflow/.local/lib/python3.7/site-packages/airflow/example_dags/example_complex.py took 0.102 seconds
[2022-12-03T05:19:55.429+0000] {processor.py:153} INFO - Started process (PID=632) to work on /home/airflow/.local/lib/python3.7/site-packages/airflow/example_dags/example_complex.py
[2022-12-03T05:19:55.431+0000] {processor.py:743} INFO - Processing file /home/airflow/.local/lib/python3.7/site-packages/airflow/example_dags/example_complex.py for tasks to queue
[2022-12-03T05:19:55.434+0000] {logging_mixin.py:137} INFO - [2022-12-03T05:19:55.434+0000] {dagbag.py:538} INFO - Filling up the DagBag from /home/airflow/.local/lib/python3.7/site-packages/airflow/example_dags/example_complex.py
[2022-12-03T05:19:55.443+0000] {logging_mixin.py:137} INFO - [2022-12-03T05:19:55.443+0000] {taskmixin.py:205} WARNING - Dependency <Task(BashOperator): create_entry_group>, delete_entry_group already registered for DAG: example_complex
[2022-12-03T05:19:55.445+0000] {logging_mixin.py:137} INFO - [2022-12-03T05:19:55.445+0000] {taskmixin.py:205} WARNING - Dependency <Task(BashOperator): delete_entry_group>, create_entry_group already registered for DAG: example_complex
[2022-12-03T05:19:55.447+0000] {logging_mixin.py:137} INFO - [2022-12-03T05:19:55.447+0000] {taskmixin.py:205} WARNING - Dependency <Task(BashOperator): create_entry_gcs>, delete_entry already registered for DAG: example_complex
[2022-12-03T05:19:55.449+0000] {logging_mixin.py:137} INFO - [2022-12-03T05:19:55.449+0000] {taskmixin.py:205} WARNING - Dependency <Task(BashOperator): delete_entry>, create_entry_gcs already registered for DAG: example_complex
[2022-12-03T05:19:55.450+0000] {logging_mixin.py:137} INFO - [2022-12-03T05:19:55.450+0000] {taskmixin.py:205} WARNING - Dependency <Task(BashOperator): create_tag>, delete_tag already registered for DAG: example_complex
[2022-12-03T05:19:55.453+0000] {logging_mixin.py:137} INFO - [2022-12-03T05:19:55.452+0000] {taskmixin.py:205} WARNING - Dependency <Task(BashOperator): delete_tag>, create_tag already registered for DAG: example_complex
[2022-12-03T05:19:55.467+0000] {processor.py:753} INFO - DAG(s) dict_keys(['example_complex']) retrieved from /home/airflow/.local/lib/python3.7/site-packages/airflow/example_dags/example_complex.py
[2022-12-03T05:19:55.503+0000] {logging_mixin.py:137} INFO - [2022-12-03T05:19:55.503+0000] {dag.py:2676} INFO - Sync 1 DAGs
[2022-12-03T05:19:55.520+0000] {logging_mixin.py:137} INFO - [2022-12-03T05:19:55.520+0000] {dag.py:3427} INFO - Setting next_dagrun for example_complex to None, run_after=None
[2022-12-03T05:19:55.533+0000] {processor.py:175} INFO - Processing /home/airflow/.local/lib/python3.7/site-packages/airflow/example_dags/example_complex.py took 0.106 seconds
