[2022-12-03T05:09:00.446+0000] {processor.py:153} INFO - Started process (PID=286) to work on /home/airflow/.local/lib/python3.7/site-packages/airflow/example_dags/example_trigger_controller_dag.py
[2022-12-03T05:09:00.453+0000] {processor.py:743} INFO - Processing file /home/airflow/.local/lib/python3.7/site-packages/airflow/example_dags/example_trigger_controller_dag.py for tasks to queue
[2022-12-03T05:09:00.456+0000] {logging_mixin.py:137} INFO - [2022-12-03T05:09:00.455+0000] {dagbag.py:538} INFO - Filling up the DagBag from /home/airflow/.local/lib/python3.7/site-packages/airflow/example_dags/example_trigger_controller_dag.py
[2022-12-03T05:09:00.478+0000] {processor.py:753} INFO - DAG(s) dict_keys(['example_trigger_controller_dag']) retrieved from /home/airflow/.local/lib/python3.7/site-packages/airflow/example_dags/example_trigger_controller_dag.py
[2022-12-03T05:09:00.525+0000] {logging_mixin.py:137} INFO - [2022-12-03T05:09:00.525+0000] {dag.py:2676} INFO - Sync 1 DAGs
[2022-12-03T05:09:00.550+0000] {logging_mixin.py:137} INFO - [2022-12-03T05:09:00.550+0000] {dag.py:3427} INFO - Setting next_dagrun for example_trigger_controller_dag to 2021-01-01T00:00:00+00:00, run_after=2021-01-01T00:00:00+00:00
[2022-12-03T05:09:00.583+0000] {processor.py:175} INFO - Processing /home/airflow/.local/lib/python3.7/site-packages/airflow/example_dags/example_trigger_controller_dag.py took 0.148 seconds
[2022-12-03T05:09:31.414+0000] {processor.py:153} INFO - Started process (PID=502) to work on /home/airflow/.local/lib/python3.7/site-packages/airflow/example_dags/example_trigger_controller_dag.py
[2022-12-03T05:09:31.416+0000] {processor.py:743} INFO - Processing file /home/airflow/.local/lib/python3.7/site-packages/airflow/example_dags/example_trigger_controller_dag.py for tasks to queue
[2022-12-03T05:09:31.417+0000] {logging_mixin.py:137} INFO - [2022-12-03T05:09:31.417+0000] {dagbag.py:538} INFO - Filling up the DagBag from /home/airflow/.local/lib/python3.7/site-packages/airflow/example_dags/example_trigger_controller_dag.py
[2022-12-03T05:09:31.426+0000] {processor.py:753} INFO - DAG(s) dict_keys(['example_trigger_controller_dag']) retrieved from /home/airflow/.local/lib/python3.7/site-packages/airflow/example_dags/example_trigger_controller_dag.py
[2022-12-03T05:09:31.462+0000] {logging_mixin.py:137} INFO - [2022-12-03T05:09:31.461+0000] {dag.py:2676} INFO - Sync 1 DAGs
[2022-12-03T05:09:31.481+0000] {logging_mixin.py:137} INFO - [2022-12-03T05:09:31.480+0000] {dag.py:3427} INFO - Setting next_dagrun for example_trigger_controller_dag to 2021-01-01T00:00:00+00:00, run_after=2021-01-01T00:00:00+00:00
[2022-12-03T05:09:31.504+0000] {processor.py:175} INFO - Processing /home/airflow/.local/lib/python3.7/site-packages/airflow/example_dags/example_trigger_controller_dag.py took 0.092 seconds
[2022-12-03T05:10:02.393+0000] {processor.py:153} INFO - Started process (PID=727) to work on /home/airflow/.local/lib/python3.7/site-packages/airflow/example_dags/example_trigger_controller_dag.py
[2022-12-03T05:10:02.395+0000] {processor.py:743} INFO - Processing file /home/airflow/.local/lib/python3.7/site-packages/airflow/example_dags/example_trigger_controller_dag.py for tasks to queue
[2022-12-03T05:10:02.396+0000] {logging_mixin.py:137} INFO - [2022-12-03T05:10:02.396+0000] {dagbag.py:538} INFO - Filling up the DagBag from /home/airflow/.local/lib/python3.7/site-packages/airflow/example_dags/example_trigger_controller_dag.py
[2022-12-03T05:10:02.406+0000] {processor.py:753} INFO - DAG(s) dict_keys(['example_trigger_controller_dag']) retrieved from /home/airflow/.local/lib/python3.7/site-packages/airflow/example_dags/example_trigger_controller_dag.py
[2022-12-03T05:10:02.439+0000] {logging_mixin.py:137} INFO - [2022-12-03T05:10:02.439+0000] {dag.py:2676} INFO - Sync 1 DAGs
[2022-12-03T05:10:02.459+0000] {logging_mixin.py:137} INFO - [2022-12-03T05:10:02.459+0000] {dag.py:3427} INFO - Setting next_dagrun for example_trigger_controller_dag to 2021-01-01T00:00:00+00:00, run_after=2021-01-01T00:00:00+00:00
[2022-12-03T05:10:02.476+0000] {processor.py:175} INFO - Processing /home/airflow/.local/lib/python3.7/site-packages/airflow/example_dags/example_trigger_controller_dag.py took 0.086 seconds
[2022-12-03T05:10:32.711+0000] {processor.py:153} INFO - Started process (PID=941) to work on /home/airflow/.local/lib/python3.7/site-packages/airflow/example_dags/example_trigger_controller_dag.py
[2022-12-03T05:10:32.713+0000] {processor.py:743} INFO - Processing file /home/airflow/.local/lib/python3.7/site-packages/airflow/example_dags/example_trigger_controller_dag.py for tasks to queue
[2022-12-03T05:10:32.714+0000] {logging_mixin.py:137} INFO - [2022-12-03T05:10:32.714+0000] {dagbag.py:538} INFO - Filling up the DagBag from /home/airflow/.local/lib/python3.7/site-packages/airflow/example_dags/example_trigger_controller_dag.py
[2022-12-03T05:10:32.724+0000] {processor.py:753} INFO - DAG(s) dict_keys(['example_trigger_controller_dag']) retrieved from /home/airflow/.local/lib/python3.7/site-packages/airflow/example_dags/example_trigger_controller_dag.py
[2022-12-03T05:10:32.771+0000] {logging_mixin.py:137} INFO - [2022-12-03T05:10:32.771+0000] {dag.py:2676} INFO - Sync 1 DAGs
[2022-12-03T05:10:32.794+0000] {logging_mixin.py:137} INFO - [2022-12-03T05:10:32.794+0000] {dag.py:3427} INFO - Setting next_dagrun for example_trigger_controller_dag to 2021-01-01T00:00:00+00:00, run_after=2021-01-01T00:00:00+00:00
[2022-12-03T05:10:32.811+0000] {processor.py:175} INFO - Processing /home/airflow/.local/lib/python3.7/site-packages/airflow/example_dags/example_trigger_controller_dag.py took 0.104 seconds
[2022-12-03T05:11:03.557+0000] {processor.py:153} INFO - Started process (PID=1166) to work on /home/airflow/.local/lib/python3.7/site-packages/airflow/example_dags/example_trigger_controller_dag.py
[2022-12-03T05:11:03.558+0000] {processor.py:743} INFO - Processing file /home/airflow/.local/lib/python3.7/site-packages/airflow/example_dags/example_trigger_controller_dag.py for tasks to queue
[2022-12-03T05:11:03.561+0000] {logging_mixin.py:137} INFO - [2022-12-03T05:11:03.560+0000] {dagbag.py:538} INFO - Filling up the DagBag from /home/airflow/.local/lib/python3.7/site-packages/airflow/example_dags/example_trigger_controller_dag.py
[2022-12-03T05:11:03.569+0000] {processor.py:753} INFO - DAG(s) dict_keys(['example_trigger_controller_dag']) retrieved from /home/airflow/.local/lib/python3.7/site-packages/airflow/example_dags/example_trigger_controller_dag.py
[2022-12-03T05:11:03.594+0000] {logging_mixin.py:137} INFO - [2022-12-03T05:11:03.594+0000] {dag.py:2676} INFO - Sync 1 DAGs
[2022-12-03T05:11:03.615+0000] {logging_mixin.py:137} INFO - [2022-12-03T05:11:03.615+0000] {dag.py:3427} INFO - Setting next_dagrun for example_trigger_controller_dag to 2021-01-01T00:00:00+00:00, run_after=2021-01-01T00:00:00+00:00
[2022-12-03T05:11:03.629+0000] {processor.py:175} INFO - Processing /home/airflow/.local/lib/python3.7/site-packages/airflow/example_dags/example_trigger_controller_dag.py took 0.074 seconds
[2022-12-03T05:11:34.527+0000] {processor.py:153} INFO - Started process (PID=1378) to work on /home/airflow/.local/lib/python3.7/site-packages/airflow/example_dags/example_trigger_controller_dag.py
[2022-12-03T05:11:34.529+0000] {processor.py:743} INFO - Processing file /home/airflow/.local/lib/python3.7/site-packages/airflow/example_dags/example_trigger_controller_dag.py for tasks to queue
[2022-12-03T05:11:34.530+0000] {logging_mixin.py:137} INFO - [2022-12-03T05:11:34.530+0000] {dagbag.py:538} INFO - Filling up the DagBag from /home/airflow/.local/lib/python3.7/site-packages/airflow/example_dags/example_trigger_controller_dag.py
[2022-12-03T05:11:34.542+0000] {processor.py:753} INFO - DAG(s) dict_keys(['example_trigger_controller_dag']) retrieved from /home/airflow/.local/lib/python3.7/site-packages/airflow/example_dags/example_trigger_controller_dag.py
[2022-12-03T05:11:34.571+0000] {logging_mixin.py:137} INFO - [2022-12-03T05:11:34.571+0000] {dag.py:2676} INFO - Sync 1 DAGs
[2022-12-03T05:11:34.591+0000] {logging_mixin.py:137} INFO - [2022-12-03T05:11:34.590+0000] {dag.py:3427} INFO - Setting next_dagrun for example_trigger_controller_dag to 2021-01-01T00:00:00+00:00, run_after=2021-01-01T00:00:00+00:00
[2022-12-03T05:11:34.604+0000] {processor.py:175} INFO - Processing /home/airflow/.local/lib/python3.7/site-packages/airflow/example_dags/example_trigger_controller_dag.py took 0.080 seconds
[2022-12-03T05:12:05.083+0000] {processor.py:153} INFO - Started process (PID=1606) to work on /home/airflow/.local/lib/python3.7/site-packages/airflow/example_dags/example_trigger_controller_dag.py
[2022-12-03T05:12:05.085+0000] {processor.py:743} INFO - Processing file /home/airflow/.local/lib/python3.7/site-packages/airflow/example_dags/example_trigger_controller_dag.py for tasks to queue
[2022-12-03T05:12:05.086+0000] {logging_mixin.py:137} INFO - [2022-12-03T05:12:05.086+0000] {dagbag.py:538} INFO - Filling up the DagBag from /home/airflow/.local/lib/python3.7/site-packages/airflow/example_dags/example_trigger_controller_dag.py
[2022-12-03T05:12:05.094+0000] {processor.py:753} INFO - DAG(s) dict_keys(['example_trigger_controller_dag']) retrieved from /home/airflow/.local/lib/python3.7/site-packages/airflow/example_dags/example_trigger_controller_dag.py
[2022-12-03T05:12:05.121+0000] {logging_mixin.py:137} INFO - [2022-12-03T05:12:05.121+0000] {dag.py:2676} INFO - Sync 1 DAGs
[2022-12-03T05:12:05.136+0000] {logging_mixin.py:137} INFO - [2022-12-03T05:12:05.136+0000] {dag.py:3427} INFO - Setting next_dagrun for example_trigger_controller_dag to 2021-01-01T00:00:00+00:00, run_after=2021-01-01T00:00:00+00:00
[2022-12-03T05:12:05.151+0000] {processor.py:175} INFO - Processing /home/airflow/.local/lib/python3.7/site-packages/airflow/example_dags/example_trigger_controller_dag.py took 0.070 seconds
[2022-12-03T05:12:37.884+0000] {processor.py:153} INFO - Started process (PID=1821) to work on /home/airflow/.local/lib/python3.7/site-packages/airflow/example_dags/example_trigger_controller_dag.py
[2022-12-03T05:12:37.886+0000] {processor.py:743} INFO - Processing file /home/airflow/.local/lib/python3.7/site-packages/airflow/example_dags/example_trigger_controller_dag.py for tasks to queue
[2022-12-03T05:12:37.887+0000] {logging_mixin.py:137} INFO - [2022-12-03T05:12:37.887+0000] {dagbag.py:538} INFO - Filling up the DagBag from /home/airflow/.local/lib/python3.7/site-packages/airflow/example_dags/example_trigger_controller_dag.py
[2022-12-03T05:12:37.904+0000] {processor.py:753} INFO - DAG(s) dict_keys(['example_trigger_controller_dag']) retrieved from /home/airflow/.local/lib/python3.7/site-packages/airflow/example_dags/example_trigger_controller_dag.py
[2022-12-03T05:12:37.968+0000] {logging_mixin.py:137} INFO - [2022-12-03T05:12:37.967+0000] {dag.py:2676} INFO - Sync 1 DAGs
[2022-12-03T05:12:38.007+0000] {logging_mixin.py:137} INFO - [2022-12-03T05:12:38.007+0000] {dag.py:3427} INFO - Setting next_dagrun for example_trigger_controller_dag to 2021-01-01T00:00:00+00:00, run_after=2021-01-01T00:00:00+00:00
[2022-12-03T05:12:38.092+0000] {processor.py:175} INFO - Processing /home/airflow/.local/lib/python3.7/site-packages/airflow/example_dags/example_trigger_controller_dag.py took 0.211 seconds
[2022-12-03T05:13:08.642+0000] {processor.py:153} INFO - Started process (PID=2048) to work on /home/airflow/.local/lib/python3.7/site-packages/airflow/example_dags/example_trigger_controller_dag.py
[2022-12-03T05:13:08.645+0000] {processor.py:743} INFO - Processing file /home/airflow/.local/lib/python3.7/site-packages/airflow/example_dags/example_trigger_controller_dag.py for tasks to queue
[2022-12-03T05:13:08.646+0000] {logging_mixin.py:137} INFO - [2022-12-03T05:13:08.646+0000] {dagbag.py:538} INFO - Filling up the DagBag from /home/airflow/.local/lib/python3.7/site-packages/airflow/example_dags/example_trigger_controller_dag.py
[2022-12-03T05:13:08.658+0000] {processor.py:753} INFO - DAG(s) dict_keys(['example_trigger_controller_dag']) retrieved from /home/airflow/.local/lib/python3.7/site-packages/airflow/example_dags/example_trigger_controller_dag.py
[2022-12-03T05:13:08.777+0000] {logging_mixin.py:137} INFO - [2022-12-03T05:13:08.776+0000] {dag.py:2676} INFO - Sync 1 DAGs
[2022-12-03T05:13:08.825+0000] {logging_mixin.py:137} INFO - [2022-12-03T05:13:08.825+0000] {dag.py:3427} INFO - Setting next_dagrun for example_trigger_controller_dag to 2021-01-01T00:00:00+00:00, run_after=2021-01-01T00:00:00+00:00
[2022-12-03T05:13:08.855+0000] {processor.py:175} INFO - Processing /home/airflow/.local/lib/python3.7/site-packages/airflow/example_dags/example_trigger_controller_dag.py took 0.216 seconds
[2022-12-03T05:13:39.718+0000] {processor.py:153} INFO - Started process (PID=2262) to work on /home/airflow/.local/lib/python3.7/site-packages/airflow/example_dags/example_trigger_controller_dag.py
[2022-12-03T05:13:39.722+0000] {processor.py:743} INFO - Processing file /home/airflow/.local/lib/python3.7/site-packages/airflow/example_dags/example_trigger_controller_dag.py for tasks to queue
[2022-12-03T05:13:39.725+0000] {logging_mixin.py:137} INFO - [2022-12-03T05:13:39.725+0000] {dagbag.py:538} INFO - Filling up the DagBag from /home/airflow/.local/lib/python3.7/site-packages/airflow/example_dags/example_trigger_controller_dag.py
[2022-12-03T05:13:39.742+0000] {processor.py:753} INFO - DAG(s) dict_keys(['example_trigger_controller_dag']) retrieved from /home/airflow/.local/lib/python3.7/site-packages/airflow/example_dags/example_trigger_controller_dag.py
[2022-12-03T05:13:39.772+0000] {logging_mixin.py:137} INFO - [2022-12-03T05:13:39.772+0000] {dag.py:2676} INFO - Sync 1 DAGs
[2022-12-03T05:13:39.789+0000] {logging_mixin.py:137} INFO - [2022-12-03T05:13:39.789+0000] {dag.py:3427} INFO - Setting next_dagrun for example_trigger_controller_dag to 2021-01-01T00:00:00+00:00, run_after=2021-01-01T00:00:00+00:00
[2022-12-03T05:13:39.801+0000] {processor.py:175} INFO - Processing /home/airflow/.local/lib/python3.7/site-packages/airflow/example_dags/example_trigger_controller_dag.py took 0.087 seconds
[2022-12-03T05:14:10.186+0000] {processor.py:153} INFO - Started process (PID=2486) to work on /home/airflow/.local/lib/python3.7/site-packages/airflow/example_dags/example_trigger_controller_dag.py
[2022-12-03T05:14:10.189+0000] {processor.py:743} INFO - Processing file /home/airflow/.local/lib/python3.7/site-packages/airflow/example_dags/example_trigger_controller_dag.py for tasks to queue
[2022-12-03T05:14:10.192+0000] {logging_mixin.py:137} INFO - [2022-12-03T05:14:10.192+0000] {dagbag.py:538} INFO - Filling up the DagBag from /home/airflow/.local/lib/python3.7/site-packages/airflow/example_dags/example_trigger_controller_dag.py
[2022-12-03T05:14:10.213+0000] {processor.py:753} INFO - DAG(s) dict_keys(['example_trigger_controller_dag']) retrieved from /home/airflow/.local/lib/python3.7/site-packages/airflow/example_dags/example_trigger_controller_dag.py
[2022-12-03T05:14:10.291+0000] {logging_mixin.py:137} INFO - [2022-12-03T05:14:10.291+0000] {dag.py:2676} INFO - Sync 1 DAGs
[2022-12-03T05:14:10.311+0000] {logging_mixin.py:137} INFO - [2022-12-03T05:14:10.311+0000] {dag.py:3427} INFO - Setting next_dagrun for example_trigger_controller_dag to 2021-01-01T00:00:00+00:00, run_after=2021-01-01T00:00:00+00:00
[2022-12-03T05:14:10.326+0000] {processor.py:175} INFO - Processing /home/airflow/.local/lib/python3.7/site-packages/airflow/example_dags/example_trigger_controller_dag.py took 0.147 seconds
[2022-12-03T05:14:41.044+0000] {processor.py:153} INFO - Started process (PID=2701) to work on /home/airflow/.local/lib/python3.7/site-packages/airflow/example_dags/example_trigger_controller_dag.py
[2022-12-03T05:14:41.046+0000] {processor.py:743} INFO - Processing file /home/airflow/.local/lib/python3.7/site-packages/airflow/example_dags/example_trigger_controller_dag.py for tasks to queue
[2022-12-03T05:14:41.048+0000] {logging_mixin.py:137} INFO - [2022-12-03T05:14:41.048+0000] {dagbag.py:538} INFO - Filling up the DagBag from /home/airflow/.local/lib/python3.7/site-packages/airflow/example_dags/example_trigger_controller_dag.py
[2022-12-03T05:14:41.058+0000] {processor.py:753} INFO - DAG(s) dict_keys(['example_trigger_controller_dag']) retrieved from /home/airflow/.local/lib/python3.7/site-packages/airflow/example_dags/example_trigger_controller_dag.py
[2022-12-03T05:14:41.096+0000] {logging_mixin.py:137} INFO - [2022-12-03T05:14:41.096+0000] {dag.py:2676} INFO - Sync 1 DAGs
[2022-12-03T05:14:41.115+0000] {logging_mixin.py:137} INFO - [2022-12-03T05:14:41.115+0000] {dag.py:3427} INFO - Setting next_dagrun for example_trigger_controller_dag to 2021-01-01T00:00:00+00:00, run_after=2021-01-01T00:00:00+00:00
[2022-12-03T05:14:41.130+0000] {processor.py:175} INFO - Processing /home/airflow/.local/lib/python3.7/site-packages/airflow/example_dags/example_trigger_controller_dag.py took 0.089 seconds
[2022-12-03T05:15:11.772+0000] {processor.py:153} INFO - Started process (PID=2925) to work on /home/airflow/.local/lib/python3.7/site-packages/airflow/example_dags/example_trigger_controller_dag.py
[2022-12-03T05:15:11.774+0000] {processor.py:743} INFO - Processing file /home/airflow/.local/lib/python3.7/site-packages/airflow/example_dags/example_trigger_controller_dag.py for tasks to queue
[2022-12-03T05:15:11.775+0000] {logging_mixin.py:137} INFO - [2022-12-03T05:15:11.775+0000] {dagbag.py:538} INFO - Filling up the DagBag from /home/airflow/.local/lib/python3.7/site-packages/airflow/example_dags/example_trigger_controller_dag.py
[2022-12-03T05:15:11.788+0000] {processor.py:753} INFO - DAG(s) dict_keys(['example_trigger_controller_dag']) retrieved from /home/airflow/.local/lib/python3.7/site-packages/airflow/example_dags/example_trigger_controller_dag.py
[2022-12-03T05:15:11.831+0000] {logging_mixin.py:137} INFO - [2022-12-03T05:15:11.831+0000] {dag.py:2676} INFO - Sync 1 DAGs
[2022-12-03T05:15:11.854+0000] {logging_mixin.py:137} INFO - [2022-12-03T05:15:11.854+0000] {dag.py:3427} INFO - Setting next_dagrun for example_trigger_controller_dag to 2021-01-01T00:00:00+00:00, run_after=2021-01-01T00:00:00+00:00
[2022-12-03T05:15:11.879+0000] {processor.py:175} INFO - Processing /home/airflow/.local/lib/python3.7/site-packages/airflow/example_dags/example_trigger_controller_dag.py took 0.110 seconds
[2022-12-03T05:15:42.477+0000] {processor.py:153} INFO - Started process (PID=3143) to work on /home/airflow/.local/lib/python3.7/site-packages/airflow/example_dags/example_trigger_controller_dag.py
[2022-12-03T05:15:42.478+0000] {processor.py:743} INFO - Processing file /home/airflow/.local/lib/python3.7/site-packages/airflow/example_dags/example_trigger_controller_dag.py for tasks to queue
[2022-12-03T05:15:42.479+0000] {logging_mixin.py:137} INFO - [2022-12-03T05:15:42.479+0000] {dagbag.py:538} INFO - Filling up the DagBag from /home/airflow/.local/lib/python3.7/site-packages/airflow/example_dags/example_trigger_controller_dag.py
[2022-12-03T05:15:42.487+0000] {processor.py:753} INFO - DAG(s) dict_keys(['example_trigger_controller_dag']) retrieved from /home/airflow/.local/lib/python3.7/site-packages/airflow/example_dags/example_trigger_controller_dag.py
[2022-12-03T05:15:42.511+0000] {logging_mixin.py:137} INFO - [2022-12-03T05:15:42.511+0000] {dag.py:2676} INFO - Sync 1 DAGs
[2022-12-03T05:15:42.527+0000] {logging_mixin.py:137} INFO - [2022-12-03T05:15:42.527+0000] {dag.py:3427} INFO - Setting next_dagrun for example_trigger_controller_dag to 2021-01-01T00:00:00+00:00, run_after=2021-01-01T00:00:00+00:00
[2022-12-03T05:15:42.538+0000] {processor.py:175} INFO - Processing /home/airflow/.local/lib/python3.7/site-packages/airflow/example_dags/example_trigger_controller_dag.py took 0.064 seconds
[2022-12-03T05:16:13.570+0000] {processor.py:153} INFO - Started process (PID=3368) to work on /home/airflow/.local/lib/python3.7/site-packages/airflow/example_dags/example_trigger_controller_dag.py
[2022-12-03T05:16:13.572+0000] {processor.py:743} INFO - Processing file /home/airflow/.local/lib/python3.7/site-packages/airflow/example_dags/example_trigger_controller_dag.py for tasks to queue
[2022-12-03T05:16:13.574+0000] {logging_mixin.py:137} INFO - [2022-12-03T05:16:13.573+0000] {dagbag.py:538} INFO - Filling up the DagBag from /home/airflow/.local/lib/python3.7/site-packages/airflow/example_dags/example_trigger_controller_dag.py
[2022-12-03T05:16:13.591+0000] {processor.py:753} INFO - DAG(s) dict_keys(['example_trigger_controller_dag']) retrieved from /home/airflow/.local/lib/python3.7/site-packages/airflow/example_dags/example_trigger_controller_dag.py
[2022-12-03T05:16:13.626+0000] {logging_mixin.py:137} INFO - [2022-12-03T05:16:13.626+0000] {dag.py:2676} INFO - Sync 1 DAGs
[2022-12-03T05:16:13.643+0000] {logging_mixin.py:137} INFO - [2022-12-03T05:16:13.642+0000] {dag.py:3427} INFO - Setting next_dagrun for example_trigger_controller_dag to 2021-01-01T00:00:00+00:00, run_after=2021-01-01T00:00:00+00:00
[2022-12-03T05:16:13.655+0000] {processor.py:175} INFO - Processing /home/airflow/.local/lib/python3.7/site-packages/airflow/example_dags/example_trigger_controller_dag.py took 0.088 seconds
[2022-12-03T05:16:44.149+0000] {processor.py:153} INFO - Started process (PID=3579) to work on /home/airflow/.local/lib/python3.7/site-packages/airflow/example_dags/example_trigger_controller_dag.py
[2022-12-03T05:16:44.150+0000] {processor.py:743} INFO - Processing file /home/airflow/.local/lib/python3.7/site-packages/airflow/example_dags/example_trigger_controller_dag.py for tasks to queue
[2022-12-03T05:16:44.152+0000] {logging_mixin.py:137} INFO - [2022-12-03T05:16:44.152+0000] {dagbag.py:538} INFO - Filling up the DagBag from /home/airflow/.local/lib/python3.7/site-packages/airflow/example_dags/example_trigger_controller_dag.py
[2022-12-03T05:16:44.165+0000] {processor.py:753} INFO - DAG(s) dict_keys(['example_trigger_controller_dag']) retrieved from /home/airflow/.local/lib/python3.7/site-packages/airflow/example_dags/example_trigger_controller_dag.py
[2022-12-03T05:16:44.225+0000] {logging_mixin.py:137} INFO - [2022-12-03T05:16:44.225+0000] {dag.py:2676} INFO - Sync 1 DAGs
[2022-12-03T05:16:44.241+0000] {logging_mixin.py:137} INFO - [2022-12-03T05:16:44.241+0000] {dag.py:3427} INFO - Setting next_dagrun for example_trigger_controller_dag to 2021-01-01T00:00:00+00:00, run_after=2021-01-01T00:00:00+00:00
[2022-12-03T05:16:44.256+0000] {processor.py:175} INFO - Processing /home/airflow/.local/lib/python3.7/site-packages/airflow/example_dags/example_trigger_controller_dag.py took 0.111 seconds
[2022-12-03T05:17:14.359+0000] {processor.py:153} INFO - Started process (PID=3805) to work on /home/airflow/.local/lib/python3.7/site-packages/airflow/example_dags/example_trigger_controller_dag.py
[2022-12-03T05:17:14.361+0000] {processor.py:743} INFO - Processing file /home/airflow/.local/lib/python3.7/site-packages/airflow/example_dags/example_trigger_controller_dag.py for tasks to queue
[2022-12-03T05:17:14.362+0000] {logging_mixin.py:137} INFO - [2022-12-03T05:17:14.361+0000] {dagbag.py:538} INFO - Filling up the DagBag from /home/airflow/.local/lib/python3.7/site-packages/airflow/example_dags/example_trigger_controller_dag.py
[2022-12-03T05:17:14.369+0000] {processor.py:753} INFO - DAG(s) dict_keys(['example_trigger_controller_dag']) retrieved from /home/airflow/.local/lib/python3.7/site-packages/airflow/example_dags/example_trigger_controller_dag.py
[2022-12-03T05:17:14.393+0000] {logging_mixin.py:137} INFO - [2022-12-03T05:17:14.393+0000] {dag.py:2676} INFO - Sync 1 DAGs
[2022-12-03T05:17:14.408+0000] {logging_mixin.py:137} INFO - [2022-12-03T05:17:14.408+0000] {dag.py:3427} INFO - Setting next_dagrun for example_trigger_controller_dag to 2021-01-01T00:00:00+00:00, run_after=2021-01-01T00:00:00+00:00
[2022-12-03T05:17:14.433+0000] {processor.py:175} INFO - Processing /home/airflow/.local/lib/python3.7/site-packages/airflow/example_dags/example_trigger_controller_dag.py took 0.077 seconds
[2022-12-03T05:17:45.105+0000] {processor.py:153} INFO - Started process (PID=4019) to work on /home/airflow/.local/lib/python3.7/site-packages/airflow/example_dags/example_trigger_controller_dag.py
[2022-12-03T05:17:45.108+0000] {processor.py:743} INFO - Processing file /home/airflow/.local/lib/python3.7/site-packages/airflow/example_dags/example_trigger_controller_dag.py for tasks to queue
[2022-12-03T05:17:45.109+0000] {logging_mixin.py:137} INFO - [2022-12-03T05:17:45.109+0000] {dagbag.py:538} INFO - Filling up the DagBag from /home/airflow/.local/lib/python3.7/site-packages/airflow/example_dags/example_trigger_controller_dag.py
[2022-12-03T05:17:45.118+0000] {processor.py:753} INFO - DAG(s) dict_keys(['example_trigger_controller_dag']) retrieved from /home/airflow/.local/lib/python3.7/site-packages/airflow/example_dags/example_trigger_controller_dag.py
[2022-12-03T05:17:45.147+0000] {logging_mixin.py:137} INFO - [2022-12-03T05:17:45.146+0000] {dag.py:2676} INFO - Sync 1 DAGs
[2022-12-03T05:17:45.163+0000] {logging_mixin.py:137} INFO - [2022-12-03T05:17:45.163+0000] {dag.py:3427} INFO - Setting next_dagrun for example_trigger_controller_dag to 2021-01-01T00:00:00+00:00, run_after=2021-01-01T00:00:00+00:00
[2022-12-03T05:17:45.177+0000] {processor.py:175} INFO - Processing /home/airflow/.local/lib/python3.7/site-packages/airflow/example_dags/example_trigger_controller_dag.py took 0.075 seconds
[2022-12-03T05:18:56.525+0000] {processor.py:153} INFO - Started process (PID=287) to work on /home/airflow/.local/lib/python3.7/site-packages/airflow/example_dags/example_trigger_controller_dag.py
[2022-12-03T05:18:56.527+0000] {processor.py:743} INFO - Processing file /home/airflow/.local/lib/python3.7/site-packages/airflow/example_dags/example_trigger_controller_dag.py for tasks to queue
[2022-12-03T05:18:56.529+0000] {logging_mixin.py:137} INFO - [2022-12-03T05:18:56.529+0000] {dagbag.py:538} INFO - Filling up the DagBag from /home/airflow/.local/lib/python3.7/site-packages/airflow/example_dags/example_trigger_controller_dag.py
[2022-12-03T05:18:56.547+0000] {processor.py:753} INFO - DAG(s) dict_keys(['example_trigger_controller_dag']) retrieved from /home/airflow/.local/lib/python3.7/site-packages/airflow/example_dags/example_trigger_controller_dag.py
[2022-12-03T05:18:56.569+0000] {logging_mixin.py:137} INFO - [2022-12-03T05:18:56.569+0000] {dag.py:2676} INFO - Sync 1 DAGs
[2022-12-03T05:18:56.589+0000] {logging_mixin.py:137} INFO - [2022-12-03T05:18:56.589+0000] {dag.py:3427} INFO - Setting next_dagrun for example_trigger_controller_dag to 2021-01-01T00:00:00+00:00, run_after=2021-01-01T00:00:00+00:00
[2022-12-03T05:18:56.604+0000] {processor.py:175} INFO - Processing /home/airflow/.local/lib/python3.7/site-packages/airflow/example_dags/example_trigger_controller_dag.py took 0.082 seconds
[2022-12-03T05:19:26.700+0000] {processor.py:153} INFO - Started process (PID=500) to work on /home/airflow/.local/lib/python3.7/site-packages/airflow/example_dags/example_trigger_controller_dag.py
[2022-12-03T05:19:26.702+0000] {processor.py:743} INFO - Processing file /home/airflow/.local/lib/python3.7/site-packages/airflow/example_dags/example_trigger_controller_dag.py for tasks to queue
[2022-12-03T05:19:26.704+0000] {logging_mixin.py:137} INFO - [2022-12-03T05:19:26.704+0000] {dagbag.py:538} INFO - Filling up the DagBag from /home/airflow/.local/lib/python3.7/site-packages/airflow/example_dags/example_trigger_controller_dag.py
[2022-12-03T05:19:26.713+0000] {processor.py:753} INFO - DAG(s) dict_keys(['example_trigger_controller_dag']) retrieved from /home/airflow/.local/lib/python3.7/site-packages/airflow/example_dags/example_trigger_controller_dag.py
[2022-12-03T05:19:26.744+0000] {logging_mixin.py:137} INFO - [2022-12-03T05:19:26.744+0000] {dag.py:2676} INFO - Sync 1 DAGs
[2022-12-03T05:19:26.764+0000] {logging_mixin.py:137} INFO - [2022-12-03T05:19:26.764+0000] {dag.py:3427} INFO - Setting next_dagrun for example_trigger_controller_dag to 2021-01-01T00:00:00+00:00, run_after=2021-01-01T00:00:00+00:00
[2022-12-03T05:19:26.782+0000] {processor.py:175} INFO - Processing /home/airflow/.local/lib/python3.7/site-packages/airflow/example_dags/example_trigger_controller_dag.py took 0.084 seconds
[2022-12-03T05:19:57.755+0000] {processor.py:153} INFO - Started process (PID=727) to work on /home/airflow/.local/lib/python3.7/site-packages/airflow/example_dags/example_trigger_controller_dag.py
[2022-12-03T05:19:57.757+0000] {processor.py:743} INFO - Processing file /home/airflow/.local/lib/python3.7/site-packages/airflow/example_dags/example_trigger_controller_dag.py for tasks to queue
[2022-12-03T05:19:57.761+0000] {logging_mixin.py:137} INFO - [2022-12-03T05:19:57.760+0000] {dagbag.py:538} INFO - Filling up the DagBag from /home/airflow/.local/lib/python3.7/site-packages/airflow/example_dags/example_trigger_controller_dag.py
[2022-12-03T05:19:57.804+0000] {processor.py:753} INFO - DAG(s) dict_keys(['example_trigger_controller_dag']) retrieved from /home/airflow/.local/lib/python3.7/site-packages/airflow/example_dags/example_trigger_controller_dag.py
[2022-12-03T05:19:57.834+0000] {logging_mixin.py:137} INFO - [2022-12-03T05:19:57.834+0000] {dag.py:2676} INFO - Sync 1 DAGs
[2022-12-03T05:19:57.859+0000] {logging_mixin.py:137} INFO - [2022-12-03T05:19:57.859+0000] {dag.py:3427} INFO - Setting next_dagrun for example_trigger_controller_dag to 2021-01-01T00:00:00+00:00, run_after=2021-01-01T00:00:00+00:00
[2022-12-03T05:19:57.874+0000] {processor.py:175} INFO - Processing /home/airflow/.local/lib/python3.7/site-packages/airflow/example_dags/example_trigger_controller_dag.py took 0.122 seconds
