[2022-12-03T05:08:59.739+0000] {processor.py:153} INFO - Started process (PID=258) to work on /home/airflow/.local/lib/python3.7/site-packages/airflow/example_dags/example_branch_python_dop_operator_3.py
[2022-12-03T05:08:59.748+0000] {processor.py:743} INFO - Processing file /home/airflow/.local/lib/python3.7/site-packages/airflow/example_dags/example_branch_python_dop_operator_3.py for tasks to queue
[2022-12-03T05:08:59.753+0000] {logging_mixin.py:137} INFO - [2022-12-03T05:08:59.752+0000] {dagbag.py:538} INFO - Filling up the DagBag from /home/airflow/.local/lib/python3.7/site-packages/airflow/example_dags/example_branch_python_dop_operator_3.py
[2022-12-03T05:08:59.794+0000] {processor.py:753} INFO - DAG(s) dict_keys(['example_branch_dop_operator_v3']) retrieved from /home/airflow/.local/lib/python3.7/site-packages/airflow/example_dags/example_branch_python_dop_operator_3.py
[2022-12-03T05:08:59.832+0000] {logging_mixin.py:137} INFO - [2022-12-03T05:08:59.832+0000] {dag.py:2676} INFO - Sync 1 DAGs
[2022-12-03T05:08:59.878+0000] {logging_mixin.py:137} INFO - [2022-12-03T05:08:59.878+0000] {dag.py:3427} INFO - Setting next_dagrun for example_branch_dop_operator_v3 to 2022-12-03T05:07:00+00:00, run_after=2022-12-03T05:08:00+00:00
[2022-12-03T05:08:59.911+0000] {processor.py:175} INFO - Processing /home/airflow/.local/lib/python3.7/site-packages/airflow/example_dags/example_branch_python_dop_operator_3.py took 0.178 seconds
[2022-12-03T05:09:30.049+0000] {processor.py:153} INFO - Started process (PID=477) to work on /home/airflow/.local/lib/python3.7/site-packages/airflow/example_dags/example_branch_python_dop_operator_3.py
[2022-12-03T05:09:30.051+0000] {processor.py:743} INFO - Processing file /home/airflow/.local/lib/python3.7/site-packages/airflow/example_dags/example_branch_python_dop_operator_3.py for tasks to queue
[2022-12-03T05:09:30.052+0000] {logging_mixin.py:137} INFO - [2022-12-03T05:09:30.052+0000] {dagbag.py:538} INFO - Filling up the DagBag from /home/airflow/.local/lib/python3.7/site-packages/airflow/example_dags/example_branch_python_dop_operator_3.py
[2022-12-03T05:09:30.067+0000] {processor.py:753} INFO - DAG(s) dict_keys(['example_branch_dop_operator_v3']) retrieved from /home/airflow/.local/lib/python3.7/site-packages/airflow/example_dags/example_branch_python_dop_operator_3.py
[2022-12-03T05:09:30.093+0000] {logging_mixin.py:137} INFO - [2022-12-03T05:09:30.093+0000] {dag.py:2676} INFO - Sync 1 DAGs
[2022-12-03T05:09:30.112+0000] {logging_mixin.py:137} INFO - [2022-12-03T05:09:30.112+0000] {dag.py:3427} INFO - Setting next_dagrun for example_branch_dop_operator_v3 to 2022-12-03T05:08:00+00:00, run_after=2022-12-03T05:09:00+00:00
[2022-12-03T05:09:30.128+0000] {processor.py:175} INFO - Processing /home/airflow/.local/lib/python3.7/site-packages/airflow/example_dags/example_branch_python_dop_operator_3.py took 0.080 seconds
[2022-12-03T05:10:01.472+0000] {processor.py:153} INFO - Started process (PID=695) to work on /home/airflow/.local/lib/python3.7/site-packages/airflow/example_dags/example_branch_python_dop_operator_3.py
[2022-12-03T05:10:01.482+0000] {processor.py:743} INFO - Processing file /home/airflow/.local/lib/python3.7/site-packages/airflow/example_dags/example_branch_python_dop_operator_3.py for tasks to queue
[2022-12-03T05:10:01.499+0000] {logging_mixin.py:137} INFO - [2022-12-03T05:10:01.498+0000] {dagbag.py:538} INFO - Filling up the DagBag from /home/airflow/.local/lib/python3.7/site-packages/airflow/example_dags/example_branch_python_dop_operator_3.py
[2022-12-03T05:10:01.544+0000] {processor.py:753} INFO - DAG(s) dict_keys(['example_branch_dop_operator_v3']) retrieved from /home/airflow/.local/lib/python3.7/site-packages/airflow/example_dags/example_branch_python_dop_operator_3.py
[2022-12-03T05:10:01.653+0000] {logging_mixin.py:137} INFO - [2022-12-03T05:10:01.652+0000] {dag.py:2676} INFO - Sync 1 DAGs
[2022-12-03T05:10:01.701+0000] {logging_mixin.py:137} INFO - [2022-12-03T05:10:01.701+0000] {dag.py:3427} INFO - Setting next_dagrun for example_branch_dop_operator_v3 to 2022-12-03T05:09:00+00:00, run_after=2022-12-03T05:10:00+00:00
[2022-12-03T05:10:01.770+0000] {processor.py:175} INFO - Processing /home/airflow/.local/lib/python3.7/site-packages/airflow/example_dags/example_branch_python_dop_operator_3.py took 0.306 seconds
[2022-12-03T05:10:32.116+0000] {processor.py:153} INFO - Started process (PID=911) to work on /home/airflow/.local/lib/python3.7/site-packages/airflow/example_dags/example_branch_python_dop_operator_3.py
[2022-12-03T05:10:32.119+0000] {processor.py:743} INFO - Processing file /home/airflow/.local/lib/python3.7/site-packages/airflow/example_dags/example_branch_python_dop_operator_3.py for tasks to queue
[2022-12-03T05:10:32.121+0000] {logging_mixin.py:137} INFO - [2022-12-03T05:10:32.121+0000] {dagbag.py:538} INFO - Filling up the DagBag from /home/airflow/.local/lib/python3.7/site-packages/airflow/example_dags/example_branch_python_dop_operator_3.py
[2022-12-03T05:10:32.138+0000] {processor.py:753} INFO - DAG(s) dict_keys(['example_branch_dop_operator_v3']) retrieved from /home/airflow/.local/lib/python3.7/site-packages/airflow/example_dags/example_branch_python_dop_operator_3.py
[2022-12-03T05:10:32.170+0000] {logging_mixin.py:137} INFO - [2022-12-03T05:10:32.169+0000] {dag.py:2676} INFO - Sync 1 DAGs
[2022-12-03T05:10:32.189+0000] {logging_mixin.py:137} INFO - [2022-12-03T05:10:32.188+0000] {dag.py:3427} INFO - Setting next_dagrun for example_branch_dop_operator_v3 to 2022-12-03T05:09:00+00:00, run_after=2022-12-03T05:10:00+00:00
[2022-12-03T05:10:32.203+0000] {processor.py:175} INFO - Processing /home/airflow/.local/lib/python3.7/site-packages/airflow/example_dags/example_branch_python_dop_operator_3.py took 0.089 seconds
[2022-12-03T05:11:03.110+0000] {processor.py:153} INFO - Started process (PID=1134) to work on /home/airflow/.local/lib/python3.7/site-packages/airflow/example_dags/example_branch_python_dop_operator_3.py
[2022-12-03T05:11:03.112+0000] {processor.py:743} INFO - Processing file /home/airflow/.local/lib/python3.7/site-packages/airflow/example_dags/example_branch_python_dop_operator_3.py for tasks to queue
[2022-12-03T05:11:03.113+0000] {logging_mixin.py:137} INFO - [2022-12-03T05:11:03.112+0000] {dagbag.py:538} INFO - Filling up the DagBag from /home/airflow/.local/lib/python3.7/site-packages/airflow/example_dags/example_branch_python_dop_operator_3.py
[2022-12-03T05:11:03.128+0000] {processor.py:753} INFO - DAG(s) dict_keys(['example_branch_dop_operator_v3']) retrieved from /home/airflow/.local/lib/python3.7/site-packages/airflow/example_dags/example_branch_python_dop_operator_3.py
[2022-12-03T05:11:03.154+0000] {logging_mixin.py:137} INFO - [2022-12-03T05:11:03.154+0000] {dag.py:2676} INFO - Sync 1 DAGs
[2022-12-03T05:11:03.172+0000] {logging_mixin.py:137} INFO - [2022-12-03T05:11:03.172+0000] {dag.py:3427} INFO - Setting next_dagrun for example_branch_dop_operator_v3 to 2022-12-03T05:10:00+00:00, run_after=2022-12-03T05:11:00+00:00
[2022-12-03T05:11:03.185+0000] {processor.py:175} INFO - Processing /home/airflow/.local/lib/python3.7/site-packages/airflow/example_dags/example_branch_python_dop_operator_3.py took 0.078 seconds
[2022-12-03T05:11:34.099+0000] {processor.py:153} INFO - Started process (PID=1350) to work on /home/airflow/.local/lib/python3.7/site-packages/airflow/example_dags/example_branch_python_dop_operator_3.py
[2022-12-03T05:11:34.100+0000] {processor.py:743} INFO - Processing file /home/airflow/.local/lib/python3.7/site-packages/airflow/example_dags/example_branch_python_dop_operator_3.py for tasks to queue
[2022-12-03T05:11:34.101+0000] {logging_mixin.py:137} INFO - [2022-12-03T05:11:34.101+0000] {dagbag.py:538} INFO - Filling up the DagBag from /home/airflow/.local/lib/python3.7/site-packages/airflow/example_dags/example_branch_python_dop_operator_3.py
[2022-12-03T05:11:34.118+0000] {processor.py:753} INFO - DAG(s) dict_keys(['example_branch_dop_operator_v3']) retrieved from /home/airflow/.local/lib/python3.7/site-packages/airflow/example_dags/example_branch_python_dop_operator_3.py
[2022-12-03T05:11:34.147+0000] {logging_mixin.py:137} INFO - [2022-12-03T05:11:34.147+0000] {dag.py:2676} INFO - Sync 1 DAGs
[2022-12-03T05:11:34.175+0000] {logging_mixin.py:137} INFO - [2022-12-03T05:11:34.175+0000] {dag.py:3427} INFO - Setting next_dagrun for example_branch_dop_operator_v3 to 2022-12-03T05:10:00+00:00, run_after=2022-12-03T05:11:00+00:00
[2022-12-03T05:11:34.194+0000] {processor.py:175} INFO - Processing /home/airflow/.local/lib/python3.7/site-packages/airflow/example_dags/example_branch_python_dop_operator_3.py took 0.097 seconds
[2022-12-03T05:12:04.564+0000] {processor.py:153} INFO - Started process (PID=1574) to work on /home/airflow/.local/lib/python3.7/site-packages/airflow/example_dags/example_branch_python_dop_operator_3.py
[2022-12-03T05:12:04.567+0000] {processor.py:743} INFO - Processing file /home/airflow/.local/lib/python3.7/site-packages/airflow/example_dags/example_branch_python_dop_operator_3.py for tasks to queue
[2022-12-03T05:12:04.568+0000] {logging_mixin.py:137} INFO - [2022-12-03T05:12:04.568+0000] {dagbag.py:538} INFO - Filling up the DagBag from /home/airflow/.local/lib/python3.7/site-packages/airflow/example_dags/example_branch_python_dop_operator_3.py
[2022-12-03T05:12:04.586+0000] {processor.py:753} INFO - DAG(s) dict_keys(['example_branch_dop_operator_v3']) retrieved from /home/airflow/.local/lib/python3.7/site-packages/airflow/example_dags/example_branch_python_dop_operator_3.py
[2022-12-03T05:12:04.624+0000] {logging_mixin.py:137} INFO - [2022-12-03T05:12:04.623+0000] {dag.py:2676} INFO - Sync 1 DAGs
[2022-12-03T05:12:04.657+0000] {logging_mixin.py:137} INFO - [2022-12-03T05:12:04.657+0000] {dag.py:3427} INFO - Setting next_dagrun for example_branch_dop_operator_v3 to 2022-12-03T05:11:00+00:00, run_after=2022-12-03T05:12:00+00:00
[2022-12-03T05:12:04.694+0000] {processor.py:175} INFO - Processing /home/airflow/.local/lib/python3.7/site-packages/airflow/example_dags/example_branch_python_dop_operator_3.py took 0.132 seconds
[2022-12-03T05:12:35.699+0000] {processor.py:153} INFO - Started process (PID=1791) to work on /home/airflow/.local/lib/python3.7/site-packages/airflow/example_dags/example_branch_python_dop_operator_3.py
[2022-12-03T05:12:35.716+0000] {processor.py:743} INFO - Processing file /home/airflow/.local/lib/python3.7/site-packages/airflow/example_dags/example_branch_python_dop_operator_3.py for tasks to queue
[2022-12-03T05:12:35.741+0000] {logging_mixin.py:137} INFO - [2022-12-03T05:12:35.741+0000] {dagbag.py:538} INFO - Filling up the DagBag from /home/airflow/.local/lib/python3.7/site-packages/airflow/example_dags/example_branch_python_dop_operator_3.py
[2022-12-03T05:12:35.776+0000] {processor.py:753} INFO - DAG(s) dict_keys(['example_branch_dop_operator_v3']) retrieved from /home/airflow/.local/lib/python3.7/site-packages/airflow/example_dags/example_branch_python_dop_operator_3.py
[2022-12-03T05:12:35.836+0000] {logging_mixin.py:137} INFO - [2022-12-03T05:12:35.836+0000] {dag.py:2676} INFO - Sync 1 DAGs
[2022-12-03T05:12:35.883+0000] {logging_mixin.py:137} INFO - [2022-12-03T05:12:35.883+0000] {dag.py:3427} INFO - Setting next_dagrun for example_branch_dop_operator_v3 to 2022-12-03T05:11:00+00:00, run_after=2022-12-03T05:12:00+00:00
[2022-12-03T05:12:35.995+0000] {processor.py:175} INFO - Processing /home/airflow/.local/lib/python3.7/site-packages/airflow/example_dags/example_branch_python_dop_operator_3.py took 0.301 seconds
[2022-12-03T05:13:06.662+0000] {processor.py:153} INFO - Started process (PID=2004) to work on /home/airflow/.local/lib/python3.7/site-packages/airflow/example_dags/example_branch_python_dop_operator_3.py
[2022-12-03T05:13:06.664+0000] {processor.py:743} INFO - Processing file /home/airflow/.local/lib/python3.7/site-packages/airflow/example_dags/example_branch_python_dop_operator_3.py for tasks to queue
[2022-12-03T05:13:06.669+0000] {logging_mixin.py:137} INFO - [2022-12-03T05:13:06.669+0000] {dagbag.py:538} INFO - Filling up the DagBag from /home/airflow/.local/lib/python3.7/site-packages/airflow/example_dags/example_branch_python_dop_operator_3.py
[2022-12-03T05:13:06.703+0000] {processor.py:753} INFO - DAG(s) dict_keys(['example_branch_dop_operator_v3']) retrieved from /home/airflow/.local/lib/python3.7/site-packages/airflow/example_dags/example_branch_python_dop_operator_3.py
[2022-12-03T05:13:06.794+0000] {logging_mixin.py:137} INFO - [2022-12-03T05:13:06.794+0000] {dag.py:2676} INFO - Sync 1 DAGs
[2022-12-03T05:13:06.830+0000] {logging_mixin.py:137} INFO - [2022-12-03T05:13:06.830+0000] {dag.py:3427} INFO - Setting next_dagrun for example_branch_dop_operator_v3 to 2022-12-03T05:12:00+00:00, run_after=2022-12-03T05:13:00+00:00
[2022-12-03T05:13:06.852+0000] {processor.py:175} INFO - Processing /home/airflow/.local/lib/python3.7/site-packages/airflow/example_dags/example_branch_python_dop_operator_3.py took 0.193 seconds
[2022-12-03T05:13:37.260+0000] {processor.py:153} INFO - Started process (PID=2232) to work on /home/airflow/.local/lib/python3.7/site-packages/airflow/example_dags/example_branch_python_dop_operator_3.py
[2022-12-03T05:13:37.262+0000] {processor.py:743} INFO - Processing file /home/airflow/.local/lib/python3.7/site-packages/airflow/example_dags/example_branch_python_dop_operator_3.py for tasks to queue
[2022-12-03T05:13:37.263+0000] {logging_mixin.py:137} INFO - [2022-12-03T05:13:37.262+0000] {dagbag.py:538} INFO - Filling up the DagBag from /home/airflow/.local/lib/python3.7/site-packages/airflow/example_dags/example_branch_python_dop_operator_3.py
[2022-12-03T05:13:37.277+0000] {processor.py:753} INFO - DAG(s) dict_keys(['example_branch_dop_operator_v3']) retrieved from /home/airflow/.local/lib/python3.7/site-packages/airflow/example_dags/example_branch_python_dop_operator_3.py
[2022-12-03T05:13:37.322+0000] {logging_mixin.py:137} INFO - [2022-12-03T05:13:37.319+0000] {dag.py:2676} INFO - Sync 1 DAGs
[2022-12-03T05:13:37.354+0000] {logging_mixin.py:137} INFO - [2022-12-03T05:13:37.354+0000] {dag.py:3427} INFO - Setting next_dagrun for example_branch_dop_operator_v3 to 2022-12-03T05:12:00+00:00, run_after=2022-12-03T05:13:00+00:00
[2022-12-03T05:13:37.369+0000] {processor.py:175} INFO - Processing /home/airflow/.local/lib/python3.7/site-packages/airflow/example_dags/example_branch_python_dop_operator_3.py took 0.111 seconds
[2022-12-03T05:14:08.778+0000] {processor.py:153} INFO - Started process (PID=2453) to work on /home/airflow/.local/lib/python3.7/site-packages/airflow/example_dags/example_branch_python_dop_operator_3.py
[2022-12-03T05:14:08.782+0000] {processor.py:743} INFO - Processing file /home/airflow/.local/lib/python3.7/site-packages/airflow/example_dags/example_branch_python_dop_operator_3.py for tasks to queue
[2022-12-03T05:14:08.787+0000] {logging_mixin.py:137} INFO - [2022-12-03T05:14:08.787+0000] {dagbag.py:538} INFO - Filling up the DagBag from /home/airflow/.local/lib/python3.7/site-packages/airflow/example_dags/example_branch_python_dop_operator_3.py
[2022-12-03T05:14:08.828+0000] {processor.py:753} INFO - DAG(s) dict_keys(['example_branch_dop_operator_v3']) retrieved from /home/airflow/.local/lib/python3.7/site-packages/airflow/example_dags/example_branch_python_dop_operator_3.py
[2022-12-03T05:14:08.911+0000] {logging_mixin.py:137} INFO - [2022-12-03T05:14:08.911+0000] {dag.py:2676} INFO - Sync 1 DAGs
[2022-12-03T05:14:08.992+0000] {logging_mixin.py:137} INFO - [2022-12-03T05:14:08.991+0000] {dag.py:3427} INFO - Setting next_dagrun for example_branch_dop_operator_v3 to 2022-12-03T05:13:00+00:00, run_after=2022-12-03T05:14:00+00:00
[2022-12-03T05:14:09.061+0000] {processor.py:175} INFO - Processing /home/airflow/.local/lib/python3.7/site-packages/airflow/example_dags/example_branch_python_dop_operator_3.py took 0.287 seconds
[2022-12-03T05:14:39.494+0000] {processor.py:153} INFO - Started process (PID=2671) to work on /home/airflow/.local/lib/python3.7/site-packages/airflow/example_dags/example_branch_python_dop_operator_3.py
[2022-12-03T05:14:39.505+0000] {processor.py:743} INFO - Processing file /home/airflow/.local/lib/python3.7/site-packages/airflow/example_dags/example_branch_python_dop_operator_3.py for tasks to queue
[2022-12-03T05:14:39.508+0000] {logging_mixin.py:137} INFO - [2022-12-03T05:14:39.508+0000] {dagbag.py:538} INFO - Filling up the DagBag from /home/airflow/.local/lib/python3.7/site-packages/airflow/example_dags/example_branch_python_dop_operator_3.py
[2022-12-03T05:14:39.548+0000] {processor.py:753} INFO - DAG(s) dict_keys(['example_branch_dop_operator_v3']) retrieved from /home/airflow/.local/lib/python3.7/site-packages/airflow/example_dags/example_branch_python_dop_operator_3.py
[2022-12-03T05:14:39.598+0000] {logging_mixin.py:137} INFO - [2022-12-03T05:14:39.598+0000] {dag.py:2676} INFO - Sync 1 DAGs
[2022-12-03T05:14:39.628+0000] {logging_mixin.py:137} INFO - [2022-12-03T05:14:39.628+0000] {dag.py:3427} INFO - Setting next_dagrun for example_branch_dop_operator_v3 to 2022-12-03T05:13:00+00:00, run_after=2022-12-03T05:14:00+00:00
[2022-12-03T05:14:39.645+0000] {processor.py:175} INFO - Processing /home/airflow/.local/lib/python3.7/site-packages/airflow/example_dags/example_branch_python_dop_operator_3.py took 0.157 seconds
[2022-12-03T05:15:10.078+0000] {processor.py:153} INFO - Started process (PID=2886) to work on /home/airflow/.local/lib/python3.7/site-packages/airflow/example_dags/example_branch_python_dop_operator_3.py
[2022-12-03T05:15:10.082+0000] {processor.py:743} INFO - Processing file /home/airflow/.local/lib/python3.7/site-packages/airflow/example_dags/example_branch_python_dop_operator_3.py for tasks to queue
[2022-12-03T05:15:10.083+0000] {logging_mixin.py:137} INFO - [2022-12-03T05:15:10.083+0000] {dagbag.py:538} INFO - Filling up the DagBag from /home/airflow/.local/lib/python3.7/site-packages/airflow/example_dags/example_branch_python_dop_operator_3.py
[2022-12-03T05:15:10.102+0000] {processor.py:753} INFO - DAG(s) dict_keys(['example_branch_dop_operator_v3']) retrieved from /home/airflow/.local/lib/python3.7/site-packages/airflow/example_dags/example_branch_python_dop_operator_3.py
[2022-12-03T05:15:10.136+0000] {logging_mixin.py:137} INFO - [2022-12-03T05:15:10.136+0000] {dag.py:2676} INFO - Sync 1 DAGs
[2022-12-03T05:15:10.158+0000] {logging_mixin.py:137} INFO - [2022-12-03T05:15:10.158+0000] {dag.py:3427} INFO - Setting next_dagrun for example_branch_dop_operator_v3 to 2022-12-03T05:14:00+00:00, run_after=2022-12-03T05:15:00+00:00
[2022-12-03T05:15:10.174+0000] {processor.py:175} INFO - Processing /home/airflow/.local/lib/python3.7/site-packages/airflow/example_dags/example_branch_python_dop_operator_3.py took 0.100 seconds
[2022-12-03T05:15:41.082+0000] {processor.py:153} INFO - Started process (PID=3113) to work on /home/airflow/.local/lib/python3.7/site-packages/airflow/example_dags/example_branch_python_dop_operator_3.py
[2022-12-03T05:15:41.083+0000] {processor.py:743} INFO - Processing file /home/airflow/.local/lib/python3.7/site-packages/airflow/example_dags/example_branch_python_dop_operator_3.py for tasks to queue
[2022-12-03T05:15:41.084+0000] {logging_mixin.py:137} INFO - [2022-12-03T05:15:41.084+0000] {dagbag.py:538} INFO - Filling up the DagBag from /home/airflow/.local/lib/python3.7/site-packages/airflow/example_dags/example_branch_python_dop_operator_3.py
[2022-12-03T05:15:41.103+0000] {processor.py:753} INFO - DAG(s) dict_keys(['example_branch_dop_operator_v3']) retrieved from /home/airflow/.local/lib/python3.7/site-packages/airflow/example_dags/example_branch_python_dop_operator_3.py
[2022-12-03T05:15:41.143+0000] {logging_mixin.py:137} INFO - [2022-12-03T05:15:41.143+0000] {dag.py:2676} INFO - Sync 1 DAGs
[2022-12-03T05:15:41.172+0000] {logging_mixin.py:137} INFO - [2022-12-03T05:15:41.172+0000] {dag.py:3427} INFO - Setting next_dagrun for example_branch_dop_operator_v3 to 2022-12-03T05:14:00+00:00, run_after=2022-12-03T05:15:00+00:00
[2022-12-03T05:15:41.184+0000] {processor.py:175} INFO - Processing /home/airflow/.local/lib/python3.7/site-packages/airflow/example_dags/example_branch_python_dop_operator_3.py took 0.105 seconds
[2022-12-03T05:16:12.696+0000] {processor.py:153} INFO - Started process (PID=3338) to work on /home/airflow/.local/lib/python3.7/site-packages/airflow/example_dags/example_branch_python_dop_operator_3.py
[2022-12-03T05:16:12.700+0000] {processor.py:743} INFO - Processing file /home/airflow/.local/lib/python3.7/site-packages/airflow/example_dags/example_branch_python_dop_operator_3.py for tasks to queue
[2022-12-03T05:16:12.701+0000] {logging_mixin.py:137} INFO - [2022-12-03T05:16:12.701+0000] {dagbag.py:538} INFO - Filling up the DagBag from /home/airflow/.local/lib/python3.7/site-packages/airflow/example_dags/example_branch_python_dop_operator_3.py
[2022-12-03T05:16:12.741+0000] {processor.py:753} INFO - DAG(s) dict_keys(['example_branch_dop_operator_v3']) retrieved from /home/airflow/.local/lib/python3.7/site-packages/airflow/example_dags/example_branch_python_dop_operator_3.py
[2022-12-03T05:16:12.803+0000] {logging_mixin.py:137} INFO - [2022-12-03T05:16:12.803+0000] {dag.py:2676} INFO - Sync 1 DAGs
[2022-12-03T05:16:12.835+0000] {logging_mixin.py:137} INFO - [2022-12-03T05:16:12.835+0000] {dag.py:3427} INFO - Setting next_dagrun for example_branch_dop_operator_v3 to 2022-12-03T05:15:00+00:00, run_after=2022-12-03T05:16:00+00:00
[2022-12-03T05:16:12.896+0000] {processor.py:175} INFO - Processing /home/airflow/.local/lib/python3.7/site-packages/airflow/example_dags/example_branch_python_dop_operator_3.py took 0.207 seconds
[2022-12-03T05:16:43.699+0000] {processor.py:153} INFO - Started process (PID=3551) to work on /home/airflow/.local/lib/python3.7/site-packages/airflow/example_dags/example_branch_python_dop_operator_3.py
[2022-12-03T05:16:43.701+0000] {processor.py:743} INFO - Processing file /home/airflow/.local/lib/python3.7/site-packages/airflow/example_dags/example_branch_python_dop_operator_3.py for tasks to queue
[2022-12-03T05:16:43.702+0000] {logging_mixin.py:137} INFO - [2022-12-03T05:16:43.702+0000] {dagbag.py:538} INFO - Filling up the DagBag from /home/airflow/.local/lib/python3.7/site-packages/airflow/example_dags/example_branch_python_dop_operator_3.py
[2022-12-03T05:16:43.715+0000] {processor.py:753} INFO - DAG(s) dict_keys(['example_branch_dop_operator_v3']) retrieved from /home/airflow/.local/lib/python3.7/site-packages/airflow/example_dags/example_branch_python_dop_operator_3.py
[2022-12-03T05:16:43.744+0000] {logging_mixin.py:137} INFO - [2022-12-03T05:16:43.744+0000] {dag.py:2676} INFO - Sync 1 DAGs
[2022-12-03T05:16:43.760+0000] {logging_mixin.py:137} INFO - [2022-12-03T05:16:43.760+0000] {dag.py:3427} INFO - Setting next_dagrun for example_branch_dop_operator_v3 to 2022-12-03T05:15:00+00:00, run_after=2022-12-03T05:16:00+00:00
[2022-12-03T05:16:43.770+0000] {processor.py:175} INFO - Processing /home/airflow/.local/lib/python3.7/site-packages/airflow/example_dags/example_branch_python_dop_operator_3.py took 0.073 seconds
[2022-12-03T05:17:13.947+0000] {processor.py:153} INFO - Started process (PID=3777) to work on /home/airflow/.local/lib/python3.7/site-packages/airflow/example_dags/example_branch_python_dop_operator_3.py
[2022-12-03T05:17:13.948+0000] {processor.py:743} INFO - Processing file /home/airflow/.local/lib/python3.7/site-packages/airflow/example_dags/example_branch_python_dop_operator_3.py for tasks to queue
[2022-12-03T05:17:13.950+0000] {logging_mixin.py:137} INFO - [2022-12-03T05:17:13.950+0000] {dagbag.py:538} INFO - Filling up the DagBag from /home/airflow/.local/lib/python3.7/site-packages/airflow/example_dags/example_branch_python_dop_operator_3.py
[2022-12-03T05:17:13.963+0000] {processor.py:753} INFO - DAG(s) dict_keys(['example_branch_dop_operator_v3']) retrieved from /home/airflow/.local/lib/python3.7/site-packages/airflow/example_dags/example_branch_python_dop_operator_3.py
[2022-12-03T05:17:13.989+0000] {logging_mixin.py:137} INFO - [2022-12-03T05:17:13.989+0000] {dag.py:2676} INFO - Sync 1 DAGs
[2022-12-03T05:17:14.009+0000] {logging_mixin.py:137} INFO - [2022-12-03T05:17:14.009+0000] {dag.py:3427} INFO - Setting next_dagrun for example_branch_dop_operator_v3 to 2022-12-03T05:16:00+00:00, run_after=2022-12-03T05:17:00+00:00
[2022-12-03T05:17:14.021+0000] {processor.py:175} INFO - Processing /home/airflow/.local/lib/python3.7/site-packages/airflow/example_dags/example_branch_python_dop_operator_3.py took 0.077 seconds
[2022-12-03T05:17:44.717+0000] {processor.py:153} INFO - Started process (PID=3991) to work on /home/airflow/.local/lib/python3.7/site-packages/airflow/example_dags/example_branch_python_dop_operator_3.py
[2022-12-03T05:17:44.720+0000] {processor.py:743} INFO - Processing file /home/airflow/.local/lib/python3.7/site-packages/airflow/example_dags/example_branch_python_dop_operator_3.py for tasks to queue
[2022-12-03T05:17:44.723+0000] {logging_mixin.py:137} INFO - [2022-12-03T05:17:44.723+0000] {dagbag.py:538} INFO - Filling up the DagBag from /home/airflow/.local/lib/python3.7/site-packages/airflow/example_dags/example_branch_python_dop_operator_3.py
[2022-12-03T05:17:44.746+0000] {processor.py:753} INFO - DAG(s) dict_keys(['example_branch_dop_operator_v3']) retrieved from /home/airflow/.local/lib/python3.7/site-packages/airflow/example_dags/example_branch_python_dop_operator_3.py
[2022-12-03T05:17:44.770+0000] {logging_mixin.py:137} INFO - [2022-12-03T05:17:44.770+0000] {dag.py:2676} INFO - Sync 1 DAGs
[2022-12-03T05:17:44.794+0000] {logging_mixin.py:137} INFO - [2022-12-03T05:17:44.794+0000] {dag.py:3427} INFO - Setting next_dagrun for example_branch_dop_operator_v3 to 2022-12-03T05:16:00+00:00, run_after=2022-12-03T05:17:00+00:00
[2022-12-03T05:17:44.809+0000] {processor.py:175} INFO - Processing /home/airflow/.local/lib/python3.7/site-packages/airflow/example_dags/example_branch_python_dop_operator_3.py took 0.095 seconds
[2022-12-03T05:18:56.068+0000] {processor.py:153} INFO - Started process (PID=257) to work on /home/airflow/.local/lib/python3.7/site-packages/airflow/example_dags/example_branch_python_dop_operator_3.py
[2022-12-03T05:18:56.071+0000] {processor.py:743} INFO - Processing file /home/airflow/.local/lib/python3.7/site-packages/airflow/example_dags/example_branch_python_dop_operator_3.py for tasks to queue
[2022-12-03T05:18:56.073+0000] {logging_mixin.py:137} INFO - [2022-12-03T05:18:56.073+0000] {dagbag.py:538} INFO - Filling up the DagBag from /home/airflow/.local/lib/python3.7/site-packages/airflow/example_dags/example_branch_python_dop_operator_3.py
[2022-12-03T05:18:56.095+0000] {processor.py:753} INFO - DAG(s) dict_keys(['example_branch_dop_operator_v3']) retrieved from /home/airflow/.local/lib/python3.7/site-packages/airflow/example_dags/example_branch_python_dop_operator_3.py
[2022-12-03T05:18:56.129+0000] {logging_mixin.py:137} INFO - [2022-12-03T05:18:56.129+0000] {dag.py:2676} INFO - Sync 1 DAGs
[2022-12-03T05:18:56.151+0000] {logging_mixin.py:137} INFO - [2022-12-03T05:18:56.151+0000] {dag.py:3427} INFO - Setting next_dagrun for example_branch_dop_operator_v3 to 2022-12-03T05:17:00+00:00, run_after=2022-12-03T05:18:00+00:00
[2022-12-03T05:18:56.182+0000] {processor.py:175} INFO - Processing /home/airflow/.local/lib/python3.7/site-packages/airflow/example_dags/example_branch_python_dop_operator_3.py took 0.116 seconds
[2022-12-03T05:19:26.311+0000] {processor.py:153} INFO - Started process (PID=470) to work on /home/airflow/.local/lib/python3.7/site-packages/airflow/example_dags/example_branch_python_dop_operator_3.py
[2022-12-03T05:19:26.312+0000] {processor.py:743} INFO - Processing file /home/airflow/.local/lib/python3.7/site-packages/airflow/example_dags/example_branch_python_dop_operator_3.py for tasks to queue
[2022-12-03T05:19:26.314+0000] {logging_mixin.py:137} INFO - [2022-12-03T05:19:26.314+0000] {dagbag.py:538} INFO - Filling up the DagBag from /home/airflow/.local/lib/python3.7/site-packages/airflow/example_dags/example_branch_python_dop_operator_3.py
[2022-12-03T05:19:26.330+0000] {processor.py:753} INFO - DAG(s) dict_keys(['example_branch_dop_operator_v3']) retrieved from /home/airflow/.local/lib/python3.7/site-packages/airflow/example_dags/example_branch_python_dop_operator_3.py
[2022-12-03T05:19:26.357+0000] {logging_mixin.py:137} INFO - [2022-12-03T05:19:26.357+0000] {dag.py:2676} INFO - Sync 1 DAGs
[2022-12-03T05:19:26.375+0000] {logging_mixin.py:137} INFO - [2022-12-03T05:19:26.375+0000] {dag.py:3427} INFO - Setting next_dagrun for example_branch_dop_operator_v3 to 2022-12-03T05:18:00+00:00, run_after=2022-12-03T05:19:00+00:00
[2022-12-03T05:19:26.395+0000] {processor.py:175} INFO - Processing /home/airflow/.local/lib/python3.7/site-packages/airflow/example_dags/example_branch_python_dop_operator_3.py took 0.086 seconds
[2022-12-03T05:19:57.391+0000] {processor.py:153} INFO - Started process (PID=697) to work on /home/airflow/.local/lib/python3.7/site-packages/airflow/example_dags/example_branch_python_dop_operator_3.py
[2022-12-03T05:19:57.400+0000] {processor.py:743} INFO - Processing file /home/airflow/.local/lib/python3.7/site-packages/airflow/example_dags/example_branch_python_dop_operator_3.py for tasks to queue
[2022-12-03T05:19:57.406+0000] {logging_mixin.py:137} INFO - [2022-12-03T05:19:57.406+0000] {dagbag.py:538} INFO - Filling up the DagBag from /home/airflow/.local/lib/python3.7/site-packages/airflow/example_dags/example_branch_python_dop_operator_3.py
[2022-12-03T05:19:57.425+0000] {processor.py:753} INFO - DAG(s) dict_keys(['example_branch_dop_operator_v3']) retrieved from /home/airflow/.local/lib/python3.7/site-packages/airflow/example_dags/example_branch_python_dop_operator_3.py
[2022-12-03T05:19:57.459+0000] {logging_mixin.py:137} INFO - [2022-12-03T05:19:57.459+0000] {dag.py:2676} INFO - Sync 1 DAGs
[2022-12-03T05:19:57.479+0000] {logging_mixin.py:137} INFO - [2022-12-03T05:19:57.479+0000] {dag.py:3427} INFO - Setting next_dagrun for example_branch_dop_operator_v3 to 2022-12-03T05:18:00+00:00, run_after=2022-12-03T05:19:00+00:00
[2022-12-03T05:19:57.494+0000] {processor.py:175} INFO - Processing /home/airflow/.local/lib/python3.7/site-packages/airflow/example_dags/example_branch_python_dop_operator_3.py took 0.106 seconds
