[2022-12-03T05:09:01.669+0000] {processor.py:153} INFO - Started process (PID=336) to work on /home/airflow/.local/lib/python3.7/site-packages/airflow/example_dags/example_sensors.py
[2022-12-03T05:09:01.671+0000] {processor.py:743} INFO - Processing file /home/airflow/.local/lib/python3.7/site-packages/airflow/example_dags/example_sensors.py for tasks to queue
[2022-12-03T05:09:01.673+0000] {logging_mixin.py:137} INFO - [2022-12-03T05:09:01.673+0000] {dagbag.py:538} INFO - Filling up the DagBag from /home/airflow/.local/lib/python3.7/site-packages/airflow/example_dags/example_sensors.py
[2022-12-03T05:09:01.699+0000] {processor.py:753} INFO - DAG(s) dict_keys(['example_sensors']) retrieved from /home/airflow/.local/lib/python3.7/site-packages/airflow/example_dags/example_sensors.py
[2022-12-03T05:09:01.746+0000] {logging_mixin.py:137} INFO - [2022-12-03T05:09:01.745+0000] {dag.py:2676} INFO - Sync 1 DAGs
[2022-12-03T05:09:01.783+0000] {logging_mixin.py:137} INFO - [2022-12-03T05:09:01.783+0000] {dag.py:3427} INFO - Setting next_dagrun for example_sensors to None, run_after=None
[2022-12-03T05:09:01.826+0000] {processor.py:175} INFO - Processing /home/airflow/.local/lib/python3.7/site-packages/airflow/example_dags/example_sensors.py took 0.162 seconds
[2022-12-03T05:09:32.271+0000] {processor.py:153} INFO - Started process (PID=550) to work on /home/airflow/.local/lib/python3.7/site-packages/airflow/example_dags/example_sensors.py
[2022-12-03T05:09:32.273+0000] {processor.py:743} INFO - Processing file /home/airflow/.local/lib/python3.7/site-packages/airflow/example_dags/example_sensors.py for tasks to queue
[2022-12-03T05:09:32.274+0000] {logging_mixin.py:137} INFO - [2022-12-03T05:09:32.274+0000] {dagbag.py:538} INFO - Filling up the DagBag from /home/airflow/.local/lib/python3.7/site-packages/airflow/example_dags/example_sensors.py
[2022-12-03T05:09:32.288+0000] {processor.py:753} INFO - DAG(s) dict_keys(['example_sensors']) retrieved from /home/airflow/.local/lib/python3.7/site-packages/airflow/example_dags/example_sensors.py
[2022-12-03T05:09:32.327+0000] {logging_mixin.py:137} INFO - [2022-12-03T05:09:32.326+0000] {dag.py:2676} INFO - Sync 1 DAGs
[2022-12-03T05:09:32.363+0000] {logging_mixin.py:137} INFO - [2022-12-03T05:09:32.363+0000] {dag.py:3427} INFO - Setting next_dagrun for example_sensors to None, run_after=None
[2022-12-03T05:09:32.380+0000] {processor.py:175} INFO - Processing /home/airflow/.local/lib/python3.7/site-packages/airflow/example_dags/example_sensors.py took 0.112 seconds
[2022-12-03T05:10:03.371+0000] {processor.py:153} INFO - Started process (PID=777) to work on /home/airflow/.local/lib/python3.7/site-packages/airflow/example_dags/example_sensors.py
[2022-12-03T05:10:03.373+0000] {processor.py:743} INFO - Processing file /home/airflow/.local/lib/python3.7/site-packages/airflow/example_dags/example_sensors.py for tasks to queue
[2022-12-03T05:10:03.374+0000] {logging_mixin.py:137} INFO - [2022-12-03T05:10:03.374+0000] {dagbag.py:538} INFO - Filling up the DagBag from /home/airflow/.local/lib/python3.7/site-packages/airflow/example_dags/example_sensors.py
[2022-12-03T05:10:03.387+0000] {processor.py:753} INFO - DAG(s) dict_keys(['example_sensors']) retrieved from /home/airflow/.local/lib/python3.7/site-packages/airflow/example_dags/example_sensors.py
[2022-12-03T05:10:03.413+0000] {logging_mixin.py:137} INFO - [2022-12-03T05:10:03.413+0000] {dag.py:2676} INFO - Sync 1 DAGs
[2022-12-03T05:10:03.427+0000] {logging_mixin.py:137} INFO - [2022-12-03T05:10:03.427+0000] {dag.py:3427} INFO - Setting next_dagrun for example_sensors to None, run_after=None
[2022-12-03T05:10:03.437+0000] {processor.py:175} INFO - Processing /home/airflow/.local/lib/python3.7/site-packages/airflow/example_dags/example_sensors.py took 0.069 seconds
[2022-12-03T05:10:33.714+0000] {processor.py:153} INFO - Started process (PID=991) to work on /home/airflow/.local/lib/python3.7/site-packages/airflow/example_dags/example_sensors.py
[2022-12-03T05:10:33.717+0000] {processor.py:743} INFO - Processing file /home/airflow/.local/lib/python3.7/site-packages/airflow/example_dags/example_sensors.py for tasks to queue
[2022-12-03T05:10:33.719+0000] {logging_mixin.py:137} INFO - [2022-12-03T05:10:33.719+0000] {dagbag.py:538} INFO - Filling up the DagBag from /home/airflow/.local/lib/python3.7/site-packages/airflow/example_dags/example_sensors.py
[2022-12-03T05:10:33.736+0000] {processor.py:753} INFO - DAG(s) dict_keys(['example_sensors']) retrieved from /home/airflow/.local/lib/python3.7/site-packages/airflow/example_dags/example_sensors.py
[2022-12-03T05:10:33.785+0000] {logging_mixin.py:137} INFO - [2022-12-03T05:10:33.784+0000] {dag.py:2676} INFO - Sync 1 DAGs
[2022-12-03T05:10:33.805+0000] {logging_mixin.py:137} INFO - [2022-12-03T05:10:33.805+0000] {dag.py:3427} INFO - Setting next_dagrun for example_sensors to None, run_after=None
[2022-12-03T05:10:33.818+0000] {processor.py:175} INFO - Processing /home/airflow/.local/lib/python3.7/site-packages/airflow/example_dags/example_sensors.py took 0.106 seconds
[2022-12-03T05:11:04.273+0000] {processor.py:153} INFO - Started process (PID=1214) to work on /home/airflow/.local/lib/python3.7/site-packages/airflow/example_dags/example_sensors.py
[2022-12-03T05:11:04.278+0000] {processor.py:743} INFO - Processing file /home/airflow/.local/lib/python3.7/site-packages/airflow/example_dags/example_sensors.py for tasks to queue
[2022-12-03T05:11:04.281+0000] {logging_mixin.py:137} INFO - [2022-12-03T05:11:04.281+0000] {dagbag.py:538} INFO - Filling up the DagBag from /home/airflow/.local/lib/python3.7/site-packages/airflow/example_dags/example_sensors.py
[2022-12-03T05:11:04.298+0000] {processor.py:753} INFO - DAG(s) dict_keys(['example_sensors']) retrieved from /home/airflow/.local/lib/python3.7/site-packages/airflow/example_dags/example_sensors.py
[2022-12-03T05:11:04.327+0000] {logging_mixin.py:137} INFO - [2022-12-03T05:11:04.327+0000] {dag.py:2676} INFO - Sync 1 DAGs
[2022-12-03T05:11:04.342+0000] {logging_mixin.py:137} INFO - [2022-12-03T05:11:04.342+0000] {dag.py:3427} INFO - Setting next_dagrun for example_sensors to None, run_after=None
[2022-12-03T05:11:04.354+0000] {processor.py:175} INFO - Processing /home/airflow/.local/lib/python3.7/site-packages/airflow/example_dags/example_sensors.py took 0.086 seconds
[2022-12-03T05:11:35.114+0000] {processor.py:153} INFO - Started process (PID=1428) to work on /home/airflow/.local/lib/python3.7/site-packages/airflow/example_dags/example_sensors.py
[2022-12-03T05:11:35.120+0000] {processor.py:743} INFO - Processing file /home/airflow/.local/lib/python3.7/site-packages/airflow/example_dags/example_sensors.py for tasks to queue
[2022-12-03T05:11:35.122+0000] {logging_mixin.py:137} INFO - [2022-12-03T05:11:35.121+0000] {dagbag.py:538} INFO - Filling up the DagBag from /home/airflow/.local/lib/python3.7/site-packages/airflow/example_dags/example_sensors.py
[2022-12-03T05:11:35.151+0000] {processor.py:753} INFO - DAG(s) dict_keys(['example_sensors']) retrieved from /home/airflow/.local/lib/python3.7/site-packages/airflow/example_dags/example_sensors.py
[2022-12-03T05:11:35.183+0000] {logging_mixin.py:137} INFO - [2022-12-03T05:11:35.183+0000] {dag.py:2676} INFO - Sync 1 DAGs
[2022-12-03T05:11:35.235+0000] {logging_mixin.py:137} INFO - [2022-12-03T05:11:35.235+0000] {dag.py:3427} INFO - Setting next_dagrun for example_sensors to None, run_after=None
[2022-12-03T05:11:35.259+0000] {processor.py:175} INFO - Processing /home/airflow/.local/lib/python3.7/site-packages/airflow/example_dags/example_sensors.py took 0.151 seconds
[2022-12-03T05:12:05.743+0000] {processor.py:153} INFO - Started process (PID=1656) to work on /home/airflow/.local/lib/python3.7/site-packages/airflow/example_dags/example_sensors.py
[2022-12-03T05:12:05.745+0000] {processor.py:743} INFO - Processing file /home/airflow/.local/lib/python3.7/site-packages/airflow/example_dags/example_sensors.py for tasks to queue
[2022-12-03T05:12:05.750+0000] {logging_mixin.py:137} INFO - [2022-12-03T05:12:05.749+0000] {dagbag.py:538} INFO - Filling up the DagBag from /home/airflow/.local/lib/python3.7/site-packages/airflow/example_dags/example_sensors.py
[2022-12-03T05:12:05.767+0000] {processor.py:753} INFO - DAG(s) dict_keys(['example_sensors']) retrieved from /home/airflow/.local/lib/python3.7/site-packages/airflow/example_dags/example_sensors.py
[2022-12-03T05:12:05.794+0000] {logging_mixin.py:137} INFO - [2022-12-03T05:12:05.794+0000] {dag.py:2676} INFO - Sync 1 DAGs
[2022-12-03T05:12:05.815+0000] {logging_mixin.py:137} INFO - [2022-12-03T05:12:05.815+0000] {dag.py:3427} INFO - Setting next_dagrun for example_sensors to None, run_after=None
[2022-12-03T05:12:05.831+0000] {processor.py:175} INFO - Processing /home/airflow/.local/lib/python3.7/site-packages/airflow/example_dags/example_sensors.py took 0.090 seconds
[2022-12-03T05:12:40.915+0000] {processor.py:153} INFO - Started process (PID=1880) to work on /home/airflow/.local/lib/python3.7/site-packages/airflow/example_dags/example_sensors.py
[2022-12-03T05:12:40.926+0000] {processor.py:743} INFO - Processing file /home/airflow/.local/lib/python3.7/site-packages/airflow/example_dags/example_sensors.py for tasks to queue
[2022-12-03T05:12:41.002+0000] {logging_mixin.py:137} INFO - [2022-12-03T05:12:41.002+0000] {dagbag.py:538} INFO - Filling up the DagBag from /home/airflow/.local/lib/python3.7/site-packages/airflow/example_dags/example_sensors.py
[2022-12-03T05:12:41.165+0000] {processor.py:753} INFO - DAG(s) dict_keys(['example_sensors']) retrieved from /home/airflow/.local/lib/python3.7/site-packages/airflow/example_dags/example_sensors.py
[2022-12-03T05:12:41.327+0000] {logging_mixin.py:137} INFO - [2022-12-03T05:12:41.327+0000] {dag.py:2676} INFO - Sync 1 DAGs
[2022-12-03T05:12:41.389+0000] {logging_mixin.py:137} INFO - [2022-12-03T05:12:41.389+0000] {dag.py:3427} INFO - Setting next_dagrun for example_sensors to None, run_after=None
[2022-12-03T05:12:41.477+0000] {processor.py:175} INFO - Processing /home/airflow/.local/lib/python3.7/site-packages/airflow/example_dags/example_sensors.py took 0.634 seconds
[2022-12-03T05:13:12.606+0000] {processor.py:153} INFO - Started process (PID=2098) to work on /home/airflow/.local/lib/python3.7/site-packages/airflow/example_dags/example_sensors.py
[2022-12-03T05:13:12.609+0000] {processor.py:743} INFO - Processing file /home/airflow/.local/lib/python3.7/site-packages/airflow/example_dags/example_sensors.py for tasks to queue
[2022-12-03T05:13:12.611+0000] {logging_mixin.py:137} INFO - [2022-12-03T05:13:12.611+0000] {dagbag.py:538} INFO - Filling up the DagBag from /home/airflow/.local/lib/python3.7/site-packages/airflow/example_dags/example_sensors.py
[2022-12-03T05:13:12.636+0000] {processor.py:753} INFO - DAG(s) dict_keys(['example_sensors']) retrieved from /home/airflow/.local/lib/python3.7/site-packages/airflow/example_dags/example_sensors.py
[2022-12-03T05:13:12.684+0000] {logging_mixin.py:137} INFO - [2022-12-03T05:13:12.684+0000] {dag.py:2676} INFO - Sync 1 DAGs
[2022-12-03T05:13:12.703+0000] {logging_mixin.py:137} INFO - [2022-12-03T05:13:12.703+0000] {dag.py:3427} INFO - Setting next_dagrun for example_sensors to None, run_after=None
[2022-12-03T05:13:12.718+0000] {processor.py:175} INFO - Processing /home/airflow/.local/lib/python3.7/site-packages/airflow/example_dags/example_sensors.py took 0.119 seconds
[2022-12-03T05:13:43.408+0000] {processor.py:153} INFO - Started process (PID=2312) to work on /home/airflow/.local/lib/python3.7/site-packages/airflow/example_dags/example_sensors.py
[2022-12-03T05:13:43.412+0000] {processor.py:743} INFO - Processing file /home/airflow/.local/lib/python3.7/site-packages/airflow/example_dags/example_sensors.py for tasks to queue
[2022-12-03T05:13:43.419+0000] {logging_mixin.py:137} INFO - [2022-12-03T05:13:43.417+0000] {dagbag.py:538} INFO - Filling up the DagBag from /home/airflow/.local/lib/python3.7/site-packages/airflow/example_dags/example_sensors.py
[2022-12-03T05:13:43.461+0000] {processor.py:753} INFO - DAG(s) dict_keys(['example_sensors']) retrieved from /home/airflow/.local/lib/python3.7/site-packages/airflow/example_dags/example_sensors.py
[2022-12-03T05:13:43.558+0000] {logging_mixin.py:137} INFO - [2022-12-03T05:13:43.557+0000] {dag.py:2676} INFO - Sync 1 DAGs
[2022-12-03T05:13:43.625+0000] {logging_mixin.py:137} INFO - [2022-12-03T05:13:43.625+0000] {dag.py:3427} INFO - Setting next_dagrun for example_sensors to None, run_after=None
[2022-12-03T05:13:43.658+0000] {processor.py:175} INFO - Processing /home/airflow/.local/lib/python3.7/site-packages/airflow/example_dags/example_sensors.py took 0.257 seconds
[2022-12-03T05:14:14.428+0000] {processor.py:153} INFO - Started process (PID=2538) to work on /home/airflow/.local/lib/python3.7/site-packages/airflow/example_dags/example_sensors.py
[2022-12-03T05:14:14.431+0000] {processor.py:743} INFO - Processing file /home/airflow/.local/lib/python3.7/site-packages/airflow/example_dags/example_sensors.py for tasks to queue
[2022-12-03T05:14:14.432+0000] {logging_mixin.py:137} INFO - [2022-12-03T05:14:14.432+0000] {dagbag.py:538} INFO - Filling up the DagBag from /home/airflow/.local/lib/python3.7/site-packages/airflow/example_dags/example_sensors.py
[2022-12-03T05:14:14.454+0000] {processor.py:753} INFO - DAG(s) dict_keys(['example_sensors']) retrieved from /home/airflow/.local/lib/python3.7/site-packages/airflow/example_dags/example_sensors.py
[2022-12-03T05:14:14.489+0000] {logging_mixin.py:137} INFO - [2022-12-03T05:14:14.489+0000] {dag.py:2676} INFO - Sync 1 DAGs
[2022-12-03T05:14:14.508+0000] {logging_mixin.py:137} INFO - [2022-12-03T05:14:14.508+0000] {dag.py:3427} INFO - Setting next_dagrun for example_sensors to None, run_after=None
[2022-12-03T05:14:14.523+0000] {processor.py:175} INFO - Processing /home/airflow/.local/lib/python3.7/site-packages/airflow/example_dags/example_sensors.py took 0.102 seconds
[2022-12-03T05:14:44.835+0000] {processor.py:153} INFO - Started process (PID=2751) to work on /home/airflow/.local/lib/python3.7/site-packages/airflow/example_dags/example_sensors.py
[2022-12-03T05:14:44.840+0000] {processor.py:743} INFO - Processing file /home/airflow/.local/lib/python3.7/site-packages/airflow/example_dags/example_sensors.py for tasks to queue
[2022-12-03T05:14:44.845+0000] {logging_mixin.py:137} INFO - [2022-12-03T05:14:44.845+0000] {dagbag.py:538} INFO - Filling up the DagBag from /home/airflow/.local/lib/python3.7/site-packages/airflow/example_dags/example_sensors.py
[2022-12-03T05:14:44.872+0000] {processor.py:753} INFO - DAG(s) dict_keys(['example_sensors']) retrieved from /home/airflow/.local/lib/python3.7/site-packages/airflow/example_dags/example_sensors.py
[2022-12-03T05:14:44.908+0000] {logging_mixin.py:137} INFO - [2022-12-03T05:14:44.908+0000] {dag.py:2676} INFO - Sync 1 DAGs
[2022-12-03T05:14:44.927+0000] {logging_mixin.py:137} INFO - [2022-12-03T05:14:44.927+0000] {dag.py:3427} INFO - Setting next_dagrun for example_sensors to None, run_after=None
[2022-12-03T05:14:44.949+0000] {processor.py:175} INFO - Processing /home/airflow/.local/lib/python3.7/site-packages/airflow/example_dags/example_sensors.py took 0.124 seconds
[2022-12-03T05:15:15.727+0000] {processor.py:153} INFO - Started process (PID=2978) to work on /home/airflow/.local/lib/python3.7/site-packages/airflow/example_dags/example_sensors.py
[2022-12-03T05:15:15.734+0000] {processor.py:743} INFO - Processing file /home/airflow/.local/lib/python3.7/site-packages/airflow/example_dags/example_sensors.py for tasks to queue
[2022-12-03T05:15:15.737+0000] {logging_mixin.py:137} INFO - [2022-12-03T05:15:15.736+0000] {dagbag.py:538} INFO - Filling up the DagBag from /home/airflow/.local/lib/python3.7/site-packages/airflow/example_dags/example_sensors.py
[2022-12-03T05:15:15.769+0000] {processor.py:753} INFO - DAG(s) dict_keys(['example_sensors']) retrieved from /home/airflow/.local/lib/python3.7/site-packages/airflow/example_dags/example_sensors.py
[2022-12-03T05:15:15.818+0000] {logging_mixin.py:137} INFO - [2022-12-03T05:15:15.818+0000] {dag.py:2676} INFO - Sync 1 DAGs
[2022-12-03T05:15:15.839+0000] {logging_mixin.py:137} INFO - [2022-12-03T05:15:15.838+0000] {dag.py:3427} INFO - Setting next_dagrun for example_sensors to None, run_after=None
[2022-12-03T05:15:15.852+0000] {processor.py:175} INFO - Processing /home/airflow/.local/lib/python3.7/site-packages/airflow/example_dags/example_sensors.py took 0.135 seconds
[2022-12-03T05:15:46.254+0000] {processor.py:153} INFO - Started process (PID=3193) to work on /home/airflow/.local/lib/python3.7/site-packages/airflow/example_dags/example_sensors.py
[2022-12-03T05:15:46.262+0000] {processor.py:743} INFO - Processing file /home/airflow/.local/lib/python3.7/site-packages/airflow/example_dags/example_sensors.py for tasks to queue
[2022-12-03T05:15:46.267+0000] {logging_mixin.py:137} INFO - [2022-12-03T05:15:46.266+0000] {dagbag.py:538} INFO - Filling up the DagBag from /home/airflow/.local/lib/python3.7/site-packages/airflow/example_dags/example_sensors.py
[2022-12-03T05:15:46.333+0000] {processor.py:753} INFO - DAG(s) dict_keys(['example_sensors']) retrieved from /home/airflow/.local/lib/python3.7/site-packages/airflow/example_dags/example_sensors.py
[2022-12-03T05:15:46.585+0000] {logging_mixin.py:137} INFO - [2022-12-03T05:15:46.585+0000] {dag.py:2676} INFO - Sync 1 DAGs
[2022-12-03T05:15:46.654+0000] {logging_mixin.py:137} INFO - [2022-12-03T05:15:46.654+0000] {dag.py:3427} INFO - Setting next_dagrun for example_sensors to None, run_after=None
[2022-12-03T05:15:46.686+0000] {processor.py:175} INFO - Processing /home/airflow/.local/lib/python3.7/site-packages/airflow/example_dags/example_sensors.py took 0.439 seconds
[2022-12-03T05:16:17.531+0000] {processor.py:153} INFO - Started process (PID=3418) to work on /home/airflow/.local/lib/python3.7/site-packages/airflow/example_dags/example_sensors.py
[2022-12-03T05:16:17.535+0000] {processor.py:743} INFO - Processing file /home/airflow/.local/lib/python3.7/site-packages/airflow/example_dags/example_sensors.py for tasks to queue
[2022-12-03T05:16:17.538+0000] {logging_mixin.py:137} INFO - [2022-12-03T05:16:17.538+0000] {dagbag.py:538} INFO - Filling up the DagBag from /home/airflow/.local/lib/python3.7/site-packages/airflow/example_dags/example_sensors.py
[2022-12-03T05:16:17.581+0000] {processor.py:753} INFO - DAG(s) dict_keys(['example_sensors']) retrieved from /home/airflow/.local/lib/python3.7/site-packages/airflow/example_dags/example_sensors.py
[2022-12-03T05:16:17.649+0000] {logging_mixin.py:137} INFO - [2022-12-03T05:16:17.649+0000] {dag.py:2676} INFO - Sync 1 DAGs
[2022-12-03T05:16:17.675+0000] {logging_mixin.py:137} INFO - [2022-12-03T05:16:17.674+0000] {dag.py:3427} INFO - Setting next_dagrun for example_sensors to None, run_after=None
[2022-12-03T05:16:17.694+0000] {processor.py:175} INFO - Processing /home/airflow/.local/lib/python3.7/site-packages/airflow/example_dags/example_sensors.py took 0.177 seconds
[2022-12-03T05:16:47.791+0000] {processor.py:153} INFO - Started process (PID=3643) to work on /home/airflow/.local/lib/python3.7/site-packages/airflow/example_dags/example_sensors.py
[2022-12-03T05:16:47.793+0000] {processor.py:743} INFO - Processing file /home/airflow/.local/lib/python3.7/site-packages/airflow/example_dags/example_sensors.py for tasks to queue
[2022-12-03T05:16:47.795+0000] {logging_mixin.py:137} INFO - [2022-12-03T05:16:47.795+0000] {dagbag.py:538} INFO - Filling up the DagBag from /home/airflow/.local/lib/python3.7/site-packages/airflow/example_dags/example_sensors.py
[2022-12-03T05:16:47.830+0000] {processor.py:753} INFO - DAG(s) dict_keys(['example_sensors']) retrieved from /home/airflow/.local/lib/python3.7/site-packages/airflow/example_dags/example_sensors.py
[2022-12-03T05:16:47.877+0000] {logging_mixin.py:137} INFO - [2022-12-03T05:16:47.877+0000] {dag.py:2676} INFO - Sync 1 DAGs
[2022-12-03T05:16:47.898+0000] {logging_mixin.py:137} INFO - [2022-12-03T05:16:47.897+0000] {dag.py:3427} INFO - Setting next_dagrun for example_sensors to None, run_after=None
[2022-12-03T05:16:47.924+0000] {processor.py:175} INFO - Processing /home/airflow/.local/lib/python3.7/site-packages/airflow/example_dags/example_sensors.py took 0.138 seconds
[2022-12-03T05:17:18.236+0000] {processor.py:153} INFO - Started process (PID=3857) to work on /home/airflow/.local/lib/python3.7/site-packages/airflow/example_dags/example_sensors.py
[2022-12-03T05:17:18.239+0000] {processor.py:743} INFO - Processing file /home/airflow/.local/lib/python3.7/site-packages/airflow/example_dags/example_sensors.py for tasks to queue
[2022-12-03T05:17:18.244+0000] {logging_mixin.py:137} INFO - [2022-12-03T05:17:18.244+0000] {dagbag.py:538} INFO - Filling up the DagBag from /home/airflow/.local/lib/python3.7/site-packages/airflow/example_dags/example_sensors.py
[2022-12-03T05:17:18.283+0000] {processor.py:753} INFO - DAG(s) dict_keys(['example_sensors']) retrieved from /home/airflow/.local/lib/python3.7/site-packages/airflow/example_dags/example_sensors.py
[2022-12-03T05:17:18.342+0000] {logging_mixin.py:137} INFO - [2022-12-03T05:17:18.342+0000] {dag.py:2676} INFO - Sync 1 DAGs
[2022-12-03T05:17:18.363+0000] {logging_mixin.py:137} INFO - [2022-12-03T05:17:18.362+0000] {dag.py:3427} INFO - Setting next_dagrun for example_sensors to None, run_after=None
[2022-12-03T05:17:18.378+0000] {processor.py:175} INFO - Processing /home/airflow/.local/lib/python3.7/site-packages/airflow/example_dags/example_sensors.py took 0.148 seconds
[2022-12-03T05:17:48.926+0000] {processor.py:153} INFO - Started process (PID=4083) to work on /home/airflow/.local/lib/python3.7/site-packages/airflow/example_dags/example_sensors.py
[2022-12-03T05:17:48.929+0000] {processor.py:743} INFO - Processing file /home/airflow/.local/lib/python3.7/site-packages/airflow/example_dags/example_sensors.py for tasks to queue
[2022-12-03T05:17:48.932+0000] {logging_mixin.py:137} INFO - [2022-12-03T05:17:48.932+0000] {dagbag.py:538} INFO - Filling up the DagBag from /home/airflow/.local/lib/python3.7/site-packages/airflow/example_dags/example_sensors.py
[2022-12-03T05:17:48.965+0000] {processor.py:753} INFO - DAG(s) dict_keys(['example_sensors']) retrieved from /home/airflow/.local/lib/python3.7/site-packages/airflow/example_dags/example_sensors.py
[2022-12-03T05:17:49.026+0000] {logging_mixin.py:137} INFO - [2022-12-03T05:17:49.026+0000] {dag.py:2676} INFO - Sync 1 DAGs
[2022-12-03T05:17:49.048+0000] {logging_mixin.py:137} INFO - [2022-12-03T05:17:49.048+0000] {dag.py:3427} INFO - Setting next_dagrun for example_sensors to None, run_after=None
[2022-12-03T05:17:49.063+0000] {processor.py:175} INFO - Processing /home/airflow/.local/lib/python3.7/site-packages/airflow/example_dags/example_sensors.py took 0.147 seconds
[2022-12-03T05:18:57.274+0000] {processor.py:153} INFO - Started process (PID=335) to work on /home/airflow/.local/lib/python3.7/site-packages/airflow/example_dags/example_sensors.py
[2022-12-03T05:18:57.276+0000] {processor.py:743} INFO - Processing file /home/airflow/.local/lib/python3.7/site-packages/airflow/example_dags/example_sensors.py for tasks to queue
[2022-12-03T05:18:57.277+0000] {logging_mixin.py:137} INFO - [2022-12-03T05:18:57.277+0000] {dagbag.py:538} INFO - Filling up the DagBag from /home/airflow/.local/lib/python3.7/site-packages/airflow/example_dags/example_sensors.py
[2022-12-03T05:18:57.301+0000] {processor.py:753} INFO - DAG(s) dict_keys(['example_sensors']) retrieved from /home/airflow/.local/lib/python3.7/site-packages/airflow/example_dags/example_sensors.py
[2022-12-03T05:18:57.322+0000] {logging_mixin.py:137} INFO - [2022-12-03T05:18:57.322+0000] {dag.py:2676} INFO - Sync 1 DAGs
[2022-12-03T05:18:57.341+0000] {logging_mixin.py:137} INFO - [2022-12-03T05:18:57.341+0000] {dag.py:3427} INFO - Setting next_dagrun for example_sensors to None, run_after=None
[2022-12-03T05:18:57.361+0000] {processor.py:175} INFO - Processing /home/airflow/.local/lib/python3.7/site-packages/airflow/example_dags/example_sensors.py took 0.089 seconds
[2022-12-03T05:19:27.489+0000] {processor.py:153} INFO - Started process (PID=550) to work on /home/airflow/.local/lib/python3.7/site-packages/airflow/example_dags/example_sensors.py
[2022-12-03T05:19:27.492+0000] {processor.py:743} INFO - Processing file /home/airflow/.local/lib/python3.7/site-packages/airflow/example_dags/example_sensors.py for tasks to queue
[2022-12-03T05:19:27.493+0000] {logging_mixin.py:137} INFO - [2022-12-03T05:19:27.493+0000] {dagbag.py:538} INFO - Filling up the DagBag from /home/airflow/.local/lib/python3.7/site-packages/airflow/example_dags/example_sensors.py
[2022-12-03T05:19:27.509+0000] {processor.py:753} INFO - DAG(s) dict_keys(['example_sensors']) retrieved from /home/airflow/.local/lib/python3.7/site-packages/airflow/example_dags/example_sensors.py
[2022-12-03T05:19:27.546+0000] {logging_mixin.py:137} INFO - [2022-12-03T05:19:27.546+0000] {dag.py:2676} INFO - Sync 1 DAGs
[2022-12-03T05:19:27.565+0000] {logging_mixin.py:137} INFO - [2022-12-03T05:19:27.565+0000] {dag.py:3427} INFO - Setting next_dagrun for example_sensors to None, run_after=None
[2022-12-03T05:19:27.579+0000] {processor.py:175} INFO - Processing /home/airflow/.local/lib/python3.7/site-packages/airflow/example_dags/example_sensors.py took 0.092 seconds
[2022-12-03T05:19:58.402+0000] {processor.py:153} INFO - Started process (PID=777) to work on /home/airflow/.local/lib/python3.7/site-packages/airflow/example_dags/example_sensors.py
[2022-12-03T05:19:58.404+0000] {processor.py:743} INFO - Processing file /home/airflow/.local/lib/python3.7/site-packages/airflow/example_dags/example_sensors.py for tasks to queue
[2022-12-03T05:19:58.406+0000] {logging_mixin.py:137} INFO - [2022-12-03T05:19:58.405+0000] {dagbag.py:538} INFO - Filling up the DagBag from /home/airflow/.local/lib/python3.7/site-packages/airflow/example_dags/example_sensors.py
[2022-12-03T05:19:58.429+0000] {processor.py:753} INFO - DAG(s) dict_keys(['example_sensors']) retrieved from /home/airflow/.local/lib/python3.7/site-packages/airflow/example_dags/example_sensors.py
[2022-12-03T05:19:58.468+0000] {logging_mixin.py:137} INFO - [2022-12-03T05:19:58.468+0000] {dag.py:2676} INFO - Sync 1 DAGs
[2022-12-03T05:19:58.497+0000] {logging_mixin.py:137} INFO - [2022-12-03T05:19:58.497+0000] {dag.py:3427} INFO - Setting next_dagrun for example_sensors to None, run_after=None
[2022-12-03T05:19:58.511+0000] {processor.py:175} INFO - Processing /home/airflow/.local/lib/python3.7/site-packages/airflow/example_dags/example_sensors.py took 0.112 seconds
