[2022-12-03T05:08:58.664+0000] {processor.py:153} INFO - Started process (PID=226) to work on /home/airflow/.local/lib/python3.7/site-packages/airflow/example_dags/example_external_task_marker_dag.py
[2022-12-03T05:08:58.667+0000] {processor.py:743} INFO - Processing file /home/airflow/.local/lib/python3.7/site-packages/airflow/example_dags/example_external_task_marker_dag.py for tasks to queue
[2022-12-03T05:08:58.669+0000] {logging_mixin.py:137} INFO - [2022-12-03T05:08:58.669+0000] {dagbag.py:538} INFO - Filling up the DagBag from /home/airflow/.local/lib/python3.7/site-packages/airflow/example_dags/example_external_task_marker_dag.py
[2022-12-03T05:08:58.704+0000] {processor.py:753} INFO - DAG(s) dict_keys(['example_external_task_marker_parent', 'example_external_task_marker_child']) retrieved from /home/airflow/.local/lib/python3.7/site-packages/airflow/example_dags/example_external_task_marker_dag.py
[2022-12-03T05:08:58.769+0000] {logging_mixin.py:137} INFO - [2022-12-03T05:08:58.768+0000] {dag.py:2676} INFO - Sync 2 DAGs
[2022-12-03T05:08:58.796+0000] {logging_mixin.py:137} INFO - [2022-12-03T05:08:58.796+0000] {dag.py:3427} INFO - Setting next_dagrun for example_external_task_marker_child to None, run_after=None
[2022-12-03T05:08:58.800+0000] {logging_mixin.py:137} INFO - [2022-12-03T05:08:58.800+0000] {dag.py:3427} INFO - Setting next_dagrun for example_external_task_marker_parent to None, run_after=None
[2022-12-03T05:08:58.816+0000] {processor.py:175} INFO - Processing /home/airflow/.local/lib/python3.7/site-packages/airflow/example_dags/example_external_task_marker_dag.py took 0.157 seconds
[2022-12-03T05:09:29.222+0000] {processor.py:153} INFO - Started process (PID=440) to work on /home/airflow/.local/lib/python3.7/site-packages/airflow/example_dags/example_external_task_marker_dag.py
[2022-12-03T05:09:29.224+0000] {processor.py:743} INFO - Processing file /home/airflow/.local/lib/python3.7/site-packages/airflow/example_dags/example_external_task_marker_dag.py for tasks to queue
[2022-12-03T05:09:29.225+0000] {logging_mixin.py:137} INFO - [2022-12-03T05:09:29.225+0000] {dagbag.py:538} INFO - Filling up the DagBag from /home/airflow/.local/lib/python3.7/site-packages/airflow/example_dags/example_external_task_marker_dag.py
[2022-12-03T05:09:29.240+0000] {processor.py:753} INFO - DAG(s) dict_keys(['example_external_task_marker_parent', 'example_external_task_marker_child']) retrieved from /home/airflow/.local/lib/python3.7/site-packages/airflow/example_dags/example_external_task_marker_dag.py
[2022-12-03T05:09:29.298+0000] {logging_mixin.py:137} INFO - [2022-12-03T05:09:29.298+0000] {dag.py:2676} INFO - Sync 2 DAGs
[2022-12-03T05:09:29.318+0000] {logging_mixin.py:137} INFO - [2022-12-03T05:09:29.318+0000] {dag.py:3427} INFO - Setting next_dagrun for example_external_task_marker_child to None, run_after=None
[2022-12-03T05:09:29.323+0000] {logging_mixin.py:137} INFO - [2022-12-03T05:09:29.323+0000] {dag.py:3427} INFO - Setting next_dagrun for example_external_task_marker_parent to None, run_after=None
[2022-12-03T05:09:29.337+0000] {processor.py:175} INFO - Processing /home/airflow/.local/lib/python3.7/site-packages/airflow/example_dags/example_external_task_marker_dag.py took 0.118 seconds
[2022-12-03T05:10:00.270+0000] {processor.py:153} INFO - Started process (PID=664) to work on /home/airflow/.local/lib/python3.7/site-packages/airflow/example_dags/example_external_task_marker_dag.py
[2022-12-03T05:10:00.276+0000] {processor.py:743} INFO - Processing file /home/airflow/.local/lib/python3.7/site-packages/airflow/example_dags/example_external_task_marker_dag.py for tasks to queue
[2022-12-03T05:10:00.278+0000] {logging_mixin.py:137} INFO - [2022-12-03T05:10:00.278+0000] {dagbag.py:538} INFO - Filling up the DagBag from /home/airflow/.local/lib/python3.7/site-packages/airflow/example_dags/example_external_task_marker_dag.py
[2022-12-03T05:10:00.292+0000] {processor.py:753} INFO - DAG(s) dict_keys(['example_external_task_marker_child', 'example_external_task_marker_parent']) retrieved from /home/airflow/.local/lib/python3.7/site-packages/airflow/example_dags/example_external_task_marker_dag.py
[2022-12-03T05:10:00.346+0000] {logging_mixin.py:137} INFO - [2022-12-03T05:10:00.345+0000] {dag.py:2676} INFO - Sync 2 DAGs
[2022-12-03T05:10:00.379+0000] {logging_mixin.py:137} INFO - [2022-12-03T05:10:00.379+0000] {dag.py:3427} INFO - Setting next_dagrun for example_external_task_marker_child to None, run_after=None
[2022-12-03T05:10:00.384+0000] {logging_mixin.py:137} INFO - [2022-12-03T05:10:00.384+0000] {dag.py:3427} INFO - Setting next_dagrun for example_external_task_marker_parent to None, run_after=None
[2022-12-03T05:10:00.410+0000] {processor.py:175} INFO - Processing /home/airflow/.local/lib/python3.7/site-packages/airflow/example_dags/example_external_task_marker_dag.py took 0.145 seconds
[2022-12-03T05:10:30.551+0000] {processor.py:153} INFO - Started process (PID=879) to work on /home/airflow/.local/lib/python3.7/site-packages/airflow/example_dags/example_external_task_marker_dag.py
[2022-12-03T05:10:30.554+0000] {processor.py:743} INFO - Processing file /home/airflow/.local/lib/python3.7/site-packages/airflow/example_dags/example_external_task_marker_dag.py for tasks to queue
[2022-12-03T05:10:30.555+0000] {logging_mixin.py:137} INFO - [2022-12-03T05:10:30.554+0000] {dagbag.py:538} INFO - Filling up the DagBag from /home/airflow/.local/lib/python3.7/site-packages/airflow/example_dags/example_external_task_marker_dag.py
[2022-12-03T05:10:30.565+0000] {processor.py:753} INFO - DAG(s) dict_keys(['example_external_task_marker_parent', 'example_external_task_marker_child']) retrieved from /home/airflow/.local/lib/python3.7/site-packages/airflow/example_dags/example_external_task_marker_dag.py
[2022-12-03T05:10:30.594+0000] {logging_mixin.py:137} INFO - [2022-12-03T05:10:30.594+0000] {dag.py:2676} INFO - Sync 2 DAGs
[2022-12-03T05:10:30.609+0000] {logging_mixin.py:137} INFO - [2022-12-03T05:10:30.609+0000] {dag.py:3427} INFO - Setting next_dagrun for example_external_task_marker_child to None, run_after=None
[2022-12-03T05:10:30.612+0000] {logging_mixin.py:137} INFO - [2022-12-03T05:10:30.612+0000] {dag.py:3427} INFO - Setting next_dagrun for example_external_task_marker_parent to None, run_after=None
[2022-12-03T05:10:30.623+0000] {processor.py:175} INFO - Processing /home/airflow/.local/lib/python3.7/site-packages/airflow/example_dags/example_external_task_marker_dag.py took 0.076 seconds
[2022-12-03T05:11:01.487+0000] {processor.py:153} INFO - Started process (PID=1101) to work on /home/airflow/.local/lib/python3.7/site-packages/airflow/example_dags/example_external_task_marker_dag.py
[2022-12-03T05:11:01.494+0000] {processor.py:743} INFO - Processing file /home/airflow/.local/lib/python3.7/site-packages/airflow/example_dags/example_external_task_marker_dag.py for tasks to queue
[2022-12-03T05:11:01.496+0000] {logging_mixin.py:137} INFO - [2022-12-03T05:11:01.495+0000] {dagbag.py:538} INFO - Filling up the DagBag from /home/airflow/.local/lib/python3.7/site-packages/airflow/example_dags/example_external_task_marker_dag.py
[2022-12-03T05:11:01.524+0000] {processor.py:753} INFO - DAG(s) dict_keys(['example_external_task_marker_parent', 'example_external_task_marker_child']) retrieved from /home/airflow/.local/lib/python3.7/site-packages/airflow/example_dags/example_external_task_marker_dag.py
[2022-12-03T05:11:01.557+0000] {logging_mixin.py:137} INFO - [2022-12-03T05:11:01.557+0000] {dag.py:2676} INFO - Sync 2 DAGs
[2022-12-03T05:11:01.577+0000] {logging_mixin.py:137} INFO - [2022-12-03T05:11:01.577+0000] {dag.py:3427} INFO - Setting next_dagrun for example_external_task_marker_child to None, run_after=None
[2022-12-03T05:11:01.582+0000] {logging_mixin.py:137} INFO - [2022-12-03T05:11:01.582+0000] {dag.py:3427} INFO - Setting next_dagrun for example_external_task_marker_parent to None, run_after=None
[2022-12-03T05:11:01.600+0000] {processor.py:175} INFO - Processing /home/airflow/.local/lib/python3.7/site-packages/airflow/example_dags/example_external_task_marker_dag.py took 0.137 seconds
[2022-12-03T05:11:32.625+0000] {processor.py:153} INFO - Started process (PID=1318) to work on /home/airflow/.local/lib/python3.7/site-packages/airflow/example_dags/example_external_task_marker_dag.py
[2022-12-03T05:11:32.634+0000] {processor.py:743} INFO - Processing file /home/airflow/.local/lib/python3.7/site-packages/airflow/example_dags/example_external_task_marker_dag.py for tasks to queue
[2022-12-03T05:11:32.636+0000] {logging_mixin.py:137} INFO - [2022-12-03T05:11:32.636+0000] {dagbag.py:538} INFO - Filling up the DagBag from /home/airflow/.local/lib/python3.7/site-packages/airflow/example_dags/example_external_task_marker_dag.py
[2022-12-03T05:11:32.655+0000] {processor.py:753} INFO - DAG(s) dict_keys(['example_external_task_marker_parent', 'example_external_task_marker_child']) retrieved from /home/airflow/.local/lib/python3.7/site-packages/airflow/example_dags/example_external_task_marker_dag.py
[2022-12-03T05:11:32.699+0000] {logging_mixin.py:137} INFO - [2022-12-03T05:11:32.698+0000] {dag.py:2676} INFO - Sync 2 DAGs
[2022-12-03T05:11:32.715+0000] {logging_mixin.py:137} INFO - [2022-12-03T05:11:32.715+0000] {dag.py:3427} INFO - Setting next_dagrun for example_external_task_marker_child to None, run_after=None
[2022-12-03T05:11:32.719+0000] {logging_mixin.py:137} INFO - [2022-12-03T05:11:32.718+0000] {dag.py:3427} INFO - Setting next_dagrun for example_external_task_marker_parent to None, run_after=None
[2022-12-03T05:11:32.729+0000] {processor.py:175} INFO - Processing /home/airflow/.local/lib/python3.7/site-packages/airflow/example_dags/example_external_task_marker_dag.py took 0.115 seconds
[2022-12-03T05:12:02.982+0000] {processor.py:153} INFO - Started process (PID=1543) to work on /home/airflow/.local/lib/python3.7/site-packages/airflow/example_dags/example_external_task_marker_dag.py
[2022-12-03T05:12:02.987+0000] {processor.py:743} INFO - Processing file /home/airflow/.local/lib/python3.7/site-packages/airflow/example_dags/example_external_task_marker_dag.py for tasks to queue
[2022-12-03T05:12:02.988+0000] {logging_mixin.py:137} INFO - [2022-12-03T05:12:02.988+0000] {dagbag.py:538} INFO - Filling up the DagBag from /home/airflow/.local/lib/python3.7/site-packages/airflow/example_dags/example_external_task_marker_dag.py
[2022-12-03T05:12:03.018+0000] {processor.py:753} INFO - DAG(s) dict_keys(['example_external_task_marker_parent', 'example_external_task_marker_child']) retrieved from /home/airflow/.local/lib/python3.7/site-packages/airflow/example_dags/example_external_task_marker_dag.py
[2022-12-03T05:12:03.086+0000] {logging_mixin.py:137} INFO - [2022-12-03T05:12:03.086+0000] {dag.py:2676} INFO - Sync 2 DAGs
[2022-12-03T05:12:03.123+0000] {logging_mixin.py:137} INFO - [2022-12-03T05:12:03.123+0000] {dag.py:3427} INFO - Setting next_dagrun for example_external_task_marker_child to None, run_after=None
[2022-12-03T05:12:03.128+0000] {logging_mixin.py:137} INFO - [2022-12-03T05:12:03.128+0000] {dag.py:3427} INFO - Setting next_dagrun for example_external_task_marker_parent to None, run_after=None
[2022-12-03T05:12:03.143+0000] {processor.py:175} INFO - Processing /home/airflow/.local/lib/python3.7/site-packages/airflow/example_dags/example_external_task_marker_dag.py took 0.165 seconds
[2022-12-03T05:12:33.930+0000] {processor.py:153} INFO - Started process (PID=1759) to work on /home/airflow/.local/lib/python3.7/site-packages/airflow/example_dags/example_external_task_marker_dag.py
[2022-12-03T05:12:33.936+0000] {processor.py:743} INFO - Processing file /home/airflow/.local/lib/python3.7/site-packages/airflow/example_dags/example_external_task_marker_dag.py for tasks to queue
[2022-12-03T05:12:33.942+0000] {logging_mixin.py:137} INFO - [2022-12-03T05:12:33.942+0000] {dagbag.py:538} INFO - Filling up the DagBag from /home/airflow/.local/lib/python3.7/site-packages/airflow/example_dags/example_external_task_marker_dag.py
[2022-12-03T05:12:33.982+0000] {processor.py:753} INFO - DAG(s) dict_keys(['example_external_task_marker_parent', 'example_external_task_marker_child']) retrieved from /home/airflow/.local/lib/python3.7/site-packages/airflow/example_dags/example_external_task_marker_dag.py
[2022-12-03T05:12:34.052+0000] {logging_mixin.py:137} INFO - [2022-12-03T05:12:34.052+0000] {dag.py:2676} INFO - Sync 2 DAGs
[2022-12-03T05:12:34.078+0000] {logging_mixin.py:137} INFO - [2022-12-03T05:12:34.078+0000] {dag.py:3427} INFO - Setting next_dagrun for example_external_task_marker_child to None, run_after=None
[2022-12-03T05:12:34.084+0000] {logging_mixin.py:137} INFO - [2022-12-03T05:12:34.084+0000] {dag.py:3427} INFO - Setting next_dagrun for example_external_task_marker_parent to None, run_after=None
[2022-12-03T05:12:34.103+0000] {processor.py:175} INFO - Processing /home/airflow/.local/lib/python3.7/site-packages/airflow/example_dags/example_external_task_marker_dag.py took 0.178 seconds
[2022-12-03T05:13:05.021+0000] {processor.py:153} INFO - Started process (PID=1974) to work on /home/airflow/.local/lib/python3.7/site-packages/airflow/example_dags/example_external_task_marker_dag.py
[2022-12-03T05:13:05.024+0000] {processor.py:743} INFO - Processing file /home/airflow/.local/lib/python3.7/site-packages/airflow/example_dags/example_external_task_marker_dag.py for tasks to queue
[2022-12-03T05:13:05.025+0000] {logging_mixin.py:137} INFO - [2022-12-03T05:13:05.025+0000] {dagbag.py:538} INFO - Filling up the DagBag from /home/airflow/.local/lib/python3.7/site-packages/airflow/example_dags/example_external_task_marker_dag.py
[2022-12-03T05:13:05.041+0000] {processor.py:753} INFO - DAG(s) dict_keys(['example_external_task_marker_child', 'example_external_task_marker_parent']) retrieved from /home/airflow/.local/lib/python3.7/site-packages/airflow/example_dags/example_external_task_marker_dag.py
[2022-12-03T05:13:05.074+0000] {logging_mixin.py:137} INFO - [2022-12-03T05:13:05.074+0000] {dag.py:2676} INFO - Sync 2 DAGs
[2022-12-03T05:13:05.093+0000] {logging_mixin.py:137} INFO - [2022-12-03T05:13:05.093+0000] {dag.py:3427} INFO - Setting next_dagrun for example_external_task_marker_child to None, run_after=None
[2022-12-03T05:13:05.097+0000] {logging_mixin.py:137} INFO - [2022-12-03T05:13:05.097+0000] {dag.py:3427} INFO - Setting next_dagrun for example_external_task_marker_parent to None, run_after=None
[2022-12-03T05:13:05.112+0000] {processor.py:175} INFO - Processing /home/airflow/.local/lib/python3.7/site-packages/airflow/example_dags/example_external_task_marker_dag.py took 0.095 seconds
[2022-12-03T05:13:35.857+0000] {processor.py:153} INFO - Started process (PID=2200) to work on /home/airflow/.local/lib/python3.7/site-packages/airflow/example_dags/example_external_task_marker_dag.py
[2022-12-03T05:13:35.859+0000] {processor.py:743} INFO - Processing file /home/airflow/.local/lib/python3.7/site-packages/airflow/example_dags/example_external_task_marker_dag.py for tasks to queue
[2022-12-03T05:13:35.860+0000] {logging_mixin.py:137} INFO - [2022-12-03T05:13:35.860+0000] {dagbag.py:538} INFO - Filling up the DagBag from /home/airflow/.local/lib/python3.7/site-packages/airflow/example_dags/example_external_task_marker_dag.py
[2022-12-03T05:13:35.871+0000] {processor.py:753} INFO - DAG(s) dict_keys(['example_external_task_marker_parent', 'example_external_task_marker_child']) retrieved from /home/airflow/.local/lib/python3.7/site-packages/airflow/example_dags/example_external_task_marker_dag.py
[2022-12-03T05:13:35.905+0000] {logging_mixin.py:137} INFO - [2022-12-03T05:13:35.904+0000] {dag.py:2676} INFO - Sync 2 DAGs
[2022-12-03T05:13:35.924+0000] {logging_mixin.py:137} INFO - [2022-12-03T05:13:35.923+0000] {dag.py:3427} INFO - Setting next_dagrun for example_external_task_marker_child to None, run_after=None
[2022-12-03T05:13:35.930+0000] {logging_mixin.py:137} INFO - [2022-12-03T05:13:35.930+0000] {dag.py:3427} INFO - Setting next_dagrun for example_external_task_marker_parent to None, run_after=None
[2022-12-03T05:13:35.952+0000] {processor.py:175} INFO - Processing /home/airflow/.local/lib/python3.7/site-packages/airflow/example_dags/example_external_task_marker_dag.py took 0.098 seconds
[2022-12-03T05:14:06.466+0000] {processor.py:153} INFO - Started process (PID=2414) to work on /home/airflow/.local/lib/python3.7/site-packages/airflow/example_dags/example_external_task_marker_dag.py
[2022-12-03T05:14:06.472+0000] {processor.py:743} INFO - Processing file /home/airflow/.local/lib/python3.7/site-packages/airflow/example_dags/example_external_task_marker_dag.py for tasks to queue
[2022-12-03T05:14:06.476+0000] {logging_mixin.py:137} INFO - [2022-12-03T05:14:06.476+0000] {dagbag.py:538} INFO - Filling up the DagBag from /home/airflow/.local/lib/python3.7/site-packages/airflow/example_dags/example_external_task_marker_dag.py
[2022-12-03T05:14:06.504+0000] {processor.py:753} INFO - DAG(s) dict_keys(['example_external_task_marker_child', 'example_external_task_marker_parent']) retrieved from /home/airflow/.local/lib/python3.7/site-packages/airflow/example_dags/example_external_task_marker_dag.py
[2022-12-03T05:14:06.552+0000] {logging_mixin.py:137} INFO - [2022-12-03T05:14:06.552+0000] {dag.py:2676} INFO - Sync 2 DAGs
[2022-12-03T05:14:06.570+0000] {logging_mixin.py:137} INFO - [2022-12-03T05:14:06.569+0000] {dag.py:3427} INFO - Setting next_dagrun for example_external_task_marker_child to None, run_after=None
[2022-12-03T05:14:06.573+0000] {logging_mixin.py:137} INFO - [2022-12-03T05:14:06.573+0000] {dag.py:3427} INFO - Setting next_dagrun for example_external_task_marker_parent to None, run_after=None
[2022-12-03T05:14:06.583+0000] {processor.py:175} INFO - Processing /home/airflow/.local/lib/python3.7/site-packages/airflow/example_dags/example_external_task_marker_dag.py took 0.124 seconds
[2022-12-03T05:14:36.817+0000] {processor.py:153} INFO - Started process (PID=2639) to work on /home/airflow/.local/lib/python3.7/site-packages/airflow/example_dags/example_external_task_marker_dag.py
[2022-12-03T05:14:36.821+0000] {processor.py:743} INFO - Processing file /home/airflow/.local/lib/python3.7/site-packages/airflow/example_dags/example_external_task_marker_dag.py for tasks to queue
[2022-12-03T05:14:36.823+0000] {logging_mixin.py:137} INFO - [2022-12-03T05:14:36.823+0000] {dagbag.py:538} INFO - Filling up the DagBag from /home/airflow/.local/lib/python3.7/site-packages/airflow/example_dags/example_external_task_marker_dag.py
[2022-12-03T05:14:36.852+0000] {processor.py:753} INFO - DAG(s) dict_keys(['example_external_task_marker_parent', 'example_external_task_marker_child']) retrieved from /home/airflow/.local/lib/python3.7/site-packages/airflow/example_dags/example_external_task_marker_dag.py
[2022-12-03T05:14:36.958+0000] {logging_mixin.py:137} INFO - [2022-12-03T05:14:36.958+0000] {dag.py:2676} INFO - Sync 2 DAGs
[2022-12-03T05:14:36.993+0000] {logging_mixin.py:137} INFO - [2022-12-03T05:14:36.993+0000] {dag.py:3427} INFO - Setting next_dagrun for example_external_task_marker_child to None, run_after=None
[2022-12-03T05:14:36.998+0000] {logging_mixin.py:137} INFO - [2022-12-03T05:14:36.998+0000] {dag.py:3427} INFO - Setting next_dagrun for example_external_task_marker_parent to None, run_after=None
[2022-12-03T05:14:37.022+0000] {processor.py:175} INFO - Processing /home/airflow/.local/lib/python3.7/site-packages/airflow/example_dags/example_external_task_marker_dag.py took 0.209 seconds
[2022-12-03T05:15:07.507+0000] {processor.py:153} INFO - Started process (PID=2854) to work on /home/airflow/.local/lib/python3.7/site-packages/airflow/example_dags/example_external_task_marker_dag.py
[2022-12-03T05:15:07.509+0000] {processor.py:743} INFO - Processing file /home/airflow/.local/lib/python3.7/site-packages/airflow/example_dags/example_external_task_marker_dag.py for tasks to queue
[2022-12-03T05:15:07.512+0000] {logging_mixin.py:137} INFO - [2022-12-03T05:15:07.512+0000] {dagbag.py:538} INFO - Filling up the DagBag from /home/airflow/.local/lib/python3.7/site-packages/airflow/example_dags/example_external_task_marker_dag.py
[2022-12-03T05:15:07.532+0000] {processor.py:753} INFO - DAG(s) dict_keys(['example_external_task_marker_parent', 'example_external_task_marker_child']) retrieved from /home/airflow/.local/lib/python3.7/site-packages/airflow/example_dags/example_external_task_marker_dag.py
[2022-12-03T05:15:07.564+0000] {logging_mixin.py:137} INFO - [2022-12-03T05:15:07.564+0000] {dag.py:2676} INFO - Sync 2 DAGs
[2022-12-03T05:15:07.585+0000] {logging_mixin.py:137} INFO - [2022-12-03T05:15:07.585+0000] {dag.py:3427} INFO - Setting next_dagrun for example_external_task_marker_child to None, run_after=None
[2022-12-03T05:15:07.591+0000] {logging_mixin.py:137} INFO - [2022-12-03T05:15:07.590+0000] {dag.py:3427} INFO - Setting next_dagrun for example_external_task_marker_parent to None, run_after=None
[2022-12-03T05:15:07.638+0000] {processor.py:175} INFO - Processing /home/airflow/.local/lib/python3.7/site-packages/airflow/example_dags/example_external_task_marker_dag.py took 0.136 seconds
[2022-12-03T05:15:38.567+0000] {processor.py:153} INFO - Started process (PID=3081) to work on /home/airflow/.local/lib/python3.7/site-packages/airflow/example_dags/example_external_task_marker_dag.py
[2022-12-03T05:15:38.568+0000] {processor.py:743} INFO - Processing file /home/airflow/.local/lib/python3.7/site-packages/airflow/example_dags/example_external_task_marker_dag.py for tasks to queue
[2022-12-03T05:15:38.570+0000] {logging_mixin.py:137} INFO - [2022-12-03T05:15:38.569+0000] {dagbag.py:538} INFO - Filling up the DagBag from /home/airflow/.local/lib/python3.7/site-packages/airflow/example_dags/example_external_task_marker_dag.py
[2022-12-03T05:15:38.588+0000] {processor.py:753} INFO - DAG(s) dict_keys(['example_external_task_marker_child', 'example_external_task_marker_parent']) retrieved from /home/airflow/.local/lib/python3.7/site-packages/airflow/example_dags/example_external_task_marker_dag.py
[2022-12-03T05:15:38.632+0000] {logging_mixin.py:137} INFO - [2022-12-03T05:15:38.632+0000] {dag.py:2676} INFO - Sync 2 DAGs
[2022-12-03T05:15:38.657+0000] {logging_mixin.py:137} INFO - [2022-12-03T05:15:38.657+0000] {dag.py:3427} INFO - Setting next_dagrun for example_external_task_marker_child to None, run_after=None
[2022-12-03T05:15:38.659+0000] {logging_mixin.py:137} INFO - [2022-12-03T05:15:38.659+0000] {dag.py:3427} INFO - Setting next_dagrun for example_external_task_marker_parent to None, run_after=None
[2022-12-03T05:15:38.670+0000] {processor.py:175} INFO - Processing /home/airflow/.local/lib/python3.7/site-packages/airflow/example_dags/example_external_task_marker_dag.py took 0.106 seconds
[2022-12-03T05:16:09.532+0000] {processor.py:153} INFO - Started process (PID=3293) to work on /home/airflow/.local/lib/python3.7/site-packages/airflow/example_dags/example_external_task_marker_dag.py
[2022-12-03T05:16:09.536+0000] {processor.py:743} INFO - Processing file /home/airflow/.local/lib/python3.7/site-packages/airflow/example_dags/example_external_task_marker_dag.py for tasks to queue
[2022-12-03T05:16:09.538+0000] {logging_mixin.py:137} INFO - [2022-12-03T05:16:09.538+0000] {dagbag.py:538} INFO - Filling up the DagBag from /home/airflow/.local/lib/python3.7/site-packages/airflow/example_dags/example_external_task_marker_dag.py
[2022-12-03T05:16:09.568+0000] {processor.py:753} INFO - DAG(s) dict_keys(['example_external_task_marker_parent', 'example_external_task_marker_child']) retrieved from /home/airflow/.local/lib/python3.7/site-packages/airflow/example_dags/example_external_task_marker_dag.py
[2022-12-03T05:16:09.685+0000] {logging_mixin.py:137} INFO - [2022-12-03T05:16:09.684+0000] {dag.py:2676} INFO - Sync 2 DAGs
[2022-12-03T05:16:09.712+0000] {logging_mixin.py:137} INFO - [2022-12-03T05:16:09.711+0000] {dag.py:3427} INFO - Setting next_dagrun for example_external_task_marker_child to None, run_after=None
[2022-12-03T05:16:09.717+0000] {logging_mixin.py:137} INFO - [2022-12-03T05:16:09.716+0000] {dag.py:3427} INFO - Setting next_dagrun for example_external_task_marker_parent to None, run_after=None
[2022-12-03T05:16:09.734+0000] {processor.py:175} INFO - Processing /home/airflow/.local/lib/python3.7/site-packages/airflow/example_dags/example_external_task_marker_dag.py took 0.217 seconds
[2022-12-03T05:16:40.112+0000] {processor.py:153} INFO - Started process (PID=3519) to work on /home/airflow/.local/lib/python3.7/site-packages/airflow/example_dags/example_external_task_marker_dag.py
[2022-12-03T05:16:40.116+0000] {processor.py:743} INFO - Processing file /home/airflow/.local/lib/python3.7/site-packages/airflow/example_dags/example_external_task_marker_dag.py for tasks to queue
[2022-12-03T05:16:40.117+0000] {logging_mixin.py:137} INFO - [2022-12-03T05:16:40.117+0000] {dagbag.py:538} INFO - Filling up the DagBag from /home/airflow/.local/lib/python3.7/site-packages/airflow/example_dags/example_external_task_marker_dag.py
[2022-12-03T05:16:40.131+0000] {processor.py:753} INFO - DAG(s) dict_keys(['example_external_task_marker_parent', 'example_external_task_marker_child']) retrieved from /home/airflow/.local/lib/python3.7/site-packages/airflow/example_dags/example_external_task_marker_dag.py
[2022-12-03T05:16:40.164+0000] {logging_mixin.py:137} INFO - [2022-12-03T05:16:40.164+0000] {dag.py:2676} INFO - Sync 2 DAGs
[2022-12-03T05:16:40.198+0000] {logging_mixin.py:137} INFO - [2022-12-03T05:16:40.198+0000] {dag.py:3427} INFO - Setting next_dagrun for example_external_task_marker_child to None, run_after=None
[2022-12-03T05:16:40.202+0000] {logging_mixin.py:137} INFO - [2022-12-03T05:16:40.202+0000] {dag.py:3427} INFO - Setting next_dagrun for example_external_task_marker_parent to None, run_after=None
[2022-12-03T05:16:40.214+0000] {processor.py:175} INFO - Processing /home/airflow/.local/lib/python3.7/site-packages/airflow/example_dags/example_external_task_marker_dag.py took 0.108 seconds
[2022-12-03T05:17:10.378+0000] {processor.py:153} INFO - Started process (PID=3740) to work on /home/airflow/.local/lib/python3.7/site-packages/airflow/example_dags/example_external_task_marker_dag.py
[2022-12-03T05:17:10.381+0000] {processor.py:743} INFO - Processing file /home/airflow/.local/lib/python3.7/site-packages/airflow/example_dags/example_external_task_marker_dag.py for tasks to queue
[2022-12-03T05:17:10.383+0000] {logging_mixin.py:137} INFO - [2022-12-03T05:17:10.383+0000] {dagbag.py:538} INFO - Filling up the DagBag from /home/airflow/.local/lib/python3.7/site-packages/airflow/example_dags/example_external_task_marker_dag.py
[2022-12-03T05:17:10.401+0000] {processor.py:753} INFO - DAG(s) dict_keys(['example_external_task_marker_parent', 'example_external_task_marker_child']) retrieved from /home/airflow/.local/lib/python3.7/site-packages/airflow/example_dags/example_external_task_marker_dag.py
[2022-12-03T05:17:10.458+0000] {logging_mixin.py:137} INFO - [2022-12-03T05:17:10.458+0000] {dag.py:2676} INFO - Sync 2 DAGs
[2022-12-03T05:17:10.486+0000] {logging_mixin.py:137} INFO - [2022-12-03T05:17:10.486+0000] {dag.py:3427} INFO - Setting next_dagrun for example_external_task_marker_child to None, run_after=None
[2022-12-03T05:17:10.494+0000] {logging_mixin.py:137} INFO - [2022-12-03T05:17:10.494+0000] {dag.py:3427} INFO - Setting next_dagrun for example_external_task_marker_parent to None, run_after=None
[2022-12-03T05:17:10.513+0000] {processor.py:175} INFO - Processing /home/airflow/.local/lib/python3.7/site-packages/airflow/example_dags/example_external_task_marker_dag.py took 0.137 seconds
[2022-12-03T05:17:41.164+0000] {processor.py:153} INFO - Started process (PID=3959) to work on /home/airflow/.local/lib/python3.7/site-packages/airflow/example_dags/example_external_task_marker_dag.py
[2022-12-03T05:17:41.167+0000] {processor.py:743} INFO - Processing file /home/airflow/.local/lib/python3.7/site-packages/airflow/example_dags/example_external_task_marker_dag.py for tasks to queue
[2022-12-03T05:17:41.169+0000] {logging_mixin.py:137} INFO - [2022-12-03T05:17:41.169+0000] {dagbag.py:538} INFO - Filling up the DagBag from /home/airflow/.local/lib/python3.7/site-packages/airflow/example_dags/example_external_task_marker_dag.py
[2022-12-03T05:17:41.182+0000] {processor.py:753} INFO - DAG(s) dict_keys(['example_external_task_marker_parent', 'example_external_task_marker_child']) retrieved from /home/airflow/.local/lib/python3.7/site-packages/airflow/example_dags/example_external_task_marker_dag.py
[2022-12-03T05:17:41.215+0000] {logging_mixin.py:137} INFO - [2022-12-03T05:17:41.214+0000] {dag.py:2676} INFO - Sync 2 DAGs
[2022-12-03T05:17:41.231+0000] {logging_mixin.py:137} INFO - [2022-12-03T05:17:41.231+0000] {dag.py:3427} INFO - Setting next_dagrun for example_external_task_marker_child to None, run_after=None
[2022-12-03T05:17:41.235+0000] {logging_mixin.py:137} INFO - [2022-12-03T05:17:41.235+0000] {dag.py:3427} INFO - Setting next_dagrun for example_external_task_marker_parent to None, run_after=None
[2022-12-03T05:17:41.246+0000] {processor.py:175} INFO - Processing /home/airflow/.local/lib/python3.7/site-packages/airflow/example_dags/example_external_task_marker_dag.py took 0.088 seconds
[2022-12-03T05:18:55.349+0000] {processor.py:153} INFO - Started process (PID=225) to work on /home/airflow/.local/lib/python3.7/site-packages/airflow/example_dags/example_external_task_marker_dag.py
[2022-12-03T05:18:55.351+0000] {processor.py:743} INFO - Processing file /home/airflow/.local/lib/python3.7/site-packages/airflow/example_dags/example_external_task_marker_dag.py for tasks to queue
[2022-12-03T05:18:55.353+0000] {logging_mixin.py:137} INFO - [2022-12-03T05:18:55.353+0000] {dagbag.py:538} INFO - Filling up the DagBag from /home/airflow/.local/lib/python3.7/site-packages/airflow/example_dags/example_external_task_marker_dag.py
[2022-12-03T05:18:55.371+0000] {processor.py:753} INFO - DAG(s) dict_keys(['example_external_task_marker_child', 'example_external_task_marker_parent']) retrieved from /home/airflow/.local/lib/python3.7/site-packages/airflow/example_dags/example_external_task_marker_dag.py
[2022-12-03T05:18:55.407+0000] {logging_mixin.py:137} INFO - [2022-12-03T05:18:55.406+0000] {dag.py:2676} INFO - Sync 2 DAGs
[2022-12-03T05:18:55.459+0000] {logging_mixin.py:137} INFO - [2022-12-03T05:18:55.459+0000] {dag.py:3427} INFO - Setting next_dagrun for example_external_task_marker_child to None, run_after=None
[2022-12-03T05:18:55.465+0000] {logging_mixin.py:137} INFO - [2022-12-03T05:18:55.465+0000] {dag.py:3427} INFO - Setting next_dagrun for example_external_task_marker_parent to None, run_after=None
[2022-12-03T05:18:55.482+0000] {processor.py:175} INFO - Processing /home/airflow/.local/lib/python3.7/site-packages/airflow/example_dags/example_external_task_marker_dag.py took 0.138 seconds
[2022-12-03T05:19:25.937+0000] {processor.py:153} INFO - Started process (PID=440) to work on /home/airflow/.local/lib/python3.7/site-packages/airflow/example_dags/example_external_task_marker_dag.py
[2022-12-03T05:19:25.939+0000] {processor.py:743} INFO - Processing file /home/airflow/.local/lib/python3.7/site-packages/airflow/example_dags/example_external_task_marker_dag.py for tasks to queue
[2022-12-03T05:19:25.942+0000] {logging_mixin.py:137} INFO - [2022-12-03T05:19:25.942+0000] {dagbag.py:538} INFO - Filling up the DagBag from /home/airflow/.local/lib/python3.7/site-packages/airflow/example_dags/example_external_task_marker_dag.py
[2022-12-03T05:19:25.952+0000] {processor.py:753} INFO - DAG(s) dict_keys(['example_external_task_marker_child', 'example_external_task_marker_parent']) retrieved from /home/airflow/.local/lib/python3.7/site-packages/airflow/example_dags/example_external_task_marker_dag.py
[2022-12-03T05:19:26.009+0000] {logging_mixin.py:137} INFO - [2022-12-03T05:19:26.009+0000] {dag.py:2676} INFO - Sync 2 DAGs
[2022-12-03T05:19:26.026+0000] {logging_mixin.py:137} INFO - [2022-12-03T05:19:26.026+0000] {dag.py:3427} INFO - Setting next_dagrun for example_external_task_marker_child to None, run_after=None
[2022-12-03T05:19:26.030+0000] {logging_mixin.py:137} INFO - [2022-12-03T05:19:26.030+0000] {dag.py:3427} INFO - Setting next_dagrun for example_external_task_marker_parent to None, run_after=None
[2022-12-03T05:19:26.043+0000] {processor.py:175} INFO - Processing /home/airflow/.local/lib/python3.7/site-packages/airflow/example_dags/example_external_task_marker_dag.py took 0.108 seconds
[2022-12-03T05:19:57.036+0000] {processor.py:153} INFO - Started process (PID=669) to work on /home/airflow/.local/lib/python3.7/site-packages/airflow/example_dags/example_external_task_marker_dag.py
[2022-12-03T05:19:57.039+0000] {processor.py:743} INFO - Processing file /home/airflow/.local/lib/python3.7/site-packages/airflow/example_dags/example_external_task_marker_dag.py for tasks to queue
[2022-12-03T05:19:57.040+0000] {logging_mixin.py:137} INFO - [2022-12-03T05:19:57.040+0000] {dagbag.py:538} INFO - Filling up the DagBag from /home/airflow/.local/lib/python3.7/site-packages/airflow/example_dags/example_external_task_marker_dag.py
[2022-12-03T05:19:57.050+0000] {processor.py:753} INFO - DAG(s) dict_keys(['example_external_task_marker_parent', 'example_external_task_marker_child']) retrieved from /home/airflow/.local/lib/python3.7/site-packages/airflow/example_dags/example_external_task_marker_dag.py
[2022-12-03T05:19:57.079+0000] {logging_mixin.py:137} INFO - [2022-12-03T05:19:57.079+0000] {dag.py:2676} INFO - Sync 2 DAGs
[2022-12-03T05:19:57.096+0000] {logging_mixin.py:137} INFO - [2022-12-03T05:19:57.095+0000] {dag.py:3427} INFO - Setting next_dagrun for example_external_task_marker_child to None, run_after=None
[2022-12-03T05:19:57.099+0000] {logging_mixin.py:137} INFO - [2022-12-03T05:19:57.099+0000] {dag.py:3427} INFO - Setting next_dagrun for example_external_task_marker_parent to None, run_after=None
[2022-12-03T05:19:57.109+0000] {processor.py:175} INFO - Processing /home/airflow/.local/lib/python3.7/site-packages/airflow/example_dags/example_external_task_marker_dag.py took 0.076 seconds
