[2022-12-03T05:09:00.220+0000] {processor.py:153} INFO - Started process (PID=276) to work on /home/airflow/.local/lib/python3.7/site-packages/airflow/example_dags/example_xcomargs.py
[2022-12-03T05:09:00.229+0000] {processor.py:743} INFO - Processing file /home/airflow/.local/lib/python3.7/site-packages/airflow/example_dags/example_xcomargs.py for tasks to queue
[2022-12-03T05:09:00.232+0000] {logging_mixin.py:137} INFO - [2022-12-03T05:09:00.232+0000] {dagbag.py:538} INFO - Filling up the DagBag from /home/airflow/.local/lib/python3.7/site-packages/airflow/example_dags/example_xcomargs.py
[2022-12-03T05:09:00.273+0000] {processor.py:753} INFO - DAG(s) dict_keys(['example_xcom_args_with_operators', 'example_xcom_args']) retrieved from /home/airflow/.local/lib/python3.7/site-packages/airflow/example_dags/example_xcomargs.py
[2022-12-03T05:09:00.302+0000] {logging_mixin.py:137} INFO - [2022-12-03T05:09:00.302+0000] {dag.py:2676} INFO - Sync 2 DAGs
[2022-12-03T05:09:00.337+0000] {logging_mixin.py:137} INFO - [2022-12-03T05:09:00.336+0000] {dag.py:3427} INFO - Setting next_dagrun for example_xcom_args to None, run_after=None
[2022-12-03T05:09:00.343+0000] {logging_mixin.py:137} INFO - [2022-12-03T05:09:00.343+0000] {dag.py:3427} INFO - Setting next_dagrun for example_xcom_args_with_operators to None, run_after=None
[2022-12-03T05:09:00.384+0000] {processor.py:175} INFO - Processing /home/airflow/.local/lib/python3.7/site-packages/airflow/example_dags/example_xcomargs.py took 0.168 seconds
[2022-12-03T05:09:31.305+0000] {processor.py:153} INFO - Started process (PID=492) to work on /home/airflow/.local/lib/python3.7/site-packages/airflow/example_dags/example_xcomargs.py
[2022-12-03T05:09:31.307+0000] {processor.py:743} INFO - Processing file /home/airflow/.local/lib/python3.7/site-packages/airflow/example_dags/example_xcomargs.py for tasks to queue
[2022-12-03T05:09:31.310+0000] {logging_mixin.py:137} INFO - [2022-12-03T05:09:31.310+0000] {dagbag.py:538} INFO - Filling up the DagBag from /home/airflow/.local/lib/python3.7/site-packages/airflow/example_dags/example_xcomargs.py
[2022-12-03T05:09:31.331+0000] {processor.py:753} INFO - DAG(s) dict_keys(['example_xcom_args', 'example_xcom_args_with_operators']) retrieved from /home/airflow/.local/lib/python3.7/site-packages/airflow/example_dags/example_xcomargs.py
[2022-12-03T05:09:31.358+0000] {logging_mixin.py:137} INFO - [2022-12-03T05:09:31.357+0000] {dag.py:2676} INFO - Sync 2 DAGs
[2022-12-03T05:09:31.375+0000] {logging_mixin.py:137} INFO - [2022-12-03T05:09:31.375+0000] {dag.py:3427} INFO - Setting next_dagrun for example_xcom_args to None, run_after=None
[2022-12-03T05:09:31.378+0000] {logging_mixin.py:137} INFO - [2022-12-03T05:09:31.378+0000] {dag.py:3427} INFO - Setting next_dagrun for example_xcom_args_with_operators to None, run_after=None
[2022-12-03T05:09:31.388+0000] {processor.py:175} INFO - Processing /home/airflow/.local/lib/python3.7/site-packages/airflow/example_dags/example_xcomargs.py took 0.086 seconds
[2022-12-03T05:10:02.069+0000] {processor.py:153} INFO - Started process (PID=715) to work on /home/airflow/.local/lib/python3.7/site-packages/airflow/example_dags/example_xcomargs.py
[2022-12-03T05:10:02.082+0000] {processor.py:743} INFO - Processing file /home/airflow/.local/lib/python3.7/site-packages/airflow/example_dags/example_xcomargs.py for tasks to queue
[2022-12-03T05:10:02.086+0000] {logging_mixin.py:137} INFO - [2022-12-03T05:10:02.086+0000] {dagbag.py:538} INFO - Filling up the DagBag from /home/airflow/.local/lib/python3.7/site-packages/airflow/example_dags/example_xcomargs.py
[2022-12-03T05:10:02.117+0000] {processor.py:753} INFO - DAG(s) dict_keys(['example_xcom_args', 'example_xcom_args_with_operators']) retrieved from /home/airflow/.local/lib/python3.7/site-packages/airflow/example_dags/example_xcomargs.py
[2022-12-03T05:10:02.165+0000] {logging_mixin.py:137} INFO - [2022-12-03T05:10:02.165+0000] {dag.py:2676} INFO - Sync 2 DAGs
[2022-12-03T05:10:02.196+0000] {logging_mixin.py:137} INFO - [2022-12-03T05:10:02.196+0000] {dag.py:3427} INFO - Setting next_dagrun for example_xcom_args to None, run_after=None
[2022-12-03T05:10:02.200+0000] {logging_mixin.py:137} INFO - [2022-12-03T05:10:02.200+0000] {dag.py:3427} INFO - Setting next_dagrun for example_xcom_args_with_operators to None, run_after=None
[2022-12-03T05:10:02.218+0000] {processor.py:175} INFO - Processing /home/airflow/.local/lib/python3.7/site-packages/airflow/example_dags/example_xcomargs.py took 0.151 seconds
[2022-12-03T05:10:32.347+0000] {processor.py:153} INFO - Started process (PID=929) to work on /home/airflow/.local/lib/python3.7/site-packages/airflow/example_dags/example_xcomargs.py
[2022-12-03T05:10:32.349+0000] {processor.py:743} INFO - Processing file /home/airflow/.local/lib/python3.7/site-packages/airflow/example_dags/example_xcomargs.py for tasks to queue
[2022-12-03T05:10:32.351+0000] {logging_mixin.py:137} INFO - [2022-12-03T05:10:32.350+0000] {dagbag.py:538} INFO - Filling up the DagBag from /home/airflow/.local/lib/python3.7/site-packages/airflow/example_dags/example_xcomargs.py
[2022-12-03T05:10:32.366+0000] {processor.py:753} INFO - DAG(s) dict_keys(['example_xcom_args_with_operators', 'example_xcom_args']) retrieved from /home/airflow/.local/lib/python3.7/site-packages/airflow/example_dags/example_xcomargs.py
[2022-12-03T05:10:32.396+0000] {logging_mixin.py:137} INFO - [2022-12-03T05:10:32.396+0000] {dag.py:2676} INFO - Sync 2 DAGs
[2022-12-03T05:10:32.416+0000] {logging_mixin.py:137} INFO - [2022-12-03T05:10:32.416+0000] {dag.py:3427} INFO - Setting next_dagrun for example_xcom_args to None, run_after=None
[2022-12-03T05:10:32.420+0000] {logging_mixin.py:137} INFO - [2022-12-03T05:10:32.420+0000] {dag.py:3427} INFO - Setting next_dagrun for example_xcom_args_with_operators to None, run_after=None
[2022-12-03T05:10:32.431+0000] {processor.py:175} INFO - Processing /home/airflow/.local/lib/python3.7/site-packages/airflow/example_dags/example_xcomargs.py took 0.087 seconds
[2022-12-03T05:11:03.342+0000] {processor.py:153} INFO - Started process (PID=1154) to work on /home/airflow/.local/lib/python3.7/site-packages/airflow/example_dags/example_xcomargs.py
[2022-12-03T05:11:03.344+0000] {processor.py:743} INFO - Processing file /home/airflow/.local/lib/python3.7/site-packages/airflow/example_dags/example_xcomargs.py for tasks to queue
[2022-12-03T05:11:03.347+0000] {logging_mixin.py:137} INFO - [2022-12-03T05:11:03.347+0000] {dagbag.py:538} INFO - Filling up the DagBag from /home/airflow/.local/lib/python3.7/site-packages/airflow/example_dags/example_xcomargs.py
[2022-12-03T05:11:03.364+0000] {processor.py:753} INFO - DAG(s) dict_keys(['example_xcom_args_with_operators', 'example_xcom_args']) retrieved from /home/airflow/.local/lib/python3.7/site-packages/airflow/example_dags/example_xcomargs.py
[2022-12-03T05:11:03.392+0000] {logging_mixin.py:137} INFO - [2022-12-03T05:11:03.392+0000] {dag.py:2676} INFO - Sync 2 DAGs
[2022-12-03T05:11:03.408+0000] {logging_mixin.py:137} INFO - [2022-12-03T05:11:03.408+0000] {dag.py:3427} INFO - Setting next_dagrun for example_xcom_args to None, run_after=None
[2022-12-03T05:11:03.411+0000] {logging_mixin.py:137} INFO - [2022-12-03T05:11:03.411+0000] {dag.py:3427} INFO - Setting next_dagrun for example_xcom_args_with_operators to None, run_after=None
[2022-12-03T05:11:03.422+0000] {processor.py:175} INFO - Processing /home/airflow/.local/lib/python3.7/site-packages/airflow/example_dags/example_xcomargs.py took 0.082 seconds
[2022-12-03T05:11:34.369+0000] {processor.py:153} INFO - Started process (PID=1368) to work on /home/airflow/.local/lib/python3.7/site-packages/airflow/example_dags/example_xcomargs.py
[2022-12-03T05:11:34.371+0000] {processor.py:743} INFO - Processing file /home/airflow/.local/lib/python3.7/site-packages/airflow/example_dags/example_xcomargs.py for tasks to queue
[2022-12-03T05:11:34.372+0000] {logging_mixin.py:137} INFO - [2022-12-03T05:11:34.372+0000] {dagbag.py:538} INFO - Filling up the DagBag from /home/airflow/.local/lib/python3.7/site-packages/airflow/example_dags/example_xcomargs.py
[2022-12-03T05:11:34.389+0000] {processor.py:753} INFO - DAG(s) dict_keys(['example_xcom_args', 'example_xcom_args_with_operators']) retrieved from /home/airflow/.local/lib/python3.7/site-packages/airflow/example_dags/example_xcomargs.py
[2022-12-03T05:11:34.419+0000] {logging_mixin.py:137} INFO - [2022-12-03T05:11:34.419+0000] {dag.py:2676} INFO - Sync 2 DAGs
[2022-12-03T05:11:34.446+0000] {logging_mixin.py:137} INFO - [2022-12-03T05:11:34.445+0000] {dag.py:3427} INFO - Setting next_dagrun for example_xcom_args to None, run_after=None
[2022-12-03T05:11:34.452+0000] {logging_mixin.py:137} INFO - [2022-12-03T05:11:34.452+0000] {dag.py:3427} INFO - Setting next_dagrun for example_xcom_args_with_operators to None, run_after=None
[2022-12-03T05:11:34.486+0000] {processor.py:175} INFO - Processing /home/airflow/.local/lib/python3.7/site-packages/airflow/example_dags/example_xcomargs.py took 0.120 seconds
[2022-12-03T05:12:04.846+0000] {processor.py:153} INFO - Started process (PID=1594) to work on /home/airflow/.local/lib/python3.7/site-packages/airflow/example_dags/example_xcomargs.py
[2022-12-03T05:12:04.848+0000] {processor.py:743} INFO - Processing file /home/airflow/.local/lib/python3.7/site-packages/airflow/example_dags/example_xcomargs.py for tasks to queue
[2022-12-03T05:12:04.850+0000] {logging_mixin.py:137} INFO - [2022-12-03T05:12:04.850+0000] {dagbag.py:538} INFO - Filling up the DagBag from /home/airflow/.local/lib/python3.7/site-packages/airflow/example_dags/example_xcomargs.py
[2022-12-03T05:12:04.868+0000] {processor.py:753} INFO - DAG(s) dict_keys(['example_xcom_args_with_operators', 'example_xcom_args']) retrieved from /home/airflow/.local/lib/python3.7/site-packages/airflow/example_dags/example_xcomargs.py
[2022-12-03T05:12:04.897+0000] {logging_mixin.py:137} INFO - [2022-12-03T05:12:04.897+0000] {dag.py:2676} INFO - Sync 2 DAGs
[2022-12-03T05:12:04.921+0000] {logging_mixin.py:137} INFO - [2022-12-03T05:12:04.921+0000] {dag.py:3427} INFO - Setting next_dagrun for example_xcom_args to None, run_after=None
[2022-12-03T05:12:04.927+0000] {logging_mixin.py:137} INFO - [2022-12-03T05:12:04.927+0000] {dag.py:3427} INFO - Setting next_dagrun for example_xcom_args_with_operators to None, run_after=None
[2022-12-03T05:12:04.947+0000] {processor.py:175} INFO - Processing /home/airflow/.local/lib/python3.7/site-packages/airflow/example_dags/example_xcomargs.py took 0.103 seconds
[2022-12-03T05:12:36.563+0000] {processor.py:153} INFO - Started process (PID=1807) to work on /home/airflow/.local/lib/python3.7/site-packages/airflow/example_dags/example_xcomargs.py
[2022-12-03T05:12:36.578+0000] {processor.py:743} INFO - Processing file /home/airflow/.local/lib/python3.7/site-packages/airflow/example_dags/example_xcomargs.py for tasks to queue
[2022-12-03T05:12:36.584+0000] {logging_mixin.py:137} INFO - [2022-12-03T05:12:36.584+0000] {dagbag.py:538} INFO - Filling up the DagBag from /home/airflow/.local/lib/python3.7/site-packages/airflow/example_dags/example_xcomargs.py
[2022-12-03T05:12:36.737+0000] {processor.py:753} INFO - DAG(s) dict_keys(['example_xcom_args_with_operators', 'example_xcom_args']) retrieved from /home/airflow/.local/lib/python3.7/site-packages/airflow/example_dags/example_xcomargs.py
[2022-12-03T05:12:37.028+0000] {logging_mixin.py:137} INFO - [2022-12-03T05:12:37.027+0000] {dag.py:2676} INFO - Sync 2 DAGs
[2022-12-03T05:12:37.141+0000] {logging_mixin.py:137} INFO - [2022-12-03T05:12:37.141+0000] {dag.py:3427} INFO - Setting next_dagrun for example_xcom_args to None, run_after=None
[2022-12-03T05:12:37.227+0000] {logging_mixin.py:137} INFO - [2022-12-03T05:12:37.226+0000] {dag.py:3427} INFO - Setting next_dagrun for example_xcom_args_with_operators to None, run_after=None
[2022-12-03T05:12:37.311+0000] {processor.py:175} INFO - Processing /home/airflow/.local/lib/python3.7/site-packages/airflow/example_dags/example_xcomargs.py took 0.758 seconds
[2022-12-03T05:13:08.198+0000] {processor.py:153} INFO - Started process (PID=2032) to work on /home/airflow/.local/lib/python3.7/site-packages/airflow/example_dags/example_xcomargs.py
[2022-12-03T05:13:08.210+0000] {processor.py:743} INFO - Processing file /home/airflow/.local/lib/python3.7/site-packages/airflow/example_dags/example_xcomargs.py for tasks to queue
[2022-12-03T05:13:08.254+0000] {logging_mixin.py:137} INFO - [2022-12-03T05:13:08.254+0000] {dagbag.py:538} INFO - Filling up the DagBag from /home/airflow/.local/lib/python3.7/site-packages/airflow/example_dags/example_xcomargs.py
[2022-12-03T05:13:08.313+0000] {processor.py:753} INFO - DAG(s) dict_keys(['example_xcom_args_with_operators', 'example_xcom_args']) retrieved from /home/airflow/.local/lib/python3.7/site-packages/airflow/example_dags/example_xcomargs.py
[2022-12-03T05:13:08.373+0000] {logging_mixin.py:137} INFO - [2022-12-03T05:13:08.373+0000] {dag.py:2676} INFO - Sync 2 DAGs
[2022-12-03T05:13:08.405+0000] {logging_mixin.py:137} INFO - [2022-12-03T05:13:08.405+0000] {dag.py:3427} INFO - Setting next_dagrun for example_xcom_args to None, run_after=None
[2022-12-03T05:13:08.409+0000] {logging_mixin.py:137} INFO - [2022-12-03T05:13:08.409+0000] {dag.py:3427} INFO - Setting next_dagrun for example_xcom_args_with_operators to None, run_after=None
[2022-12-03T05:13:08.424+0000] {processor.py:175} INFO - Processing /home/airflow/.local/lib/python3.7/site-packages/airflow/example_dags/example_xcomargs.py took 0.235 seconds
[2022-12-03T05:13:38.550+0000] {processor.py:153} INFO - Started process (PID=2250) to work on /home/airflow/.local/lib/python3.7/site-packages/airflow/example_dags/example_xcomargs.py
[2022-12-03T05:13:38.553+0000] {processor.py:743} INFO - Processing file /home/airflow/.local/lib/python3.7/site-packages/airflow/example_dags/example_xcomargs.py for tasks to queue
[2022-12-03T05:13:38.555+0000] {logging_mixin.py:137} INFO - [2022-12-03T05:13:38.555+0000] {dagbag.py:538} INFO - Filling up the DagBag from /home/airflow/.local/lib/python3.7/site-packages/airflow/example_dags/example_xcomargs.py
[2022-12-03T05:13:38.582+0000] {processor.py:753} INFO - DAG(s) dict_keys(['example_xcom_args', 'example_xcom_args_with_operators']) retrieved from /home/airflow/.local/lib/python3.7/site-packages/airflow/example_dags/example_xcomargs.py
[2022-12-03T05:13:38.614+0000] {logging_mixin.py:137} INFO - [2022-12-03T05:13:38.614+0000] {dag.py:2676} INFO - Sync 2 DAGs
[2022-12-03T05:13:38.631+0000] {logging_mixin.py:137} INFO - [2022-12-03T05:13:38.631+0000] {dag.py:3427} INFO - Setting next_dagrun for example_xcom_args to None, run_after=None
[2022-12-03T05:13:38.635+0000] {logging_mixin.py:137} INFO - [2022-12-03T05:13:38.635+0000] {dag.py:3427} INFO - Setting next_dagrun for example_xcom_args_with_operators to None, run_after=None
[2022-12-03T05:13:38.645+0000] {processor.py:175} INFO - Processing /home/airflow/.local/lib/python3.7/site-packages/airflow/example_dags/example_xcomargs.py took 0.100 seconds
[2022-12-03T05:14:09.625+0000] {processor.py:153} INFO - Started process (PID=2476) to work on /home/airflow/.local/lib/python3.7/site-packages/airflow/example_dags/example_xcomargs.py
[2022-12-03T05:14:09.627+0000] {processor.py:743} INFO - Processing file /home/airflow/.local/lib/python3.7/site-packages/airflow/example_dags/example_xcomargs.py for tasks to queue
[2022-12-03T05:14:09.632+0000] {logging_mixin.py:137} INFO - [2022-12-03T05:14:09.632+0000] {dagbag.py:538} INFO - Filling up the DagBag from /home/airflow/.local/lib/python3.7/site-packages/airflow/example_dags/example_xcomargs.py
[2022-12-03T05:14:09.672+0000] {processor.py:753} INFO - DAG(s) dict_keys(['example_xcom_args_with_operators', 'example_xcom_args']) retrieved from /home/airflow/.local/lib/python3.7/site-packages/airflow/example_dags/example_xcomargs.py
[2022-12-03T05:14:09.892+0000] {logging_mixin.py:137} INFO - [2022-12-03T05:14:09.892+0000] {dag.py:2676} INFO - Sync 2 DAGs
[2022-12-03T05:14:09.958+0000] {logging_mixin.py:137} INFO - [2022-12-03T05:14:09.951+0000] {dag.py:3427} INFO - Setting next_dagrun for example_xcom_args to None, run_after=None
[2022-12-03T05:14:09.977+0000] {logging_mixin.py:137} INFO - [2022-12-03T05:14:09.977+0000] {dag.py:3427} INFO - Setting next_dagrun for example_xcom_args_with_operators to None, run_after=None
[2022-12-03T05:14:10.055+0000] {processor.py:175} INFO - Processing /home/airflow/.local/lib/python3.7/site-packages/airflow/example_dags/example_xcomargs.py took 0.434 seconds
[2022-12-03T05:14:40.737+0000] {processor.py:153} INFO - Started process (PID=2688) to work on /home/airflow/.local/lib/python3.7/site-packages/airflow/example_dags/example_xcomargs.py
[2022-12-03T05:14:40.740+0000] {processor.py:743} INFO - Processing file /home/airflow/.local/lib/python3.7/site-packages/airflow/example_dags/example_xcomargs.py for tasks to queue
[2022-12-03T05:14:40.742+0000] {logging_mixin.py:137} INFO - [2022-12-03T05:14:40.742+0000] {dagbag.py:538} INFO - Filling up the DagBag from /home/airflow/.local/lib/python3.7/site-packages/airflow/example_dags/example_xcomargs.py
[2022-12-03T05:14:40.778+0000] {processor.py:753} INFO - DAG(s) dict_keys(['example_xcom_args', 'example_xcom_args_with_operators']) retrieved from /home/airflow/.local/lib/python3.7/site-packages/airflow/example_dags/example_xcomargs.py
[2022-12-03T05:14:40.817+0000] {logging_mixin.py:137} INFO - [2022-12-03T05:14:40.817+0000] {dag.py:2676} INFO - Sync 2 DAGs
[2022-12-03T05:14:40.841+0000] {logging_mixin.py:137} INFO - [2022-12-03T05:14:40.841+0000] {dag.py:3427} INFO - Setting next_dagrun for example_xcom_args to None, run_after=None
[2022-12-03T05:14:40.847+0000] {logging_mixin.py:137} INFO - [2022-12-03T05:14:40.847+0000] {dag.py:3427} INFO - Setting next_dagrun for example_xcom_args_with_operators to None, run_after=None
[2022-12-03T05:14:40.865+0000] {processor.py:175} INFO - Processing /home/airflow/.local/lib/python3.7/site-packages/airflow/example_dags/example_xcomargs.py took 0.134 seconds
[2022-12-03T05:15:11.283+0000] {processor.py:153} INFO - Started process (PID=2904) to work on /home/airflow/.local/lib/python3.7/site-packages/airflow/example_dags/example_xcomargs.py
[2022-12-03T05:15:11.288+0000] {processor.py:743} INFO - Processing file /home/airflow/.local/lib/python3.7/site-packages/airflow/example_dags/example_xcomargs.py for tasks to queue
[2022-12-03T05:15:11.296+0000] {logging_mixin.py:137} INFO - [2022-12-03T05:15:11.295+0000] {dagbag.py:538} INFO - Filling up the DagBag from /home/airflow/.local/lib/python3.7/site-packages/airflow/example_dags/example_xcomargs.py
[2022-12-03T05:15:11.353+0000] {processor.py:753} INFO - DAG(s) dict_keys(['example_xcom_args_with_operators', 'example_xcom_args']) retrieved from /home/airflow/.local/lib/python3.7/site-packages/airflow/example_dags/example_xcomargs.py
[2022-12-03T05:15:11.438+0000] {logging_mixin.py:137} INFO - [2022-12-03T05:15:11.438+0000] {dag.py:2676} INFO - Sync 2 DAGs
[2022-12-03T05:15:11.505+0000] {logging_mixin.py:137} INFO - [2022-12-03T05:15:11.505+0000] {dag.py:3427} INFO - Setting next_dagrun for example_xcom_args to None, run_after=None
[2022-12-03T05:15:11.522+0000] {logging_mixin.py:137} INFO - [2022-12-03T05:15:11.521+0000] {dag.py:3427} INFO - Setting next_dagrun for example_xcom_args_with_operators to None, run_after=None
[2022-12-03T05:15:11.552+0000] {processor.py:175} INFO - Processing /home/airflow/.local/lib/python3.7/site-packages/airflow/example_dags/example_xcomargs.py took 0.279 seconds
[2022-12-03T05:15:42.240+0000] {processor.py:153} INFO - Started process (PID=3131) to work on /home/airflow/.local/lib/python3.7/site-packages/airflow/example_dags/example_xcomargs.py
[2022-12-03T05:15:42.242+0000] {processor.py:743} INFO - Processing file /home/airflow/.local/lib/python3.7/site-packages/airflow/example_dags/example_xcomargs.py for tasks to queue
[2022-12-03T05:15:42.243+0000] {logging_mixin.py:137} INFO - [2022-12-03T05:15:42.243+0000] {dagbag.py:538} INFO - Filling up the DagBag from /home/airflow/.local/lib/python3.7/site-packages/airflow/example_dags/example_xcomargs.py
[2022-12-03T05:15:42.262+0000] {processor.py:753} INFO - DAG(s) dict_keys(['example_xcom_args', 'example_xcom_args_with_operators']) retrieved from /home/airflow/.local/lib/python3.7/site-packages/airflow/example_dags/example_xcomargs.py
[2022-12-03T05:15:42.295+0000] {logging_mixin.py:137} INFO - [2022-12-03T05:15:42.295+0000] {dag.py:2676} INFO - Sync 2 DAGs
[2022-12-03T05:15:42.311+0000] {logging_mixin.py:137} INFO - [2022-12-03T05:15:42.311+0000] {dag.py:3427} INFO - Setting next_dagrun for example_xcom_args to None, run_after=None
[2022-12-03T05:15:42.314+0000] {logging_mixin.py:137} INFO - [2022-12-03T05:15:42.314+0000] {dag.py:3427} INFO - Setting next_dagrun for example_xcom_args_with_operators to None, run_after=None
[2022-12-03T05:15:42.327+0000] {processor.py:175} INFO - Processing /home/airflow/.local/lib/python3.7/site-packages/airflow/example_dags/example_xcomargs.py took 0.091 seconds
[2022-12-03T05:16:13.371+0000] {processor.py:153} INFO - Started process (PID=3358) to work on /home/airflow/.local/lib/python3.7/site-packages/airflow/example_dags/example_xcomargs.py
[2022-12-03T05:16:13.375+0000] {processor.py:743} INFO - Processing file /home/airflow/.local/lib/python3.7/site-packages/airflow/example_dags/example_xcomargs.py for tasks to queue
[2022-12-03T05:16:13.381+0000] {logging_mixin.py:137} INFO - [2022-12-03T05:16:13.381+0000] {dagbag.py:538} INFO - Filling up the DagBag from /home/airflow/.local/lib/python3.7/site-packages/airflow/example_dags/example_xcomargs.py
[2022-12-03T05:16:13.400+0000] {processor.py:753} INFO - DAG(s) dict_keys(['example_xcom_args_with_operators', 'example_xcom_args']) retrieved from /home/airflow/.local/lib/python3.7/site-packages/airflow/example_dags/example_xcomargs.py
[2022-12-03T05:16:13.449+0000] {logging_mixin.py:137} INFO - [2022-12-03T05:16:13.449+0000] {dag.py:2676} INFO - Sync 2 DAGs
[2022-12-03T05:16:13.502+0000] {logging_mixin.py:137} INFO - [2022-12-03T05:16:13.502+0000] {dag.py:3427} INFO - Setting next_dagrun for example_xcom_args to None, run_after=None
[2022-12-03T05:16:13.509+0000] {logging_mixin.py:137} INFO - [2022-12-03T05:16:13.509+0000] {dag.py:3427} INFO - Setting next_dagrun for example_xcom_args_with_operators to None, run_after=None
[2022-12-03T05:16:13.524+0000] {processor.py:175} INFO - Processing /home/airflow/.local/lib/python3.7/site-packages/airflow/example_dags/example_xcomargs.py took 0.159 seconds
[2022-12-03T05:16:44.001+0000] {processor.py:153} INFO - Started process (PID=3571) to work on /home/airflow/.local/lib/python3.7/site-packages/airflow/example_dags/example_xcomargs.py
[2022-12-03T05:16:44.002+0000] {processor.py:743} INFO - Processing file /home/airflow/.local/lib/python3.7/site-packages/airflow/example_dags/example_xcomargs.py for tasks to queue
[2022-12-03T05:16:44.003+0000] {logging_mixin.py:137} INFO - [2022-12-03T05:16:44.003+0000] {dagbag.py:538} INFO - Filling up the DagBag from /home/airflow/.local/lib/python3.7/site-packages/airflow/example_dags/example_xcomargs.py
[2022-12-03T05:16:44.017+0000] {processor.py:753} INFO - DAG(s) dict_keys(['example_xcom_args', 'example_xcom_args_with_operators']) retrieved from /home/airflow/.local/lib/python3.7/site-packages/airflow/example_dags/example_xcomargs.py
[2022-12-03T05:16:44.045+0000] {logging_mixin.py:137} INFO - [2022-12-03T05:16:44.044+0000] {dag.py:2676} INFO - Sync 2 DAGs
[2022-12-03T05:16:44.061+0000] {logging_mixin.py:137} INFO - [2022-12-03T05:16:44.060+0000] {dag.py:3427} INFO - Setting next_dagrun for example_xcom_args to None, run_after=None
[2022-12-03T05:16:44.064+0000] {logging_mixin.py:137} INFO - [2022-12-03T05:16:44.064+0000] {dag.py:3427} INFO - Setting next_dagrun for example_xcom_args_with_operators to None, run_after=None
[2022-12-03T05:16:44.092+0000] {processor.py:175} INFO - Processing /home/airflow/.local/lib/python3.7/site-packages/airflow/example_dags/example_xcomargs.py took 0.094 seconds
[2022-12-03T05:17:14.254+0000] {processor.py:153} INFO - Started process (PID=3797) to work on /home/airflow/.local/lib/python3.7/site-packages/airflow/example_dags/example_xcomargs.py
[2022-12-03T05:17:14.255+0000] {processor.py:743} INFO - Processing file /home/airflow/.local/lib/python3.7/site-packages/airflow/example_dags/example_xcomargs.py for tasks to queue
[2022-12-03T05:17:14.256+0000] {logging_mixin.py:137} INFO - [2022-12-03T05:17:14.256+0000] {dagbag.py:538} INFO - Filling up the DagBag from /home/airflow/.local/lib/python3.7/site-packages/airflow/example_dags/example_xcomargs.py
[2022-12-03T05:17:14.277+0000] {processor.py:753} INFO - DAG(s) dict_keys(['example_xcom_args_with_operators', 'example_xcom_args']) retrieved from /home/airflow/.local/lib/python3.7/site-packages/airflow/example_dags/example_xcomargs.py
[2022-12-03T05:17:14.302+0000] {logging_mixin.py:137} INFO - [2022-12-03T05:17:14.302+0000] {dag.py:2676} INFO - Sync 2 DAGs
[2022-12-03T05:17:14.317+0000] {logging_mixin.py:137} INFO - [2022-12-03T05:17:14.317+0000] {dag.py:3427} INFO - Setting next_dagrun for example_xcom_args to None, run_after=None
[2022-12-03T05:17:14.319+0000] {logging_mixin.py:137} INFO - [2022-12-03T05:17:14.319+0000] {dag.py:3427} INFO - Setting next_dagrun for example_xcom_args_with_operators to None, run_after=None
[2022-12-03T05:17:14.329+0000] {processor.py:175} INFO - Processing /home/airflow/.local/lib/python3.7/site-packages/airflow/example_dags/example_xcomargs.py took 0.077 seconds
[2022-12-03T05:17:44.945+0000] {processor.py:153} INFO - Started process (PID=4009) to work on /home/airflow/.local/lib/python3.7/site-packages/airflow/example_dags/example_xcomargs.py
[2022-12-03T05:17:44.949+0000] {processor.py:743} INFO - Processing file /home/airflow/.local/lib/python3.7/site-packages/airflow/example_dags/example_xcomargs.py for tasks to queue
[2022-12-03T05:17:44.951+0000] {logging_mixin.py:137} INFO - [2022-12-03T05:17:44.950+0000] {dagbag.py:538} INFO - Filling up the DagBag from /home/airflow/.local/lib/python3.7/site-packages/airflow/example_dags/example_xcomargs.py
[2022-12-03T05:17:44.992+0000] {processor.py:753} INFO - DAG(s) dict_keys(['example_xcom_args_with_operators', 'example_xcom_args']) retrieved from /home/airflow/.local/lib/python3.7/site-packages/airflow/example_dags/example_xcomargs.py
[2022-12-03T05:17:45.045+0000] {logging_mixin.py:137} INFO - [2022-12-03T05:17:45.045+0000] {dag.py:2676} INFO - Sync 2 DAGs
[2022-12-03T05:17:45.062+0000] {logging_mixin.py:137} INFO - [2022-12-03T05:17:45.062+0000] {dag.py:3427} INFO - Setting next_dagrun for example_xcom_args to None, run_after=None
[2022-12-03T05:17:45.066+0000] {logging_mixin.py:137} INFO - [2022-12-03T05:17:45.066+0000] {dag.py:3427} INFO - Setting next_dagrun for example_xcom_args_with_operators to None, run_after=None
[2022-12-03T05:17:45.077+0000] {processor.py:175} INFO - Processing /home/airflow/.local/lib/python3.7/site-packages/airflow/example_dags/example_xcomargs.py took 0.135 seconds
[2022-12-03T05:18:56.334+0000] {processor.py:153} INFO - Started process (PID=275) to work on /home/airflow/.local/lib/python3.7/site-packages/airflow/example_dags/example_xcomargs.py
[2022-12-03T05:18:56.336+0000] {processor.py:743} INFO - Processing file /home/airflow/.local/lib/python3.7/site-packages/airflow/example_dags/example_xcomargs.py for tasks to queue
[2022-12-03T05:18:56.340+0000] {logging_mixin.py:137} INFO - [2022-12-03T05:18:56.340+0000] {dagbag.py:538} INFO - Filling up the DagBag from /home/airflow/.local/lib/python3.7/site-packages/airflow/example_dags/example_xcomargs.py
[2022-12-03T05:18:56.375+0000] {processor.py:753} INFO - DAG(s) dict_keys(['example_xcom_args', 'example_xcom_args_with_operators']) retrieved from /home/airflow/.local/lib/python3.7/site-packages/airflow/example_dags/example_xcomargs.py
[2022-12-03T05:18:56.418+0000] {logging_mixin.py:137} INFO - [2022-12-03T05:18:56.418+0000] {dag.py:2676} INFO - Sync 2 DAGs
[2022-12-03T05:18:56.454+0000] {logging_mixin.py:137} INFO - [2022-12-03T05:18:56.453+0000] {dag.py:3427} INFO - Setting next_dagrun for example_xcom_args to None, run_after=None
[2022-12-03T05:18:56.463+0000] {logging_mixin.py:137} INFO - [2022-12-03T05:18:56.462+0000] {dag.py:3427} INFO - Setting next_dagrun for example_xcom_args_with_operators to None, run_after=None
[2022-12-03T05:18:56.485+0000] {processor.py:175} INFO - Processing /home/airflow/.local/lib/python3.7/site-packages/airflow/example_dags/example_xcomargs.py took 0.155 seconds
[2022-12-03T05:19:26.550+0000] {processor.py:153} INFO - Started process (PID=490) to work on /home/airflow/.local/lib/python3.7/site-packages/airflow/example_dags/example_xcomargs.py
[2022-12-03T05:19:26.551+0000] {processor.py:743} INFO - Processing file /home/airflow/.local/lib/python3.7/site-packages/airflow/example_dags/example_xcomargs.py for tasks to queue
[2022-12-03T05:19:26.553+0000] {logging_mixin.py:137} INFO - [2022-12-03T05:19:26.553+0000] {dagbag.py:538} INFO - Filling up the DagBag from /home/airflow/.local/lib/python3.7/site-packages/airflow/example_dags/example_xcomargs.py
[2022-12-03T05:19:26.574+0000] {processor.py:753} INFO - DAG(s) dict_keys(['example_xcom_args', 'example_xcom_args_with_operators']) retrieved from /home/airflow/.local/lib/python3.7/site-packages/airflow/example_dags/example_xcomargs.py
[2022-12-03T05:19:26.623+0000] {logging_mixin.py:137} INFO - [2022-12-03T05:19:26.623+0000] {dag.py:2676} INFO - Sync 2 DAGs
[2022-12-03T05:19:26.642+0000] {logging_mixin.py:137} INFO - [2022-12-03T05:19:26.642+0000] {dag.py:3427} INFO - Setting next_dagrun for example_xcom_args to None, run_after=None
[2022-12-03T05:19:26.647+0000] {logging_mixin.py:137} INFO - [2022-12-03T05:19:26.647+0000] {dag.py:3427} INFO - Setting next_dagrun for example_xcom_args_with_operators to None, run_after=None
[2022-12-03T05:19:26.667+0000] {processor.py:175} INFO - Processing /home/airflow/.local/lib/python3.7/site-packages/airflow/example_dags/example_xcomargs.py took 0.120 seconds
[2022-12-03T05:19:57.637+0000] {processor.py:153} INFO - Started process (PID=717) to work on /home/airflow/.local/lib/python3.7/site-packages/airflow/example_dags/example_xcomargs.py
[2022-12-03T05:19:57.639+0000] {processor.py:743} INFO - Processing file /home/airflow/.local/lib/python3.7/site-packages/airflow/example_dags/example_xcomargs.py for tasks to queue
[2022-12-03T05:19:57.640+0000] {logging_mixin.py:137} INFO - [2022-12-03T05:19:57.640+0000] {dagbag.py:538} INFO - Filling up the DagBag from /home/airflow/.local/lib/python3.7/site-packages/airflow/example_dags/example_xcomargs.py
[2022-12-03T05:19:57.656+0000] {processor.py:753} INFO - DAG(s) dict_keys(['example_xcom_args_with_operators', 'example_xcom_args']) retrieved from /home/airflow/.local/lib/python3.7/site-packages/airflow/example_dags/example_xcomargs.py
[2022-12-03T05:19:57.689+0000] {logging_mixin.py:137} INFO - [2022-12-03T05:19:57.689+0000] {dag.py:2676} INFO - Sync 2 DAGs
[2022-12-03T05:19:57.706+0000] {logging_mixin.py:137} INFO - [2022-12-03T05:19:57.706+0000] {dag.py:3427} INFO - Setting next_dagrun for example_xcom_args to None, run_after=None
[2022-12-03T05:19:57.711+0000] {logging_mixin.py:137} INFO - [2022-12-03T05:19:57.710+0000] {dag.py:3427} INFO - Setting next_dagrun for example_xcom_args_with_operators to None, run_after=None
[2022-12-03T05:19:57.725+0000] {processor.py:175} INFO - Processing /home/airflow/.local/lib/python3.7/site-packages/airflow/example_dags/example_xcomargs.py took 0.090 seconds
