[2022-12-03T05:08:57.841+0000] {processor.py:153} INFO - Started process (PID=216) to work on /home/airflow/.local/lib/python3.7/site-packages/airflow/example_dags/example_dag_decorator.py
[2022-12-03T05:08:57.844+0000] {processor.py:743} INFO - Processing file /home/airflow/.local/lib/python3.7/site-packages/airflow/example_dags/example_dag_decorator.py for tasks to queue
[2022-12-03T05:08:57.849+0000] {logging_mixin.py:137} INFO - [2022-12-03T05:08:57.848+0000] {dagbag.py:538} INFO - Filling up the DagBag from /home/airflow/.local/lib/python3.7/site-packages/airflow/example_dags/example_dag_decorator.py
[2022-12-03T05:08:57.945+0000] {logging_mixin.py:137} INFO - [2022-12-03T05:08:57.944+0000] {taskmixin.py:205} WARNING - Dependency <Task(_PythonDecoratedOperator): prepare_email>, send_email already registered for DAG: example_dag_decorator
[2022-12-03T05:08:57.953+0000] {logging_mixin.py:137} INFO - [2022-12-03T05:08:57.953+0000] {taskmixin.py:205} WARNING - Dependency <Task(EmailOperator): send_email>, prepare_email already registered for DAG: example_dag_decorator
[2022-12-03T05:08:58.056+0000] {processor.py:753} INFO - DAG(s) dict_keys(['example_dag_decorator']) retrieved from /home/airflow/.local/lib/python3.7/site-packages/airflow/example_dags/example_dag_decorator.py
[2022-12-03T05:08:58.157+0000] {logging_mixin.py:137} INFO - [2022-12-03T05:08:58.157+0000] {dag.py:2676} INFO - Sync 1 DAGs
[2022-12-03T05:08:58.346+0000] {logging_mixin.py:137} INFO - [2022-12-03T05:08:58.345+0000] {dag.py:3427} INFO - Setting next_dagrun for example_dag_decorator to None, run_after=None
[2022-12-03T05:08:58.426+0000] {processor.py:175} INFO - Processing /home/airflow/.local/lib/python3.7/site-packages/airflow/example_dags/example_dag_decorator.py took 0.591 seconds
[2022-12-03T05:09:29.108+0000] {processor.py:153} INFO - Started process (PID=432) to work on /home/airflow/.local/lib/python3.7/site-packages/airflow/example_dags/example_dag_decorator.py
[2022-12-03T05:09:29.110+0000] {processor.py:743} INFO - Processing file /home/airflow/.local/lib/python3.7/site-packages/airflow/example_dags/example_dag_decorator.py for tasks to queue
[2022-12-03T05:09:29.112+0000] {logging_mixin.py:137} INFO - [2022-12-03T05:09:29.112+0000] {dagbag.py:538} INFO - Filling up the DagBag from /home/airflow/.local/lib/python3.7/site-packages/airflow/example_dags/example_dag_decorator.py
[2022-12-03T05:09:29.125+0000] {logging_mixin.py:137} INFO - [2022-12-03T05:09:29.125+0000] {taskmixin.py:205} WARNING - Dependency <Task(_PythonDecoratedOperator): prepare_email>, send_email already registered for DAG: example_dag_decorator
[2022-12-03T05:09:29.128+0000] {logging_mixin.py:137} INFO - [2022-12-03T05:09:29.128+0000] {taskmixin.py:205} WARNING - Dependency <Task(EmailOperator): send_email>, prepare_email already registered for DAG: example_dag_decorator
[2022-12-03T05:09:29.142+0000] {processor.py:753} INFO - DAG(s) dict_keys(['example_dag_decorator']) retrieved from /home/airflow/.local/lib/python3.7/site-packages/airflow/example_dags/example_dag_decorator.py
[2022-12-03T05:09:29.194+0000] {logging_mixin.py:137} INFO - [2022-12-03T05:09:29.194+0000] {dag.py:2676} INFO - Sync 1 DAGs
[2022-12-03T05:09:29.211+0000] {logging_mixin.py:137} INFO - [2022-12-03T05:09:29.211+0000] {dag.py:3427} INFO - Setting next_dagrun for example_dag_decorator to None, run_after=None
[2022-12-03T05:09:29.233+0000] {processor.py:175} INFO - Processing /home/airflow/.local/lib/python3.7/site-packages/airflow/example_dags/example_dag_decorator.py took 0.128 seconds
[2022-12-03T05:09:59.905+0000] {processor.py:153} INFO - Started process (PID=652) to work on /home/airflow/.local/lib/python3.7/site-packages/airflow/example_dags/example_dag_decorator.py
[2022-12-03T05:09:59.907+0000] {processor.py:743} INFO - Processing file /home/airflow/.local/lib/python3.7/site-packages/airflow/example_dags/example_dag_decorator.py for tasks to queue
[2022-12-03T05:09:59.915+0000] {logging_mixin.py:137} INFO - [2022-12-03T05:09:59.915+0000] {dagbag.py:538} INFO - Filling up the DagBag from /home/airflow/.local/lib/python3.7/site-packages/airflow/example_dags/example_dag_decorator.py
[2022-12-03T05:09:59.941+0000] {logging_mixin.py:137} INFO - [2022-12-03T05:09:59.941+0000] {taskmixin.py:205} WARNING - Dependency <Task(_PythonDecoratedOperator): prepare_email>, send_email already registered for DAG: example_dag_decorator
[2022-12-03T05:09:59.945+0000] {logging_mixin.py:137} INFO - [2022-12-03T05:09:59.944+0000] {taskmixin.py:205} WARNING - Dependency <Task(EmailOperator): send_email>, prepare_email already registered for DAG: example_dag_decorator
[2022-12-03T05:09:59.978+0000] {processor.py:753} INFO - DAG(s) dict_keys(['example_dag_decorator']) retrieved from /home/airflow/.local/lib/python3.7/site-packages/airflow/example_dags/example_dag_decorator.py
[2022-12-03T05:10:00.147+0000] {logging_mixin.py:137} INFO - [2022-12-03T05:10:00.147+0000] {dag.py:2676} INFO - Sync 1 DAGs
[2022-12-03T05:10:00.177+0000] {logging_mixin.py:137} INFO - [2022-12-03T05:10:00.177+0000] {dag.py:3427} INFO - Setting next_dagrun for example_dag_decorator to None, run_after=None
[2022-12-03T05:10:00.201+0000] {processor.py:175} INFO - Processing /home/airflow/.local/lib/python3.7/site-packages/airflow/example_dags/example_dag_decorator.py took 0.299 seconds
[2022-12-03T05:10:30.397+0000] {processor.py:153} INFO - Started process (PID=871) to work on /home/airflow/.local/lib/python3.7/site-packages/airflow/example_dags/example_dag_decorator.py
[2022-12-03T05:10:30.399+0000] {processor.py:743} INFO - Processing file /home/airflow/.local/lib/python3.7/site-packages/airflow/example_dags/example_dag_decorator.py for tasks to queue
[2022-12-03T05:10:30.401+0000] {logging_mixin.py:137} INFO - [2022-12-03T05:10:30.401+0000] {dagbag.py:538} INFO - Filling up the DagBag from /home/airflow/.local/lib/python3.7/site-packages/airflow/example_dags/example_dag_decorator.py
[2022-12-03T05:10:30.413+0000] {logging_mixin.py:137} INFO - [2022-12-03T05:10:30.413+0000] {taskmixin.py:205} WARNING - Dependency <Task(_PythonDecoratedOperator): prepare_email>, send_email already registered for DAG: example_dag_decorator
[2022-12-03T05:10:30.414+0000] {logging_mixin.py:137} INFO - [2022-12-03T05:10:30.414+0000] {taskmixin.py:205} WARNING - Dependency <Task(EmailOperator): send_email>, prepare_email already registered for DAG: example_dag_decorator
[2022-12-03T05:10:30.424+0000] {processor.py:753} INFO - DAG(s) dict_keys(['example_dag_decorator']) retrieved from /home/airflow/.local/lib/python3.7/site-packages/airflow/example_dags/example_dag_decorator.py
[2022-12-03T05:10:30.483+0000] {logging_mixin.py:137} INFO - [2022-12-03T05:10:30.483+0000] {dag.py:2676} INFO - Sync 1 DAGs
[2022-12-03T05:10:30.510+0000] {logging_mixin.py:137} INFO - [2022-12-03T05:10:30.510+0000] {dag.py:3427} INFO - Setting next_dagrun for example_dag_decorator to None, run_after=None
[2022-12-03T05:10:30.539+0000] {processor.py:175} INFO - Processing /home/airflow/.local/lib/python3.7/site-packages/airflow/example_dags/example_dag_decorator.py took 0.144 seconds
[2022-12-03T05:11:01.231+0000] {processor.py:153} INFO - Started process (PID=1087) to work on /home/airflow/.local/lib/python3.7/site-packages/airflow/example_dags/example_dag_decorator.py
[2022-12-03T05:11:01.232+0000] {processor.py:743} INFO - Processing file /home/airflow/.local/lib/python3.7/site-packages/airflow/example_dags/example_dag_decorator.py for tasks to queue
[2022-12-03T05:11:01.235+0000] {logging_mixin.py:137} INFO - [2022-12-03T05:11:01.234+0000] {dagbag.py:538} INFO - Filling up the DagBag from /home/airflow/.local/lib/python3.7/site-packages/airflow/example_dags/example_dag_decorator.py
[2022-12-03T05:11:01.255+0000] {logging_mixin.py:137} INFO - [2022-12-03T05:11:01.255+0000] {taskmixin.py:205} WARNING - Dependency <Task(_PythonDecoratedOperator): prepare_email>, send_email already registered for DAG: example_dag_decorator
[2022-12-03T05:11:01.256+0000] {logging_mixin.py:137} INFO - [2022-12-03T05:11:01.256+0000] {taskmixin.py:205} WARNING - Dependency <Task(EmailOperator): send_email>, prepare_email already registered for DAG: example_dag_decorator
[2022-12-03T05:11:01.269+0000] {processor.py:753} INFO - DAG(s) dict_keys(['example_dag_decorator']) retrieved from /home/airflow/.local/lib/python3.7/site-packages/airflow/example_dags/example_dag_decorator.py
[2022-12-03T05:11:01.347+0000] {logging_mixin.py:137} INFO - [2022-12-03T05:11:01.346+0000] {dag.py:2676} INFO - Sync 1 DAGs
[2022-12-03T05:11:01.372+0000] {logging_mixin.py:137} INFO - [2022-12-03T05:11:01.371+0000] {dag.py:3427} INFO - Setting next_dagrun for example_dag_decorator to None, run_after=None
[2022-12-03T05:11:01.399+0000] {processor.py:175} INFO - Processing /home/airflow/.local/lib/python3.7/site-packages/airflow/example_dags/example_dag_decorator.py took 0.174 seconds
[2022-12-03T05:11:31.486+0000] {processor.py:153} INFO - Started process (PID=1308) to work on /home/airflow/.local/lib/python3.7/site-packages/airflow/example_dags/example_dag_decorator.py
[2022-12-03T05:11:31.488+0000] {processor.py:743} INFO - Processing file /home/airflow/.local/lib/python3.7/site-packages/airflow/example_dags/example_dag_decorator.py for tasks to queue
[2022-12-03T05:11:31.489+0000] {logging_mixin.py:137} INFO - [2022-12-03T05:11:31.488+0000] {dagbag.py:538} INFO - Filling up the DagBag from /home/airflow/.local/lib/python3.7/site-packages/airflow/example_dags/example_dag_decorator.py
[2022-12-03T05:11:31.498+0000] {logging_mixin.py:137} INFO - [2022-12-03T05:11:31.498+0000] {taskmixin.py:205} WARNING - Dependency <Task(_PythonDecoratedOperator): prepare_email>, send_email already registered for DAG: example_dag_decorator
[2022-12-03T05:11:31.499+0000] {logging_mixin.py:137} INFO - [2022-12-03T05:11:31.499+0000] {taskmixin.py:205} WARNING - Dependency <Task(EmailOperator): send_email>, prepare_email already registered for DAG: example_dag_decorator
[2022-12-03T05:11:31.512+0000] {processor.py:753} INFO - DAG(s) dict_keys(['example_dag_decorator']) retrieved from /home/airflow/.local/lib/python3.7/site-packages/airflow/example_dags/example_dag_decorator.py
[2022-12-03T05:11:31.560+0000] {logging_mixin.py:137} INFO - [2022-12-03T05:11:31.560+0000] {dag.py:2676} INFO - Sync 1 DAGs
[2022-12-03T05:11:31.574+0000] {logging_mixin.py:137} INFO - [2022-12-03T05:11:31.574+0000] {dag.py:3427} INFO - Setting next_dagrun for example_dag_decorator to None, run_after=None
[2022-12-03T05:11:31.585+0000] {processor.py:175} INFO - Processing /home/airflow/.local/lib/python3.7/site-packages/airflow/example_dags/example_dag_decorator.py took 0.101 seconds
[2022-12-03T05:12:01.714+0000] {processor.py:153} INFO - Started process (PID=1530) to work on /home/airflow/.local/lib/python3.7/site-packages/airflow/example_dags/example_dag_decorator.py
[2022-12-03T05:12:01.718+0000] {processor.py:743} INFO - Processing file /home/airflow/.local/lib/python3.7/site-packages/airflow/example_dags/example_dag_decorator.py for tasks to queue
[2022-12-03T05:12:01.720+0000] {logging_mixin.py:137} INFO - [2022-12-03T05:12:01.719+0000] {dagbag.py:538} INFO - Filling up the DagBag from /home/airflow/.local/lib/python3.7/site-packages/airflow/example_dags/example_dag_decorator.py
[2022-12-03T05:12:01.739+0000] {logging_mixin.py:137} INFO - [2022-12-03T05:12:01.739+0000] {taskmixin.py:205} WARNING - Dependency <Task(_PythonDecoratedOperator): prepare_email>, send_email already registered for DAG: example_dag_decorator
[2022-12-03T05:12:01.741+0000] {logging_mixin.py:137} INFO - [2022-12-03T05:12:01.740+0000] {taskmixin.py:205} WARNING - Dependency <Task(EmailOperator): send_email>, prepare_email already registered for DAG: example_dag_decorator
[2022-12-03T05:12:01.764+0000] {processor.py:753} INFO - DAG(s) dict_keys(['example_dag_decorator']) retrieved from /home/airflow/.local/lib/python3.7/site-packages/airflow/example_dags/example_dag_decorator.py
[2022-12-03T05:12:01.890+0000] {logging_mixin.py:137} INFO - [2022-12-03T05:12:01.889+0000] {dag.py:2676} INFO - Sync 1 DAGs
[2022-12-03T05:12:01.953+0000] {logging_mixin.py:137} INFO - [2022-12-03T05:12:01.953+0000] {dag.py:3427} INFO - Setting next_dagrun for example_dag_decorator to None, run_after=None
[2022-12-03T05:12:01.985+0000] {processor.py:175} INFO - Processing /home/airflow/.local/lib/python3.7/site-packages/airflow/example_dags/example_dag_decorator.py took 0.274 seconds
[2022-12-03T05:12:32.824+0000] {processor.py:153} INFO - Started process (PID=1749) to work on /home/airflow/.local/lib/python3.7/site-packages/airflow/example_dags/example_dag_decorator.py
[2022-12-03T05:12:32.833+0000] {processor.py:743} INFO - Processing file /home/airflow/.local/lib/python3.7/site-packages/airflow/example_dags/example_dag_decorator.py for tasks to queue
[2022-12-03T05:12:32.837+0000] {logging_mixin.py:137} INFO - [2022-12-03T05:12:32.836+0000] {dagbag.py:538} INFO - Filling up the DagBag from /home/airflow/.local/lib/python3.7/site-packages/airflow/example_dags/example_dag_decorator.py
[2022-12-03T05:12:32.853+0000] {logging_mixin.py:137} INFO - [2022-12-03T05:12:32.852+0000] {taskmixin.py:205} WARNING - Dependency <Task(_PythonDecoratedOperator): prepare_email>, send_email already registered for DAG: example_dag_decorator
[2022-12-03T05:12:32.854+0000] {logging_mixin.py:137} INFO - [2022-12-03T05:12:32.854+0000] {taskmixin.py:205} WARNING - Dependency <Task(EmailOperator): send_email>, prepare_email already registered for DAG: example_dag_decorator
[2022-12-03T05:12:32.877+0000] {processor.py:753} INFO - DAG(s) dict_keys(['example_dag_decorator']) retrieved from /home/airflow/.local/lib/python3.7/site-packages/airflow/example_dags/example_dag_decorator.py
[2022-12-03T05:12:32.974+0000] {logging_mixin.py:137} INFO - [2022-12-03T05:12:32.974+0000] {dag.py:2676} INFO - Sync 1 DAGs
[2022-12-03T05:12:32.988+0000] {logging_mixin.py:137} INFO - [2022-12-03T05:12:32.988+0000] {dag.py:3427} INFO - Setting next_dagrun for example_dag_decorator to None, run_after=None
[2022-12-03T05:12:33.008+0000] {processor.py:175} INFO - Processing /home/airflow/.local/lib/python3.7/site-packages/airflow/example_dags/example_dag_decorator.py took 0.189 seconds
[2022-12-03T05:13:03.972+0000] {processor.py:153} INFO - Started process (PID=1966) to work on /home/airflow/.local/lib/python3.7/site-packages/airflow/example_dags/example_dag_decorator.py
[2022-12-03T05:13:03.973+0000] {processor.py:743} INFO - Processing file /home/airflow/.local/lib/python3.7/site-packages/airflow/example_dags/example_dag_decorator.py for tasks to queue
[2022-12-03T05:13:03.974+0000] {logging_mixin.py:137} INFO - [2022-12-03T05:13:03.974+0000] {dagbag.py:538} INFO - Filling up the DagBag from /home/airflow/.local/lib/python3.7/site-packages/airflow/example_dags/example_dag_decorator.py
[2022-12-03T05:13:03.984+0000] {logging_mixin.py:137} INFO - [2022-12-03T05:13:03.984+0000] {taskmixin.py:205} WARNING - Dependency <Task(_PythonDecoratedOperator): prepare_email>, send_email already registered for DAG: example_dag_decorator
[2022-12-03T05:13:03.986+0000] {logging_mixin.py:137} INFO - [2022-12-03T05:13:03.986+0000] {taskmixin.py:205} WARNING - Dependency <Task(EmailOperator): send_email>, prepare_email already registered for DAG: example_dag_decorator
[2022-12-03T05:13:03.996+0000] {processor.py:753} INFO - DAG(s) dict_keys(['example_dag_decorator']) retrieved from /home/airflow/.local/lib/python3.7/site-packages/airflow/example_dags/example_dag_decorator.py
[2022-12-03T05:13:04.046+0000] {logging_mixin.py:137} INFO - [2022-12-03T05:13:04.046+0000] {dag.py:2676} INFO - Sync 1 DAGs
[2022-12-03T05:13:04.065+0000] {logging_mixin.py:137} INFO - [2022-12-03T05:13:04.064+0000] {dag.py:3427} INFO - Setting next_dagrun for example_dag_decorator to None, run_after=None
[2022-12-03T05:13:04.081+0000] {processor.py:175} INFO - Processing /home/airflow/.local/lib/python3.7/site-packages/airflow/example_dags/example_dag_decorator.py took 0.111 seconds
[2022-12-03T05:13:34.826+0000] {processor.py:153} INFO - Started process (PID=2191) to work on /home/airflow/.local/lib/python3.7/site-packages/airflow/example_dags/example_dag_decorator.py
[2022-12-03T05:13:34.828+0000] {processor.py:743} INFO - Processing file /home/airflow/.local/lib/python3.7/site-packages/airflow/example_dags/example_dag_decorator.py for tasks to queue
[2022-12-03T05:13:34.829+0000] {logging_mixin.py:137} INFO - [2022-12-03T05:13:34.829+0000] {dagbag.py:538} INFO - Filling up the DagBag from /home/airflow/.local/lib/python3.7/site-packages/airflow/example_dags/example_dag_decorator.py
[2022-12-03T05:13:34.839+0000] {logging_mixin.py:137} INFO - [2022-12-03T05:13:34.839+0000] {taskmixin.py:205} WARNING - Dependency <Task(_PythonDecoratedOperator): prepare_email>, send_email already registered for DAG: example_dag_decorator
[2022-12-03T05:13:34.840+0000] {logging_mixin.py:137} INFO - [2022-12-03T05:13:34.840+0000] {taskmixin.py:205} WARNING - Dependency <Task(EmailOperator): send_email>, prepare_email already registered for DAG: example_dag_decorator
[2022-12-03T05:13:34.849+0000] {processor.py:753} INFO - DAG(s) dict_keys(['example_dag_decorator']) retrieved from /home/airflow/.local/lib/python3.7/site-packages/airflow/example_dags/example_dag_decorator.py
[2022-12-03T05:13:34.898+0000] {logging_mixin.py:137} INFO - [2022-12-03T05:13:34.898+0000] {dag.py:2676} INFO - Sync 1 DAGs
[2022-12-03T05:13:34.921+0000] {logging_mixin.py:137} INFO - [2022-12-03T05:13:34.921+0000] {dag.py:3427} INFO - Setting next_dagrun for example_dag_decorator to None, run_after=None
[2022-12-03T05:13:34.945+0000] {processor.py:175} INFO - Processing /home/airflow/.local/lib/python3.7/site-packages/airflow/example_dags/example_dag_decorator.py took 0.122 seconds
[2022-12-03T05:14:05.409+0000] {processor.py:153} INFO - Started process (PID=2405) to work on /home/airflow/.local/lib/python3.7/site-packages/airflow/example_dags/example_dag_decorator.py
[2022-12-03T05:14:05.411+0000] {processor.py:743} INFO - Processing file /home/airflow/.local/lib/python3.7/site-packages/airflow/example_dags/example_dag_decorator.py for tasks to queue
[2022-12-03T05:14:05.412+0000] {logging_mixin.py:137} INFO - [2022-12-03T05:14:05.412+0000] {dagbag.py:538} INFO - Filling up the DagBag from /home/airflow/.local/lib/python3.7/site-packages/airflow/example_dags/example_dag_decorator.py
[2022-12-03T05:14:05.423+0000] {logging_mixin.py:137} INFO - [2022-12-03T05:14:05.423+0000] {taskmixin.py:205} WARNING - Dependency <Task(_PythonDecoratedOperator): prepare_email>, send_email already registered for DAG: example_dag_decorator
[2022-12-03T05:14:05.424+0000] {logging_mixin.py:137} INFO - [2022-12-03T05:14:05.424+0000] {taskmixin.py:205} WARNING - Dependency <Task(EmailOperator): send_email>, prepare_email already registered for DAG: example_dag_decorator
[2022-12-03T05:14:05.432+0000] {processor.py:753} INFO - DAG(s) dict_keys(['example_dag_decorator']) retrieved from /home/airflow/.local/lib/python3.7/site-packages/airflow/example_dags/example_dag_decorator.py
[2022-12-03T05:14:05.485+0000] {logging_mixin.py:137} INFO - [2022-12-03T05:14:05.484+0000] {dag.py:2676} INFO - Sync 1 DAGs
[2022-12-03T05:14:05.499+0000] {logging_mixin.py:137} INFO - [2022-12-03T05:14:05.499+0000] {dag.py:3427} INFO - Setting next_dagrun for example_dag_decorator to None, run_after=None
[2022-12-03T05:14:05.511+0000] {processor.py:175} INFO - Processing /home/airflow/.local/lib/python3.7/site-packages/airflow/example_dags/example_dag_decorator.py took 0.105 seconds
[2022-12-03T05:14:35.750+0000] {processor.py:153} INFO - Started process (PID=2630) to work on /home/airflow/.local/lib/python3.7/site-packages/airflow/example_dags/example_dag_decorator.py
[2022-12-03T05:14:35.752+0000] {processor.py:743} INFO - Processing file /home/airflow/.local/lib/python3.7/site-packages/airflow/example_dags/example_dag_decorator.py for tasks to queue
[2022-12-03T05:14:35.755+0000] {logging_mixin.py:137} INFO - [2022-12-03T05:14:35.755+0000] {dagbag.py:538} INFO - Filling up the DagBag from /home/airflow/.local/lib/python3.7/site-packages/airflow/example_dags/example_dag_decorator.py
[2022-12-03T05:14:35.778+0000] {logging_mixin.py:137} INFO - [2022-12-03T05:14:35.778+0000] {taskmixin.py:205} WARNING - Dependency <Task(_PythonDecoratedOperator): prepare_email>, send_email already registered for DAG: example_dag_decorator
[2022-12-03T05:14:35.785+0000] {logging_mixin.py:137} INFO - [2022-12-03T05:14:35.785+0000] {taskmixin.py:205} WARNING - Dependency <Task(EmailOperator): send_email>, prepare_email already registered for DAG: example_dag_decorator
[2022-12-03T05:14:35.801+0000] {processor.py:753} INFO - DAG(s) dict_keys(['example_dag_decorator']) retrieved from /home/airflow/.local/lib/python3.7/site-packages/airflow/example_dags/example_dag_decorator.py
[2022-12-03T05:14:35.889+0000] {logging_mixin.py:137} INFO - [2022-12-03T05:14:35.889+0000] {dag.py:2676} INFO - Sync 1 DAGs
[2022-12-03T05:14:35.910+0000] {logging_mixin.py:137} INFO - [2022-12-03T05:14:35.910+0000] {dag.py:3427} INFO - Setting next_dagrun for example_dag_decorator to None, run_after=None
[2022-12-03T05:14:35.953+0000] {processor.py:175} INFO - Processing /home/airflow/.local/lib/python3.7/site-packages/airflow/example_dags/example_dag_decorator.py took 0.208 seconds
[2022-12-03T05:15:06.444+0000] {processor.py:153} INFO - Started process (PID=2846) to work on /home/airflow/.local/lib/python3.7/site-packages/airflow/example_dags/example_dag_decorator.py
[2022-12-03T05:15:06.445+0000] {processor.py:743} INFO - Processing file /home/airflow/.local/lib/python3.7/site-packages/airflow/example_dags/example_dag_decorator.py for tasks to queue
[2022-12-03T05:15:06.446+0000] {logging_mixin.py:137} INFO - [2022-12-03T05:15:06.446+0000] {dagbag.py:538} INFO - Filling up the DagBag from /home/airflow/.local/lib/python3.7/site-packages/airflow/example_dags/example_dag_decorator.py
[2022-12-03T05:15:06.457+0000] {logging_mixin.py:137} INFO - [2022-12-03T05:15:06.457+0000] {taskmixin.py:205} WARNING - Dependency <Task(_PythonDecoratedOperator): prepare_email>, send_email already registered for DAG: example_dag_decorator
[2022-12-03T05:15:06.458+0000] {logging_mixin.py:137} INFO - [2022-12-03T05:15:06.458+0000] {taskmixin.py:205} WARNING - Dependency <Task(EmailOperator): send_email>, prepare_email already registered for DAG: example_dag_decorator
[2022-12-03T05:15:06.470+0000] {processor.py:753} INFO - DAG(s) dict_keys(['example_dag_decorator']) retrieved from /home/airflow/.local/lib/python3.7/site-packages/airflow/example_dags/example_dag_decorator.py
[2022-12-03T05:15:06.516+0000] {logging_mixin.py:137} INFO - [2022-12-03T05:15:06.516+0000] {dag.py:2676} INFO - Sync 1 DAGs
[2022-12-03T05:15:06.528+0000] {logging_mixin.py:137} INFO - [2022-12-03T05:15:06.528+0000] {dag.py:3427} INFO - Setting next_dagrun for example_dag_decorator to None, run_after=None
[2022-12-03T05:15:06.540+0000] {processor.py:175} INFO - Processing /home/airflow/.local/lib/python3.7/site-packages/airflow/example_dags/example_dag_decorator.py took 0.099 seconds
[2022-12-03T05:15:37.342+0000] {processor.py:153} INFO - Started process (PID=3071) to work on /home/airflow/.local/lib/python3.7/site-packages/airflow/example_dags/example_dag_decorator.py
[2022-12-03T05:15:37.344+0000] {processor.py:743} INFO - Processing file /home/airflow/.local/lib/python3.7/site-packages/airflow/example_dags/example_dag_decorator.py for tasks to queue
[2022-12-03T05:15:37.345+0000] {logging_mixin.py:137} INFO - [2022-12-03T05:15:37.345+0000] {dagbag.py:538} INFO - Filling up the DagBag from /home/airflow/.local/lib/python3.7/site-packages/airflow/example_dags/example_dag_decorator.py
[2022-12-03T05:15:37.372+0000] {logging_mixin.py:137} INFO - [2022-12-03T05:15:37.372+0000] {taskmixin.py:205} WARNING - Dependency <Task(_PythonDecoratedOperator): prepare_email>, send_email already registered for DAG: example_dag_decorator
[2022-12-03T05:15:37.375+0000] {logging_mixin.py:137} INFO - [2022-12-03T05:15:37.375+0000] {taskmixin.py:205} WARNING - Dependency <Task(EmailOperator): send_email>, prepare_email already registered for DAG: example_dag_decorator
[2022-12-03T05:15:37.390+0000] {processor.py:753} INFO - DAG(s) dict_keys(['example_dag_decorator']) retrieved from /home/airflow/.local/lib/python3.7/site-packages/airflow/example_dags/example_dag_decorator.py
[2022-12-03T05:15:37.516+0000] {logging_mixin.py:137} INFO - [2022-12-03T05:15:37.516+0000] {dag.py:2676} INFO - Sync 1 DAGs
[2022-12-03T05:15:37.540+0000] {logging_mixin.py:137} INFO - [2022-12-03T05:15:37.540+0000] {dag.py:3427} INFO - Setting next_dagrun for example_dag_decorator to None, run_after=None
[2022-12-03T05:15:37.555+0000] {processor.py:175} INFO - Processing /home/airflow/.local/lib/python3.7/site-packages/airflow/example_dags/example_dag_decorator.py took 0.216 seconds
[2022-12-03T05:16:08.428+0000] {processor.py:153} INFO - Started process (PID=3284) to work on /home/airflow/.local/lib/python3.7/site-packages/airflow/example_dags/example_dag_decorator.py
[2022-12-03T05:16:08.432+0000] {processor.py:743} INFO - Processing file /home/airflow/.local/lib/python3.7/site-packages/airflow/example_dags/example_dag_decorator.py for tasks to queue
[2022-12-03T05:16:08.435+0000] {logging_mixin.py:137} INFO - [2022-12-03T05:16:08.435+0000] {dagbag.py:538} INFO - Filling up the DagBag from /home/airflow/.local/lib/python3.7/site-packages/airflow/example_dags/example_dag_decorator.py
[2022-12-03T05:16:08.455+0000] {logging_mixin.py:137} INFO - [2022-12-03T05:16:08.454+0000] {taskmixin.py:205} WARNING - Dependency <Task(_PythonDecoratedOperator): prepare_email>, send_email already registered for DAG: example_dag_decorator
[2022-12-03T05:16:08.456+0000] {logging_mixin.py:137} INFO - [2022-12-03T05:16:08.456+0000] {taskmixin.py:205} WARNING - Dependency <Task(EmailOperator): send_email>, prepare_email already registered for DAG: example_dag_decorator
[2022-12-03T05:16:08.469+0000] {processor.py:753} INFO - DAG(s) dict_keys(['example_dag_decorator']) retrieved from /home/airflow/.local/lib/python3.7/site-packages/airflow/example_dags/example_dag_decorator.py
[2022-12-03T05:16:08.524+0000] {logging_mixin.py:137} INFO - [2022-12-03T05:16:08.524+0000] {dag.py:2676} INFO - Sync 1 DAGs
[2022-12-03T05:16:08.548+0000] {logging_mixin.py:137} INFO - [2022-12-03T05:16:08.548+0000] {dag.py:3427} INFO - Setting next_dagrun for example_dag_decorator to None, run_after=None
[2022-12-03T05:16:08.562+0000] {processor.py:175} INFO - Processing /home/airflow/.local/lib/python3.7/site-packages/airflow/example_dags/example_dag_decorator.py took 0.140 seconds
[2022-12-03T05:16:38.924+0000] {processor.py:153} INFO - Started process (PID=3508) to work on /home/airflow/.local/lib/python3.7/site-packages/airflow/example_dags/example_dag_decorator.py
[2022-12-03T05:16:38.927+0000] {processor.py:743} INFO - Processing file /home/airflow/.local/lib/python3.7/site-packages/airflow/example_dags/example_dag_decorator.py for tasks to queue
[2022-12-03T05:16:38.929+0000] {logging_mixin.py:137} INFO - [2022-12-03T05:16:38.929+0000] {dagbag.py:538} INFO - Filling up the DagBag from /home/airflow/.local/lib/python3.7/site-packages/airflow/example_dags/example_dag_decorator.py
[2022-12-03T05:16:38.945+0000] {logging_mixin.py:137} INFO - [2022-12-03T05:16:38.945+0000] {taskmixin.py:205} WARNING - Dependency <Task(_PythonDecoratedOperator): prepare_email>, send_email already registered for DAG: example_dag_decorator
[2022-12-03T05:16:38.947+0000] {logging_mixin.py:137} INFO - [2022-12-03T05:16:38.947+0000] {taskmixin.py:205} WARNING - Dependency <Task(EmailOperator): send_email>, prepare_email already registered for DAG: example_dag_decorator
[2022-12-03T05:16:38.957+0000] {processor.py:753} INFO - DAG(s) dict_keys(['example_dag_decorator']) retrieved from /home/airflow/.local/lib/python3.7/site-packages/airflow/example_dags/example_dag_decorator.py
[2022-12-03T05:16:39.033+0000] {logging_mixin.py:137} INFO - [2022-12-03T05:16:39.033+0000] {dag.py:2676} INFO - Sync 1 DAGs
[2022-12-03T05:16:39.065+0000] {logging_mixin.py:137} INFO - [2022-12-03T05:16:39.065+0000] {dag.py:3427} INFO - Setting next_dagrun for example_dag_decorator to None, run_after=None
[2022-12-03T05:16:39.082+0000] {processor.py:175} INFO - Processing /home/airflow/.local/lib/python3.7/site-packages/airflow/example_dags/example_dag_decorator.py took 0.160 seconds
[2022-12-03T05:17:10.173+0000] {processor.py:153} INFO - Started process (PID=3723) to work on /home/airflow/.local/lib/python3.7/site-packages/airflow/example_dags/example_dag_decorator.py
[2022-12-03T05:17:10.175+0000] {processor.py:743} INFO - Processing file /home/airflow/.local/lib/python3.7/site-packages/airflow/example_dags/example_dag_decorator.py for tasks to queue
[2022-12-03T05:17:10.177+0000] {logging_mixin.py:137} INFO - [2022-12-03T05:17:10.177+0000] {dagbag.py:538} INFO - Filling up the DagBag from /home/airflow/.local/lib/python3.7/site-packages/airflow/example_dags/example_dag_decorator.py
[2022-12-03T05:17:10.205+0000] {logging_mixin.py:137} INFO - [2022-12-03T05:17:10.205+0000] {taskmixin.py:205} WARNING - Dependency <Task(_PythonDecoratedOperator): prepare_email>, send_email already registered for DAG: example_dag_decorator
[2022-12-03T05:17:10.207+0000] {logging_mixin.py:137} INFO - [2022-12-03T05:17:10.207+0000] {taskmixin.py:205} WARNING - Dependency <Task(EmailOperator): send_email>, prepare_email already registered for DAG: example_dag_decorator
[2022-12-03T05:17:10.225+0000] {processor.py:753} INFO - DAG(s) dict_keys(['example_dag_decorator']) retrieved from /home/airflow/.local/lib/python3.7/site-packages/airflow/example_dags/example_dag_decorator.py
[2022-12-03T05:17:10.308+0000] {logging_mixin.py:137} INFO - [2022-12-03T05:17:10.307+0000] {dag.py:2676} INFO - Sync 1 DAGs
[2022-12-03T05:17:10.325+0000] {logging_mixin.py:137} INFO - [2022-12-03T05:17:10.325+0000] {dag.py:3427} INFO - Setting next_dagrun for example_dag_decorator to None, run_after=None
[2022-12-03T05:17:10.342+0000] {processor.py:175} INFO - Processing /home/airflow/.local/lib/python3.7/site-packages/airflow/example_dags/example_dag_decorator.py took 0.171 seconds
[2022-12-03T05:17:40.959+0000] {processor.py:153} INFO - Started process (PID=3951) to work on /home/airflow/.local/lib/python3.7/site-packages/airflow/example_dags/example_dag_decorator.py
[2022-12-03T05:17:40.963+0000] {processor.py:743} INFO - Processing file /home/airflow/.local/lib/python3.7/site-packages/airflow/example_dags/example_dag_decorator.py for tasks to queue
[2022-12-03T05:17:40.965+0000] {logging_mixin.py:137} INFO - [2022-12-03T05:17:40.965+0000] {dagbag.py:538} INFO - Filling up the DagBag from /home/airflow/.local/lib/python3.7/site-packages/airflow/example_dags/example_dag_decorator.py
[2022-12-03T05:17:40.978+0000] {logging_mixin.py:137} INFO - [2022-12-03T05:17:40.978+0000] {taskmixin.py:205} WARNING - Dependency <Task(_PythonDecoratedOperator): prepare_email>, send_email already registered for DAG: example_dag_decorator
[2022-12-03T05:17:40.980+0000] {logging_mixin.py:137} INFO - [2022-12-03T05:17:40.980+0000] {taskmixin.py:205} WARNING - Dependency <Task(EmailOperator): send_email>, prepare_email already registered for DAG: example_dag_decorator
[2022-12-03T05:17:40.991+0000] {processor.py:753} INFO - DAG(s) dict_keys(['example_dag_decorator']) retrieved from /home/airflow/.local/lib/python3.7/site-packages/airflow/example_dags/example_dag_decorator.py
[2022-12-03T05:17:41.082+0000] {logging_mixin.py:137} INFO - [2022-12-03T05:17:41.082+0000] {dag.py:2676} INFO - Sync 1 DAGs
[2022-12-03T05:17:41.098+0000] {logging_mixin.py:137} INFO - [2022-12-03T05:17:41.098+0000] {dag.py:3427} INFO - Setting next_dagrun for example_dag_decorator to None, run_after=None
[2022-12-03T05:17:41.114+0000] {processor.py:175} INFO - Processing /home/airflow/.local/lib/python3.7/site-packages/airflow/example_dags/example_dag_decorator.py took 0.157 seconds
[2022-12-03T05:18:55.051+0000] {processor.py:153} INFO - Started process (PID=213) to work on /home/airflow/.local/lib/python3.7/site-packages/airflow/example_dags/example_dag_decorator.py
[2022-12-03T05:18:55.060+0000] {processor.py:743} INFO - Processing file /home/airflow/.local/lib/python3.7/site-packages/airflow/example_dags/example_dag_decorator.py for tasks to queue
[2022-12-03T05:18:55.063+0000] {logging_mixin.py:137} INFO - [2022-12-03T05:18:55.063+0000] {dagbag.py:538} INFO - Filling up the DagBag from /home/airflow/.local/lib/python3.7/site-packages/airflow/example_dags/example_dag_decorator.py
[2022-12-03T05:18:55.134+0000] {logging_mixin.py:137} INFO - [2022-12-03T05:18:55.134+0000] {taskmixin.py:205} WARNING - Dependency <Task(_PythonDecoratedOperator): prepare_email>, send_email already registered for DAG: example_dag_decorator
[2022-12-03T05:18:55.137+0000] {logging_mixin.py:137} INFO - [2022-12-03T05:18:55.136+0000] {taskmixin.py:205} WARNING - Dependency <Task(EmailOperator): send_email>, prepare_email already registered for DAG: example_dag_decorator
[2022-12-03T05:18:55.181+0000] {processor.py:753} INFO - DAG(s) dict_keys(['example_dag_decorator']) retrieved from /home/airflow/.local/lib/python3.7/site-packages/airflow/example_dags/example_dag_decorator.py
[2022-12-03T05:18:55.227+0000] {logging_mixin.py:137} INFO - [2022-12-03T05:18:55.227+0000] {dag.py:2676} INFO - Sync 1 DAGs
[2022-12-03T05:18:55.257+0000] {logging_mixin.py:137} INFO - [2022-12-03T05:18:55.257+0000] {dag.py:3427} INFO - Setting next_dagrun for example_dag_decorator to None, run_after=None
[2022-12-03T05:18:55.290+0000] {processor.py:175} INFO - Processing /home/airflow/.local/lib/python3.7/site-packages/airflow/example_dags/example_dag_decorator.py took 0.247 seconds
[2022-12-03T05:19:25.797+0000] {processor.py:153} INFO - Started process (PID=430) to work on /home/airflow/.local/lib/python3.7/site-packages/airflow/example_dags/example_dag_decorator.py
[2022-12-03T05:19:25.799+0000] {processor.py:743} INFO - Processing file /home/airflow/.local/lib/python3.7/site-packages/airflow/example_dags/example_dag_decorator.py for tasks to queue
[2022-12-03T05:19:25.800+0000] {logging_mixin.py:137} INFO - [2022-12-03T05:19:25.800+0000] {dagbag.py:538} INFO - Filling up the DagBag from /home/airflow/.local/lib/python3.7/site-packages/airflow/example_dags/example_dag_decorator.py
[2022-12-03T05:19:25.815+0000] {logging_mixin.py:137} INFO - [2022-12-03T05:19:25.815+0000] {taskmixin.py:205} WARNING - Dependency <Task(_PythonDecoratedOperator): prepare_email>, send_email already registered for DAG: example_dag_decorator
[2022-12-03T05:19:25.816+0000] {logging_mixin.py:137} INFO - [2022-12-03T05:19:25.816+0000] {taskmixin.py:205} WARNING - Dependency <Task(EmailOperator): send_email>, prepare_email already registered for DAG: example_dag_decorator
[2022-12-03T05:19:25.832+0000] {processor.py:753} INFO - DAG(s) dict_keys(['example_dag_decorator']) retrieved from /home/airflow/.local/lib/python3.7/site-packages/airflow/example_dags/example_dag_decorator.py
[2022-12-03T05:19:25.889+0000] {logging_mixin.py:137} INFO - [2022-12-03T05:19:25.889+0000] {dag.py:2676} INFO - Sync 1 DAGs
[2022-12-03T05:19:25.909+0000] {logging_mixin.py:137} INFO - [2022-12-03T05:19:25.909+0000] {dag.py:3427} INFO - Setting next_dagrun for example_dag_decorator to None, run_after=None
[2022-12-03T05:19:25.931+0000] {processor.py:175} INFO - Processing /home/airflow/.local/lib/python3.7/site-packages/airflow/example_dags/example_dag_decorator.py took 0.136 seconds
[2022-12-03T05:19:56.858+0000] {processor.py:153} INFO - Started process (PID=659) to work on /home/airflow/.local/lib/python3.7/site-packages/airflow/example_dags/example_dag_decorator.py
[2022-12-03T05:19:56.860+0000] {processor.py:743} INFO - Processing file /home/airflow/.local/lib/python3.7/site-packages/airflow/example_dags/example_dag_decorator.py for tasks to queue
[2022-12-03T05:19:56.861+0000] {logging_mixin.py:137} INFO - [2022-12-03T05:19:56.861+0000] {dagbag.py:538} INFO - Filling up the DagBag from /home/airflow/.local/lib/python3.7/site-packages/airflow/example_dags/example_dag_decorator.py
[2022-12-03T05:19:56.874+0000] {logging_mixin.py:137} INFO - [2022-12-03T05:19:56.874+0000] {taskmixin.py:205} WARNING - Dependency <Task(_PythonDecoratedOperator): prepare_email>, send_email already registered for DAG: example_dag_decorator
[2022-12-03T05:19:56.876+0000] {logging_mixin.py:137} INFO - [2022-12-03T05:19:56.876+0000] {taskmixin.py:205} WARNING - Dependency <Task(EmailOperator): send_email>, prepare_email already registered for DAG: example_dag_decorator
[2022-12-03T05:19:56.890+0000] {processor.py:753} INFO - DAG(s) dict_keys(['example_dag_decorator']) retrieved from /home/airflow/.local/lib/python3.7/site-packages/airflow/example_dags/example_dag_decorator.py
[2022-12-03T05:19:56.985+0000] {logging_mixin.py:137} INFO - [2022-12-03T05:19:56.985+0000] {dag.py:2676} INFO - Sync 1 DAGs
[2022-12-03T05:19:57.002+0000] {logging_mixin.py:137} INFO - [2022-12-03T05:19:57.002+0000] {dag.py:3427} INFO - Setting next_dagrun for example_dag_decorator to None, run_after=None
[2022-12-03T05:19:57.018+0000] {processor.py:175} INFO - Processing /home/airflow/.local/lib/python3.7/site-packages/airflow/example_dags/example_dag_decorator.py took 0.162 seconds
