[2022-12-03T05:08:59.121+0000] {processor.py:153} INFO - Started process (PID=243) to work on /home/airflow/.local/lib/python3.7/site-packages/airflow/example_dags/example_subdag_operator.py
[2022-12-03T05:08:59.124+0000] {processor.py:743} INFO - Processing file /home/airflow/.local/lib/python3.7/site-packages/airflow/example_dags/example_subdag_operator.py for tasks to queue
[2022-12-03T05:08:59.127+0000] {logging_mixin.py:137} INFO - [2022-12-03T05:08:59.127+0000] {dagbag.py:538} INFO - Filling up the DagBag from /home/airflow/.local/lib/python3.7/site-packages/airflow/example_dags/example_subdag_operator.py
[2022-12-03T05:08:59.172+0000] {processor.py:753} INFO - DAG(s) dict_keys(['example_subdag_operator.section-1', 'example_subdag_operator.section-2', 'example_subdag_operator']) retrieved from /home/airflow/.local/lib/python3.7/site-packages/airflow/example_dags/example_subdag_operator.py
[2022-12-03T05:08:59.202+0000] {logging_mixin.py:137} INFO - [2022-12-03T05:08:59.201+0000] {dag.py:2676} INFO - Sync 3 DAGs
[2022-12-03T05:08:59.286+0000] {logging_mixin.py:137} INFO - [2022-12-03T05:08:59.286+0000] {dag.py:3427} INFO - Setting next_dagrun for example_subdag_operator to 2022-01-01T00:00:00+00:00, run_after=2022-01-01T00:00:00+00:00
[2022-12-03T05:08:59.294+0000] {logging_mixin.py:137} INFO - [2022-12-03T05:08:59.293+0000] {dag.py:3427} INFO - Setting next_dagrun for example_subdag_operator.section-1 to None, run_after=None
[2022-12-03T05:08:59.299+0000] {logging_mixin.py:137} INFO - [2022-12-03T05:08:59.299+0000] {dag.py:3427} INFO - Setting next_dagrun for example_subdag_operator.section-2 to None, run_after=None
[2022-12-03T05:08:59.314+0000] {logging_mixin.py:137} INFO - [2022-12-03T05:08:59.314+0000] {dag.py:2676} INFO - Sync 2 DAGs
[2022-12-03T05:08:59.326+0000] {logging_mixin.py:137} INFO - [2022-12-03T05:08:59.326+0000] {dag.py:3427} INFO - Setting next_dagrun for example_subdag_operator.section-1 to None, run_after=None
[2022-12-03T05:08:59.330+0000] {logging_mixin.py:137} INFO - [2022-12-03T05:08:59.329+0000] {dag.py:3427} INFO - Setting next_dagrun for example_subdag_operator.section-2 to None, run_after=None
[2022-12-03T05:08:59.351+0000] {processor.py:175} INFO - Processing /home/airflow/.local/lib/python3.7/site-packages/airflow/example_dags/example_subdag_operator.py took 0.232 seconds
[2022-12-03T05:09:29.626+0000] {processor.py:153} INFO - Started process (PID=457) to work on /home/airflow/.local/lib/python3.7/site-packages/airflow/example_dags/example_subdag_operator.py
[2022-12-03T05:09:29.629+0000] {processor.py:743} INFO - Processing file /home/airflow/.local/lib/python3.7/site-packages/airflow/example_dags/example_subdag_operator.py for tasks to queue
[2022-12-03T05:09:29.632+0000] {logging_mixin.py:137} INFO - [2022-12-03T05:09:29.632+0000] {dagbag.py:538} INFO - Filling up the DagBag from /home/airflow/.local/lib/python3.7/site-packages/airflow/example_dags/example_subdag_operator.py
[2022-12-03T05:09:29.696+0000] {processor.py:753} INFO - DAG(s) dict_keys(['example_subdag_operator.section-1', 'example_subdag_operator.section-2', 'example_subdag_operator']) retrieved from /home/airflow/.local/lib/python3.7/site-packages/airflow/example_dags/example_subdag_operator.py
[2022-12-03T05:09:29.757+0000] {logging_mixin.py:137} INFO - [2022-12-03T05:09:29.757+0000] {dag.py:2676} INFO - Sync 3 DAGs
[2022-12-03T05:09:29.780+0000] {logging_mixin.py:137} INFO - [2022-12-03T05:09:29.780+0000] {dag.py:3427} INFO - Setting next_dagrun for example_subdag_operator to 2022-01-01T00:00:00+00:00, run_after=2022-01-01T00:00:00+00:00
[2022-12-03T05:09:29.783+0000] {logging_mixin.py:137} INFO - [2022-12-03T05:09:29.783+0000] {dag.py:3427} INFO - Setting next_dagrun for example_subdag_operator.section-1 to None, run_after=None
[2022-12-03T05:09:29.786+0000] {logging_mixin.py:137} INFO - [2022-12-03T05:09:29.786+0000] {dag.py:3427} INFO - Setting next_dagrun for example_subdag_operator.section-2 to None, run_after=None
[2022-12-03T05:09:29.795+0000] {logging_mixin.py:137} INFO - [2022-12-03T05:09:29.795+0000] {dag.py:2676} INFO - Sync 2 DAGs
[2022-12-03T05:09:29.801+0000] {logging_mixin.py:137} INFO - [2022-12-03T05:09:29.801+0000] {dag.py:3427} INFO - Setting next_dagrun for example_subdag_operator.section-1 to None, run_after=None
[2022-12-03T05:09:29.802+0000] {logging_mixin.py:137} INFO - [2022-12-03T05:09:29.802+0000] {dag.py:3427} INFO - Setting next_dagrun for example_subdag_operator.section-2 to None, run_after=None
[2022-12-03T05:09:29.812+0000] {processor.py:175} INFO - Processing /home/airflow/.local/lib/python3.7/site-packages/airflow/example_dags/example_subdag_operator.py took 0.202 seconds
[2022-12-03T05:10:00.685+0000] {processor.py:153} INFO - Started process (PID=677) to work on /home/airflow/.local/lib/python3.7/site-packages/airflow/example_dags/example_subdag_operator.py
[2022-12-03T05:10:00.698+0000] {processor.py:743} INFO - Processing file /home/airflow/.local/lib/python3.7/site-packages/airflow/example_dags/example_subdag_operator.py for tasks to queue
[2022-12-03T05:10:00.701+0000] {logging_mixin.py:137} INFO - [2022-12-03T05:10:00.701+0000] {dagbag.py:538} INFO - Filling up the DagBag from /home/airflow/.local/lib/python3.7/site-packages/airflow/example_dags/example_subdag_operator.py
[2022-12-03T05:10:00.817+0000] {processor.py:753} INFO - DAG(s) dict_keys(['example_subdag_operator.section-1', 'example_subdag_operator.section-2', 'example_subdag_operator']) retrieved from /home/airflow/.local/lib/python3.7/site-packages/airflow/example_dags/example_subdag_operator.py
[2022-12-03T05:10:00.861+0000] {logging_mixin.py:137} INFO - [2022-12-03T05:10:00.861+0000] {dag.py:2676} INFO - Sync 3 DAGs
[2022-12-03T05:10:00.898+0000] {logging_mixin.py:137} INFO - [2022-12-03T05:10:00.898+0000] {dag.py:3427} INFO - Setting next_dagrun for example_subdag_operator to 2022-01-01T00:00:00+00:00, run_after=2022-01-01T00:00:00+00:00
[2022-12-03T05:10:00.911+0000] {logging_mixin.py:137} INFO - [2022-12-03T05:10:00.911+0000] {dag.py:3427} INFO - Setting next_dagrun for example_subdag_operator.section-1 to None, run_after=None
[2022-12-03T05:10:00.916+0000] {logging_mixin.py:137} INFO - [2022-12-03T05:10:00.916+0000] {dag.py:3427} INFO - Setting next_dagrun for example_subdag_operator.section-2 to None, run_after=None
[2022-12-03T05:10:00.944+0000] {logging_mixin.py:137} INFO - [2022-12-03T05:10:00.943+0000] {dag.py:2676} INFO - Sync 2 DAGs
[2022-12-03T05:10:00.960+0000] {logging_mixin.py:137} INFO - [2022-12-03T05:10:00.959+0000] {dag.py:3427} INFO - Setting next_dagrun for example_subdag_operator.section-1 to None, run_after=None
[2022-12-03T05:10:00.966+0000] {logging_mixin.py:137} INFO - [2022-12-03T05:10:00.966+0000] {dag.py:3427} INFO - Setting next_dagrun for example_subdag_operator.section-2 to None, run_after=None
[2022-12-03T05:10:01.041+0000] {processor.py:175} INFO - Processing /home/airflow/.local/lib/python3.7/site-packages/airflow/example_dags/example_subdag_operator.py took 0.365 seconds
[2022-12-03T05:10:31.674+0000] {processor.py:153} INFO - Started process (PID=894) to work on /home/airflow/.local/lib/python3.7/site-packages/airflow/example_dags/example_subdag_operator.py
[2022-12-03T05:10:31.678+0000] {processor.py:743} INFO - Processing file /home/airflow/.local/lib/python3.7/site-packages/airflow/example_dags/example_subdag_operator.py for tasks to queue
[2022-12-03T05:10:31.680+0000] {logging_mixin.py:137} INFO - [2022-12-03T05:10:31.680+0000] {dagbag.py:538} INFO - Filling up the DagBag from /home/airflow/.local/lib/python3.7/site-packages/airflow/example_dags/example_subdag_operator.py
[2022-12-03T05:10:31.726+0000] {processor.py:753} INFO - DAG(s) dict_keys(['example_subdag_operator.section-1', 'example_subdag_operator.section-2', 'example_subdag_operator']) retrieved from /home/airflow/.local/lib/python3.7/site-packages/airflow/example_dags/example_subdag_operator.py
[2022-12-03T05:10:31.770+0000] {logging_mixin.py:137} INFO - [2022-12-03T05:10:31.770+0000] {dag.py:2676} INFO - Sync 3 DAGs
[2022-12-03T05:10:31.795+0000] {logging_mixin.py:137} INFO - [2022-12-03T05:10:31.794+0000] {dag.py:3427} INFO - Setting next_dagrun for example_subdag_operator to 2022-01-01T00:00:00+00:00, run_after=2022-01-01T00:00:00+00:00
[2022-12-03T05:10:31.799+0000] {logging_mixin.py:137} INFO - [2022-12-03T05:10:31.799+0000] {dag.py:3427} INFO - Setting next_dagrun for example_subdag_operator.section-1 to None, run_after=None
[2022-12-03T05:10:31.803+0000] {logging_mixin.py:137} INFO - [2022-12-03T05:10:31.803+0000] {dag.py:3427} INFO - Setting next_dagrun for example_subdag_operator.section-2 to None, run_after=None
[2022-12-03T05:10:31.810+0000] {logging_mixin.py:137} INFO - [2022-12-03T05:10:31.810+0000] {dag.py:2676} INFO - Sync 2 DAGs
[2022-12-03T05:10:31.815+0000] {logging_mixin.py:137} INFO - [2022-12-03T05:10:31.815+0000] {dag.py:3427} INFO - Setting next_dagrun for example_subdag_operator.section-1 to None, run_after=None
[2022-12-03T05:10:31.817+0000] {logging_mixin.py:137} INFO - [2022-12-03T05:10:31.816+0000] {dag.py:3427} INFO - Setting next_dagrun for example_subdag_operator.section-2 to None, run_after=None
[2022-12-03T05:10:31.825+0000] {processor.py:175} INFO - Processing /home/airflow/.local/lib/python3.7/site-packages/airflow/example_dags/example_subdag_operator.py took 0.155 seconds
[2022-12-03T05:11:02.694+0000] {processor.py:153} INFO - Started process (PID=1118) to work on /home/airflow/.local/lib/python3.7/site-packages/airflow/example_dags/example_subdag_operator.py
[2022-12-03T05:11:02.697+0000] {processor.py:743} INFO - Processing file /home/airflow/.local/lib/python3.7/site-packages/airflow/example_dags/example_subdag_operator.py for tasks to queue
[2022-12-03T05:11:02.698+0000] {logging_mixin.py:137} INFO - [2022-12-03T05:11:02.698+0000] {dagbag.py:538} INFO - Filling up the DagBag from /home/airflow/.local/lib/python3.7/site-packages/airflow/example_dags/example_subdag_operator.py
[2022-12-03T05:11:02.774+0000] {processor.py:753} INFO - DAG(s) dict_keys(['example_subdag_operator.section-1', 'example_subdag_operator.section-2', 'example_subdag_operator']) retrieved from /home/airflow/.local/lib/python3.7/site-packages/airflow/example_dags/example_subdag_operator.py
[2022-12-03T05:11:02.816+0000] {logging_mixin.py:137} INFO - [2022-12-03T05:11:02.815+0000] {dag.py:2676} INFO - Sync 3 DAGs
[2022-12-03T05:11:02.855+0000] {logging_mixin.py:137} INFO - [2022-12-03T05:11:02.854+0000] {dag.py:3427} INFO - Setting next_dagrun for example_subdag_operator to 2022-01-01T00:00:00+00:00, run_after=2022-01-01T00:00:00+00:00
[2022-12-03T05:11:02.863+0000] {logging_mixin.py:137} INFO - [2022-12-03T05:11:02.863+0000] {dag.py:3427} INFO - Setting next_dagrun for example_subdag_operator.section-1 to None, run_after=None
[2022-12-03T05:11:02.866+0000] {logging_mixin.py:137} INFO - [2022-12-03T05:11:02.866+0000] {dag.py:3427} INFO - Setting next_dagrun for example_subdag_operator.section-2 to None, run_after=None
[2022-12-03T05:11:02.875+0000] {logging_mixin.py:137} INFO - [2022-12-03T05:11:02.875+0000] {dag.py:2676} INFO - Sync 2 DAGs
[2022-12-03T05:11:02.882+0000] {logging_mixin.py:137} INFO - [2022-12-03T05:11:02.881+0000] {dag.py:3427} INFO - Setting next_dagrun for example_subdag_operator.section-1 to None, run_after=None
[2022-12-03T05:11:02.883+0000] {logging_mixin.py:137} INFO - [2022-12-03T05:11:02.883+0000] {dag.py:3427} INFO - Setting next_dagrun for example_subdag_operator.section-2 to None, run_after=None
[2022-12-03T05:11:02.897+0000] {processor.py:175} INFO - Processing /home/airflow/.local/lib/python3.7/site-packages/airflow/example_dags/example_subdag_operator.py took 0.208 seconds
[2022-12-03T05:11:33.802+0000] {processor.py:153} INFO - Started process (PID=1332) to work on /home/airflow/.local/lib/python3.7/site-packages/airflow/example_dags/example_subdag_operator.py
[2022-12-03T05:11:33.808+0000] {processor.py:743} INFO - Processing file /home/airflow/.local/lib/python3.7/site-packages/airflow/example_dags/example_subdag_operator.py for tasks to queue
[2022-12-03T05:11:33.809+0000] {logging_mixin.py:137} INFO - [2022-12-03T05:11:33.809+0000] {dagbag.py:538} INFO - Filling up the DagBag from /home/airflow/.local/lib/python3.7/site-packages/airflow/example_dags/example_subdag_operator.py
[2022-12-03T05:11:33.860+0000] {processor.py:753} INFO - DAG(s) dict_keys(['example_subdag_operator.section-1', 'example_subdag_operator.section-2', 'example_subdag_operator']) retrieved from /home/airflow/.local/lib/python3.7/site-packages/airflow/example_dags/example_subdag_operator.py
[2022-12-03T05:11:33.885+0000] {logging_mixin.py:137} INFO - [2022-12-03T05:11:33.885+0000] {dag.py:2676} INFO - Sync 3 DAGs
[2022-12-03T05:11:33.911+0000] {logging_mixin.py:137} INFO - [2022-12-03T05:11:33.911+0000] {dag.py:3427} INFO - Setting next_dagrun for example_subdag_operator to 2022-01-01T00:00:00+00:00, run_after=2022-01-01T00:00:00+00:00
[2022-12-03T05:11:33.917+0000] {logging_mixin.py:137} INFO - [2022-12-03T05:11:33.917+0000] {dag.py:3427} INFO - Setting next_dagrun for example_subdag_operator.section-1 to None, run_after=None
[2022-12-03T05:11:33.919+0000] {logging_mixin.py:137} INFO - [2022-12-03T05:11:33.919+0000] {dag.py:3427} INFO - Setting next_dagrun for example_subdag_operator.section-2 to None, run_after=None
[2022-12-03T05:11:33.925+0000] {logging_mixin.py:137} INFO - [2022-12-03T05:11:33.925+0000] {dag.py:2676} INFO - Sync 2 DAGs
[2022-12-03T05:11:33.929+0000] {logging_mixin.py:137} INFO - [2022-12-03T05:11:33.929+0000] {dag.py:3427} INFO - Setting next_dagrun for example_subdag_operator.section-1 to None, run_after=None
[2022-12-03T05:11:33.930+0000] {logging_mixin.py:137} INFO - [2022-12-03T05:11:33.930+0000] {dag.py:3427} INFO - Setting next_dagrun for example_subdag_operator.section-2 to None, run_after=None
[2022-12-03T05:11:33.948+0000] {processor.py:175} INFO - Processing /home/airflow/.local/lib/python3.7/site-packages/airflow/example_dags/example_subdag_operator.py took 0.151 seconds
[2022-12-03T05:12:04.270+0000] {processor.py:153} INFO - Started process (PID=1559) to work on /home/airflow/.local/lib/python3.7/site-packages/airflow/example_dags/example_subdag_operator.py
[2022-12-03T05:12:04.273+0000] {processor.py:743} INFO - Processing file /home/airflow/.local/lib/python3.7/site-packages/airflow/example_dags/example_subdag_operator.py for tasks to queue
[2022-12-03T05:12:04.274+0000] {logging_mixin.py:137} INFO - [2022-12-03T05:12:04.274+0000] {dagbag.py:538} INFO - Filling up the DagBag from /home/airflow/.local/lib/python3.7/site-packages/airflow/example_dags/example_subdag_operator.py
[2022-12-03T05:12:04.312+0000] {processor.py:753} INFO - DAG(s) dict_keys(['example_subdag_operator.section-1', 'example_subdag_operator.section-2', 'example_subdag_operator']) retrieved from /home/airflow/.local/lib/python3.7/site-packages/airflow/example_dags/example_subdag_operator.py
[2022-12-03T05:12:04.337+0000] {logging_mixin.py:137} INFO - [2022-12-03T05:12:04.337+0000] {dag.py:2676} INFO - Sync 3 DAGs
[2022-12-03T05:12:04.355+0000] {logging_mixin.py:137} INFO - [2022-12-03T05:12:04.354+0000] {dag.py:3427} INFO - Setting next_dagrun for example_subdag_operator to 2022-01-01T00:00:00+00:00, run_after=2022-01-01T00:00:00+00:00
[2022-12-03T05:12:04.358+0000] {logging_mixin.py:137} INFO - [2022-12-03T05:12:04.358+0000] {dag.py:3427} INFO - Setting next_dagrun for example_subdag_operator.section-1 to None, run_after=None
[2022-12-03T05:12:04.359+0000] {logging_mixin.py:137} INFO - [2022-12-03T05:12:04.359+0000] {dag.py:3427} INFO - Setting next_dagrun for example_subdag_operator.section-2 to None, run_after=None
[2022-12-03T05:12:04.364+0000] {logging_mixin.py:137} INFO - [2022-12-03T05:12:04.364+0000] {dag.py:2676} INFO - Sync 2 DAGs
[2022-12-03T05:12:04.369+0000] {logging_mixin.py:137} INFO - [2022-12-03T05:12:04.369+0000] {dag.py:3427} INFO - Setting next_dagrun for example_subdag_operator.section-1 to None, run_after=None
[2022-12-03T05:12:04.371+0000] {logging_mixin.py:137} INFO - [2022-12-03T05:12:04.371+0000] {dag.py:3427} INFO - Setting next_dagrun for example_subdag_operator.section-2 to None, run_after=None
[2022-12-03T05:12:04.385+0000] {processor.py:175} INFO - Processing /home/airflow/.local/lib/python3.7/site-packages/airflow/example_dags/example_subdag_operator.py took 0.121 seconds
[2022-12-03T05:12:35.270+0000] {processor.py:153} INFO - Started process (PID=1772) to work on /home/airflow/.local/lib/python3.7/site-packages/airflow/example_dags/example_subdag_operator.py
[2022-12-03T05:12:35.273+0000] {processor.py:743} INFO - Processing file /home/airflow/.local/lib/python3.7/site-packages/airflow/example_dags/example_subdag_operator.py for tasks to queue
[2022-12-03T05:12:35.278+0000] {logging_mixin.py:137} INFO - [2022-12-03T05:12:35.278+0000] {dagbag.py:538} INFO - Filling up the DagBag from /home/airflow/.local/lib/python3.7/site-packages/airflow/example_dags/example_subdag_operator.py
[2022-12-03T05:12:35.352+0000] {processor.py:753} INFO - DAG(s) dict_keys(['example_subdag_operator.section-1', 'example_subdag_operator.section-2', 'example_subdag_operator']) retrieved from /home/airflow/.local/lib/python3.7/site-packages/airflow/example_dags/example_subdag_operator.py
[2022-12-03T05:12:35.384+0000] {logging_mixin.py:137} INFO - [2022-12-03T05:12:35.384+0000] {dag.py:2676} INFO - Sync 3 DAGs
[2022-12-03T05:12:35.431+0000] {logging_mixin.py:137} INFO - [2022-12-03T05:12:35.431+0000] {dag.py:3427} INFO - Setting next_dagrun for example_subdag_operator to 2022-01-01T00:00:00+00:00, run_after=2022-01-01T00:00:00+00:00
[2022-12-03T05:12:35.453+0000] {logging_mixin.py:137} INFO - [2022-12-03T05:12:35.453+0000] {dag.py:3427} INFO - Setting next_dagrun for example_subdag_operator.section-1 to None, run_after=None
[2022-12-03T05:12:35.460+0000] {logging_mixin.py:137} INFO - [2022-12-03T05:12:35.459+0000] {dag.py:3427} INFO - Setting next_dagrun for example_subdag_operator.section-2 to None, run_after=None
[2022-12-03T05:12:35.475+0000] {logging_mixin.py:137} INFO - [2022-12-03T05:12:35.475+0000] {dag.py:2676} INFO - Sync 2 DAGs
[2022-12-03T05:12:35.486+0000] {logging_mixin.py:137} INFO - [2022-12-03T05:12:35.486+0000] {dag.py:3427} INFO - Setting next_dagrun for example_subdag_operator.section-1 to None, run_after=None
[2022-12-03T05:12:35.487+0000] {logging_mixin.py:137} INFO - [2022-12-03T05:12:35.487+0000] {dag.py:3427} INFO - Setting next_dagrun for example_subdag_operator.section-2 to None, run_after=None
[2022-12-03T05:12:35.499+0000] {processor.py:175} INFO - Processing /home/airflow/.local/lib/python3.7/site-packages/airflow/example_dags/example_subdag_operator.py took 0.234 seconds
[2022-12-03T05:13:06.202+0000] {processor.py:153} INFO - Started process (PID=1988) to work on /home/airflow/.local/lib/python3.7/site-packages/airflow/example_dags/example_subdag_operator.py
[2022-12-03T05:13:06.207+0000] {processor.py:743} INFO - Processing file /home/airflow/.local/lib/python3.7/site-packages/airflow/example_dags/example_subdag_operator.py for tasks to queue
[2022-12-03T05:13:06.211+0000] {logging_mixin.py:137} INFO - [2022-12-03T05:13:06.211+0000] {dagbag.py:538} INFO - Filling up the DagBag from /home/airflow/.local/lib/python3.7/site-packages/airflow/example_dags/example_subdag_operator.py
[2022-12-03T05:13:06.297+0000] {processor.py:753} INFO - DAG(s) dict_keys(['example_subdag_operator.section-1', 'example_subdag_operator.section-2', 'example_subdag_operator']) retrieved from /home/airflow/.local/lib/python3.7/site-packages/airflow/example_dags/example_subdag_operator.py
[2022-12-03T05:13:06.334+0000] {logging_mixin.py:137} INFO - [2022-12-03T05:13:06.332+0000] {dag.py:2676} INFO - Sync 3 DAGs
[2022-12-03T05:13:06.369+0000] {logging_mixin.py:137} INFO - [2022-12-03T05:13:06.368+0000] {dag.py:3427} INFO - Setting next_dagrun for example_subdag_operator to 2022-01-01T00:00:00+00:00, run_after=2022-01-01T00:00:00+00:00
[2022-12-03T05:13:06.373+0000] {logging_mixin.py:137} INFO - [2022-12-03T05:13:06.373+0000] {dag.py:3427} INFO - Setting next_dagrun for example_subdag_operator.section-1 to None, run_after=None
[2022-12-03T05:13:06.375+0000] {logging_mixin.py:137} INFO - [2022-12-03T05:13:06.375+0000] {dag.py:3427} INFO - Setting next_dagrun for example_subdag_operator.section-2 to None, run_after=None
[2022-12-03T05:13:06.384+0000] {logging_mixin.py:137} INFO - [2022-12-03T05:13:06.384+0000] {dag.py:2676} INFO - Sync 2 DAGs
[2022-12-03T05:13:06.395+0000] {logging_mixin.py:137} INFO - [2022-12-03T05:13:06.395+0000] {dag.py:3427} INFO - Setting next_dagrun for example_subdag_operator.section-1 to None, run_after=None
[2022-12-03T05:13:06.402+0000] {logging_mixin.py:137} INFO - [2022-12-03T05:13:06.402+0000] {dag.py:3427} INFO - Setting next_dagrun for example_subdag_operator.section-2 to None, run_after=None
[2022-12-03T05:13:06.429+0000] {processor.py:175} INFO - Processing /home/airflow/.local/lib/python3.7/site-packages/airflow/example_dags/example_subdag_operator.py took 0.244 seconds
[2022-12-03T05:13:37.009+0000] {processor.py:153} INFO - Started process (PID=2215) to work on /home/airflow/.local/lib/python3.7/site-packages/airflow/example_dags/example_subdag_operator.py
[2022-12-03T05:13:37.012+0000] {processor.py:743} INFO - Processing file /home/airflow/.local/lib/python3.7/site-packages/airflow/example_dags/example_subdag_operator.py for tasks to queue
[2022-12-03T05:13:37.013+0000] {logging_mixin.py:137} INFO - [2022-12-03T05:13:37.013+0000] {dagbag.py:538} INFO - Filling up the DagBag from /home/airflow/.local/lib/python3.7/site-packages/airflow/example_dags/example_subdag_operator.py
[2022-12-03T05:13:37.049+0000] {processor.py:753} INFO - DAG(s) dict_keys(['example_subdag_operator.section-1', 'example_subdag_operator.section-2', 'example_subdag_operator']) retrieved from /home/airflow/.local/lib/python3.7/site-packages/airflow/example_dags/example_subdag_operator.py
[2022-12-03T05:13:37.072+0000] {logging_mixin.py:137} INFO - [2022-12-03T05:13:37.072+0000] {dag.py:2676} INFO - Sync 3 DAGs
[2022-12-03T05:13:37.090+0000] {logging_mixin.py:137} INFO - [2022-12-03T05:13:37.090+0000] {dag.py:3427} INFO - Setting next_dagrun for example_subdag_operator to 2022-01-01T00:00:00+00:00, run_after=2022-01-01T00:00:00+00:00
[2022-12-03T05:13:37.094+0000] {logging_mixin.py:137} INFO - [2022-12-03T05:13:37.094+0000] {dag.py:3427} INFO - Setting next_dagrun for example_subdag_operator.section-1 to None, run_after=None
[2022-12-03T05:13:37.095+0000] {logging_mixin.py:137} INFO - [2022-12-03T05:13:37.095+0000] {dag.py:3427} INFO - Setting next_dagrun for example_subdag_operator.section-2 to None, run_after=None
[2022-12-03T05:13:37.102+0000] {logging_mixin.py:137} INFO - [2022-12-03T05:13:37.102+0000] {dag.py:2676} INFO - Sync 2 DAGs
[2022-12-03T05:13:37.106+0000] {logging_mixin.py:137} INFO - [2022-12-03T05:13:37.106+0000] {dag.py:3427} INFO - Setting next_dagrun for example_subdag_operator.section-1 to None, run_after=None
[2022-12-03T05:13:37.107+0000] {logging_mixin.py:137} INFO - [2022-12-03T05:13:37.107+0000] {dag.py:3427} INFO - Setting next_dagrun for example_subdag_operator.section-2 to None, run_after=None
[2022-12-03T05:13:37.116+0000] {processor.py:175} INFO - Processing /home/airflow/.local/lib/python3.7/site-packages/airflow/example_dags/example_subdag_operator.py took 0.113 seconds
[2022-12-03T05:14:07.846+0000] {processor.py:153} INFO - Started process (PID=2434) to work on /home/airflow/.local/lib/python3.7/site-packages/airflow/example_dags/example_subdag_operator.py
[2022-12-03T05:14:07.855+0000] {processor.py:743} INFO - Processing file /home/airflow/.local/lib/python3.7/site-packages/airflow/example_dags/example_subdag_operator.py for tasks to queue
[2022-12-03T05:14:07.870+0000] {logging_mixin.py:137} INFO - [2022-12-03T05:14:07.870+0000] {dagbag.py:538} INFO - Filling up the DagBag from /home/airflow/.local/lib/python3.7/site-packages/airflow/example_dags/example_subdag_operator.py
[2022-12-03T05:14:08.127+0000] {processor.py:753} INFO - DAG(s) dict_keys(['example_subdag_operator.section-1', 'example_subdag_operator.section-2', 'example_subdag_operator']) retrieved from /home/airflow/.local/lib/python3.7/site-packages/airflow/example_dags/example_subdag_operator.py
[2022-12-03T05:14:08.252+0000] {logging_mixin.py:137} INFO - [2022-12-03T05:14:08.250+0000] {dag.py:2676} INFO - Sync 3 DAGs
[2022-12-03T05:14:08.313+0000] {logging_mixin.py:137} INFO - [2022-12-03T05:14:08.313+0000] {dag.py:3427} INFO - Setting next_dagrun for example_subdag_operator to 2022-01-01T00:00:00+00:00, run_after=2022-01-01T00:00:00+00:00
[2022-12-03T05:14:08.332+0000] {logging_mixin.py:137} INFO - [2022-12-03T05:14:08.332+0000] {dag.py:3427} INFO - Setting next_dagrun for example_subdag_operator.section-1 to None, run_after=None
[2022-12-03T05:14:08.336+0000] {logging_mixin.py:137} INFO - [2022-12-03T05:14:08.336+0000] {dag.py:3427} INFO - Setting next_dagrun for example_subdag_operator.section-2 to None, run_after=None
[2022-12-03T05:14:08.347+0000] {logging_mixin.py:137} INFO - [2022-12-03T05:14:08.347+0000] {dag.py:2676} INFO - Sync 2 DAGs
[2022-12-03T05:14:08.360+0000] {logging_mixin.py:137} INFO - [2022-12-03T05:14:08.360+0000] {dag.py:3427} INFO - Setting next_dagrun for example_subdag_operator.section-1 to None, run_after=None
[2022-12-03T05:14:08.363+0000] {logging_mixin.py:137} INFO - [2022-12-03T05:14:08.363+0000] {dag.py:3427} INFO - Setting next_dagrun for example_subdag_operator.section-2 to None, run_after=None
[2022-12-03T05:14:08.393+0000] {processor.py:175} INFO - Processing /home/airflow/.local/lib/python3.7/site-packages/airflow/example_dags/example_subdag_operator.py took 0.555 seconds
[2022-12-03T05:14:39.157+0000] {processor.py:153} INFO - Started process (PID=2654) to work on /home/airflow/.local/lib/python3.7/site-packages/airflow/example_dags/example_subdag_operator.py
[2022-12-03T05:14:39.167+0000] {processor.py:743} INFO - Processing file /home/airflow/.local/lib/python3.7/site-packages/airflow/example_dags/example_subdag_operator.py for tasks to queue
[2022-12-03T05:14:39.169+0000] {logging_mixin.py:137} INFO - [2022-12-03T05:14:39.169+0000] {dagbag.py:538} INFO - Filling up the DagBag from /home/airflow/.local/lib/python3.7/site-packages/airflow/example_dags/example_subdag_operator.py
[2022-12-03T05:14:39.237+0000] {processor.py:753} INFO - DAG(s) dict_keys(['example_subdag_operator.section-1', 'example_subdag_operator.section-2', 'example_subdag_operator']) retrieved from /home/airflow/.local/lib/python3.7/site-packages/airflow/example_dags/example_subdag_operator.py
[2022-12-03T05:14:39.265+0000] {logging_mixin.py:137} INFO - [2022-12-03T05:14:39.265+0000] {dag.py:2676} INFO - Sync 3 DAGs
[2022-12-03T05:14:39.284+0000] {logging_mixin.py:137} INFO - [2022-12-03T05:14:39.284+0000] {dag.py:3427} INFO - Setting next_dagrun for example_subdag_operator to 2022-01-01T00:00:00+00:00, run_after=2022-01-01T00:00:00+00:00
[2022-12-03T05:14:39.287+0000] {logging_mixin.py:137} INFO - [2022-12-03T05:14:39.287+0000] {dag.py:3427} INFO - Setting next_dagrun for example_subdag_operator.section-1 to None, run_after=None
[2022-12-03T05:14:39.289+0000] {logging_mixin.py:137} INFO - [2022-12-03T05:14:39.289+0000] {dag.py:3427} INFO - Setting next_dagrun for example_subdag_operator.section-2 to None, run_after=None
[2022-12-03T05:14:39.299+0000] {logging_mixin.py:137} INFO - [2022-12-03T05:14:39.299+0000] {dag.py:2676} INFO - Sync 2 DAGs
[2022-12-03T05:14:39.304+0000] {logging_mixin.py:137} INFO - [2022-12-03T05:14:39.304+0000] {dag.py:3427} INFO - Setting next_dagrun for example_subdag_operator.section-1 to None, run_after=None
[2022-12-03T05:14:39.306+0000] {logging_mixin.py:137} INFO - [2022-12-03T05:14:39.305+0000] {dag.py:3427} INFO - Setting next_dagrun for example_subdag_operator.section-2 to None, run_after=None
[2022-12-03T05:14:39.316+0000] {processor.py:175} INFO - Processing /home/airflow/.local/lib/python3.7/site-packages/airflow/example_dags/example_subdag_operator.py took 0.165 seconds
[2022-12-03T05:15:09.753+0000] {processor.py:153} INFO - Started process (PID=2869) to work on /home/airflow/.local/lib/python3.7/site-packages/airflow/example_dags/example_subdag_operator.py
[2022-12-03T05:15:09.756+0000] {processor.py:743} INFO - Processing file /home/airflow/.local/lib/python3.7/site-packages/airflow/example_dags/example_subdag_operator.py for tasks to queue
[2022-12-03T05:15:09.757+0000] {logging_mixin.py:137} INFO - [2022-12-03T05:15:09.757+0000] {dagbag.py:538} INFO - Filling up the DagBag from /home/airflow/.local/lib/python3.7/site-packages/airflow/example_dags/example_subdag_operator.py
[2022-12-03T05:15:09.798+0000] {processor.py:753} INFO - DAG(s) dict_keys(['example_subdag_operator.section-1', 'example_subdag_operator.section-2', 'example_subdag_operator']) retrieved from /home/airflow/.local/lib/python3.7/site-packages/airflow/example_dags/example_subdag_operator.py
[2022-12-03T05:15:09.834+0000] {logging_mixin.py:137} INFO - [2022-12-03T05:15:09.834+0000] {dag.py:2676} INFO - Sync 3 DAGs
[2022-12-03T05:15:09.854+0000] {logging_mixin.py:137} INFO - [2022-12-03T05:15:09.854+0000] {dag.py:3427} INFO - Setting next_dagrun for example_subdag_operator to 2022-01-01T00:00:00+00:00, run_after=2022-01-01T00:00:00+00:00
[2022-12-03T05:15:09.858+0000] {logging_mixin.py:137} INFO - [2022-12-03T05:15:09.858+0000] {dag.py:3427} INFO - Setting next_dagrun for example_subdag_operator.section-1 to None, run_after=None
[2022-12-03T05:15:09.860+0000] {logging_mixin.py:137} INFO - [2022-12-03T05:15:09.859+0000] {dag.py:3427} INFO - Setting next_dagrun for example_subdag_operator.section-2 to None, run_after=None
[2022-12-03T05:15:09.867+0000] {logging_mixin.py:137} INFO - [2022-12-03T05:15:09.867+0000] {dag.py:2676} INFO - Sync 2 DAGs
[2022-12-03T05:15:09.872+0000] {logging_mixin.py:137} INFO - [2022-12-03T05:15:09.872+0000] {dag.py:3427} INFO - Setting next_dagrun for example_subdag_operator.section-1 to None, run_after=None
[2022-12-03T05:15:09.873+0000] {logging_mixin.py:137} INFO - [2022-12-03T05:15:09.873+0000] {dag.py:3427} INFO - Setting next_dagrun for example_subdag_operator.section-2 to None, run_after=None
[2022-12-03T05:15:09.887+0000] {processor.py:175} INFO - Processing /home/airflow/.local/lib/python3.7/site-packages/airflow/example_dags/example_subdag_operator.py took 0.142 seconds
[2022-12-03T05:15:40.800+0000] {processor.py:153} INFO - Started process (PID=3096) to work on /home/airflow/.local/lib/python3.7/site-packages/airflow/example_dags/example_subdag_operator.py
[2022-12-03T05:15:40.804+0000] {processor.py:743} INFO - Processing file /home/airflow/.local/lib/python3.7/site-packages/airflow/example_dags/example_subdag_operator.py for tasks to queue
[2022-12-03T05:15:40.805+0000] {logging_mixin.py:137} INFO - [2022-12-03T05:15:40.805+0000] {dagbag.py:538} INFO - Filling up the DagBag from /home/airflow/.local/lib/python3.7/site-packages/airflow/example_dags/example_subdag_operator.py
[2022-12-03T05:15:40.850+0000] {processor.py:753} INFO - DAG(s) dict_keys(['example_subdag_operator.section-1', 'example_subdag_operator.section-2', 'example_subdag_operator']) retrieved from /home/airflow/.local/lib/python3.7/site-packages/airflow/example_dags/example_subdag_operator.py
[2022-12-03T05:15:40.881+0000] {logging_mixin.py:137} INFO - [2022-12-03T05:15:40.881+0000] {dag.py:2676} INFO - Sync 3 DAGs
[2022-12-03T05:15:40.910+0000] {logging_mixin.py:137} INFO - [2022-12-03T05:15:40.910+0000] {dag.py:3427} INFO - Setting next_dagrun for example_subdag_operator to 2022-01-01T00:00:00+00:00, run_after=2022-01-01T00:00:00+00:00
[2022-12-03T05:15:40.914+0000] {logging_mixin.py:137} INFO - [2022-12-03T05:15:40.914+0000] {dag.py:3427} INFO - Setting next_dagrun for example_subdag_operator.section-1 to None, run_after=None
[2022-12-03T05:15:40.916+0000] {logging_mixin.py:137} INFO - [2022-12-03T05:15:40.916+0000] {dag.py:3427} INFO - Setting next_dagrun for example_subdag_operator.section-2 to None, run_after=None
[2022-12-03T05:15:40.922+0000] {logging_mixin.py:137} INFO - [2022-12-03T05:15:40.922+0000] {dag.py:2676} INFO - Sync 2 DAGs
[2022-12-03T05:15:40.926+0000] {logging_mixin.py:137} INFO - [2022-12-03T05:15:40.926+0000] {dag.py:3427} INFO - Setting next_dagrun for example_subdag_operator.section-1 to None, run_after=None
[2022-12-03T05:15:40.927+0000] {logging_mixin.py:137} INFO - [2022-12-03T05:15:40.927+0000] {dag.py:3427} INFO - Setting next_dagrun for example_subdag_operator.section-2 to None, run_after=None
[2022-12-03T05:15:40.935+0000] {processor.py:175} INFO - Processing /home/airflow/.local/lib/python3.7/site-packages/airflow/example_dags/example_subdag_operator.py took 0.145 seconds
[2022-12-03T05:16:11.852+0000] {processor.py:153} INFO - Started process (PID=3316) to work on /home/airflow/.local/lib/python3.7/site-packages/airflow/example_dags/example_subdag_operator.py
[2022-12-03T05:16:11.865+0000] {processor.py:743} INFO - Processing file /home/airflow/.local/lib/python3.7/site-packages/airflow/example_dags/example_subdag_operator.py for tasks to queue
[2022-12-03T05:16:11.875+0000] {logging_mixin.py:137} INFO - [2022-12-03T05:16:11.872+0000] {dagbag.py:538} INFO - Filling up the DagBag from /home/airflow/.local/lib/python3.7/site-packages/airflow/example_dags/example_subdag_operator.py
[2022-12-03T05:16:11.965+0000] {processor.py:753} INFO - DAG(s) dict_keys(['example_subdag_operator.section-1', 'example_subdag_operator.section-2', 'example_subdag_operator']) retrieved from /home/airflow/.local/lib/python3.7/site-packages/airflow/example_dags/example_subdag_operator.py
[2022-12-03T05:16:12.023+0000] {logging_mixin.py:137} INFO - [2022-12-03T05:16:12.023+0000] {dag.py:2676} INFO - Sync 3 DAGs
[2022-12-03T05:16:12.120+0000] {logging_mixin.py:137} INFO - [2022-12-03T05:16:12.120+0000] {dag.py:3427} INFO - Setting next_dagrun for example_subdag_operator to 2022-01-01T00:00:00+00:00, run_after=2022-01-01T00:00:00+00:00
[2022-12-03T05:16:12.155+0000] {logging_mixin.py:137} INFO - [2022-12-03T05:16:12.155+0000] {dag.py:3427} INFO - Setting next_dagrun for example_subdag_operator.section-1 to None, run_after=None
[2022-12-03T05:16:12.161+0000] {logging_mixin.py:137} INFO - [2022-12-03T05:16:12.161+0000] {dag.py:3427} INFO - Setting next_dagrun for example_subdag_operator.section-2 to None, run_after=None
[2022-12-03T05:16:12.217+0000] {logging_mixin.py:137} INFO - [2022-12-03T05:16:12.216+0000] {dag.py:2676} INFO - Sync 2 DAGs
[2022-12-03T05:16:12.233+0000] {logging_mixin.py:137} INFO - [2022-12-03T05:16:12.233+0000] {dag.py:3427} INFO - Setting next_dagrun for example_subdag_operator.section-1 to None, run_after=None
[2022-12-03T05:16:12.236+0000] {logging_mixin.py:137} INFO - [2022-12-03T05:16:12.236+0000] {dag.py:3427} INFO - Setting next_dagrun for example_subdag_operator.section-2 to None, run_after=None
[2022-12-03T05:16:12.265+0000] {processor.py:175} INFO - Processing /home/airflow/.local/lib/python3.7/site-packages/airflow/example_dags/example_subdag_operator.py took 0.424 seconds
[2022-12-03T05:16:42.406+0000] {processor.py:153} INFO - Started process (PID=3534) to work on /home/airflow/.local/lib/python3.7/site-packages/airflow/example_dags/example_subdag_operator.py
[2022-12-03T05:16:42.408+0000] {processor.py:743} INFO - Processing file /home/airflow/.local/lib/python3.7/site-packages/airflow/example_dags/example_subdag_operator.py for tasks to queue
[2022-12-03T05:16:42.409+0000] {logging_mixin.py:137} INFO - [2022-12-03T05:16:42.409+0000] {dagbag.py:538} INFO - Filling up the DagBag from /home/airflow/.local/lib/python3.7/site-packages/airflow/example_dags/example_subdag_operator.py
[2022-12-03T05:16:42.453+0000] {processor.py:753} INFO - DAG(s) dict_keys(['example_subdag_operator.section-1', 'example_subdag_operator.section-2', 'example_subdag_operator']) retrieved from /home/airflow/.local/lib/python3.7/site-packages/airflow/example_dags/example_subdag_operator.py
[2022-12-03T05:16:42.484+0000] {logging_mixin.py:137} INFO - [2022-12-03T05:16:42.484+0000] {dag.py:2676} INFO - Sync 3 DAGs
[2022-12-03T05:16:42.503+0000] {logging_mixin.py:137} INFO - [2022-12-03T05:16:42.503+0000] {dag.py:3427} INFO - Setting next_dagrun for example_subdag_operator to 2022-01-01T00:00:00+00:00, run_after=2022-01-01T00:00:00+00:00
[2022-12-03T05:16:42.507+0000] {logging_mixin.py:137} INFO - [2022-12-03T05:16:42.507+0000] {dag.py:3427} INFO - Setting next_dagrun for example_subdag_operator.section-1 to None, run_after=None
[2022-12-03T05:16:42.509+0000] {logging_mixin.py:137} INFO - [2022-12-03T05:16:42.509+0000] {dag.py:3427} INFO - Setting next_dagrun for example_subdag_operator.section-2 to None, run_after=None
[2022-12-03T05:16:42.517+0000] {logging_mixin.py:137} INFO - [2022-12-03T05:16:42.517+0000] {dag.py:2676} INFO - Sync 2 DAGs
[2022-12-03T05:16:42.521+0000] {logging_mixin.py:137} INFO - [2022-12-03T05:16:42.521+0000] {dag.py:3427} INFO - Setting next_dagrun for example_subdag_operator.section-1 to None, run_after=None
[2022-12-03T05:16:42.522+0000] {logging_mixin.py:137} INFO - [2022-12-03T05:16:42.522+0000] {dag.py:3427} INFO - Setting next_dagrun for example_subdag_operator.section-2 to None, run_after=None
[2022-12-03T05:16:42.531+0000] {processor.py:175} INFO - Processing /home/airflow/.local/lib/python3.7/site-packages/airflow/example_dags/example_subdag_operator.py took 0.130 seconds
[2022-12-03T05:17:12.638+0000] {processor.py:153} INFO - Started process (PID=3759) to work on /home/airflow/.local/lib/python3.7/site-packages/airflow/example_dags/example_subdag_operator.py
[2022-12-03T05:17:12.641+0000] {processor.py:743} INFO - Processing file /home/airflow/.local/lib/python3.7/site-packages/airflow/example_dags/example_subdag_operator.py for tasks to queue
[2022-12-03T05:17:12.644+0000] {logging_mixin.py:137} INFO - [2022-12-03T05:17:12.644+0000] {dagbag.py:538} INFO - Filling up the DagBag from /home/airflow/.local/lib/python3.7/site-packages/airflow/example_dags/example_subdag_operator.py
[2022-12-03T05:17:12.707+0000] {processor.py:753} INFO - DAG(s) dict_keys(['example_subdag_operator.section-1', 'example_subdag_operator.section-2', 'example_subdag_operator']) retrieved from /home/airflow/.local/lib/python3.7/site-packages/airflow/example_dags/example_subdag_operator.py
[2022-12-03T05:17:12.734+0000] {logging_mixin.py:137} INFO - [2022-12-03T05:17:12.734+0000] {dag.py:2676} INFO - Sync 3 DAGs
[2022-12-03T05:17:12.755+0000] {logging_mixin.py:137} INFO - [2022-12-03T05:17:12.755+0000] {dag.py:3427} INFO - Setting next_dagrun for example_subdag_operator to 2022-01-01T00:00:00+00:00, run_after=2022-01-01T00:00:00+00:00
[2022-12-03T05:17:12.759+0000] {logging_mixin.py:137} INFO - [2022-12-03T05:17:12.759+0000] {dag.py:3427} INFO - Setting next_dagrun for example_subdag_operator.section-1 to None, run_after=None
[2022-12-03T05:17:12.760+0000] {logging_mixin.py:137} INFO - [2022-12-03T05:17:12.760+0000] {dag.py:3427} INFO - Setting next_dagrun for example_subdag_operator.section-2 to None, run_after=None
[2022-12-03T05:17:12.767+0000] {logging_mixin.py:137} INFO - [2022-12-03T05:17:12.767+0000] {dag.py:2676} INFO - Sync 2 DAGs
[2022-12-03T05:17:12.772+0000] {logging_mixin.py:137} INFO - [2022-12-03T05:17:12.772+0000] {dag.py:3427} INFO - Setting next_dagrun for example_subdag_operator.section-1 to None, run_after=None
[2022-12-03T05:17:12.773+0000] {logging_mixin.py:137} INFO - [2022-12-03T05:17:12.773+0000] {dag.py:3427} INFO - Setting next_dagrun for example_subdag_operator.section-2 to None, run_after=None
[2022-12-03T05:17:12.781+0000] {processor.py:175} INFO - Processing /home/airflow/.local/lib/python3.7/site-packages/airflow/example_dags/example_subdag_operator.py took 0.150 seconds
[2022-12-03T05:17:43.347+0000] {processor.py:153} INFO - Started process (PID=3974) to work on /home/airflow/.local/lib/python3.7/site-packages/airflow/example_dags/example_subdag_operator.py
[2022-12-03T05:17:43.349+0000] {processor.py:743} INFO - Processing file /home/airflow/.local/lib/python3.7/site-packages/airflow/example_dags/example_subdag_operator.py for tasks to queue
[2022-12-03T05:17:43.351+0000] {logging_mixin.py:137} INFO - [2022-12-03T05:17:43.351+0000] {dagbag.py:538} INFO - Filling up the DagBag from /home/airflow/.local/lib/python3.7/site-packages/airflow/example_dags/example_subdag_operator.py
[2022-12-03T05:17:43.381+0000] {processor.py:753} INFO - DAG(s) dict_keys(['example_subdag_operator.section-1', 'example_subdag_operator.section-2', 'example_subdag_operator']) retrieved from /home/airflow/.local/lib/python3.7/site-packages/airflow/example_dags/example_subdag_operator.py
[2022-12-03T05:17:43.410+0000] {logging_mixin.py:137} INFO - [2022-12-03T05:17:43.410+0000] {dag.py:2676} INFO - Sync 3 DAGs
[2022-12-03T05:17:43.437+0000] {logging_mixin.py:137} INFO - [2022-12-03T05:17:43.437+0000] {dag.py:3427} INFO - Setting next_dagrun for example_subdag_operator to 2022-01-01T00:00:00+00:00, run_after=2022-01-01T00:00:00+00:00
[2022-12-03T05:17:43.444+0000] {logging_mixin.py:137} INFO - [2022-12-03T05:17:43.443+0000] {dag.py:3427} INFO - Setting next_dagrun for example_subdag_operator.section-1 to None, run_after=None
[2022-12-03T05:17:43.448+0000] {logging_mixin.py:137} INFO - [2022-12-03T05:17:43.448+0000] {dag.py:3427} INFO - Setting next_dagrun for example_subdag_operator.section-2 to None, run_after=None
[2022-12-03T05:17:43.461+0000] {logging_mixin.py:137} INFO - [2022-12-03T05:17:43.461+0000] {dag.py:2676} INFO - Sync 2 DAGs
[2022-12-03T05:17:43.469+0000] {logging_mixin.py:137} INFO - [2022-12-03T05:17:43.469+0000] {dag.py:3427} INFO - Setting next_dagrun for example_subdag_operator.section-1 to None, run_after=None
[2022-12-03T05:17:43.486+0000] {logging_mixin.py:137} INFO - [2022-12-03T05:17:43.486+0000] {dag.py:3427} INFO - Setting next_dagrun for example_subdag_operator.section-2 to None, run_after=None
[2022-12-03T05:17:43.497+0000] {processor.py:175} INFO - Processing /home/airflow/.local/lib/python3.7/site-packages/airflow/example_dags/example_subdag_operator.py took 0.156 seconds
[2022-12-03T05:18:55.713+0000] {processor.py:153} INFO - Started process (PID=240) to work on /home/airflow/.local/lib/python3.7/site-packages/airflow/example_dags/example_subdag_operator.py
[2022-12-03T05:18:55.715+0000] {processor.py:743} INFO - Processing file /home/airflow/.local/lib/python3.7/site-packages/airflow/example_dags/example_subdag_operator.py for tasks to queue
[2022-12-03T05:18:55.717+0000] {logging_mixin.py:137} INFO - [2022-12-03T05:18:55.717+0000] {dagbag.py:538} INFO - Filling up the DagBag from /home/airflow/.local/lib/python3.7/site-packages/airflow/example_dags/example_subdag_operator.py
[2022-12-03T05:18:55.759+0000] {processor.py:753} INFO - DAG(s) dict_keys(['example_subdag_operator.section-1', 'example_subdag_operator.section-2', 'example_subdag_operator']) retrieved from /home/airflow/.local/lib/python3.7/site-packages/airflow/example_dags/example_subdag_operator.py
[2022-12-03T05:18:55.777+0000] {logging_mixin.py:137} INFO - [2022-12-03T05:18:55.776+0000] {dag.py:2676} INFO - Sync 3 DAGs
[2022-12-03T05:18:55.800+0000] {logging_mixin.py:137} INFO - [2022-12-03T05:18:55.800+0000] {dag.py:3427} INFO - Setting next_dagrun for example_subdag_operator to 2022-01-01T00:00:00+00:00, run_after=2022-01-01T00:00:00+00:00
[2022-12-03T05:18:55.805+0000] {logging_mixin.py:137} INFO - [2022-12-03T05:18:55.804+0000] {dag.py:3427} INFO - Setting next_dagrun for example_subdag_operator.section-1 to None, run_after=None
[2022-12-03T05:18:55.808+0000] {logging_mixin.py:137} INFO - [2022-12-03T05:18:55.808+0000] {dag.py:3427} INFO - Setting next_dagrun for example_subdag_operator.section-2 to None, run_after=None
[2022-12-03T05:18:55.843+0000] {logging_mixin.py:137} INFO - [2022-12-03T05:18:55.843+0000] {dag.py:2676} INFO - Sync 2 DAGs
[2022-12-03T05:18:55.850+0000] {logging_mixin.py:137} INFO - [2022-12-03T05:18:55.850+0000] {dag.py:3427} INFO - Setting next_dagrun for example_subdag_operator.section-1 to None, run_after=None
[2022-12-03T05:18:55.851+0000] {logging_mixin.py:137} INFO - [2022-12-03T05:18:55.851+0000] {dag.py:3427} INFO - Setting next_dagrun for example_subdag_operator.section-2 to None, run_after=None
[2022-12-03T05:18:55.873+0000] {processor.py:175} INFO - Processing /home/airflow/.local/lib/python3.7/site-packages/airflow/example_dags/example_subdag_operator.py took 0.162 seconds
[2022-12-03T05:19:26.178+0000] {processor.py:153} INFO - Started process (PID=457) to work on /home/airflow/.local/lib/python3.7/site-packages/airflow/example_dags/example_subdag_operator.py
[2022-12-03T05:19:26.179+0000] {processor.py:743} INFO - Processing file /home/airflow/.local/lib/python3.7/site-packages/airflow/example_dags/example_subdag_operator.py for tasks to queue
[2022-12-03T05:19:26.181+0000] {logging_mixin.py:137} INFO - [2022-12-03T05:19:26.181+0000] {dagbag.py:538} INFO - Filling up the DagBag from /home/airflow/.local/lib/python3.7/site-packages/airflow/example_dags/example_subdag_operator.py
[2022-12-03T05:19:26.207+0000] {processor.py:753} INFO - DAG(s) dict_keys(['example_subdag_operator.section-1', 'example_subdag_operator.section-2', 'example_subdag_operator']) retrieved from /home/airflow/.local/lib/python3.7/site-packages/airflow/example_dags/example_subdag_operator.py
[2022-12-03T05:19:26.229+0000] {logging_mixin.py:137} INFO - [2022-12-03T05:19:26.229+0000] {dag.py:2676} INFO - Sync 3 DAGs
[2022-12-03T05:19:26.245+0000] {logging_mixin.py:137} INFO - [2022-12-03T05:19:26.245+0000] {dag.py:3427} INFO - Setting next_dagrun for example_subdag_operator to 2022-01-01T00:00:00+00:00, run_after=2022-01-01T00:00:00+00:00
[2022-12-03T05:19:26.249+0000] {logging_mixin.py:137} INFO - [2022-12-03T05:19:26.249+0000] {dag.py:3427} INFO - Setting next_dagrun for example_subdag_operator.section-1 to None, run_after=None
[2022-12-03T05:19:26.251+0000] {logging_mixin.py:137} INFO - [2022-12-03T05:19:26.251+0000] {dag.py:3427} INFO - Setting next_dagrun for example_subdag_operator.section-2 to None, run_after=None
[2022-12-03T05:19:26.257+0000] {logging_mixin.py:137} INFO - [2022-12-03T05:19:26.257+0000] {dag.py:2676} INFO - Sync 2 DAGs
[2022-12-03T05:19:26.261+0000] {logging_mixin.py:137} INFO - [2022-12-03T05:19:26.261+0000] {dag.py:3427} INFO - Setting next_dagrun for example_subdag_operator.section-1 to None, run_after=None
[2022-12-03T05:19:26.262+0000] {logging_mixin.py:137} INFO - [2022-12-03T05:19:26.262+0000] {dag.py:3427} INFO - Setting next_dagrun for example_subdag_operator.section-2 to None, run_after=None
[2022-12-03T05:19:26.277+0000] {processor.py:175} INFO - Processing /home/airflow/.local/lib/python3.7/site-packages/airflow/example_dags/example_subdag_operator.py took 0.102 seconds
[2022-12-03T05:19:57.168+0000] {processor.py:153} INFO - Started process (PID=682) to work on /home/airflow/.local/lib/python3.7/site-packages/airflow/example_dags/example_subdag_operator.py
[2022-12-03T05:19:57.169+0000] {processor.py:743} INFO - Processing file /home/airflow/.local/lib/python3.7/site-packages/airflow/example_dags/example_subdag_operator.py for tasks to queue
[2022-12-03T05:19:57.170+0000] {logging_mixin.py:137} INFO - [2022-12-03T05:19:57.170+0000] {dagbag.py:538} INFO - Filling up the DagBag from /home/airflow/.local/lib/python3.7/site-packages/airflow/example_dags/example_subdag_operator.py
[2022-12-03T05:19:57.192+0000] {processor.py:753} INFO - DAG(s) dict_keys(['example_subdag_operator.section-1', 'example_subdag_operator.section-2', 'example_subdag_operator']) retrieved from /home/airflow/.local/lib/python3.7/site-packages/airflow/example_dags/example_subdag_operator.py
[2022-12-03T05:19:57.215+0000] {logging_mixin.py:137} INFO - [2022-12-03T05:19:57.215+0000] {dag.py:2676} INFO - Sync 3 DAGs
[2022-12-03T05:19:57.232+0000] {logging_mixin.py:137} INFO - [2022-12-03T05:19:57.232+0000] {dag.py:3427} INFO - Setting next_dagrun for example_subdag_operator to 2022-01-01T00:00:00+00:00, run_after=2022-01-01T00:00:00+00:00
[2022-12-03T05:19:57.235+0000] {logging_mixin.py:137} INFO - [2022-12-03T05:19:57.235+0000] {dag.py:3427} INFO - Setting next_dagrun for example_subdag_operator.section-1 to None, run_after=None
[2022-12-03T05:19:57.237+0000] {logging_mixin.py:137} INFO - [2022-12-03T05:19:57.237+0000] {dag.py:3427} INFO - Setting next_dagrun for example_subdag_operator.section-2 to None, run_after=None
[2022-12-03T05:19:57.245+0000] {logging_mixin.py:137} INFO - [2022-12-03T05:19:57.245+0000] {dag.py:2676} INFO - Sync 2 DAGs
[2022-12-03T05:19:57.257+0000] {logging_mixin.py:137} INFO - [2022-12-03T05:19:57.257+0000] {dag.py:3427} INFO - Setting next_dagrun for example_subdag_operator.section-1 to None, run_after=None
[2022-12-03T05:19:57.258+0000] {logging_mixin.py:137} INFO - [2022-12-03T05:19:57.258+0000] {dag.py:3427} INFO - Setting next_dagrun for example_subdag_operator.section-2 to None, run_after=None
[2022-12-03T05:19:57.270+0000] {processor.py:175} INFO - Processing /home/airflow/.local/lib/python3.7/site-packages/airflow/example_dags/example_subdag_operator.py took 0.105 seconds
