[2022-12-03T05:09:00.703+0000] {processor.py:153} INFO - Started process (PID=301) to work on /home/airflow/.local/lib/python3.7/site-packages/airflow/example_dags/example_task_group_decorator.py
[2022-12-03T05:09:00.708+0000] {processor.py:743} INFO - Processing file /home/airflow/.local/lib/python3.7/site-packages/airflow/example_dags/example_task_group_decorator.py for tasks to queue
[2022-12-03T05:09:00.710+0000] {logging_mixin.py:137} INFO - [2022-12-03T05:09:00.710+0000] {dagbag.py:538} INFO - Filling up the DagBag from /home/airflow/.local/lib/python3.7/site-packages/airflow/example_dags/example_task_group_decorator.py
[2022-12-03T05:09:00.766+0000] {processor.py:753} INFO - DAG(s) dict_keys(['example_task_group_decorator']) retrieved from /home/airflow/.local/lib/python3.7/site-packages/airflow/example_dags/example_task_group_decorator.py
[2022-12-03T05:09:00.796+0000] {logging_mixin.py:137} INFO - [2022-12-03T05:09:00.796+0000] {dag.py:2676} INFO - Sync 1 DAGs
[2022-12-03T05:09:00.825+0000] {logging_mixin.py:137} INFO - [2022-12-03T05:09:00.824+0000] {dag.py:3427} INFO - Setting next_dagrun for example_task_group_decorator to 2022-12-02T05:09:00.823885+00:00, run_after=2022-12-03T05:09:00.823885+00:00
[2022-12-03T05:09:00.854+0000] {processor.py:175} INFO - Processing /home/airflow/.local/lib/python3.7/site-packages/airflow/example_dags/example_task_group_decorator.py took 0.154 seconds
[2022-12-03T05:09:31.549+0000] {processor.py:153} INFO - Started process (PID=515) to work on /home/airflow/.local/lib/python3.7/site-packages/airflow/example_dags/example_task_group_decorator.py
[2022-12-03T05:09:31.553+0000] {processor.py:743} INFO - Processing file /home/airflow/.local/lib/python3.7/site-packages/airflow/example_dags/example_task_group_decorator.py for tasks to queue
[2022-12-03T05:09:31.556+0000] {logging_mixin.py:137} INFO - [2022-12-03T05:09:31.555+0000] {dagbag.py:538} INFO - Filling up the DagBag from /home/airflow/.local/lib/python3.7/site-packages/airflow/example_dags/example_task_group_decorator.py
[2022-12-03T05:09:31.601+0000] {processor.py:753} INFO - DAG(s) dict_keys(['example_task_group_decorator']) retrieved from /home/airflow/.local/lib/python3.7/site-packages/airflow/example_dags/example_task_group_decorator.py
[2022-12-03T05:09:31.632+0000] {logging_mixin.py:137} INFO - [2022-12-03T05:09:31.632+0000] {dag.py:2676} INFO - Sync 1 DAGs
[2022-12-03T05:09:31.648+0000] {logging_mixin.py:137} INFO - [2022-12-03T05:09:31.648+0000] {dag.py:3427} INFO - Setting next_dagrun for example_task_group_decorator to 2022-12-02T05:09:31.648292+00:00, run_after=2022-12-03T05:09:31.648292+00:00
[2022-12-03T05:09:31.662+0000] {processor.py:175} INFO - Processing /home/airflow/.local/lib/python3.7/site-packages/airflow/example_dags/example_task_group_decorator.py took 0.116 seconds
[2022-12-03T05:10:02.540+0000] {processor.py:153} INFO - Started process (PID=740) to work on /home/airflow/.local/lib/python3.7/site-packages/airflow/example_dags/example_task_group_decorator.py
[2022-12-03T05:10:02.541+0000] {processor.py:743} INFO - Processing file /home/airflow/.local/lib/python3.7/site-packages/airflow/example_dags/example_task_group_decorator.py for tasks to queue
[2022-12-03T05:10:02.543+0000] {logging_mixin.py:137} INFO - [2022-12-03T05:10:02.543+0000] {dagbag.py:538} INFO - Filling up the DagBag from /home/airflow/.local/lib/python3.7/site-packages/airflow/example_dags/example_task_group_decorator.py
[2022-12-03T05:10:02.566+0000] {processor.py:753} INFO - DAG(s) dict_keys(['example_task_group_decorator']) retrieved from /home/airflow/.local/lib/python3.7/site-packages/airflow/example_dags/example_task_group_decorator.py
[2022-12-03T05:10:02.617+0000] {logging_mixin.py:137} INFO - [2022-12-03T05:10:02.617+0000] {dag.py:2676} INFO - Sync 1 DAGs
[2022-12-03T05:10:02.655+0000] {logging_mixin.py:137} INFO - [2022-12-03T05:10:02.655+0000] {dag.py:3427} INFO - Setting next_dagrun for example_task_group_decorator to 2022-12-02T05:10:02.654412+00:00, run_after=2022-12-03T05:10:02.654412+00:00
[2022-12-03T05:10:02.683+0000] {processor.py:175} INFO - Processing /home/airflow/.local/lib/python3.7/site-packages/airflow/example_dags/example_task_group_decorator.py took 0.145 seconds
[2022-12-03T05:10:32.982+0000] {processor.py:153} INFO - Started process (PID=956) to work on /home/airflow/.local/lib/python3.7/site-packages/airflow/example_dags/example_task_group_decorator.py
[2022-12-03T05:10:32.986+0000] {processor.py:743} INFO - Processing file /home/airflow/.local/lib/python3.7/site-packages/airflow/example_dags/example_task_group_decorator.py for tasks to queue
[2022-12-03T05:10:32.988+0000] {logging_mixin.py:137} INFO - [2022-12-03T05:10:32.988+0000] {dagbag.py:538} INFO - Filling up the DagBag from /home/airflow/.local/lib/python3.7/site-packages/airflow/example_dags/example_task_group_decorator.py
[2022-12-03T05:10:33.020+0000] {processor.py:753} INFO - DAG(s) dict_keys(['example_task_group_decorator']) retrieved from /home/airflow/.local/lib/python3.7/site-packages/airflow/example_dags/example_task_group_decorator.py
[2022-12-03T05:10:33.065+0000] {logging_mixin.py:137} INFO - [2022-12-03T05:10:33.064+0000] {dag.py:2676} INFO - Sync 1 DAGs
[2022-12-03T05:10:33.085+0000] {logging_mixin.py:137} INFO - [2022-12-03T05:10:33.085+0000] {dag.py:3427} INFO - Setting next_dagrun for example_task_group_decorator to 2022-12-02T05:10:33.085300+00:00, run_after=2022-12-03T05:10:33.085300+00:00
[2022-12-03T05:10:33.098+0000] {processor.py:175} INFO - Processing /home/airflow/.local/lib/python3.7/site-packages/airflow/example_dags/example_task_group_decorator.py took 0.118 seconds
[2022-12-03T05:11:03.682+0000] {processor.py:153} INFO - Started process (PID=1179) to work on /home/airflow/.local/lib/python3.7/site-packages/airflow/example_dags/example_task_group_decorator.py
[2022-12-03T05:11:03.684+0000] {processor.py:743} INFO - Processing file /home/airflow/.local/lib/python3.7/site-packages/airflow/example_dags/example_task_group_decorator.py for tasks to queue
[2022-12-03T05:11:03.688+0000] {logging_mixin.py:137} INFO - [2022-12-03T05:11:03.688+0000] {dagbag.py:538} INFO - Filling up the DagBag from /home/airflow/.local/lib/python3.7/site-packages/airflow/example_dags/example_task_group_decorator.py
[2022-12-03T05:11:03.709+0000] {processor.py:753} INFO - DAG(s) dict_keys(['example_task_group_decorator']) retrieved from /home/airflow/.local/lib/python3.7/site-packages/airflow/example_dags/example_task_group_decorator.py
[2022-12-03T05:11:03.755+0000] {logging_mixin.py:137} INFO - [2022-12-03T05:11:03.755+0000] {dag.py:2676} INFO - Sync 1 DAGs
[2022-12-03T05:11:03.788+0000] {logging_mixin.py:137} INFO - [2022-12-03T05:11:03.788+0000] {dag.py:3427} INFO - Setting next_dagrun for example_task_group_decorator to 2022-12-02T05:11:03.787837+00:00, run_after=2022-12-03T05:11:03.787837+00:00
[2022-12-03T05:11:03.807+0000] {processor.py:175} INFO - Processing /home/airflow/.local/lib/python3.7/site-packages/airflow/example_dags/example_task_group_decorator.py took 0.129 seconds
[2022-12-03T05:11:34.665+0000] {processor.py:153} INFO - Started process (PID=1393) to work on /home/airflow/.local/lib/python3.7/site-packages/airflow/example_dags/example_task_group_decorator.py
[2022-12-03T05:11:34.667+0000] {processor.py:743} INFO - Processing file /home/airflow/.local/lib/python3.7/site-packages/airflow/example_dags/example_task_group_decorator.py for tasks to queue
[2022-12-03T05:11:34.668+0000] {logging_mixin.py:137} INFO - [2022-12-03T05:11:34.668+0000] {dagbag.py:538} INFO - Filling up the DagBag from /home/airflow/.local/lib/python3.7/site-packages/airflow/example_dags/example_task_group_decorator.py
[2022-12-03T05:11:34.686+0000] {processor.py:753} INFO - DAG(s) dict_keys(['example_task_group_decorator']) retrieved from /home/airflow/.local/lib/python3.7/site-packages/airflow/example_dags/example_task_group_decorator.py
[2022-12-03T05:11:34.731+0000] {logging_mixin.py:137} INFO - [2022-12-03T05:11:34.731+0000] {dag.py:2676} INFO - Sync 1 DAGs
[2022-12-03T05:11:34.759+0000] {logging_mixin.py:137} INFO - [2022-12-03T05:11:34.759+0000] {dag.py:3427} INFO - Setting next_dagrun for example_task_group_decorator to 2022-12-02T05:11:34.759520+00:00, run_after=2022-12-03T05:11:34.759520+00:00
[2022-12-03T05:11:34.775+0000] {processor.py:175} INFO - Processing /home/airflow/.local/lib/python3.7/site-packages/airflow/example_dags/example_task_group_decorator.py took 0.112 seconds
[2022-12-03T05:12:05.309+0000] {processor.py:153} INFO - Started process (PID=1621) to work on /home/airflow/.local/lib/python3.7/site-packages/airflow/example_dags/example_task_group_decorator.py
[2022-12-03T05:12:05.311+0000] {processor.py:743} INFO - Processing file /home/airflow/.local/lib/python3.7/site-packages/airflow/example_dags/example_task_group_decorator.py for tasks to queue
[2022-12-03T05:12:05.311+0000] {logging_mixin.py:137} INFO - [2022-12-03T05:12:05.311+0000] {dagbag.py:538} INFO - Filling up the DagBag from /home/airflow/.local/lib/python3.7/site-packages/airflow/example_dags/example_task_group_decorator.py
[2022-12-03T05:12:05.329+0000] {processor.py:753} INFO - DAG(s) dict_keys(['example_task_group_decorator']) retrieved from /home/airflow/.local/lib/python3.7/site-packages/airflow/example_dags/example_task_group_decorator.py
[2022-12-03T05:12:05.355+0000] {logging_mixin.py:137} INFO - [2022-12-03T05:12:05.355+0000] {dag.py:2676} INFO - Sync 1 DAGs
[2022-12-03T05:12:05.376+0000] {logging_mixin.py:137} INFO - [2022-12-03T05:12:05.376+0000] {dag.py:3427} INFO - Setting next_dagrun for example_task_group_decorator to 2022-12-02T05:12:05.376182+00:00, run_after=2022-12-03T05:12:05.376182+00:00
[2022-12-03T05:12:05.390+0000] {processor.py:175} INFO - Processing /home/airflow/.local/lib/python3.7/site-packages/airflow/example_dags/example_task_group_decorator.py took 0.084 seconds
[2022-12-03T05:12:38.313+0000] {processor.py:153} INFO - Started process (PID=1832) to work on /home/airflow/.local/lib/python3.7/site-packages/airflow/example_dags/example_task_group_decorator.py
[2022-12-03T05:12:38.325+0000] {processor.py:743} INFO - Processing file /home/airflow/.local/lib/python3.7/site-packages/airflow/example_dags/example_task_group_decorator.py for tasks to queue
[2022-12-03T05:12:38.342+0000] {logging_mixin.py:137} INFO - [2022-12-03T05:12:38.342+0000] {dagbag.py:538} INFO - Filling up the DagBag from /home/airflow/.local/lib/python3.7/site-packages/airflow/example_dags/example_task_group_decorator.py
[2022-12-03T05:12:38.393+0000] {processor.py:753} INFO - DAG(s) dict_keys(['example_task_group_decorator']) retrieved from /home/airflow/.local/lib/python3.7/site-packages/airflow/example_dags/example_task_group_decorator.py
[2022-12-03T05:12:38.510+0000] {logging_mixin.py:137} INFO - [2022-12-03T05:12:38.509+0000] {dag.py:2676} INFO - Sync 1 DAGs
[2022-12-03T05:12:38.586+0000] {logging_mixin.py:137} INFO - [2022-12-03T05:12:38.586+0000] {dag.py:3427} INFO - Setting next_dagrun for example_task_group_decorator to 2022-12-02T05:12:38.584751+00:00, run_after=2022-12-03T05:12:38.584751+00:00
[2022-12-03T05:12:38.607+0000] {processor.py:175} INFO - Processing /home/airflow/.local/lib/python3.7/site-packages/airflow/example_dags/example_task_group_decorator.py took 0.342 seconds
[2022-12-03T05:13:08.984+0000] {processor.py:153} INFO - Started process (PID=2061) to work on /home/airflow/.local/lib/python3.7/site-packages/airflow/example_dags/example_task_group_decorator.py
[2022-12-03T05:13:08.986+0000] {processor.py:743} INFO - Processing file /home/airflow/.local/lib/python3.7/site-packages/airflow/example_dags/example_task_group_decorator.py for tasks to queue
[2022-12-03T05:13:08.987+0000] {logging_mixin.py:137} INFO - [2022-12-03T05:13:08.987+0000] {dagbag.py:538} INFO - Filling up the DagBag from /home/airflow/.local/lib/python3.7/site-packages/airflow/example_dags/example_task_group_decorator.py
[2022-12-03T05:13:09.012+0000] {processor.py:753} INFO - DAG(s) dict_keys(['example_task_group_decorator']) retrieved from /home/airflow/.local/lib/python3.7/site-packages/airflow/example_dags/example_task_group_decorator.py
[2022-12-03T05:13:09.084+0000] {logging_mixin.py:137} INFO - [2022-12-03T05:13:09.083+0000] {dag.py:2676} INFO - Sync 1 DAGs
[2022-12-03T05:13:09.111+0000] {logging_mixin.py:137} INFO - [2022-12-03T05:13:09.111+0000] {dag.py:3427} INFO - Setting next_dagrun for example_task_group_decorator to 2022-12-02T05:13:09.111214+00:00, run_after=2022-12-03T05:13:09.111214+00:00
[2022-12-03T05:13:09.141+0000] {processor.py:175} INFO - Processing /home/airflow/.local/lib/python3.7/site-packages/airflow/example_dags/example_task_group_decorator.py took 0.162 seconds
[2022-12-03T05:13:39.835+0000] {processor.py:153} INFO - Started process (PID=2275) to work on /home/airflow/.local/lib/python3.7/site-packages/airflow/example_dags/example_task_group_decorator.py
[2022-12-03T05:13:39.836+0000] {processor.py:743} INFO - Processing file /home/airflow/.local/lib/python3.7/site-packages/airflow/example_dags/example_task_group_decorator.py for tasks to queue
[2022-12-03T05:13:39.837+0000] {logging_mixin.py:137} INFO - [2022-12-03T05:13:39.837+0000] {dagbag.py:538} INFO - Filling up the DagBag from /home/airflow/.local/lib/python3.7/site-packages/airflow/example_dags/example_task_group_decorator.py
[2022-12-03T05:13:39.854+0000] {processor.py:753} INFO - DAG(s) dict_keys(['example_task_group_decorator']) retrieved from /home/airflow/.local/lib/python3.7/site-packages/airflow/example_dags/example_task_group_decorator.py
[2022-12-03T05:13:39.879+0000] {logging_mixin.py:137} INFO - [2022-12-03T05:13:39.879+0000] {dag.py:2676} INFO - Sync 1 DAGs
[2022-12-03T05:13:39.893+0000] {logging_mixin.py:137} INFO - [2022-12-03T05:13:39.893+0000] {dag.py:3427} INFO - Setting next_dagrun for example_task_group_decorator to 2022-12-02T05:13:39.893526+00:00, run_after=2022-12-03T05:13:39.893526+00:00
[2022-12-03T05:13:39.907+0000] {processor.py:175} INFO - Processing /home/airflow/.local/lib/python3.7/site-packages/airflow/example_dags/example_task_group_decorator.py took 0.074 seconds
[2022-12-03T05:14:10.560+0000] {processor.py:153} INFO - Started process (PID=2501) to work on /home/airflow/.local/lib/python3.7/site-packages/airflow/example_dags/example_task_group_decorator.py
[2022-12-03T05:14:10.566+0000] {processor.py:743} INFO - Processing file /home/airflow/.local/lib/python3.7/site-packages/airflow/example_dags/example_task_group_decorator.py for tasks to queue
[2022-12-03T05:14:10.570+0000] {logging_mixin.py:137} INFO - [2022-12-03T05:14:10.570+0000] {dagbag.py:538} INFO - Filling up the DagBag from /home/airflow/.local/lib/python3.7/site-packages/airflow/example_dags/example_task_group_decorator.py
[2022-12-03T05:14:10.612+0000] {processor.py:753} INFO - DAG(s) dict_keys(['example_task_group_decorator']) retrieved from /home/airflow/.local/lib/python3.7/site-packages/airflow/example_dags/example_task_group_decorator.py
[2022-12-03T05:14:10.658+0000] {logging_mixin.py:137} INFO - [2022-12-03T05:14:10.658+0000] {dag.py:2676} INFO - Sync 1 DAGs
[2022-12-03T05:14:10.677+0000] {logging_mixin.py:137} INFO - [2022-12-03T05:14:10.677+0000] {dag.py:3427} INFO - Setting next_dagrun for example_task_group_decorator to 2022-12-02T05:14:10.677616+00:00, run_after=2022-12-03T05:14:10.677616+00:00
[2022-12-03T05:14:10.693+0000] {processor.py:175} INFO - Processing /home/airflow/.local/lib/python3.7/site-packages/airflow/example_dags/example_task_group_decorator.py took 0.136 seconds
[2022-12-03T05:14:41.305+0000] {processor.py:153} INFO - Started process (PID=2716) to work on /home/airflow/.local/lib/python3.7/site-packages/airflow/example_dags/example_task_group_decorator.py
[2022-12-03T05:14:41.307+0000] {processor.py:743} INFO - Processing file /home/airflow/.local/lib/python3.7/site-packages/airflow/example_dags/example_task_group_decorator.py for tasks to queue
[2022-12-03T05:14:41.308+0000] {logging_mixin.py:137} INFO - [2022-12-03T05:14:41.308+0000] {dagbag.py:538} INFO - Filling up the DagBag from /home/airflow/.local/lib/python3.7/site-packages/airflow/example_dags/example_task_group_decorator.py
[2022-12-03T05:14:41.326+0000] {processor.py:753} INFO - DAG(s) dict_keys(['example_task_group_decorator']) retrieved from /home/airflow/.local/lib/python3.7/site-packages/airflow/example_dags/example_task_group_decorator.py
[2022-12-03T05:14:41.369+0000] {logging_mixin.py:137} INFO - [2022-12-03T05:14:41.369+0000] {dag.py:2676} INFO - Sync 1 DAGs
[2022-12-03T05:14:41.388+0000] {logging_mixin.py:137} INFO - [2022-12-03T05:14:41.388+0000] {dag.py:3427} INFO - Setting next_dagrun for example_task_group_decorator to 2022-12-02T05:14:41.387876+00:00, run_after=2022-12-03T05:14:41.387876+00:00
[2022-12-03T05:14:41.404+0000] {processor.py:175} INFO - Processing /home/airflow/.local/lib/python3.7/site-packages/airflow/example_dags/example_task_group_decorator.py took 0.102 seconds
[2022-12-03T05:15:12.066+0000] {processor.py:153} INFO - Started process (PID=2938) to work on /home/airflow/.local/lib/python3.7/site-packages/airflow/example_dags/example_task_group_decorator.py
[2022-12-03T05:15:12.069+0000] {processor.py:743} INFO - Processing file /home/airflow/.local/lib/python3.7/site-packages/airflow/example_dags/example_task_group_decorator.py for tasks to queue
[2022-12-03T05:15:12.072+0000] {logging_mixin.py:137} INFO - [2022-12-03T05:15:12.072+0000] {dagbag.py:538} INFO - Filling up the DagBag from /home/airflow/.local/lib/python3.7/site-packages/airflow/example_dags/example_task_group_decorator.py
[2022-12-03T05:15:12.108+0000] {processor.py:753} INFO - DAG(s) dict_keys(['example_task_group_decorator']) retrieved from /home/airflow/.local/lib/python3.7/site-packages/airflow/example_dags/example_task_group_decorator.py
[2022-12-03T05:15:12.159+0000] {logging_mixin.py:137} INFO - [2022-12-03T05:15:12.159+0000] {dag.py:2676} INFO - Sync 1 DAGs
[2022-12-03T05:15:12.183+0000] {logging_mixin.py:137} INFO - [2022-12-03T05:15:12.183+0000] {dag.py:3427} INFO - Setting next_dagrun for example_task_group_decorator to 2022-12-02T05:15:12.182951+00:00, run_after=2022-12-03T05:15:12.182951+00:00
[2022-12-03T05:15:12.216+0000] {processor.py:175} INFO - Processing /home/airflow/.local/lib/python3.7/site-packages/airflow/example_dags/example_task_group_decorator.py took 0.154 seconds
[2022-12-03T05:15:42.588+0000] {processor.py:153} INFO - Started process (PID=3156) to work on /home/airflow/.local/lib/python3.7/site-packages/airflow/example_dags/example_task_group_decorator.py
[2022-12-03T05:15:42.589+0000] {processor.py:743} INFO - Processing file /home/airflow/.local/lib/python3.7/site-packages/airflow/example_dags/example_task_group_decorator.py for tasks to queue
[2022-12-03T05:15:42.590+0000] {logging_mixin.py:137} INFO - [2022-12-03T05:15:42.590+0000] {dagbag.py:538} INFO - Filling up the DagBag from /home/airflow/.local/lib/python3.7/site-packages/airflow/example_dags/example_task_group_decorator.py
[2022-12-03T05:15:42.608+0000] {processor.py:753} INFO - DAG(s) dict_keys(['example_task_group_decorator']) retrieved from /home/airflow/.local/lib/python3.7/site-packages/airflow/example_dags/example_task_group_decorator.py
[2022-12-03T05:15:42.634+0000] {logging_mixin.py:137} INFO - [2022-12-03T05:15:42.634+0000] {dag.py:2676} INFO - Sync 1 DAGs
[2022-12-03T05:15:42.651+0000] {logging_mixin.py:137} INFO - [2022-12-03T05:15:42.650+0000] {dag.py:3427} INFO - Setting next_dagrun for example_task_group_decorator to 2022-12-02T05:15:42.650670+00:00, run_after=2022-12-03T05:15:42.650670+00:00
[2022-12-03T05:15:42.664+0000] {processor.py:175} INFO - Processing /home/airflow/.local/lib/python3.7/site-packages/airflow/example_dags/example_task_group_decorator.py took 0.078 seconds
[2022-12-03T05:16:13.885+0000] {processor.py:153} INFO - Started process (PID=3383) to work on /home/airflow/.local/lib/python3.7/site-packages/airflow/example_dags/example_task_group_decorator.py
[2022-12-03T05:16:13.887+0000] {processor.py:743} INFO - Processing file /home/airflow/.local/lib/python3.7/site-packages/airflow/example_dags/example_task_group_decorator.py for tasks to queue
[2022-12-03T05:16:13.888+0000] {logging_mixin.py:137} INFO - [2022-12-03T05:16:13.888+0000] {dagbag.py:538} INFO - Filling up the DagBag from /home/airflow/.local/lib/python3.7/site-packages/airflow/example_dags/example_task_group_decorator.py
[2022-12-03T05:16:13.908+0000] {processor.py:753} INFO - DAG(s) dict_keys(['example_task_group_decorator']) retrieved from /home/airflow/.local/lib/python3.7/site-packages/airflow/example_dags/example_task_group_decorator.py
[2022-12-03T05:16:13.946+0000] {logging_mixin.py:137} INFO - [2022-12-03T05:16:13.946+0000] {dag.py:2676} INFO - Sync 1 DAGs
[2022-12-03T05:16:13.985+0000] {logging_mixin.py:137} INFO - [2022-12-03T05:16:13.985+0000] {dag.py:3427} INFO - Setting next_dagrun for example_task_group_decorator to 2022-12-02T05:16:13.984668+00:00, run_after=2022-12-03T05:16:13.984668+00:00
[2022-12-03T05:16:14.012+0000] {processor.py:175} INFO - Processing /home/airflow/.local/lib/python3.7/site-packages/airflow/example_dags/example_task_group_decorator.py took 0.130 seconds
[2022-12-03T05:16:44.378+0000] {processor.py:153} INFO - Started process (PID=3594) to work on /home/airflow/.local/lib/python3.7/site-packages/airflow/example_dags/example_task_group_decorator.py
[2022-12-03T05:16:44.379+0000] {processor.py:743} INFO - Processing file /home/airflow/.local/lib/python3.7/site-packages/airflow/example_dags/example_task_group_decorator.py for tasks to queue
[2022-12-03T05:16:44.381+0000] {logging_mixin.py:137} INFO - [2022-12-03T05:16:44.380+0000] {dagbag.py:538} INFO - Filling up the DagBag from /home/airflow/.local/lib/python3.7/site-packages/airflow/example_dags/example_task_group_decorator.py
[2022-12-03T05:16:44.403+0000] {processor.py:753} INFO - DAG(s) dict_keys(['example_task_group_decorator']) retrieved from /home/airflow/.local/lib/python3.7/site-packages/airflow/example_dags/example_task_group_decorator.py
[2022-12-03T05:16:44.429+0000] {logging_mixin.py:137} INFO - [2022-12-03T05:16:44.429+0000] {dag.py:2676} INFO - Sync 1 DAGs
[2022-12-03T05:16:44.444+0000] {logging_mixin.py:137} INFO - [2022-12-03T05:16:44.443+0000] {dag.py:3427} INFO - Setting next_dagrun for example_task_group_decorator to 2022-12-02T05:16:44.443780+00:00, run_after=2022-12-03T05:16:44.443780+00:00
[2022-12-03T05:16:44.456+0000] {processor.py:175} INFO - Processing /home/airflow/.local/lib/python3.7/site-packages/airflow/example_dags/example_task_group_decorator.py took 0.080 seconds
[2022-12-03T05:17:14.659+0000] {processor.py:153} INFO - Started process (PID=3822) to work on /home/airflow/.local/lib/python3.7/site-packages/airflow/example_dags/example_task_group_decorator.py
[2022-12-03T05:17:14.660+0000] {processor.py:743} INFO - Processing file /home/airflow/.local/lib/python3.7/site-packages/airflow/example_dags/example_task_group_decorator.py for tasks to queue
[2022-12-03T05:17:14.663+0000] {logging_mixin.py:137} INFO - [2022-12-03T05:17:14.663+0000] {dagbag.py:538} INFO - Filling up the DagBag from /home/airflow/.local/lib/python3.7/site-packages/airflow/example_dags/example_task_group_decorator.py
[2022-12-03T05:17:14.688+0000] {processor.py:753} INFO - DAG(s) dict_keys(['example_task_group_decorator']) retrieved from /home/airflow/.local/lib/python3.7/site-packages/airflow/example_dags/example_task_group_decorator.py
[2022-12-03T05:17:14.715+0000] {logging_mixin.py:137} INFO - [2022-12-03T05:17:14.714+0000] {dag.py:2676} INFO - Sync 1 DAGs
[2022-12-03T05:17:14.730+0000] {logging_mixin.py:137} INFO - [2022-12-03T05:17:14.730+0000] {dag.py:3427} INFO - Setting next_dagrun for example_task_group_decorator to 2022-12-02T05:17:14.730244+00:00, run_after=2022-12-03T05:17:14.730244+00:00
[2022-12-03T05:17:14.742+0000] {processor.py:175} INFO - Processing /home/airflow/.local/lib/python3.7/site-packages/airflow/example_dags/example_task_group_decorator.py took 0.087 seconds
[2022-12-03T05:17:45.278+0000] {processor.py:153} INFO - Started process (PID=4034) to work on /home/airflow/.local/lib/python3.7/site-packages/airflow/example_dags/example_task_group_decorator.py
[2022-12-03T05:17:45.279+0000] {processor.py:743} INFO - Processing file /home/airflow/.local/lib/python3.7/site-packages/airflow/example_dags/example_task_group_decorator.py for tasks to queue
[2022-12-03T05:17:45.281+0000] {logging_mixin.py:137} INFO - [2022-12-03T05:17:45.280+0000] {dagbag.py:538} INFO - Filling up the DagBag from /home/airflow/.local/lib/python3.7/site-packages/airflow/example_dags/example_task_group_decorator.py
[2022-12-03T05:17:45.298+0000] {processor.py:753} INFO - DAG(s) dict_keys(['example_task_group_decorator']) retrieved from /home/airflow/.local/lib/python3.7/site-packages/airflow/example_dags/example_task_group_decorator.py
[2022-12-03T05:17:45.329+0000] {logging_mixin.py:137} INFO - [2022-12-03T05:17:45.328+0000] {dag.py:2676} INFO - Sync 1 DAGs
[2022-12-03T05:17:45.348+0000] {logging_mixin.py:137} INFO - [2022-12-03T05:17:45.348+0000] {dag.py:3427} INFO - Setting next_dagrun for example_task_group_decorator to 2022-12-02T05:17:45.347934+00:00, run_after=2022-12-03T05:17:45.347934+00:00
[2022-12-03T05:17:45.360+0000] {processor.py:175} INFO - Processing /home/airflow/.local/lib/python3.7/site-packages/airflow/example_dags/example_task_group_decorator.py took 0.085 seconds
[2022-12-03T05:18:56.672+0000] {processor.py:153} INFO - Started process (PID=300) to work on /home/airflow/.local/lib/python3.7/site-packages/airflow/example_dags/example_task_group_decorator.py
[2022-12-03T05:18:56.676+0000] {processor.py:743} INFO - Processing file /home/airflow/.local/lib/python3.7/site-packages/airflow/example_dags/example_task_group_decorator.py for tasks to queue
[2022-12-03T05:18:56.679+0000] {logging_mixin.py:137} INFO - [2022-12-03T05:18:56.679+0000] {dagbag.py:538} INFO - Filling up the DagBag from /home/airflow/.local/lib/python3.7/site-packages/airflow/example_dags/example_task_group_decorator.py
[2022-12-03T05:18:56.708+0000] {processor.py:753} INFO - DAG(s) dict_keys(['example_task_group_decorator']) retrieved from /home/airflow/.local/lib/python3.7/site-packages/airflow/example_dags/example_task_group_decorator.py
[2022-12-03T05:18:56.734+0000] {logging_mixin.py:137} INFO - [2022-12-03T05:18:56.734+0000] {dag.py:2676} INFO - Sync 1 DAGs
[2022-12-03T05:18:56.760+0000] {logging_mixin.py:137} INFO - [2022-12-03T05:18:56.760+0000] {dag.py:3427} INFO - Setting next_dagrun for example_task_group_decorator to 2022-12-02T05:18:56.760066+00:00, run_after=2022-12-03T05:18:56.760066+00:00
[2022-12-03T05:18:56.778+0000] {processor.py:175} INFO - Processing /home/airflow/.local/lib/python3.7/site-packages/airflow/example_dags/example_task_group_decorator.py took 0.112 seconds
[2022-12-03T05:19:26.960+0000] {processor.py:153} INFO - Started process (PID=515) to work on /home/airflow/.local/lib/python3.7/site-packages/airflow/example_dags/example_task_group_decorator.py
[2022-12-03T05:19:26.963+0000] {processor.py:743} INFO - Processing file /home/airflow/.local/lib/python3.7/site-packages/airflow/example_dags/example_task_group_decorator.py for tasks to queue
[2022-12-03T05:19:26.966+0000] {logging_mixin.py:137} INFO - [2022-12-03T05:19:26.966+0000] {dagbag.py:538} INFO - Filling up the DagBag from /home/airflow/.local/lib/python3.7/site-packages/airflow/example_dags/example_task_group_decorator.py
[2022-12-03T05:19:26.990+0000] {processor.py:753} INFO - DAG(s) dict_keys(['example_task_group_decorator']) retrieved from /home/airflow/.local/lib/python3.7/site-packages/airflow/example_dags/example_task_group_decorator.py
[2022-12-03T05:19:27.017+0000] {logging_mixin.py:137} INFO - [2022-12-03T05:19:27.017+0000] {dag.py:2676} INFO - Sync 1 DAGs
[2022-12-03T05:19:27.034+0000] {logging_mixin.py:137} INFO - [2022-12-03T05:19:27.034+0000] {dag.py:3427} INFO - Setting next_dagrun for example_task_group_decorator to 2022-12-02T05:19:27.034402+00:00, run_after=2022-12-03T05:19:27.034402+00:00
[2022-12-03T05:19:27.046+0000] {processor.py:175} INFO - Processing /home/airflow/.local/lib/python3.7/site-packages/airflow/example_dags/example_task_group_decorator.py took 0.094 seconds
[2022-12-03T05:19:57.949+0000] {processor.py:153} INFO - Started process (PID=742) to work on /home/airflow/.local/lib/python3.7/site-packages/airflow/example_dags/example_task_group_decorator.py
[2022-12-03T05:19:57.952+0000] {processor.py:743} INFO - Processing file /home/airflow/.local/lib/python3.7/site-packages/airflow/example_dags/example_task_group_decorator.py for tasks to queue
[2022-12-03T05:19:57.955+0000] {logging_mixin.py:137} INFO - [2022-12-03T05:19:57.955+0000] {dagbag.py:538} INFO - Filling up the DagBag from /home/airflow/.local/lib/python3.7/site-packages/airflow/example_dags/example_task_group_decorator.py
[2022-12-03T05:19:57.973+0000] {processor.py:753} INFO - DAG(s) dict_keys(['example_task_group_decorator']) retrieved from /home/airflow/.local/lib/python3.7/site-packages/airflow/example_dags/example_task_group_decorator.py
[2022-12-03T05:19:58.003+0000] {logging_mixin.py:137} INFO - [2022-12-03T05:19:58.003+0000] {dag.py:2676} INFO - Sync 1 DAGs
[2022-12-03T05:19:58.022+0000] {logging_mixin.py:137} INFO - [2022-12-03T05:19:58.022+0000] {dag.py:3427} INFO - Setting next_dagrun for example_task_group_decorator to 2022-12-02T05:19:58.022291+00:00, run_after=2022-12-03T05:19:58.022291+00:00
[2022-12-03T05:19:58.038+0000] {processor.py:175} INFO - Processing /home/airflow/.local/lib/python3.7/site-packages/airflow/example_dags/example_task_group_decorator.py took 0.091 seconds
