[2022-12-03T05:08:57.732+0000] {processor.py:153} INFO - Started process (PID=213) to work on /home/airflow/.local/lib/python3.7/site-packages/airflow/example_dags/example_sla_dag.py
[2022-12-03T05:08:57.751+0000] {processor.py:743} INFO - Processing file /home/airflow/.local/lib/python3.7/site-packages/airflow/example_dags/example_sla_dag.py for tasks to queue
[2022-12-03T05:08:57.758+0000] {logging_mixin.py:137} INFO - [2022-12-03T05:08:57.757+0000] {dagbag.py:538} INFO - Filling up the DagBag from /home/airflow/.local/lib/python3.7/site-packages/airflow/example_dags/example_sla_dag.py
[2022-12-03T05:08:57.898+0000] {processor.py:753} INFO - DAG(s) dict_keys(['example_sla_dag']) retrieved from /home/airflow/.local/lib/python3.7/site-packages/airflow/example_dags/example_sla_dag.py
[2022-12-03T05:08:58.038+0000] {logging_mixin.py:137} INFO - [2022-12-03T05:08:58.037+0000] {dag.py:2676} INFO - Sync 1 DAGs
[2022-12-03T05:08:58.159+0000] {logging_mixin.py:137} INFO - [2022-12-03T05:08:58.157+0000] {dag.py:3427} INFO - Setting next_dagrun for example_sla_dag to 2022-12-03T05:06:00+00:00, run_after=2022-12-03T05:08:00+00:00
[2022-12-03T05:08:58.364+0000] {processor.py:175} INFO - Processing /home/airflow/.local/lib/python3.7/site-packages/airflow/example_dags/example_sla_dag.py took 0.640 seconds
[2022-12-03T05:09:28.979+0000] {processor.py:153} INFO - Started process (PID=427) to work on /home/airflow/.local/lib/python3.7/site-packages/airflow/example_dags/example_sla_dag.py
[2022-12-03T05:09:28.983+0000] {processor.py:743} INFO - Processing file /home/airflow/.local/lib/python3.7/site-packages/airflow/example_dags/example_sla_dag.py for tasks to queue
[2022-12-03T05:09:28.987+0000] {logging_mixin.py:137} INFO - [2022-12-03T05:09:28.987+0000] {dagbag.py:538} INFO - Filling up the DagBag from /home/airflow/.local/lib/python3.7/site-packages/airflow/example_dags/example_sla_dag.py
[2022-12-03T05:09:29.007+0000] {processor.py:753} INFO - DAG(s) dict_keys(['example_sla_dag']) retrieved from /home/airflow/.local/lib/python3.7/site-packages/airflow/example_dags/example_sla_dag.py
[2022-12-03T05:09:29.038+0000] {logging_mixin.py:137} INFO - [2022-12-03T05:09:29.038+0000] {dag.py:2676} INFO - Sync 1 DAGs
[2022-12-03T05:09:29.055+0000] {logging_mixin.py:137} INFO - [2022-12-03T05:09:29.055+0000] {dag.py:3427} INFO - Setting next_dagrun for example_sla_dag to 2022-12-03T05:06:00+00:00, run_after=2022-12-03T05:08:00+00:00
[2022-12-03T05:09:29.067+0000] {processor.py:175} INFO - Processing /home/airflow/.local/lib/python3.7/site-packages/airflow/example_dags/example_sla_dag.py took 0.094 seconds
[2022-12-03T05:09:59.694+0000] {processor.py:153} INFO - Started process (PID=640) to work on /home/airflow/.local/lib/python3.7/site-packages/airflow/example_dags/example_sla_dag.py
[2022-12-03T05:09:59.697+0000] {processor.py:743} INFO - Processing file /home/airflow/.local/lib/python3.7/site-packages/airflow/example_dags/example_sla_dag.py for tasks to queue
[2022-12-03T05:09:59.698+0000] {logging_mixin.py:137} INFO - [2022-12-03T05:09:59.698+0000] {dagbag.py:538} INFO - Filling up the DagBag from /home/airflow/.local/lib/python3.7/site-packages/airflow/example_dags/example_sla_dag.py
[2022-12-03T05:09:59.719+0000] {processor.py:753} INFO - DAG(s) dict_keys(['example_sla_dag']) retrieved from /home/airflow/.local/lib/python3.7/site-packages/airflow/example_dags/example_sla_dag.py
[2022-12-03T05:09:59.791+0000] {logging_mixin.py:137} INFO - [2022-12-03T05:09:59.791+0000] {dag.py:2676} INFO - Sync 1 DAGs
[2022-12-03T05:09:59.842+0000] {logging_mixin.py:137} INFO - [2022-12-03T05:09:59.842+0000] {dag.py:3427} INFO - Setting next_dagrun for example_sla_dag to 2022-12-03T05:06:00+00:00, run_after=2022-12-03T05:08:00+00:00
[2022-12-03T05:09:59.866+0000] {processor.py:175} INFO - Processing /home/airflow/.local/lib/python3.7/site-packages/airflow/example_dags/example_sla_dag.py took 0.175 seconds
[2022-12-03T05:10:30.301+0000] {processor.py:153} INFO - Started process (PID=866) to work on /home/airflow/.local/lib/python3.7/site-packages/airflow/example_dags/example_sla_dag.py
[2022-12-03T05:10:30.304+0000] {processor.py:743} INFO - Processing file /home/airflow/.local/lib/python3.7/site-packages/airflow/example_dags/example_sla_dag.py for tasks to queue
[2022-12-03T05:10:30.305+0000] {logging_mixin.py:137} INFO - [2022-12-03T05:10:30.305+0000] {dagbag.py:538} INFO - Filling up the DagBag from /home/airflow/.local/lib/python3.7/site-packages/airflow/example_dags/example_sla_dag.py
[2022-12-03T05:10:30.319+0000] {processor.py:753} INFO - DAG(s) dict_keys(['example_sla_dag']) retrieved from /home/airflow/.local/lib/python3.7/site-packages/airflow/example_dags/example_sla_dag.py
[2022-12-03T05:10:30.343+0000] {logging_mixin.py:137} INFO - [2022-12-03T05:10:30.343+0000] {dag.py:2676} INFO - Sync 1 DAGs
[2022-12-03T05:10:30.359+0000] {logging_mixin.py:137} INFO - [2022-12-03T05:10:30.359+0000] {dag.py:3427} INFO - Setting next_dagrun for example_sla_dag to 2022-12-03T05:08:00+00:00, run_after=2022-12-03T05:10:00+00:00
[2022-12-03T05:10:30.371+0000] {processor.py:175} INFO - Processing /home/airflow/.local/lib/python3.7/site-packages/airflow/example_dags/example_sla_dag.py took 0.072 seconds
[2022-12-03T05:11:01.231+0000] {processor.py:153} INFO - Started process (PID=1086) to work on /home/airflow/.local/lib/python3.7/site-packages/airflow/example_dags/example_sla_dag.py
[2022-12-03T05:11:01.232+0000] {processor.py:743} INFO - Processing file /home/airflow/.local/lib/python3.7/site-packages/airflow/example_dags/example_sla_dag.py for tasks to queue
[2022-12-03T05:11:01.234+0000] {logging_mixin.py:137} INFO - [2022-12-03T05:11:01.234+0000] {dagbag.py:538} INFO - Filling up the DagBag from /home/airflow/.local/lib/python3.7/site-packages/airflow/example_dags/example_sla_dag.py
[2022-12-03T05:11:01.263+0000] {processor.py:753} INFO - DAG(s) dict_keys(['example_sla_dag']) retrieved from /home/airflow/.local/lib/python3.7/site-packages/airflow/example_dags/example_sla_dag.py
[2022-12-03T05:11:01.290+0000] {logging_mixin.py:137} INFO - [2022-12-03T05:11:01.290+0000] {dag.py:2676} INFO - Sync 1 DAGs
[2022-12-03T05:11:01.330+0000] {logging_mixin.py:137} INFO - [2022-12-03T05:11:01.330+0000] {dag.py:3427} INFO - Setting next_dagrun for example_sla_dag to 2022-12-03T05:08:00+00:00, run_after=2022-12-03T05:10:00+00:00
[2022-12-03T05:11:01.374+0000] {processor.py:175} INFO - Processing /home/airflow/.local/lib/python3.7/site-packages/airflow/example_dags/example_sla_dag.py took 0.149 seconds
[2022-12-03T05:11:31.482+0000] {processor.py:153} INFO - Started process (PID=1305) to work on /home/airflow/.local/lib/python3.7/site-packages/airflow/example_dags/example_sla_dag.py
[2022-12-03T05:11:31.484+0000] {processor.py:743} INFO - Processing file /home/airflow/.local/lib/python3.7/site-packages/airflow/example_dags/example_sla_dag.py for tasks to queue
[2022-12-03T05:11:31.485+0000] {logging_mixin.py:137} INFO - [2022-12-03T05:11:31.485+0000] {dagbag.py:538} INFO - Filling up the DagBag from /home/airflow/.local/lib/python3.7/site-packages/airflow/example_dags/example_sla_dag.py
[2022-12-03T05:11:31.499+0000] {processor.py:753} INFO - DAG(s) dict_keys(['example_sla_dag']) retrieved from /home/airflow/.local/lib/python3.7/site-packages/airflow/example_dags/example_sla_dag.py
[2022-12-03T05:11:31.525+0000] {logging_mixin.py:137} INFO - [2022-12-03T05:11:31.525+0000] {dag.py:2676} INFO - Sync 1 DAGs
[2022-12-03T05:11:31.542+0000] {logging_mixin.py:137} INFO - [2022-12-03T05:11:31.542+0000] {dag.py:3427} INFO - Setting next_dagrun for example_sla_dag to 2022-12-03T05:08:00+00:00, run_after=2022-12-03T05:10:00+00:00
[2022-12-03T05:11:31.553+0000] {processor.py:175} INFO - Processing /home/airflow/.local/lib/python3.7/site-packages/airflow/example_dags/example_sla_dag.py took 0.073 seconds
[2022-12-03T05:12:01.700+0000] {processor.py:153} INFO - Started process (PID=1528) to work on /home/airflow/.local/lib/python3.7/site-packages/airflow/example_dags/example_sla_dag.py
[2022-12-03T05:12:01.704+0000] {processor.py:743} INFO - Processing file /home/airflow/.local/lib/python3.7/site-packages/airflow/example_dags/example_sla_dag.py for tasks to queue
[2022-12-03T05:12:01.710+0000] {logging_mixin.py:137} INFO - [2022-12-03T05:12:01.710+0000] {dagbag.py:538} INFO - Filling up the DagBag from /home/airflow/.local/lib/python3.7/site-packages/airflow/example_dags/example_sla_dag.py
[2022-12-03T05:12:01.735+0000] {processor.py:753} INFO - DAG(s) dict_keys(['example_sla_dag']) retrieved from /home/airflow/.local/lib/python3.7/site-packages/airflow/example_dags/example_sla_dag.py
[2022-12-03T05:12:01.812+0000] {logging_mixin.py:137} INFO - [2022-12-03T05:12:01.812+0000] {dag.py:2676} INFO - Sync 1 DAGs
[2022-12-03T05:12:01.849+0000] {logging_mixin.py:137} INFO - [2022-12-03T05:12:01.849+0000] {dag.py:3427} INFO - Setting next_dagrun for example_sla_dag to 2022-12-03T05:10:00+00:00, run_after=2022-12-03T05:12:00+00:00
[2022-12-03T05:12:01.871+0000] {processor.py:175} INFO - Processing /home/airflow/.local/lib/python3.7/site-packages/airflow/example_dags/example_sla_dag.py took 0.175 seconds
[2022-12-03T05:12:32.605+0000] {processor.py:153} INFO - Started process (PID=1744) to work on /home/airflow/.local/lib/python3.7/site-packages/airflow/example_dags/example_sla_dag.py
[2022-12-03T05:12:32.608+0000] {processor.py:743} INFO - Processing file /home/airflow/.local/lib/python3.7/site-packages/airflow/example_dags/example_sla_dag.py for tasks to queue
[2022-12-03T05:12:32.612+0000] {logging_mixin.py:137} INFO - [2022-12-03T05:12:32.612+0000] {dagbag.py:538} INFO - Filling up the DagBag from /home/airflow/.local/lib/python3.7/site-packages/airflow/example_dags/example_sla_dag.py
[2022-12-03T05:12:32.642+0000] {processor.py:753} INFO - DAG(s) dict_keys(['example_sla_dag']) retrieved from /home/airflow/.local/lib/python3.7/site-packages/airflow/example_dags/example_sla_dag.py
[2022-12-03T05:12:32.774+0000] {logging_mixin.py:137} INFO - [2022-12-03T05:12:32.774+0000] {dag.py:2676} INFO - Sync 1 DAGs
[2022-12-03T05:12:32.838+0000] {logging_mixin.py:137} INFO - [2022-12-03T05:12:32.837+0000] {dag.py:3427} INFO - Setting next_dagrun for example_sla_dag to 2022-12-03T05:10:00+00:00, run_after=2022-12-03T05:12:00+00:00
[2022-12-03T05:12:32.856+0000] {processor.py:175} INFO - Processing /home/airflow/.local/lib/python3.7/site-packages/airflow/example_dags/example_sla_dag.py took 0.255 seconds
[2022-12-03T05:13:03.804+0000] {processor.py:153} INFO - Started process (PID=1958) to work on /home/airflow/.local/lib/python3.7/site-packages/airflow/example_dags/example_sla_dag.py
[2022-12-03T05:13:03.808+0000] {processor.py:743} INFO - Processing file /home/airflow/.local/lib/python3.7/site-packages/airflow/example_dags/example_sla_dag.py for tasks to queue
[2022-12-03T05:13:03.810+0000] {logging_mixin.py:137} INFO - [2022-12-03T05:13:03.810+0000] {dagbag.py:538} INFO - Filling up the DagBag from /home/airflow/.local/lib/python3.7/site-packages/airflow/example_dags/example_sla_dag.py
[2022-12-03T05:13:03.844+0000] {processor.py:753} INFO - DAG(s) dict_keys(['example_sla_dag']) retrieved from /home/airflow/.local/lib/python3.7/site-packages/airflow/example_dags/example_sla_dag.py
[2022-12-03T05:13:03.880+0000] {logging_mixin.py:137} INFO - [2022-12-03T05:13:03.880+0000] {dag.py:2676} INFO - Sync 1 DAGs
[2022-12-03T05:13:03.910+0000] {logging_mixin.py:137} INFO - [2022-12-03T05:13:03.910+0000] {dag.py:3427} INFO - Setting next_dagrun for example_sla_dag to 2022-12-03T05:10:00+00:00, run_after=2022-12-03T05:12:00+00:00
[2022-12-03T05:13:03.934+0000] {processor.py:175} INFO - Processing /home/airflow/.local/lib/python3.7/site-packages/airflow/example_dags/example_sla_dag.py took 0.137 seconds
[2022-12-03T05:13:34.725+0000] {processor.py:153} INFO - Started process (PID=2185) to work on /home/airflow/.local/lib/python3.7/site-packages/airflow/example_dags/example_sla_dag.py
[2022-12-03T05:13:34.729+0000] {processor.py:743} INFO - Processing file /home/airflow/.local/lib/python3.7/site-packages/airflow/example_dags/example_sla_dag.py for tasks to queue
[2022-12-03T05:13:34.731+0000] {logging_mixin.py:137} INFO - [2022-12-03T05:13:34.731+0000] {dagbag.py:538} INFO - Filling up the DagBag from /home/airflow/.local/lib/python3.7/site-packages/airflow/example_dags/example_sla_dag.py
[2022-12-03T05:13:34.755+0000] {processor.py:753} INFO - DAG(s) dict_keys(['example_sla_dag']) retrieved from /home/airflow/.local/lib/python3.7/site-packages/airflow/example_dags/example_sla_dag.py
[2022-12-03T05:13:34.781+0000] {logging_mixin.py:137} INFO - [2022-12-03T05:13:34.781+0000] {dag.py:2676} INFO - Sync 1 DAGs
[2022-12-03T05:13:34.798+0000] {logging_mixin.py:137} INFO - [2022-12-03T05:13:34.798+0000] {dag.py:3427} INFO - Setting next_dagrun for example_sla_dag to 2022-12-03T05:10:00+00:00, run_after=2022-12-03T05:12:00+00:00
[2022-12-03T05:13:34.810+0000] {processor.py:175} INFO - Processing /home/airflow/.local/lib/python3.7/site-packages/airflow/example_dags/example_sla_dag.py took 0.089 seconds
[2022-12-03T05:14:05.297+0000] {processor.py:153} INFO - Started process (PID=2399) to work on /home/airflow/.local/lib/python3.7/site-packages/airflow/example_dags/example_sla_dag.py
[2022-12-03T05:14:05.298+0000] {processor.py:743} INFO - Processing file /home/airflow/.local/lib/python3.7/site-packages/airflow/example_dags/example_sla_dag.py for tasks to queue
[2022-12-03T05:14:05.300+0000] {logging_mixin.py:137} INFO - [2022-12-03T05:14:05.300+0000] {dagbag.py:538} INFO - Filling up the DagBag from /home/airflow/.local/lib/python3.7/site-packages/airflow/example_dags/example_sla_dag.py
[2022-12-03T05:14:05.319+0000] {processor.py:753} INFO - DAG(s) dict_keys(['example_sla_dag']) retrieved from /home/airflow/.local/lib/python3.7/site-packages/airflow/example_dags/example_sla_dag.py
[2022-12-03T05:14:05.345+0000] {logging_mixin.py:137} INFO - [2022-12-03T05:14:05.345+0000] {dag.py:2676} INFO - Sync 1 DAGs
[2022-12-03T05:14:05.363+0000] {logging_mixin.py:137} INFO - [2022-12-03T05:14:05.363+0000] {dag.py:3427} INFO - Setting next_dagrun for example_sla_dag to 2022-12-03T05:12:00+00:00, run_after=2022-12-03T05:14:00+00:00
[2022-12-03T05:14:05.388+0000] {processor.py:175} INFO - Processing /home/airflow/.local/lib/python3.7/site-packages/airflow/example_dags/example_sla_dag.py took 0.095 seconds
[2022-12-03T05:14:35.457+0000] {processor.py:153} INFO - Started process (PID=2624) to work on /home/airflow/.local/lib/python3.7/site-packages/airflow/example_dags/example_sla_dag.py
[2022-12-03T05:14:35.458+0000] {processor.py:743} INFO - Processing file /home/airflow/.local/lib/python3.7/site-packages/airflow/example_dags/example_sla_dag.py for tasks to queue
[2022-12-03T05:14:35.459+0000] {logging_mixin.py:137} INFO - [2022-12-03T05:14:35.459+0000] {dagbag.py:538} INFO - Filling up the DagBag from /home/airflow/.local/lib/python3.7/site-packages/airflow/example_dags/example_sla_dag.py
[2022-12-03T05:14:35.478+0000] {processor.py:753} INFO - DAG(s) dict_keys(['example_sla_dag']) retrieved from /home/airflow/.local/lib/python3.7/site-packages/airflow/example_dags/example_sla_dag.py
[2022-12-03T05:14:35.643+0000] {logging_mixin.py:137} INFO - [2022-12-03T05:14:35.643+0000] {dag.py:2676} INFO - Sync 1 DAGs
[2022-12-03T05:14:35.699+0000] {logging_mixin.py:137} INFO - [2022-12-03T05:14:35.699+0000] {dag.py:3427} INFO - Setting next_dagrun for example_sla_dag to 2022-12-03T05:12:00+00:00, run_after=2022-12-03T05:14:00+00:00
[2022-12-03T05:14:35.723+0000] {processor.py:175} INFO - Processing /home/airflow/.local/lib/python3.7/site-packages/airflow/example_dags/example_sla_dag.py took 0.269 seconds
[2022-12-03T05:15:06.331+0000] {processor.py:153} INFO - Started process (PID=2839) to work on /home/airflow/.local/lib/python3.7/site-packages/airflow/example_dags/example_sla_dag.py
[2022-12-03T05:15:06.333+0000] {processor.py:743} INFO - Processing file /home/airflow/.local/lib/python3.7/site-packages/airflow/example_dags/example_sla_dag.py for tasks to queue
[2022-12-03T05:15:06.334+0000] {logging_mixin.py:137} INFO - [2022-12-03T05:15:06.334+0000] {dagbag.py:538} INFO - Filling up the DagBag from /home/airflow/.local/lib/python3.7/site-packages/airflow/example_dags/example_sla_dag.py
[2022-12-03T05:15:06.351+0000] {processor.py:753} INFO - DAG(s) dict_keys(['example_sla_dag']) retrieved from /home/airflow/.local/lib/python3.7/site-packages/airflow/example_dags/example_sla_dag.py
[2022-12-03T05:15:06.389+0000] {logging_mixin.py:137} INFO - [2022-12-03T05:15:06.389+0000] {dag.py:2676} INFO - Sync 1 DAGs
[2022-12-03T05:15:06.409+0000] {logging_mixin.py:137} INFO - [2022-12-03T05:15:06.409+0000] {dag.py:3427} INFO - Setting next_dagrun for example_sla_dag to 2022-12-03T05:12:00+00:00, run_after=2022-12-03T05:14:00+00:00
[2022-12-03T05:15:06.423+0000] {processor.py:175} INFO - Processing /home/airflow/.local/lib/python3.7/site-packages/airflow/example_dags/example_sla_dag.py took 0.094 seconds
[2022-12-03T05:15:37.341+0000] {processor.py:153} INFO - Started process (PID=3068) to work on /home/airflow/.local/lib/python3.7/site-packages/airflow/example_dags/example_sla_dag.py
[2022-12-03T05:15:37.343+0000] {processor.py:743} INFO - Processing file /home/airflow/.local/lib/python3.7/site-packages/airflow/example_dags/example_sla_dag.py for tasks to queue
[2022-12-03T05:15:37.345+0000] {logging_mixin.py:137} INFO - [2022-12-03T05:15:37.344+0000] {dagbag.py:538} INFO - Filling up the DagBag from /home/airflow/.local/lib/python3.7/site-packages/airflow/example_dags/example_sla_dag.py
[2022-12-03T05:15:37.374+0000] {processor.py:753} INFO - DAG(s) dict_keys(['example_sla_dag']) retrieved from /home/airflow/.local/lib/python3.7/site-packages/airflow/example_dags/example_sla_dag.py
[2022-12-03T05:15:37.439+0000] {logging_mixin.py:137} INFO - [2022-12-03T05:15:37.439+0000] {dag.py:2676} INFO - Sync 1 DAGs
[2022-12-03T05:15:37.492+0000] {logging_mixin.py:137} INFO - [2022-12-03T05:15:37.491+0000] {dag.py:3427} INFO - Setting next_dagrun for example_sla_dag to 2022-12-03T05:12:00+00:00, run_after=2022-12-03T05:14:00+00:00
[2022-12-03T05:15:37.514+0000] {processor.py:175} INFO - Processing /home/airflow/.local/lib/python3.7/site-packages/airflow/example_dags/example_sla_dag.py took 0.177 seconds
[2022-12-03T05:16:08.267+0000] {processor.py:153} INFO - Started process (PID=3279) to work on /home/airflow/.local/lib/python3.7/site-packages/airflow/example_dags/example_sla_dag.py
[2022-12-03T05:16:08.269+0000] {processor.py:743} INFO - Processing file /home/airflow/.local/lib/python3.7/site-packages/airflow/example_dags/example_sla_dag.py for tasks to queue
[2022-12-03T05:16:08.270+0000] {logging_mixin.py:137} INFO - [2022-12-03T05:16:08.270+0000] {dagbag.py:538} INFO - Filling up the DagBag from /home/airflow/.local/lib/python3.7/site-packages/airflow/example_dags/example_sla_dag.py
[2022-12-03T05:16:08.298+0000] {processor.py:753} INFO - DAG(s) dict_keys(['example_sla_dag']) retrieved from /home/airflow/.local/lib/python3.7/site-packages/airflow/example_dags/example_sla_dag.py
[2022-12-03T05:16:08.357+0000] {logging_mixin.py:137} INFO - [2022-12-03T05:16:08.357+0000] {dag.py:2676} INFO - Sync 1 DAGs
[2022-12-03T05:16:08.385+0000] {logging_mixin.py:137} INFO - [2022-12-03T05:16:08.385+0000] {dag.py:3427} INFO - Setting next_dagrun for example_sla_dag to 2022-12-03T05:14:00+00:00, run_after=2022-12-03T05:16:00+00:00
[2022-12-03T05:16:08.418+0000] {processor.py:175} INFO - Processing /home/airflow/.local/lib/python3.7/site-packages/airflow/example_dags/example_sla_dag.py took 0.153 seconds
[2022-12-03T05:16:38.922+0000] {processor.py:153} INFO - Started process (PID=3506) to work on /home/airflow/.local/lib/python3.7/site-packages/airflow/example_dags/example_sla_dag.py
[2022-12-03T05:16:38.927+0000] {processor.py:743} INFO - Processing file /home/airflow/.local/lib/python3.7/site-packages/airflow/example_dags/example_sla_dag.py for tasks to queue
[2022-12-03T05:16:38.930+0000] {logging_mixin.py:137} INFO - [2022-12-03T05:16:38.929+0000] {dagbag.py:538} INFO - Filling up the DagBag from /home/airflow/.local/lib/python3.7/site-packages/airflow/example_dags/example_sla_dag.py
[2022-12-03T05:16:38.950+0000] {processor.py:753} INFO - DAG(s) dict_keys(['example_sla_dag']) retrieved from /home/airflow/.local/lib/python3.7/site-packages/airflow/example_dags/example_sla_dag.py
[2022-12-03T05:16:38.994+0000] {logging_mixin.py:137} INFO - [2022-12-03T05:16:38.993+0000] {dag.py:2676} INFO - Sync 1 DAGs
[2022-12-03T05:16:39.016+0000] {logging_mixin.py:137} INFO - [2022-12-03T05:16:39.016+0000] {dag.py:3427} INFO - Setting next_dagrun for example_sla_dag to 2022-12-03T05:14:00+00:00, run_after=2022-12-03T05:16:00+00:00
[2022-12-03T05:16:39.040+0000] {processor.py:175} INFO - Processing /home/airflow/.local/lib/python3.7/site-packages/airflow/example_dags/example_sla_dag.py took 0.124 seconds
[2022-12-03T05:17:10.025+0000] {processor.py:153} INFO - Started process (PID=3718) to work on /home/airflow/.local/lib/python3.7/site-packages/airflow/example_dags/example_sla_dag.py
[2022-12-03T05:17:10.026+0000] {processor.py:743} INFO - Processing file /home/airflow/.local/lib/python3.7/site-packages/airflow/example_dags/example_sla_dag.py for tasks to queue
[2022-12-03T05:17:10.028+0000] {logging_mixin.py:137} INFO - [2022-12-03T05:17:10.028+0000] {dagbag.py:538} INFO - Filling up the DagBag from /home/airflow/.local/lib/python3.7/site-packages/airflow/example_dags/example_sla_dag.py
[2022-12-03T05:17:10.048+0000] {processor.py:753} INFO - DAG(s) dict_keys(['example_sla_dag']) retrieved from /home/airflow/.local/lib/python3.7/site-packages/airflow/example_dags/example_sla_dag.py
[2022-12-03T05:17:10.086+0000] {logging_mixin.py:137} INFO - [2022-12-03T05:17:10.086+0000] {dag.py:2676} INFO - Sync 1 DAGs
[2022-12-03T05:17:10.134+0000] {logging_mixin.py:137} INFO - [2022-12-03T05:17:10.134+0000] {dag.py:3427} INFO - Setting next_dagrun for example_sla_dag to 2022-12-03T05:14:00+00:00, run_after=2022-12-03T05:16:00+00:00
[2022-12-03T05:17:10.164+0000] {processor.py:175} INFO - Processing /home/airflow/.local/lib/python3.7/site-packages/airflow/example_dags/example_sla_dag.py took 0.142 seconds
[2022-12-03T05:17:40.741+0000] {processor.py:153} INFO - Started process (PID=3943) to work on /home/airflow/.local/lib/python3.7/site-packages/airflow/example_dags/example_sla_dag.py
[2022-12-03T05:17:40.746+0000] {processor.py:743} INFO - Processing file /home/airflow/.local/lib/python3.7/site-packages/airflow/example_dags/example_sla_dag.py for tasks to queue
[2022-12-03T05:17:40.750+0000] {logging_mixin.py:137} INFO - [2022-12-03T05:17:40.749+0000] {dagbag.py:538} INFO - Filling up the DagBag from /home/airflow/.local/lib/python3.7/site-packages/airflow/example_dags/example_sla_dag.py
[2022-12-03T05:17:40.794+0000] {processor.py:753} INFO - DAG(s) dict_keys(['example_sla_dag']) retrieved from /home/airflow/.local/lib/python3.7/site-packages/airflow/example_dags/example_sla_dag.py
[2022-12-03T05:17:40.858+0000] {logging_mixin.py:137} INFO - [2022-12-03T05:17:40.858+0000] {dag.py:2676} INFO - Sync 1 DAGs
[2022-12-03T05:17:40.899+0000] {logging_mixin.py:137} INFO - [2022-12-03T05:17:40.899+0000] {dag.py:3427} INFO - Setting next_dagrun for example_sla_dag to 2022-12-03T05:14:00+00:00, run_after=2022-12-03T05:16:00+00:00
[2022-12-03T05:17:40.928+0000] {processor.py:175} INFO - Processing /home/airflow/.local/lib/python3.7/site-packages/airflow/example_dags/example_sla_dag.py took 0.197 seconds
[2022-12-03T05:18:55.039+0000] {processor.py:153} INFO - Started process (PID=212) to work on /home/airflow/.local/lib/python3.7/site-packages/airflow/example_dags/example_sla_dag.py
[2022-12-03T05:18:55.045+0000] {processor.py:743} INFO - Processing file /home/airflow/.local/lib/python3.7/site-packages/airflow/example_dags/example_sla_dag.py for tasks to queue
[2022-12-03T05:18:55.051+0000] {logging_mixin.py:137} INFO - [2022-12-03T05:18:55.050+0000] {dagbag.py:538} INFO - Filling up the DagBag from /home/airflow/.local/lib/python3.7/site-packages/airflow/example_dags/example_sla_dag.py
[2022-12-03T05:18:55.160+0000] {processor.py:753} INFO - DAG(s) dict_keys(['example_sla_dag']) retrieved from /home/airflow/.local/lib/python3.7/site-packages/airflow/example_dags/example_sla_dag.py
[2022-12-03T05:18:55.222+0000] {logging_mixin.py:137} INFO - [2022-12-03T05:18:55.222+0000] {dag.py:2676} INFO - Sync 1 DAGs
[2022-12-03T05:18:55.262+0000] {logging_mixin.py:137} INFO - [2022-12-03T05:18:55.262+0000] {dag.py:3427} INFO - Setting next_dagrun for example_sla_dag to 2022-12-03T05:16:00+00:00, run_after=2022-12-03T05:18:00+00:00
[2022-12-03T05:18:55.286+0000] {processor.py:175} INFO - Processing /home/airflow/.local/lib/python3.7/site-packages/airflow/example_dags/example_sla_dag.py took 0.256 seconds
[2022-12-03T05:19:25.662+0000] {processor.py:153} INFO - Started process (PID=425) to work on /home/airflow/.local/lib/python3.7/site-packages/airflow/example_dags/example_sla_dag.py
[2022-12-03T05:19:25.664+0000] {processor.py:743} INFO - Processing file /home/airflow/.local/lib/python3.7/site-packages/airflow/example_dags/example_sla_dag.py for tasks to queue
[2022-12-03T05:19:25.665+0000] {logging_mixin.py:137} INFO - [2022-12-03T05:19:25.665+0000] {dagbag.py:538} INFO - Filling up the DagBag from /home/airflow/.local/lib/python3.7/site-packages/airflow/example_dags/example_sla_dag.py
[2022-12-03T05:19:25.681+0000] {processor.py:753} INFO - DAG(s) dict_keys(['example_sla_dag']) retrieved from /home/airflow/.local/lib/python3.7/site-packages/airflow/example_dags/example_sla_dag.py
[2022-12-03T05:19:25.718+0000] {logging_mixin.py:137} INFO - [2022-12-03T05:19:25.717+0000] {dag.py:2676} INFO - Sync 1 DAGs
[2022-12-03T05:19:25.757+0000] {logging_mixin.py:137} INFO - [2022-12-03T05:19:25.757+0000] {dag.py:3427} INFO - Setting next_dagrun for example_sla_dag to 2022-12-03T05:16:00+00:00, run_after=2022-12-03T05:18:00+00:00
[2022-12-03T05:19:25.776+0000] {processor.py:175} INFO - Processing /home/airflow/.local/lib/python3.7/site-packages/airflow/example_dags/example_sla_dag.py took 0.115 seconds
[2022-12-03T05:19:56.718+0000] {processor.py:153} INFO - Started process (PID=652) to work on /home/airflow/.local/lib/python3.7/site-packages/airflow/example_dags/example_sla_dag.py
[2022-12-03T05:19:56.727+0000] {processor.py:743} INFO - Processing file /home/airflow/.local/lib/python3.7/site-packages/airflow/example_dags/example_sla_dag.py for tasks to queue
[2022-12-03T05:19:56.729+0000] {logging_mixin.py:137} INFO - [2022-12-03T05:19:56.729+0000] {dagbag.py:538} INFO - Filling up the DagBag from /home/airflow/.local/lib/python3.7/site-packages/airflow/example_dags/example_sla_dag.py
[2022-12-03T05:19:56.757+0000] {processor.py:753} INFO - DAG(s) dict_keys(['example_sla_dag']) retrieved from /home/airflow/.local/lib/python3.7/site-packages/airflow/example_dags/example_sla_dag.py
[2022-12-03T05:19:56.803+0000] {logging_mixin.py:137} INFO - [2022-12-03T05:19:56.803+0000] {dag.py:2676} INFO - Sync 1 DAGs
[2022-12-03T05:19:56.822+0000] {logging_mixin.py:137} INFO - [2022-12-03T05:19:56.822+0000] {dag.py:3427} INFO - Setting next_dagrun for example_sla_dag to 2022-12-03T05:16:00+00:00, run_after=2022-12-03T05:18:00+00:00
[2022-12-03T05:19:56.843+0000] {processor.py:175} INFO - Processing /home/airflow/.local/lib/python3.7/site-packages/airflow/example_dags/example_sla_dag.py took 0.129 seconds
