[2022-12-03T05:09:00.060+0000] {processor.py:153} INFO - Started process (PID=271) to work on /home/airflow/.local/lib/python3.7/site-packages/airflow/example_dags/example_kubernetes_executor.py
[2022-12-03T05:09:00.063+0000] {processor.py:743} INFO - Processing file /home/airflow/.local/lib/python3.7/site-packages/airflow/example_dags/example_kubernetes_executor.py for tasks to queue
[2022-12-03T05:09:00.066+0000] {logging_mixin.py:137} INFO - [2022-12-03T05:09:00.066+0000] {dagbag.py:538} INFO - Filling up the DagBag from /home/airflow/.local/lib/python3.7/site-packages/airflow/example_dags/example_kubernetes_executor.py
[2022-12-03T05:09:00.118+0000] {processor.py:753} INFO - DAG(s) dict_keys(['example_kubernetes_executor']) retrieved from /home/airflow/.local/lib/python3.7/site-packages/airflow/example_dags/example_kubernetes_executor.py
[2022-12-03T05:09:00.154+0000] {logging_mixin.py:137} INFO - [2022-12-03T05:09:00.154+0000] {dag.py:2676} INFO - Sync 1 DAGs
[2022-12-03T05:09:00.197+0000] {logging_mixin.py:137} INFO - [2022-12-03T05:09:00.196+0000] {dag.py:3427} INFO - Setting next_dagrun for example_kubernetes_executor to None, run_after=None
[2022-12-03T05:09:00.236+0000] {processor.py:175} INFO - Processing /home/airflow/.local/lib/python3.7/site-packages/airflow/example_dags/example_kubernetes_executor.py took 0.184 seconds
[2022-12-03T05:09:31.098+0000] {processor.py:153} INFO - Started process (PID=485) to work on /home/airflow/.local/lib/python3.7/site-packages/airflow/example_dags/example_kubernetes_executor.py
[2022-12-03T05:09:31.101+0000] {processor.py:743} INFO - Processing file /home/airflow/.local/lib/python3.7/site-packages/airflow/example_dags/example_kubernetes_executor.py for tasks to queue
[2022-12-03T05:09:31.104+0000] {logging_mixin.py:137} INFO - [2022-12-03T05:09:31.103+0000] {dagbag.py:538} INFO - Filling up the DagBag from /home/airflow/.local/lib/python3.7/site-packages/airflow/example_dags/example_kubernetes_executor.py
[2022-12-03T05:09:31.165+0000] {processor.py:753} INFO - DAG(s) dict_keys(['example_kubernetes_executor']) retrieved from /home/airflow/.local/lib/python3.7/site-packages/airflow/example_dags/example_kubernetes_executor.py
[2022-12-03T05:09:31.222+0000] {logging_mixin.py:137} INFO - [2022-12-03T05:09:31.222+0000] {dag.py:2676} INFO - Sync 1 DAGs
[2022-12-03T05:09:31.263+0000] {logging_mixin.py:137} INFO - [2022-12-03T05:09:31.262+0000] {dag.py:3427} INFO - Setting next_dagrun for example_kubernetes_executor to None, run_after=None
[2022-12-03T05:09:31.286+0000] {processor.py:175} INFO - Processing /home/airflow/.local/lib/python3.7/site-packages/airflow/example_dags/example_kubernetes_executor.py took 0.192 seconds
[2022-12-03T05:10:02.068+0000] {processor.py:153} INFO - Started process (PID=712) to work on /home/airflow/.local/lib/python3.7/site-packages/airflow/example_dags/example_kubernetes_executor.py
[2022-12-03T05:10:02.081+0000] {processor.py:743} INFO - Processing file /home/airflow/.local/lib/python3.7/site-packages/airflow/example_dags/example_kubernetes_executor.py for tasks to queue
[2022-12-03T05:10:02.086+0000] {logging_mixin.py:137} INFO - [2022-12-03T05:10:02.086+0000] {dagbag.py:538} INFO - Filling up the DagBag from /home/airflow/.local/lib/python3.7/site-packages/airflow/example_dags/example_kubernetes_executor.py
[2022-12-03T05:10:02.124+0000] {processor.py:753} INFO - DAG(s) dict_keys(['example_kubernetes_executor']) retrieved from /home/airflow/.local/lib/python3.7/site-packages/airflow/example_dags/example_kubernetes_executor.py
[2022-12-03T05:10:02.170+0000] {logging_mixin.py:137} INFO - [2022-12-03T05:10:02.170+0000] {dag.py:2676} INFO - Sync 1 DAGs
[2022-12-03T05:10:02.203+0000] {logging_mixin.py:137} INFO - [2022-12-03T05:10:02.203+0000] {dag.py:3427} INFO - Setting next_dagrun for example_kubernetes_executor to None, run_after=None
[2022-12-03T05:10:02.230+0000] {processor.py:175} INFO - Processing /home/airflow/.local/lib/python3.7/site-packages/airflow/example_dags/example_kubernetes_executor.py took 0.165 seconds
[2022-12-03T05:10:32.341+0000] {processor.py:153} INFO - Started process (PID=926) to work on /home/airflow/.local/lib/python3.7/site-packages/airflow/example_dags/example_kubernetes_executor.py
[2022-12-03T05:10:32.344+0000] {processor.py:743} INFO - Processing file /home/airflow/.local/lib/python3.7/site-packages/airflow/example_dags/example_kubernetes_executor.py for tasks to queue
[2022-12-03T05:10:32.345+0000] {logging_mixin.py:137} INFO - [2022-12-03T05:10:32.345+0000] {dagbag.py:538} INFO - Filling up the DagBag from /home/airflow/.local/lib/python3.7/site-packages/airflow/example_dags/example_kubernetes_executor.py
[2022-12-03T05:10:32.368+0000] {processor.py:753} INFO - DAG(s) dict_keys(['example_kubernetes_executor']) retrieved from /home/airflow/.local/lib/python3.7/site-packages/airflow/example_dags/example_kubernetes_executor.py
[2022-12-03T05:10:32.397+0000] {logging_mixin.py:137} INFO - [2022-12-03T05:10:32.397+0000] {dag.py:2676} INFO - Sync 1 DAGs
[2022-12-03T05:10:32.416+0000] {logging_mixin.py:137} INFO - [2022-12-03T05:10:32.416+0000] {dag.py:3427} INFO - Setting next_dagrun for example_kubernetes_executor to None, run_after=None
[2022-12-03T05:10:32.430+0000] {processor.py:175} INFO - Processing /home/airflow/.local/lib/python3.7/site-packages/airflow/example_dags/example_kubernetes_executor.py took 0.091 seconds
[2022-12-03T05:11:03.325+0000] {processor.py:153} INFO - Started process (PID=1151) to work on /home/airflow/.local/lib/python3.7/site-packages/airflow/example_dags/example_kubernetes_executor.py
[2022-12-03T05:11:03.327+0000] {processor.py:743} INFO - Processing file /home/airflow/.local/lib/python3.7/site-packages/airflow/example_dags/example_kubernetes_executor.py for tasks to queue
[2022-12-03T05:11:03.328+0000] {logging_mixin.py:137} INFO - [2022-12-03T05:11:03.328+0000] {dagbag.py:538} INFO - Filling up the DagBag from /home/airflow/.local/lib/python3.7/site-packages/airflow/example_dags/example_kubernetes_executor.py
[2022-12-03T05:11:03.356+0000] {processor.py:753} INFO - DAG(s) dict_keys(['example_kubernetes_executor']) retrieved from /home/airflow/.local/lib/python3.7/site-packages/airflow/example_dags/example_kubernetes_executor.py
[2022-12-03T05:11:03.386+0000] {logging_mixin.py:137} INFO - [2022-12-03T05:11:03.386+0000] {dag.py:2676} INFO - Sync 1 DAGs
[2022-12-03T05:11:03.404+0000] {logging_mixin.py:137} INFO - [2022-12-03T05:11:03.404+0000] {dag.py:3427} INFO - Setting next_dagrun for example_kubernetes_executor to None, run_after=None
[2022-12-03T05:11:03.416+0000] {processor.py:175} INFO - Processing /home/airflow/.local/lib/python3.7/site-packages/airflow/example_dags/example_kubernetes_executor.py took 0.092 seconds
[2022-12-03T05:11:34.278+0000] {processor.py:153} INFO - Started process (PID=1363) to work on /home/airflow/.local/lib/python3.7/site-packages/airflow/example_dags/example_kubernetes_executor.py
[2022-12-03T05:11:34.279+0000] {processor.py:743} INFO - Processing file /home/airflow/.local/lib/python3.7/site-packages/airflow/example_dags/example_kubernetes_executor.py for tasks to queue
[2022-12-03T05:11:34.280+0000] {logging_mixin.py:137} INFO - [2022-12-03T05:11:34.280+0000] {dagbag.py:538} INFO - Filling up the DagBag from /home/airflow/.local/lib/python3.7/site-packages/airflow/example_dags/example_kubernetes_executor.py
[2022-12-03T05:11:34.306+0000] {processor.py:753} INFO - DAG(s) dict_keys(['example_kubernetes_executor']) retrieved from /home/airflow/.local/lib/python3.7/site-packages/airflow/example_dags/example_kubernetes_executor.py
[2022-12-03T05:11:34.337+0000] {logging_mixin.py:137} INFO - [2022-12-03T05:11:34.337+0000] {dag.py:2676} INFO - Sync 1 DAGs
[2022-12-03T05:11:34.354+0000] {logging_mixin.py:137} INFO - [2022-12-03T05:11:34.354+0000] {dag.py:3427} INFO - Setting next_dagrun for example_kubernetes_executor to None, run_after=None
[2022-12-03T05:11:34.368+0000] {processor.py:175} INFO - Processing /home/airflow/.local/lib/python3.7/site-packages/airflow/example_dags/example_kubernetes_executor.py took 0.093 seconds
[2022-12-03T05:12:04.843+0000] {processor.py:153} INFO - Started process (PID=1591) to work on /home/airflow/.local/lib/python3.7/site-packages/airflow/example_dags/example_kubernetes_executor.py
[2022-12-03T05:12:04.845+0000] {processor.py:743} INFO - Processing file /home/airflow/.local/lib/python3.7/site-packages/airflow/example_dags/example_kubernetes_executor.py for tasks to queue
[2022-12-03T05:12:04.847+0000] {logging_mixin.py:137} INFO - [2022-12-03T05:12:04.846+0000] {dagbag.py:538} INFO - Filling up the DagBag from /home/airflow/.local/lib/python3.7/site-packages/airflow/example_dags/example_kubernetes_executor.py
[2022-12-03T05:12:04.872+0000] {processor.py:753} INFO - DAG(s) dict_keys(['example_kubernetes_executor']) retrieved from /home/airflow/.local/lib/python3.7/site-packages/airflow/example_dags/example_kubernetes_executor.py
[2022-12-03T05:12:04.902+0000] {logging_mixin.py:137} INFO - [2022-12-03T05:12:04.902+0000] {dag.py:2676} INFO - Sync 1 DAGs
[2022-12-03T05:12:04.931+0000] {logging_mixin.py:137} INFO - [2022-12-03T05:12:04.931+0000] {dag.py:3427} INFO - Setting next_dagrun for example_kubernetes_executor to None, run_after=None
[2022-12-03T05:12:04.952+0000] {processor.py:175} INFO - Processing /home/airflow/.local/lib/python3.7/site-packages/airflow/example_dags/example_kubernetes_executor.py took 0.113 seconds
[2022-12-03T05:12:36.562+0000] {processor.py:153} INFO - Started process (PID=1806) to work on /home/airflow/.local/lib/python3.7/site-packages/airflow/example_dags/example_kubernetes_executor.py
[2022-12-03T05:12:36.578+0000] {processor.py:743} INFO - Processing file /home/airflow/.local/lib/python3.7/site-packages/airflow/example_dags/example_kubernetes_executor.py for tasks to queue
[2022-12-03T05:12:36.584+0000] {logging_mixin.py:137} INFO - [2022-12-03T05:12:36.584+0000] {dagbag.py:538} INFO - Filling up the DagBag from /home/airflow/.local/lib/python3.7/site-packages/airflow/example_dags/example_kubernetes_executor.py
[2022-12-03T05:12:36.739+0000] {processor.py:753} INFO - DAG(s) dict_keys(['example_kubernetes_executor']) retrieved from /home/airflow/.local/lib/python3.7/site-packages/airflow/example_dags/example_kubernetes_executor.py
[2022-12-03T05:12:36.941+0000] {logging_mixin.py:137} INFO - [2022-12-03T05:12:36.924+0000] {dag.py:2676} INFO - Sync 1 DAGs
[2022-12-03T05:12:37.127+0000] {logging_mixin.py:137} INFO - [2022-12-03T05:12:37.127+0000] {dag.py:3427} INFO - Setting next_dagrun for example_kubernetes_executor to None, run_after=None
[2022-12-03T05:12:37.311+0000] {processor.py:175} INFO - Processing /home/airflow/.local/lib/python3.7/site-packages/airflow/example_dags/example_kubernetes_executor.py took 0.759 seconds
[2022-12-03T05:13:08.198+0000] {processor.py:153} INFO - Started process (PID=2030) to work on /home/airflow/.local/lib/python3.7/site-packages/airflow/example_dags/example_kubernetes_executor.py
[2022-12-03T05:13:08.206+0000] {processor.py:743} INFO - Processing file /home/airflow/.local/lib/python3.7/site-packages/airflow/example_dags/example_kubernetes_executor.py for tasks to queue
[2022-12-03T05:13:08.224+0000] {logging_mixin.py:137} INFO - [2022-12-03T05:13:08.223+0000] {dagbag.py:538} INFO - Filling up the DagBag from /home/airflow/.local/lib/python3.7/site-packages/airflow/example_dags/example_kubernetes_executor.py
[2022-12-03T05:13:08.312+0000] {processor.py:753} INFO - DAG(s) dict_keys(['example_kubernetes_executor']) retrieved from /home/airflow/.local/lib/python3.7/site-packages/airflow/example_dags/example_kubernetes_executor.py
[2022-12-03T05:13:08.373+0000] {logging_mixin.py:137} INFO - [2022-12-03T05:13:08.373+0000] {dag.py:2676} INFO - Sync 1 DAGs
[2022-12-03T05:13:08.405+0000] {logging_mixin.py:137} INFO - [2022-12-03T05:13:08.405+0000] {dag.py:3427} INFO - Setting next_dagrun for example_kubernetes_executor to None, run_after=None
[2022-12-03T05:13:08.424+0000] {processor.py:175} INFO - Processing /home/airflow/.local/lib/python3.7/site-packages/airflow/example_dags/example_kubernetes_executor.py took 0.236 seconds
[2022-12-03T05:13:38.546+0000] {processor.py:153} INFO - Started process (PID=2247) to work on /home/airflow/.local/lib/python3.7/site-packages/airflow/example_dags/example_kubernetes_executor.py
[2022-12-03T05:13:38.551+0000] {processor.py:743} INFO - Processing file /home/airflow/.local/lib/python3.7/site-packages/airflow/example_dags/example_kubernetes_executor.py for tasks to queue
[2022-12-03T05:13:38.553+0000] {logging_mixin.py:137} INFO - [2022-12-03T05:13:38.553+0000] {dagbag.py:538} INFO - Filling up the DagBag from /home/airflow/.local/lib/python3.7/site-packages/airflow/example_dags/example_kubernetes_executor.py
[2022-12-03T05:13:38.589+0000] {processor.py:753} INFO - DAG(s) dict_keys(['example_kubernetes_executor']) retrieved from /home/airflow/.local/lib/python3.7/site-packages/airflow/example_dags/example_kubernetes_executor.py
[2022-12-03T05:13:38.617+0000] {logging_mixin.py:137} INFO - [2022-12-03T05:13:38.617+0000] {dag.py:2676} INFO - Sync 1 DAGs
[2022-12-03T05:13:38.631+0000] {logging_mixin.py:137} INFO - [2022-12-03T05:13:38.631+0000] {dag.py:3427} INFO - Setting next_dagrun for example_kubernetes_executor to None, run_after=None
[2022-12-03T05:13:38.643+0000] {processor.py:175} INFO - Processing /home/airflow/.local/lib/python3.7/site-packages/airflow/example_dags/example_kubernetes_executor.py took 0.102 seconds
[2022-12-03T05:14:09.617+0000] {processor.py:153} INFO - Started process (PID=2473) to work on /home/airflow/.local/lib/python3.7/site-packages/airflow/example_dags/example_kubernetes_executor.py
[2022-12-03T05:14:09.627+0000] {processor.py:743} INFO - Processing file /home/airflow/.local/lib/python3.7/site-packages/airflow/example_dags/example_kubernetes_executor.py for tasks to queue
[2022-12-03T05:14:09.629+0000] {logging_mixin.py:137} INFO - [2022-12-03T05:14:09.629+0000] {dagbag.py:538} INFO - Filling up the DagBag from /home/airflow/.local/lib/python3.7/site-packages/airflow/example_dags/example_kubernetes_executor.py
[2022-12-03T05:14:09.691+0000] {processor.py:753} INFO - DAG(s) dict_keys(['example_kubernetes_executor']) retrieved from /home/airflow/.local/lib/python3.7/site-packages/airflow/example_dags/example_kubernetes_executor.py
[2022-12-03T05:14:09.844+0000] {logging_mixin.py:137} INFO - [2022-12-03T05:14:09.843+0000] {dag.py:2676} INFO - Sync 1 DAGs
[2022-12-03T05:14:09.924+0000] {logging_mixin.py:137} INFO - [2022-12-03T05:14:09.924+0000] {dag.py:3427} INFO - Setting next_dagrun for example_kubernetes_executor to None, run_after=None
[2022-12-03T05:14:09.986+0000] {processor.py:175} INFO - Processing /home/airflow/.local/lib/python3.7/site-packages/airflow/example_dags/example_kubernetes_executor.py took 0.374 seconds
[2022-12-03T05:14:40.731+0000] {processor.py:153} INFO - Started process (PID=2686) to work on /home/airflow/.local/lib/python3.7/site-packages/airflow/example_dags/example_kubernetes_executor.py
[2022-12-03T05:14:40.735+0000] {processor.py:743} INFO - Processing file /home/airflow/.local/lib/python3.7/site-packages/airflow/example_dags/example_kubernetes_executor.py for tasks to queue
[2022-12-03T05:14:40.738+0000] {logging_mixin.py:137} INFO - [2022-12-03T05:14:40.738+0000] {dagbag.py:538} INFO - Filling up the DagBag from /home/airflow/.local/lib/python3.7/site-packages/airflow/example_dags/example_kubernetes_executor.py
[2022-12-03T05:14:40.780+0000] {processor.py:753} INFO - DAG(s) dict_keys(['example_kubernetes_executor']) retrieved from /home/airflow/.local/lib/python3.7/site-packages/airflow/example_dags/example_kubernetes_executor.py
[2022-12-03T05:14:40.818+0000] {logging_mixin.py:137} INFO - [2022-12-03T05:14:40.818+0000] {dag.py:2676} INFO - Sync 1 DAGs
[2022-12-03T05:14:40.840+0000] {logging_mixin.py:137} INFO - [2022-12-03T05:14:40.840+0000] {dag.py:3427} INFO - Setting next_dagrun for example_kubernetes_executor to None, run_after=None
[2022-12-03T05:14:40.859+0000] {processor.py:175} INFO - Processing /home/airflow/.local/lib/python3.7/site-packages/airflow/example_dags/example_kubernetes_executor.py took 0.133 seconds
[2022-12-03T05:15:11.270+0000] {processor.py:153} INFO - Started process (PID=2901) to work on /home/airflow/.local/lib/python3.7/site-packages/airflow/example_dags/example_kubernetes_executor.py
[2022-12-03T05:15:11.282+0000] {processor.py:743} INFO - Processing file /home/airflow/.local/lib/python3.7/site-packages/airflow/example_dags/example_kubernetes_executor.py for tasks to queue
[2022-12-03T05:15:11.285+0000] {logging_mixin.py:137} INFO - [2022-12-03T05:15:11.284+0000] {dagbag.py:538} INFO - Filling up the DagBag from /home/airflow/.local/lib/python3.7/site-packages/airflow/example_dags/example_kubernetes_executor.py
[2022-12-03T05:15:11.356+0000] {processor.py:753} INFO - DAG(s) dict_keys(['example_kubernetes_executor']) retrieved from /home/airflow/.local/lib/python3.7/site-packages/airflow/example_dags/example_kubernetes_executor.py
[2022-12-03T05:15:11.438+0000] {logging_mixin.py:137} INFO - [2022-12-03T05:15:11.438+0000] {dag.py:2676} INFO - Sync 1 DAGs
[2022-12-03T05:15:11.498+0000] {logging_mixin.py:137} INFO - [2022-12-03T05:15:11.492+0000] {dag.py:3427} INFO - Setting next_dagrun for example_kubernetes_executor to None, run_after=None
[2022-12-03T05:15:11.542+0000] {processor.py:175} INFO - Processing /home/airflow/.local/lib/python3.7/site-packages/airflow/example_dags/example_kubernetes_executor.py took 0.279 seconds
[2022-12-03T05:15:42.237+0000] {processor.py:153} INFO - Started process (PID=3128) to work on /home/airflow/.local/lib/python3.7/site-packages/airflow/example_dags/example_kubernetes_executor.py
[2022-12-03T05:15:42.239+0000] {processor.py:743} INFO - Processing file /home/airflow/.local/lib/python3.7/site-packages/airflow/example_dags/example_kubernetes_executor.py for tasks to queue
[2022-12-03T05:15:42.240+0000] {logging_mixin.py:137} INFO - [2022-12-03T05:15:42.240+0000] {dagbag.py:538} INFO - Filling up the DagBag from /home/airflow/.local/lib/python3.7/site-packages/airflow/example_dags/example_kubernetes_executor.py
[2022-12-03T05:15:42.266+0000] {processor.py:753} INFO - DAG(s) dict_keys(['example_kubernetes_executor']) retrieved from /home/airflow/.local/lib/python3.7/site-packages/airflow/example_dags/example_kubernetes_executor.py
[2022-12-03T05:15:42.300+0000] {logging_mixin.py:137} INFO - [2022-12-03T05:15:42.300+0000] {dag.py:2676} INFO - Sync 1 DAGs
[2022-12-03T05:15:42.317+0000] {logging_mixin.py:137} INFO - [2022-12-03T05:15:42.316+0000] {dag.py:3427} INFO - Setting next_dagrun for example_kubernetes_executor to None, run_after=None
[2022-12-03T05:15:42.329+0000] {processor.py:175} INFO - Processing /home/airflow/.local/lib/python3.7/site-packages/airflow/example_dags/example_kubernetes_executor.py took 0.096 seconds
[2022-12-03T05:16:13.111+0000] {processor.py:153} INFO - Started process (PID=3353) to work on /home/airflow/.local/lib/python3.7/site-packages/airflow/example_dags/example_kubernetes_executor.py
[2022-12-03T05:16:13.113+0000] {processor.py:743} INFO - Processing file /home/airflow/.local/lib/python3.7/site-packages/airflow/example_dags/example_kubernetes_executor.py for tasks to queue
[2022-12-03T05:16:13.114+0000] {logging_mixin.py:137} INFO - [2022-12-03T05:16:13.114+0000] {dagbag.py:538} INFO - Filling up the DagBag from /home/airflow/.local/lib/python3.7/site-packages/airflow/example_dags/example_kubernetes_executor.py
[2022-12-03T05:16:13.168+0000] {processor.py:753} INFO - DAG(s) dict_keys(['example_kubernetes_executor']) retrieved from /home/airflow/.local/lib/python3.7/site-packages/airflow/example_dags/example_kubernetes_executor.py
[2022-12-03T05:16:13.237+0000] {logging_mixin.py:137} INFO - [2022-12-03T05:16:13.237+0000] {dag.py:2676} INFO - Sync 1 DAGs
[2022-12-03T05:16:13.300+0000] {logging_mixin.py:137} INFO - [2022-12-03T05:16:13.300+0000] {dag.py:3427} INFO - Setting next_dagrun for example_kubernetes_executor to None, run_after=None
[2022-12-03T05:16:13.322+0000] {processor.py:175} INFO - Processing /home/airflow/.local/lib/python3.7/site-packages/airflow/example_dags/example_kubernetes_executor.py took 0.216 seconds
[2022-12-03T05:16:43.884+0000] {processor.py:153} INFO - Started process (PID=3566) to work on /home/airflow/.local/lib/python3.7/site-packages/airflow/example_dags/example_kubernetes_executor.py
[2022-12-03T05:16:43.886+0000] {processor.py:743} INFO - Processing file /home/airflow/.local/lib/python3.7/site-packages/airflow/example_dags/example_kubernetes_executor.py for tasks to queue
[2022-12-03T05:16:43.887+0000] {logging_mixin.py:137} INFO - [2022-12-03T05:16:43.887+0000] {dagbag.py:538} INFO - Filling up the DagBag from /home/airflow/.local/lib/python3.7/site-packages/airflow/example_dags/example_kubernetes_executor.py
[2022-12-03T05:16:43.916+0000] {processor.py:753} INFO - DAG(s) dict_keys(['example_kubernetes_executor']) retrieved from /home/airflow/.local/lib/python3.7/site-packages/airflow/example_dags/example_kubernetes_executor.py
[2022-12-03T05:16:43.950+0000] {logging_mixin.py:137} INFO - [2022-12-03T05:16:43.950+0000] {dag.py:2676} INFO - Sync 1 DAGs
[2022-12-03T05:16:43.964+0000] {logging_mixin.py:137} INFO - [2022-12-03T05:16:43.964+0000] {dag.py:3427} INFO - Setting next_dagrun for example_kubernetes_executor to None, run_after=None
[2022-12-03T05:16:43.975+0000] {processor.py:175} INFO - Processing /home/airflow/.local/lib/python3.7/site-packages/airflow/example_dags/example_kubernetes_executor.py took 0.094 seconds
[2022-12-03T05:17:14.141+0000] {processor.py:153} INFO - Started process (PID=3792) to work on /home/airflow/.local/lib/python3.7/site-packages/airflow/example_dags/example_kubernetes_executor.py
[2022-12-03T05:17:14.143+0000] {processor.py:743} INFO - Processing file /home/airflow/.local/lib/python3.7/site-packages/airflow/example_dags/example_kubernetes_executor.py for tasks to queue
[2022-12-03T05:17:14.144+0000] {logging_mixin.py:137} INFO - [2022-12-03T05:17:14.144+0000] {dagbag.py:538} INFO - Filling up the DagBag from /home/airflow/.local/lib/python3.7/site-packages/airflow/example_dags/example_kubernetes_executor.py
[2022-12-03T05:17:14.164+0000] {processor.py:753} INFO - DAG(s) dict_keys(['example_kubernetes_executor']) retrieved from /home/airflow/.local/lib/python3.7/site-packages/airflow/example_dags/example_kubernetes_executor.py
[2022-12-03T05:17:14.204+0000] {logging_mixin.py:137} INFO - [2022-12-03T05:17:14.204+0000] {dag.py:2676} INFO - Sync 1 DAGs
[2022-12-03T05:17:14.218+0000] {logging_mixin.py:137} INFO - [2022-12-03T05:17:14.218+0000] {dag.py:3427} INFO - Setting next_dagrun for example_kubernetes_executor to None, run_after=None
[2022-12-03T05:17:14.229+0000] {processor.py:175} INFO - Processing /home/airflow/.local/lib/python3.7/site-packages/airflow/example_dags/example_kubernetes_executor.py took 0.090 seconds
[2022-12-03T05:17:44.839+0000] {processor.py:153} INFO - Started process (PID=4004) to work on /home/airflow/.local/lib/python3.7/site-packages/airflow/example_dags/example_kubernetes_executor.py
[2022-12-03T05:17:44.843+0000] {processor.py:743} INFO - Processing file /home/airflow/.local/lib/python3.7/site-packages/airflow/example_dags/example_kubernetes_executor.py for tasks to queue
[2022-12-03T05:17:44.845+0000] {logging_mixin.py:137} INFO - [2022-12-03T05:17:44.845+0000] {dagbag.py:538} INFO - Filling up the DagBag from /home/airflow/.local/lib/python3.7/site-packages/airflow/example_dags/example_kubernetes_executor.py
[2022-12-03T05:17:44.871+0000] {processor.py:753} INFO - DAG(s) dict_keys(['example_kubernetes_executor']) retrieved from /home/airflow/.local/lib/python3.7/site-packages/airflow/example_dags/example_kubernetes_executor.py
[2022-12-03T05:17:44.907+0000] {logging_mixin.py:137} INFO - [2022-12-03T05:17:44.907+0000] {dag.py:2676} INFO - Sync 1 DAGs
[2022-12-03T05:17:44.930+0000] {logging_mixin.py:137} INFO - [2022-12-03T05:17:44.930+0000] {dag.py:3427} INFO - Setting next_dagrun for example_kubernetes_executor to None, run_after=None
[2022-12-03T05:17:44.954+0000] {processor.py:175} INFO - Processing /home/airflow/.local/lib/python3.7/site-packages/airflow/example_dags/example_kubernetes_executor.py took 0.118 seconds
[2022-12-03T05:18:56.228+0000] {processor.py:153} INFO - Started process (PID=270) to work on /home/airflow/.local/lib/python3.7/site-packages/airflow/example_dags/example_kubernetes_executor.py
[2022-12-03T05:18:56.231+0000] {processor.py:743} INFO - Processing file /home/airflow/.local/lib/python3.7/site-packages/airflow/example_dags/example_kubernetes_executor.py for tasks to queue
[2022-12-03T05:18:56.233+0000] {logging_mixin.py:137} INFO - [2022-12-03T05:18:56.233+0000] {dagbag.py:538} INFO - Filling up the DagBag from /home/airflow/.local/lib/python3.7/site-packages/airflow/example_dags/example_kubernetes_executor.py
[2022-12-03T05:18:56.259+0000] {processor.py:753} INFO - DAG(s) dict_keys(['example_kubernetes_executor']) retrieved from /home/airflow/.local/lib/python3.7/site-packages/airflow/example_dags/example_kubernetes_executor.py
[2022-12-03T05:18:56.278+0000] {logging_mixin.py:137} INFO - [2022-12-03T05:18:56.277+0000] {dag.py:2676} INFO - Sync 1 DAGs
[2022-12-03T05:18:56.298+0000] {logging_mixin.py:137} INFO - [2022-12-03T05:18:56.298+0000] {dag.py:3427} INFO - Setting next_dagrun for example_kubernetes_executor to None, run_after=None
[2022-12-03T05:18:56.321+0000] {processor.py:175} INFO - Processing /home/airflow/.local/lib/python3.7/site-packages/airflow/example_dags/example_kubernetes_executor.py took 0.096 seconds
[2022-12-03T05:19:26.512+0000] {processor.py:153} INFO - Started process (PID=485) to work on /home/airflow/.local/lib/python3.7/site-packages/airflow/example_dags/example_kubernetes_executor.py
[2022-12-03T05:19:26.514+0000] {processor.py:743} INFO - Processing file /home/airflow/.local/lib/python3.7/site-packages/airflow/example_dags/example_kubernetes_executor.py for tasks to queue
[2022-12-03T05:19:26.516+0000] {logging_mixin.py:137} INFO - [2022-12-03T05:19:26.516+0000] {dagbag.py:538} INFO - Filling up the DagBag from /home/airflow/.local/lib/python3.7/site-packages/airflow/example_dags/example_kubernetes_executor.py
[2022-12-03T05:19:26.537+0000] {processor.py:753} INFO - DAG(s) dict_keys(['example_kubernetes_executor']) retrieved from /home/airflow/.local/lib/python3.7/site-packages/airflow/example_dags/example_kubernetes_executor.py
[2022-12-03T05:19:26.588+0000] {logging_mixin.py:137} INFO - [2022-12-03T05:19:26.588+0000] {dag.py:2676} INFO - Sync 1 DAGs
[2022-12-03T05:19:26.619+0000] {logging_mixin.py:137} INFO - [2022-12-03T05:19:26.619+0000] {dag.py:3427} INFO - Setting next_dagrun for example_kubernetes_executor to None, run_after=None
[2022-12-03T05:19:26.634+0000] {processor.py:175} INFO - Processing /home/airflow/.local/lib/python3.7/site-packages/airflow/example_dags/example_kubernetes_executor.py took 0.124 seconds
[2022-12-03T05:19:57.558+0000] {processor.py:153} INFO - Started process (PID=712) to work on /home/airflow/.local/lib/python3.7/site-packages/airflow/example_dags/example_kubernetes_executor.py
[2022-12-03T05:19:57.561+0000] {processor.py:743} INFO - Processing file /home/airflow/.local/lib/python3.7/site-packages/airflow/example_dags/example_kubernetes_executor.py for tasks to queue
[2022-12-03T05:19:57.563+0000] {logging_mixin.py:137} INFO - [2022-12-03T05:19:57.562+0000] {dagbag.py:538} INFO - Filling up the DagBag from /home/airflow/.local/lib/python3.7/site-packages/airflow/example_dags/example_kubernetes_executor.py
[2022-12-03T05:19:57.585+0000] {processor.py:753} INFO - DAG(s) dict_keys(['example_kubernetes_executor']) retrieved from /home/airflow/.local/lib/python3.7/site-packages/airflow/example_dags/example_kubernetes_executor.py
[2022-12-03T05:19:57.618+0000] {logging_mixin.py:137} INFO - [2022-12-03T05:19:57.618+0000] {dag.py:2676} INFO - Sync 1 DAGs
[2022-12-03T05:19:57.637+0000] {logging_mixin.py:137} INFO - [2022-12-03T05:19:57.637+0000] {dag.py:3427} INFO - Setting next_dagrun for example_kubernetes_executor to None, run_after=None
[2022-12-03T05:19:57.650+0000] {processor.py:175} INFO - Processing /home/airflow/.local/lib/python3.7/site-packages/airflow/example_dags/example_kubernetes_executor.py took 0.095 seconds
