[2022-12-03T05:08:59.746+0000] {processor.py:153} INFO - Started process (PID=260) to work on /home/airflow/.local/lib/python3.7/site-packages/airflow/example_dags/example_branch_labels.py
[2022-12-03T05:08:59.749+0000] {processor.py:743} INFO - Processing file /home/airflow/.local/lib/python3.7/site-packages/airflow/example_dags/example_branch_labels.py for tasks to queue
[2022-12-03T05:08:59.753+0000] {logging_mixin.py:137} INFO - [2022-12-03T05:08:59.752+0000] {dagbag.py:538} INFO - Filling up the DagBag from /home/airflow/.local/lib/python3.7/site-packages/airflow/example_dags/example_branch_labels.py
[2022-12-03T05:08:59.778+0000] {processor.py:753} INFO - DAG(s) dict_keys(['example_branch_labels']) retrieved from /home/airflow/.local/lib/python3.7/site-packages/airflow/example_dags/example_branch_labels.py
[2022-12-03T05:08:59.814+0000] {logging_mixin.py:137} INFO - [2022-12-03T05:08:59.814+0000] {dag.py:2676} INFO - Sync 1 DAGs
[2022-12-03T05:08:59.855+0000] {logging_mixin.py:137} INFO - [2022-12-03T05:08:59.855+0000] {dag.py:3427} INFO - Setting next_dagrun for example_branch_labels to 2022-12-02T00:00:00+00:00, run_after=2022-12-03T00:00:00+00:00
[2022-12-03T05:08:59.886+0000] {processor.py:175} INFO - Processing /home/airflow/.local/lib/python3.7/site-packages/airflow/example_dags/example_branch_labels.py took 0.157 seconds
[2022-12-03T05:09:29.932+0000] {processor.py:153} INFO - Started process (PID=472) to work on /home/airflow/.local/lib/python3.7/site-packages/airflow/example_dags/example_branch_labels.py
[2022-12-03T05:09:29.933+0000] {processor.py:743} INFO - Processing file /home/airflow/.local/lib/python3.7/site-packages/airflow/example_dags/example_branch_labels.py for tasks to queue
[2022-12-03T05:09:29.934+0000] {logging_mixin.py:137} INFO - [2022-12-03T05:09:29.934+0000] {dagbag.py:538} INFO - Filling up the DagBag from /home/airflow/.local/lib/python3.7/site-packages/airflow/example_dags/example_branch_labels.py
[2022-12-03T05:09:29.945+0000] {processor.py:753} INFO - DAG(s) dict_keys(['example_branch_labels']) retrieved from /home/airflow/.local/lib/python3.7/site-packages/airflow/example_dags/example_branch_labels.py
[2022-12-03T05:09:29.972+0000] {logging_mixin.py:137} INFO - [2022-12-03T05:09:29.972+0000] {dag.py:2676} INFO - Sync 1 DAGs
[2022-12-03T05:09:29.998+0000] {logging_mixin.py:137} INFO - [2022-12-03T05:09:29.998+0000] {dag.py:3427} INFO - Setting next_dagrun for example_branch_labels to 2022-12-02T00:00:00+00:00, run_after=2022-12-03T00:00:00+00:00
[2022-12-03T05:09:30.019+0000] {processor.py:175} INFO - Processing /home/airflow/.local/lib/python3.7/site-packages/airflow/example_dags/example_branch_labels.py took 0.089 seconds
[2022-12-03T05:10:01.538+0000] {processor.py:153} INFO - Started process (PID=700) to work on /home/airflow/.local/lib/python3.7/site-packages/airflow/example_dags/example_branch_labels.py
[2022-12-03T05:10:01.542+0000] {processor.py:743} INFO - Processing file /home/airflow/.local/lib/python3.7/site-packages/airflow/example_dags/example_branch_labels.py for tasks to queue
[2022-12-03T05:10:01.545+0000] {logging_mixin.py:137} INFO - [2022-12-03T05:10:01.545+0000] {dagbag.py:538} INFO - Filling up the DagBag from /home/airflow/.local/lib/python3.7/site-packages/airflow/example_dags/example_branch_labels.py
[2022-12-03T05:10:01.575+0000] {processor.py:753} INFO - DAG(s) dict_keys(['example_branch_labels']) retrieved from /home/airflow/.local/lib/python3.7/site-packages/airflow/example_dags/example_branch_labels.py
[2022-12-03T05:10:01.683+0000] {logging_mixin.py:137} INFO - [2022-12-03T05:10:01.683+0000] {dag.py:2676} INFO - Sync 1 DAGs
[2022-12-03T05:10:01.747+0000] {logging_mixin.py:137} INFO - [2022-12-03T05:10:01.747+0000] {dag.py:3427} INFO - Setting next_dagrun for example_branch_labels to 2022-12-02T00:00:00+00:00, run_after=2022-12-03T00:00:00+00:00
[2022-12-03T05:10:01.801+0000] {processor.py:175} INFO - Processing /home/airflow/.local/lib/python3.7/site-packages/airflow/example_dags/example_branch_labels.py took 0.267 seconds
[2022-12-03T05:10:32.123+0000] {processor.py:153} INFO - Started process (PID=914) to work on /home/airflow/.local/lib/python3.7/site-packages/airflow/example_dags/example_branch_labels.py
[2022-12-03T05:10:32.126+0000] {processor.py:743} INFO - Processing file /home/airflow/.local/lib/python3.7/site-packages/airflow/example_dags/example_branch_labels.py for tasks to queue
[2022-12-03T05:10:32.127+0000] {logging_mixin.py:137} INFO - [2022-12-03T05:10:32.127+0000] {dagbag.py:538} INFO - Filling up the DagBag from /home/airflow/.local/lib/python3.7/site-packages/airflow/example_dags/example_branch_labels.py
[2022-12-03T05:10:32.138+0000] {processor.py:753} INFO - DAG(s) dict_keys(['example_branch_labels']) retrieved from /home/airflow/.local/lib/python3.7/site-packages/airflow/example_dags/example_branch_labels.py
[2022-12-03T05:10:32.170+0000] {logging_mixin.py:137} INFO - [2022-12-03T05:10:32.169+0000] {dag.py:2676} INFO - Sync 1 DAGs
[2022-12-03T05:10:32.187+0000] {logging_mixin.py:137} INFO - [2022-12-03T05:10:32.187+0000] {dag.py:3427} INFO - Setting next_dagrun for example_branch_labels to 2022-12-02T00:00:00+00:00, run_after=2022-12-03T00:00:00+00:00
[2022-12-03T05:10:32.202+0000] {processor.py:175} INFO - Processing /home/airflow/.local/lib/python3.7/site-packages/airflow/example_dags/example_branch_labels.py took 0.081 seconds
[2022-12-03T05:11:03.203+0000] {processor.py:153} INFO - Started process (PID=1141) to work on /home/airflow/.local/lib/python3.7/site-packages/airflow/example_dags/example_branch_labels.py
[2022-12-03T05:11:03.205+0000] {processor.py:743} INFO - Processing file /home/airflow/.local/lib/python3.7/site-packages/airflow/example_dags/example_branch_labels.py for tasks to queue
[2022-12-03T05:11:03.206+0000] {logging_mixin.py:137} INFO - [2022-12-03T05:11:03.206+0000] {dagbag.py:538} INFO - Filling up the DagBag from /home/airflow/.local/lib/python3.7/site-packages/airflow/example_dags/example_branch_labels.py
[2022-12-03T05:11:03.216+0000] {processor.py:753} INFO - DAG(s) dict_keys(['example_branch_labels']) retrieved from /home/airflow/.local/lib/python3.7/site-packages/airflow/example_dags/example_branch_labels.py
[2022-12-03T05:11:03.263+0000] {logging_mixin.py:137} INFO - [2022-12-03T05:11:03.263+0000] {dag.py:2676} INFO - Sync 1 DAGs
[2022-12-03T05:11:03.287+0000] {logging_mixin.py:137} INFO - [2022-12-03T05:11:03.286+0000] {dag.py:3427} INFO - Setting next_dagrun for example_branch_labels to 2022-12-02T00:00:00+00:00, run_after=2022-12-03T00:00:00+00:00
[2022-12-03T05:11:03.299+0000] {processor.py:175} INFO - Processing /home/airflow/.local/lib/python3.7/site-packages/airflow/example_dags/example_branch_labels.py took 0.098 seconds
[2022-12-03T05:11:34.112+0000] {processor.py:153} INFO - Started process (PID=1353) to work on /home/airflow/.local/lib/python3.7/site-packages/airflow/example_dags/example_branch_labels.py
[2022-12-03T05:11:34.114+0000] {processor.py:743} INFO - Processing file /home/airflow/.local/lib/python3.7/site-packages/airflow/example_dags/example_branch_labels.py for tasks to queue
[2022-12-03T05:11:34.115+0000] {logging_mixin.py:137} INFO - [2022-12-03T05:11:34.115+0000] {dagbag.py:538} INFO - Filling up the DagBag from /home/airflow/.local/lib/python3.7/site-packages/airflow/example_dags/example_branch_labels.py
[2022-12-03T05:11:34.127+0000] {processor.py:753} INFO - DAG(s) dict_keys(['example_branch_labels']) retrieved from /home/airflow/.local/lib/python3.7/site-packages/airflow/example_dags/example_branch_labels.py
[2022-12-03T05:11:34.160+0000] {logging_mixin.py:137} INFO - [2022-12-03T05:11:34.160+0000] {dag.py:2676} INFO - Sync 1 DAGs
[2022-12-03T05:11:34.183+0000] {logging_mixin.py:137} INFO - [2022-12-03T05:11:34.183+0000] {dag.py:3427} INFO - Setting next_dagrun for example_branch_labels to 2022-12-02T00:00:00+00:00, run_after=2022-12-03T00:00:00+00:00
[2022-12-03T05:11:34.222+0000] {processor.py:175} INFO - Processing /home/airflow/.local/lib/python3.7/site-packages/airflow/example_dags/example_branch_labels.py took 0.112 seconds
[2022-12-03T05:12:04.581+0000] {processor.py:153} INFO - Started process (PID=1579) to work on /home/airflow/.local/lib/python3.7/site-packages/airflow/example_dags/example_branch_labels.py
[2022-12-03T05:12:04.585+0000] {processor.py:743} INFO - Processing file /home/airflow/.local/lib/python3.7/site-packages/airflow/example_dags/example_branch_labels.py for tasks to queue
[2022-12-03T05:12:04.587+0000] {logging_mixin.py:137} INFO - [2022-12-03T05:12:04.586+0000] {dagbag.py:538} INFO - Filling up the DagBag from /home/airflow/.local/lib/python3.7/site-packages/airflow/example_dags/example_branch_labels.py
[2022-12-03T05:12:04.597+0000] {processor.py:753} INFO - DAG(s) dict_keys(['example_branch_labels']) retrieved from /home/airflow/.local/lib/python3.7/site-packages/airflow/example_dags/example_branch_labels.py
[2022-12-03T05:12:04.637+0000] {logging_mixin.py:137} INFO - [2022-12-03T05:12:04.637+0000] {dag.py:2676} INFO - Sync 1 DAGs
[2022-12-03T05:12:04.677+0000] {logging_mixin.py:137} INFO - [2022-12-03T05:12:04.677+0000] {dag.py:3427} INFO - Setting next_dagrun for example_branch_labels to 2022-12-02T00:00:00+00:00, run_after=2022-12-03T00:00:00+00:00
[2022-12-03T05:12:04.712+0000] {processor.py:175} INFO - Processing /home/airflow/.local/lib/python3.7/site-packages/airflow/example_dags/example_branch_labels.py took 0.133 seconds
[2022-12-03T05:12:35.738+0000] {processor.py:153} INFO - Started process (PID=1794) to work on /home/airflow/.local/lib/python3.7/site-packages/airflow/example_dags/example_branch_labels.py
[2022-12-03T05:12:35.741+0000] {processor.py:743} INFO - Processing file /home/airflow/.local/lib/python3.7/site-packages/airflow/example_dags/example_branch_labels.py for tasks to queue
[2022-12-03T05:12:35.743+0000] {logging_mixin.py:137} INFO - [2022-12-03T05:12:35.743+0000] {dagbag.py:538} INFO - Filling up the DagBag from /home/airflow/.local/lib/python3.7/site-packages/airflow/example_dags/example_branch_labels.py
[2022-12-03T05:12:35.762+0000] {processor.py:753} INFO - DAG(s) dict_keys(['example_branch_labels']) retrieved from /home/airflow/.local/lib/python3.7/site-packages/airflow/example_dags/example_branch_labels.py
[2022-12-03T05:12:35.838+0000] {logging_mixin.py:137} INFO - [2022-12-03T05:12:35.838+0000] {dag.py:2676} INFO - Sync 1 DAGs
[2022-12-03T05:12:35.877+0000] {logging_mixin.py:137} INFO - [2022-12-03T05:12:35.877+0000] {dag.py:3427} INFO - Setting next_dagrun for example_branch_labels to 2022-12-02T00:00:00+00:00, run_after=2022-12-03T00:00:00+00:00
[2022-12-03T05:12:35.933+0000] {processor.py:175} INFO - Processing /home/airflow/.local/lib/python3.7/site-packages/airflow/example_dags/example_branch_labels.py took 0.198 seconds
[2022-12-03T05:13:06.888+0000] {processor.py:153} INFO - Started process (PID=2011) to work on /home/airflow/.local/lib/python3.7/site-packages/airflow/example_dags/example_branch_labels.py
[2022-12-03T05:13:06.890+0000] {processor.py:743} INFO - Processing file /home/airflow/.local/lib/python3.7/site-packages/airflow/example_dags/example_branch_labels.py for tasks to queue
[2022-12-03T05:13:06.891+0000] {logging_mixin.py:137} INFO - [2022-12-03T05:13:06.891+0000] {dagbag.py:538} INFO - Filling up the DagBag from /home/airflow/.local/lib/python3.7/site-packages/airflow/example_dags/example_branch_labels.py
[2022-12-03T05:13:06.907+0000] {processor.py:753} INFO - DAG(s) dict_keys(['example_branch_labels']) retrieved from /home/airflow/.local/lib/python3.7/site-packages/airflow/example_dags/example_branch_labels.py
[2022-12-03T05:13:06.988+0000] {logging_mixin.py:137} INFO - [2022-12-03T05:13:06.988+0000] {dag.py:2676} INFO - Sync 1 DAGs
[2022-12-03T05:13:07.041+0000] {logging_mixin.py:137} INFO - [2022-12-03T05:13:07.041+0000] {dag.py:3427} INFO - Setting next_dagrun for example_branch_labels to 2022-12-02T00:00:00+00:00, run_after=2022-12-03T00:00:00+00:00
[2022-12-03T05:13:07.085+0000] {processor.py:175} INFO - Processing /home/airflow/.local/lib/python3.7/site-packages/airflow/example_dags/example_branch_labels.py took 0.200 seconds
[2022-12-03T05:13:37.400+0000] {processor.py:153} INFO - Started process (PID=2237) to work on /home/airflow/.local/lib/python3.7/site-packages/airflow/example_dags/example_branch_labels.py
[2022-12-03T05:13:37.402+0000] {processor.py:743} INFO - Processing file /home/airflow/.local/lib/python3.7/site-packages/airflow/example_dags/example_branch_labels.py for tasks to queue
[2022-12-03T05:13:37.403+0000] {logging_mixin.py:137} INFO - [2022-12-03T05:13:37.403+0000] {dagbag.py:538} INFO - Filling up the DagBag from /home/airflow/.local/lib/python3.7/site-packages/airflow/example_dags/example_branch_labels.py
[2022-12-03T05:13:37.414+0000] {processor.py:753} INFO - DAG(s) dict_keys(['example_branch_labels']) retrieved from /home/airflow/.local/lib/python3.7/site-packages/airflow/example_dags/example_branch_labels.py
[2022-12-03T05:13:37.449+0000] {logging_mixin.py:137} INFO - [2022-12-03T05:13:37.449+0000] {dag.py:2676} INFO - Sync 1 DAGs
[2022-12-03T05:13:37.478+0000] {logging_mixin.py:137} INFO - [2022-12-03T05:13:37.477+0000] {dag.py:3427} INFO - Setting next_dagrun for example_branch_labels to 2022-12-02T00:00:00+00:00, run_after=2022-12-03T00:00:00+00:00
[2022-12-03T05:13:37.492+0000] {processor.py:175} INFO - Processing /home/airflow/.local/lib/python3.7/site-packages/airflow/example_dags/example_branch_labels.py took 0.094 seconds
[2022-12-03T05:14:09.149+0000] {processor.py:153} INFO - Started process (PID=2460) to work on /home/airflow/.local/lib/python3.7/site-packages/airflow/example_dags/example_branch_labels.py
[2022-12-03T05:14:09.153+0000] {processor.py:743} INFO - Processing file /home/airflow/.local/lib/python3.7/site-packages/airflow/example_dags/example_branch_labels.py for tasks to queue
[2022-12-03T05:14:09.155+0000] {logging_mixin.py:137} INFO - [2022-12-03T05:14:09.155+0000] {dagbag.py:538} INFO - Filling up the DagBag from /home/airflow/.local/lib/python3.7/site-packages/airflow/example_dags/example_branch_labels.py
[2022-12-03T05:14:09.172+0000] {processor.py:753} INFO - DAG(s) dict_keys(['example_branch_labels']) retrieved from /home/airflow/.local/lib/python3.7/site-packages/airflow/example_dags/example_branch_labels.py
[2022-12-03T05:14:09.275+0000] {logging_mixin.py:137} INFO - [2022-12-03T05:14:09.274+0000] {dag.py:2676} INFO - Sync 1 DAGs
[2022-12-03T05:14:09.312+0000] {logging_mixin.py:137} INFO - [2022-12-03T05:14:09.312+0000] {dag.py:3427} INFO - Setting next_dagrun for example_branch_labels to 2022-12-02T00:00:00+00:00, run_after=2022-12-03T00:00:00+00:00
[2022-12-03T05:14:09.340+0000] {processor.py:175} INFO - Processing /home/airflow/.local/lib/python3.7/site-packages/airflow/example_dags/example_branch_labels.py took 0.194 seconds
[2022-12-03T05:14:39.525+0000] {processor.py:153} INFO - Started process (PID=2674) to work on /home/airflow/.local/lib/python3.7/site-packages/airflow/example_dags/example_branch_labels.py
[2022-12-03T05:14:39.527+0000] {processor.py:743} INFO - Processing file /home/airflow/.local/lib/python3.7/site-packages/airflow/example_dags/example_branch_labels.py for tasks to queue
[2022-12-03T05:14:39.530+0000] {logging_mixin.py:137} INFO - [2022-12-03T05:14:39.529+0000] {dagbag.py:538} INFO - Filling up the DagBag from /home/airflow/.local/lib/python3.7/site-packages/airflow/example_dags/example_branch_labels.py
[2022-12-03T05:14:39.543+0000] {processor.py:753} INFO - DAG(s) dict_keys(['example_branch_labels']) retrieved from /home/airflow/.local/lib/python3.7/site-packages/airflow/example_dags/example_branch_labels.py
[2022-12-03T05:14:39.599+0000] {logging_mixin.py:137} INFO - [2022-12-03T05:14:39.599+0000] {dag.py:2676} INFO - Sync 1 DAGs
[2022-12-03T05:14:39.626+0000] {logging_mixin.py:137} INFO - [2022-12-03T05:14:39.626+0000] {dag.py:3427} INFO - Setting next_dagrun for example_branch_labels to 2022-12-02T00:00:00+00:00, run_after=2022-12-03T00:00:00+00:00
[2022-12-03T05:14:39.643+0000] {processor.py:175} INFO - Processing /home/airflow/.local/lib/python3.7/site-packages/airflow/example_dags/example_branch_labels.py took 0.122 seconds
[2022-12-03T05:15:10.090+0000] {processor.py:153} INFO - Started process (PID=2889) to work on /home/airflow/.local/lib/python3.7/site-packages/airflow/example_dags/example_branch_labels.py
[2022-12-03T05:15:10.092+0000] {processor.py:743} INFO - Processing file /home/airflow/.local/lib/python3.7/site-packages/airflow/example_dags/example_branch_labels.py for tasks to queue
[2022-12-03T05:15:10.095+0000] {logging_mixin.py:137} INFO - [2022-12-03T05:15:10.095+0000] {dagbag.py:538} INFO - Filling up the DagBag from /home/airflow/.local/lib/python3.7/site-packages/airflow/example_dags/example_branch_labels.py
[2022-12-03T05:15:10.106+0000] {processor.py:753} INFO - DAG(s) dict_keys(['example_branch_labels']) retrieved from /home/airflow/.local/lib/python3.7/site-packages/airflow/example_dags/example_branch_labels.py
[2022-12-03T05:15:10.141+0000] {logging_mixin.py:137} INFO - [2022-12-03T05:15:10.141+0000] {dag.py:2676} INFO - Sync 1 DAGs
[2022-12-03T05:15:10.165+0000] {logging_mixin.py:137} INFO - [2022-12-03T05:15:10.165+0000] {dag.py:3427} INFO - Setting next_dagrun for example_branch_labels to 2022-12-02T00:00:00+00:00, run_after=2022-12-03T00:00:00+00:00
[2022-12-03T05:15:10.186+0000] {processor.py:175} INFO - Processing /home/airflow/.local/lib/python3.7/site-packages/airflow/example_dags/example_branch_labels.py took 0.099 seconds
[2022-12-03T05:15:41.096+0000] {processor.py:153} INFO - Started process (PID=3116) to work on /home/airflow/.local/lib/python3.7/site-packages/airflow/example_dags/example_branch_labels.py
[2022-12-03T05:15:41.097+0000] {processor.py:743} INFO - Processing file /home/airflow/.local/lib/python3.7/site-packages/airflow/example_dags/example_branch_labels.py for tasks to queue
[2022-12-03T05:15:41.098+0000] {logging_mixin.py:137} INFO - [2022-12-03T05:15:41.098+0000] {dagbag.py:538} INFO - Filling up the DagBag from /home/airflow/.local/lib/python3.7/site-packages/airflow/example_dags/example_branch_labels.py
[2022-12-03T05:15:41.107+0000] {processor.py:753} INFO - DAG(s) dict_keys(['example_branch_labels']) retrieved from /home/airflow/.local/lib/python3.7/site-packages/airflow/example_dags/example_branch_labels.py
[2022-12-03T05:15:41.149+0000] {logging_mixin.py:137} INFO - [2022-12-03T05:15:41.149+0000] {dag.py:2676} INFO - Sync 1 DAGs
[2022-12-03T05:15:41.172+0000] {logging_mixin.py:137} INFO - [2022-12-03T05:15:41.172+0000] {dag.py:3427} INFO - Setting next_dagrun for example_branch_labels to 2022-12-02T00:00:00+00:00, run_after=2022-12-03T00:00:00+00:00
[2022-12-03T05:15:41.184+0000] {processor.py:175} INFO - Processing /home/airflow/.local/lib/python3.7/site-packages/airflow/example_dags/example_branch_labels.py took 0.091 seconds
[2022-12-03T05:16:12.961+0000] {processor.py:153} INFO - Started process (PID=3343) to work on /home/airflow/.local/lib/python3.7/site-packages/airflow/example_dags/example_branch_labels.py
[2022-12-03T05:16:12.963+0000] {processor.py:743} INFO - Processing file /home/airflow/.local/lib/python3.7/site-packages/airflow/example_dags/example_branch_labels.py for tasks to queue
[2022-12-03T05:16:12.964+0000] {logging_mixin.py:137} INFO - [2022-12-03T05:16:12.964+0000] {dagbag.py:538} INFO - Filling up the DagBag from /home/airflow/.local/lib/python3.7/site-packages/airflow/example_dags/example_branch_labels.py
[2022-12-03T05:16:12.980+0000] {processor.py:753} INFO - DAG(s) dict_keys(['example_branch_labels']) retrieved from /home/airflow/.local/lib/python3.7/site-packages/airflow/example_dags/example_branch_labels.py
[2022-12-03T05:16:13.030+0000] {logging_mixin.py:137} INFO - [2022-12-03T05:16:13.030+0000] {dag.py:2676} INFO - Sync 1 DAGs
[2022-12-03T05:16:13.051+0000] {logging_mixin.py:137} INFO - [2022-12-03T05:16:13.051+0000] {dag.py:3427} INFO - Setting next_dagrun for example_branch_labels to 2022-12-02T00:00:00+00:00, run_after=2022-12-03T00:00:00+00:00
[2022-12-03T05:16:13.072+0000] {processor.py:175} INFO - Processing /home/airflow/.local/lib/python3.7/site-packages/airflow/example_dags/example_branch_labels.py took 0.117 seconds
[2022-12-03T05:16:43.794+0000] {processor.py:153} INFO - Started process (PID=3556) to work on /home/airflow/.local/lib/python3.7/site-packages/airflow/example_dags/example_branch_labels.py
[2022-12-03T05:16:43.796+0000] {processor.py:743} INFO - Processing file /home/airflow/.local/lib/python3.7/site-packages/airflow/example_dags/example_branch_labels.py for tasks to queue
[2022-12-03T05:16:43.797+0000] {logging_mixin.py:137} INFO - [2022-12-03T05:16:43.797+0000] {dagbag.py:538} INFO - Filling up the DagBag from /home/airflow/.local/lib/python3.7/site-packages/airflow/example_dags/example_branch_labels.py
[2022-12-03T05:16:43.807+0000] {processor.py:753} INFO - DAG(s) dict_keys(['example_branch_labels']) retrieved from /home/airflow/.local/lib/python3.7/site-packages/airflow/example_dags/example_branch_labels.py
[2022-12-03T05:16:43.832+0000] {logging_mixin.py:137} INFO - [2022-12-03T05:16:43.832+0000] {dag.py:2676} INFO - Sync 1 DAGs
[2022-12-03T05:16:43.847+0000] {logging_mixin.py:137} INFO - [2022-12-03T05:16:43.847+0000] {dag.py:3427} INFO - Setting next_dagrun for example_branch_labels to 2022-12-02T00:00:00+00:00, run_after=2022-12-03T00:00:00+00:00
[2022-12-03T05:16:43.858+0000] {processor.py:175} INFO - Processing /home/airflow/.local/lib/python3.7/site-packages/airflow/example_dags/example_branch_labels.py took 0.066 seconds
[2022-12-03T05:17:14.048+0000] {processor.py:153} INFO - Started process (PID=3782) to work on /home/airflow/.local/lib/python3.7/site-packages/airflow/example_dags/example_branch_labels.py
[2022-12-03T05:17:14.049+0000] {processor.py:743} INFO - Processing file /home/airflow/.local/lib/python3.7/site-packages/airflow/example_dags/example_branch_labels.py for tasks to queue
[2022-12-03T05:17:14.050+0000] {logging_mixin.py:137} INFO - [2022-12-03T05:17:14.050+0000] {dagbag.py:538} INFO - Filling up the DagBag from /home/airflow/.local/lib/python3.7/site-packages/airflow/example_dags/example_branch_labels.py
[2022-12-03T05:17:14.061+0000] {processor.py:753} INFO - DAG(s) dict_keys(['example_branch_labels']) retrieved from /home/airflow/.local/lib/python3.7/site-packages/airflow/example_dags/example_branch_labels.py
[2022-12-03T05:17:14.085+0000] {logging_mixin.py:137} INFO - [2022-12-03T05:17:14.085+0000] {dag.py:2676} INFO - Sync 1 DAGs
[2022-12-03T05:17:14.101+0000] {logging_mixin.py:137} INFO - [2022-12-03T05:17:14.101+0000] {dag.py:3427} INFO - Setting next_dagrun for example_branch_labels to 2022-12-02T00:00:00+00:00, run_after=2022-12-03T00:00:00+00:00
[2022-12-03T05:17:14.114+0000] {processor.py:175} INFO - Processing /home/airflow/.local/lib/python3.7/site-packages/airflow/example_dags/example_branch_labels.py took 0.069 seconds
[2022-12-03T05:17:44.730+0000] {processor.py:153} INFO - Started process (PID=3994) to work on /home/airflow/.local/lib/python3.7/site-packages/airflow/example_dags/example_branch_labels.py
[2022-12-03T05:17:44.733+0000] {processor.py:743} INFO - Processing file /home/airflow/.local/lib/python3.7/site-packages/airflow/example_dags/example_branch_labels.py for tasks to queue
[2022-12-03T05:17:44.737+0000] {logging_mixin.py:137} INFO - [2022-12-03T05:17:44.737+0000] {dagbag.py:538} INFO - Filling up the DagBag from /home/airflow/.local/lib/python3.7/site-packages/airflow/example_dags/example_branch_labels.py
[2022-12-03T05:17:44.747+0000] {processor.py:753} INFO - DAG(s) dict_keys(['example_branch_labels']) retrieved from /home/airflow/.local/lib/python3.7/site-packages/airflow/example_dags/example_branch_labels.py
[2022-12-03T05:17:44.770+0000] {logging_mixin.py:137} INFO - [2022-12-03T05:17:44.770+0000] {dag.py:2676} INFO - Sync 1 DAGs
[2022-12-03T05:17:44.787+0000] {logging_mixin.py:137} INFO - [2022-12-03T05:17:44.787+0000] {dag.py:3427} INFO - Setting next_dagrun for example_branch_labels to 2022-12-02T00:00:00+00:00, run_after=2022-12-03T00:00:00+00:00
[2022-12-03T05:17:44.801+0000] {processor.py:175} INFO - Processing /home/airflow/.local/lib/python3.7/site-packages/airflow/example_dags/example_branch_labels.py took 0.079 seconds
[2022-12-03T05:18:56.073+0000] {processor.py:153} INFO - Started process (PID=260) to work on /home/airflow/.local/lib/python3.7/site-packages/airflow/example_dags/example_branch_labels.py
[2022-12-03T05:18:56.075+0000] {processor.py:743} INFO - Processing file /home/airflow/.local/lib/python3.7/site-packages/airflow/example_dags/example_branch_labels.py for tasks to queue
[2022-12-03T05:18:56.077+0000] {logging_mixin.py:137} INFO - [2022-12-03T05:18:56.077+0000] {dagbag.py:538} INFO - Filling up the DagBag from /home/airflow/.local/lib/python3.7/site-packages/airflow/example_dags/example_branch_labels.py
[2022-12-03T05:18:56.090+0000] {processor.py:753} INFO - DAG(s) dict_keys(['example_branch_labels']) retrieved from /home/airflow/.local/lib/python3.7/site-packages/airflow/example_dags/example_branch_labels.py
[2022-12-03T05:18:56.123+0000] {logging_mixin.py:137} INFO - [2022-12-03T05:18:56.123+0000] {dag.py:2676} INFO - Sync 1 DAGs
[2022-12-03T05:18:56.146+0000] {logging_mixin.py:137} INFO - [2022-12-03T05:18:56.146+0000] {dag.py:3427} INFO - Setting next_dagrun for example_branch_labels to 2022-12-02T00:00:00+00:00, run_after=2022-12-03T00:00:00+00:00
[2022-12-03T05:18:56.169+0000] {processor.py:175} INFO - Processing /home/airflow/.local/lib/python3.7/site-packages/airflow/example_dags/example_branch_labels.py took 0.098 seconds
[2022-12-03T05:19:26.407+0000] {processor.py:153} INFO - Started process (PID=475) to work on /home/airflow/.local/lib/python3.7/site-packages/airflow/example_dags/example_branch_labels.py
[2022-12-03T05:19:26.411+0000] {processor.py:743} INFO - Processing file /home/airflow/.local/lib/python3.7/site-packages/airflow/example_dags/example_branch_labels.py for tasks to queue
[2022-12-03T05:19:26.413+0000] {logging_mixin.py:137} INFO - [2022-12-03T05:19:26.413+0000] {dagbag.py:538} INFO - Filling up the DagBag from /home/airflow/.local/lib/python3.7/site-packages/airflow/example_dags/example_branch_labels.py
[2022-12-03T05:19:26.423+0000] {processor.py:753} INFO - DAG(s) dict_keys(['example_branch_labels']) retrieved from /home/airflow/.local/lib/python3.7/site-packages/airflow/example_dags/example_branch_labels.py
[2022-12-03T05:19:26.452+0000] {logging_mixin.py:137} INFO - [2022-12-03T05:19:26.451+0000] {dag.py:2676} INFO - Sync 1 DAGs
[2022-12-03T05:19:26.469+0000] {logging_mixin.py:137} INFO - [2022-12-03T05:19:26.469+0000] {dag.py:3427} INFO - Setting next_dagrun for example_branch_labels to 2022-12-02T00:00:00+00:00, run_after=2022-12-03T00:00:00+00:00
[2022-12-03T05:19:26.482+0000] {processor.py:175} INFO - Processing /home/airflow/.local/lib/python3.7/site-packages/airflow/example_dags/example_branch_labels.py took 0.077 seconds
[2022-12-03T05:19:57.442+0000] {processor.py:153} INFO - Started process (PID=702) to work on /home/airflow/.local/lib/python3.7/site-packages/airflow/example_dags/example_branch_labels.py
[2022-12-03T05:19:57.445+0000] {processor.py:743} INFO - Processing file /home/airflow/.local/lib/python3.7/site-packages/airflow/example_dags/example_branch_labels.py for tasks to queue
[2022-12-03T05:19:57.447+0000] {logging_mixin.py:137} INFO - [2022-12-03T05:19:57.447+0000] {dagbag.py:538} INFO - Filling up the DagBag from /home/airflow/.local/lib/python3.7/site-packages/airflow/example_dags/example_branch_labels.py
[2022-12-03T05:19:57.459+0000] {processor.py:753} INFO - DAG(s) dict_keys(['example_branch_labels']) retrieved from /home/airflow/.local/lib/python3.7/site-packages/airflow/example_dags/example_branch_labels.py
[2022-12-03T05:19:57.487+0000] {logging_mixin.py:137} INFO - [2022-12-03T05:19:57.487+0000] {dag.py:2676} INFO - Sync 1 DAGs
[2022-12-03T05:19:57.507+0000] {logging_mixin.py:137} INFO - [2022-12-03T05:19:57.507+0000] {dag.py:3427} INFO - Setting next_dagrun for example_branch_labels to 2022-12-02T00:00:00+00:00, run_after=2022-12-03T00:00:00+00:00
[2022-12-03T05:19:57.523+0000] {processor.py:175} INFO - Processing /home/airflow/.local/lib/python3.7/site-packages/airflow/example_dags/example_branch_labels.py took 0.084 seconds
