[2022-12-03T05:09:01.359+0000] {processor.py:153} INFO - Started process (PID=326) to work on /home/airflow/.local/lib/python3.7/site-packages/airflow/example_dags/example_latest_only_with_trigger.py
[2022-12-03T05:09:01.361+0000] {processor.py:743} INFO - Processing file /home/airflow/.local/lib/python3.7/site-packages/airflow/example_dags/example_latest_only_with_trigger.py for tasks to queue
[2022-12-03T05:09:01.363+0000] {logging_mixin.py:137} INFO - [2022-12-03T05:09:01.362+0000] {dagbag.py:538} INFO - Filling up the DagBag from /home/airflow/.local/lib/python3.7/site-packages/airflow/example_dags/example_latest_only_with_trigger.py
[2022-12-03T05:09:01.379+0000] {processor.py:753} INFO - DAG(s) dict_keys(['latest_only_with_trigger']) retrieved from /home/airflow/.local/lib/python3.7/site-packages/airflow/example_dags/example_latest_only_with_trigger.py
[2022-12-03T05:09:01.426+0000] {logging_mixin.py:137} INFO - [2022-12-03T05:09:01.426+0000] {dag.py:2676} INFO - Sync 1 DAGs
[2022-12-03T05:09:01.478+0000] {logging_mixin.py:137} INFO - [2022-12-03T05:09:01.478+0000] {dag.py:3427} INFO - Setting next_dagrun for latest_only_with_trigger to 2022-12-03T01:09:01.477135+00:00, run_after=2022-12-03T05:09:01.477135+00:00
[2022-12-03T05:09:01.538+0000] {processor.py:175} INFO - Processing /home/airflow/.local/lib/python3.7/site-packages/airflow/example_dags/example_latest_only_with_trigger.py took 0.182 seconds
[2022-12-03T05:09:32.139+0000] {processor.py:153} INFO - Started process (PID=540) to work on /home/airflow/.local/lib/python3.7/site-packages/airflow/example_dags/example_latest_only_with_trigger.py
[2022-12-03T05:09:32.141+0000] {processor.py:743} INFO - Processing file /home/airflow/.local/lib/python3.7/site-packages/airflow/example_dags/example_latest_only_with_trigger.py for tasks to queue
[2022-12-03T05:09:32.141+0000] {logging_mixin.py:137} INFO - [2022-12-03T05:09:32.141+0000] {dagbag.py:538} INFO - Filling up the DagBag from /home/airflow/.local/lib/python3.7/site-packages/airflow/example_dags/example_latest_only_with_trigger.py
[2022-12-03T05:09:32.158+0000] {processor.py:753} INFO - DAG(s) dict_keys(['latest_only_with_trigger']) retrieved from /home/airflow/.local/lib/python3.7/site-packages/airflow/example_dags/example_latest_only_with_trigger.py
[2022-12-03T05:09:32.196+0000] {logging_mixin.py:137} INFO - [2022-12-03T05:09:32.196+0000] {dag.py:2676} INFO - Sync 1 DAGs
[2022-12-03T05:09:32.214+0000] {logging_mixin.py:137} INFO - [2022-12-03T05:09:32.214+0000] {dag.py:3427} INFO - Setting next_dagrun for latest_only_with_trigger to 2022-12-03T01:09:32.214239+00:00, run_after=2022-12-03T05:09:32.214239+00:00
[2022-12-03T05:09:32.226+0000] {processor.py:175} INFO - Processing /home/airflow/.local/lib/python3.7/site-packages/airflow/example_dags/example_latest_only_with_trigger.py took 0.089 seconds
[2022-12-03T05:10:03.263+0000] {processor.py:153} INFO - Started process (PID=767) to work on /home/airflow/.local/lib/python3.7/site-packages/airflow/example_dags/example_latest_only_with_trigger.py
[2022-12-03T05:10:03.265+0000] {processor.py:743} INFO - Processing file /home/airflow/.local/lib/python3.7/site-packages/airflow/example_dags/example_latest_only_with_trigger.py for tasks to queue
[2022-12-03T05:10:03.266+0000] {logging_mixin.py:137} INFO - [2022-12-03T05:10:03.266+0000] {dagbag.py:538} INFO - Filling up the DagBag from /home/airflow/.local/lib/python3.7/site-packages/airflow/example_dags/example_latest_only_with_trigger.py
[2022-12-03T05:10:03.280+0000] {processor.py:753} INFO - DAG(s) dict_keys(['latest_only_with_trigger']) retrieved from /home/airflow/.local/lib/python3.7/site-packages/airflow/example_dags/example_latest_only_with_trigger.py
[2022-12-03T05:10:03.309+0000] {logging_mixin.py:137} INFO - [2022-12-03T05:10:03.309+0000] {dag.py:2676} INFO - Sync 1 DAGs
[2022-12-03T05:10:03.326+0000] {logging_mixin.py:137} INFO - [2022-12-03T05:10:03.325+0000] {dag.py:3427} INFO - Setting next_dagrun for latest_only_with_trigger to 2022-12-03T01:10:03.325802+00:00, run_after=2022-12-03T05:10:03.325802+00:00
[2022-12-03T05:10:03.340+0000] {processor.py:175} INFO - Processing /home/airflow/.local/lib/python3.7/site-packages/airflow/example_dags/example_latest_only_with_trigger.py took 0.080 seconds
[2022-12-03T05:10:33.436+0000] {processor.py:153} INFO - Started process (PID=979) to work on /home/airflow/.local/lib/python3.7/site-packages/airflow/example_dags/example_latest_only_with_trigger.py
[2022-12-03T05:10:33.438+0000] {processor.py:743} INFO - Processing file /home/airflow/.local/lib/python3.7/site-packages/airflow/example_dags/example_latest_only_with_trigger.py for tasks to queue
[2022-12-03T05:10:33.440+0000] {logging_mixin.py:137} INFO - [2022-12-03T05:10:33.440+0000] {dagbag.py:538} INFO - Filling up the DagBag from /home/airflow/.local/lib/python3.7/site-packages/airflow/example_dags/example_latest_only_with_trigger.py
[2022-12-03T05:10:33.458+0000] {processor.py:753} INFO - DAG(s) dict_keys(['latest_only_with_trigger']) retrieved from /home/airflow/.local/lib/python3.7/site-packages/airflow/example_dags/example_latest_only_with_trigger.py
[2022-12-03T05:10:33.556+0000] {logging_mixin.py:137} INFO - [2022-12-03T05:10:33.556+0000] {dag.py:2676} INFO - Sync 1 DAGs
[2022-12-03T05:10:33.578+0000] {logging_mixin.py:137} INFO - [2022-12-03T05:10:33.578+0000] {dag.py:3427} INFO - Setting next_dagrun for latest_only_with_trigger to 2022-12-03T01:10:33.578490+00:00, run_after=2022-12-03T05:10:33.578490+00:00
[2022-12-03T05:10:33.594+0000] {processor.py:175} INFO - Processing /home/airflow/.local/lib/python3.7/site-packages/airflow/example_dags/example_latest_only_with_trigger.py took 0.162 seconds
[2022-12-03T05:11:04.125+0000] {processor.py:153} INFO - Started process (PID=1204) to work on /home/airflow/.local/lib/python3.7/site-packages/airflow/example_dags/example_latest_only_with_trigger.py
[2022-12-03T05:11:04.128+0000] {processor.py:743} INFO - Processing file /home/airflow/.local/lib/python3.7/site-packages/airflow/example_dags/example_latest_only_with_trigger.py for tasks to queue
[2022-12-03T05:11:04.129+0000] {logging_mixin.py:137} INFO - [2022-12-03T05:11:04.129+0000] {dagbag.py:538} INFO - Filling up the DagBag from /home/airflow/.local/lib/python3.7/site-packages/airflow/example_dags/example_latest_only_with_trigger.py
[2022-12-03T05:11:04.149+0000] {processor.py:753} INFO - DAG(s) dict_keys(['latest_only_with_trigger']) retrieved from /home/airflow/.local/lib/python3.7/site-packages/airflow/example_dags/example_latest_only_with_trigger.py
[2022-12-03T05:11:04.185+0000] {logging_mixin.py:137} INFO - [2022-12-03T05:11:04.185+0000] {dag.py:2676} INFO - Sync 1 DAGs
[2022-12-03T05:11:04.202+0000] {logging_mixin.py:137} INFO - [2022-12-03T05:11:04.202+0000] {dag.py:3427} INFO - Setting next_dagrun for latest_only_with_trigger to 2022-12-03T01:11:04.202059+00:00, run_after=2022-12-03T05:11:04.202059+00:00
[2022-12-03T05:11:04.216+0000] {processor.py:175} INFO - Processing /home/airflow/.local/lib/python3.7/site-packages/airflow/example_dags/example_latest_only_with_trigger.py took 0.095 seconds
[2022-12-03T05:11:35.010+0000] {processor.py:153} INFO - Started process (PID=1418) to work on /home/airflow/.local/lib/python3.7/site-packages/airflow/example_dags/example_latest_only_with_trigger.py
[2022-12-03T05:11:35.011+0000] {processor.py:743} INFO - Processing file /home/airflow/.local/lib/python3.7/site-packages/airflow/example_dags/example_latest_only_with_trigger.py for tasks to queue
[2022-12-03T05:11:35.012+0000] {logging_mixin.py:137} INFO - [2022-12-03T05:11:35.012+0000] {dagbag.py:538} INFO - Filling up the DagBag from /home/airflow/.local/lib/python3.7/site-packages/airflow/example_dags/example_latest_only_with_trigger.py
[2022-12-03T05:11:35.022+0000] {processor.py:753} INFO - DAG(s) dict_keys(['latest_only_with_trigger']) retrieved from /home/airflow/.local/lib/python3.7/site-packages/airflow/example_dags/example_latest_only_with_trigger.py
[2022-12-03T05:11:35.048+0000] {logging_mixin.py:137} INFO - [2022-12-03T05:11:35.048+0000] {dag.py:2676} INFO - Sync 1 DAGs
[2022-12-03T05:11:35.064+0000] {logging_mixin.py:137} INFO - [2022-12-03T05:11:35.064+0000] {dag.py:3427} INFO - Setting next_dagrun for latest_only_with_trigger to 2022-12-03T01:11:35.064609+00:00, run_after=2022-12-03T05:11:35.064609+00:00
[2022-12-03T05:11:35.078+0000] {processor.py:175} INFO - Processing /home/airflow/.local/lib/python3.7/site-packages/airflow/example_dags/example_latest_only_with_trigger.py took 0.070 seconds
[2022-12-03T05:12:05.624+0000] {processor.py:153} INFO - Started process (PID=1646) to work on /home/airflow/.local/lib/python3.7/site-packages/airflow/example_dags/example_latest_only_with_trigger.py
[2022-12-03T05:12:05.626+0000] {processor.py:743} INFO - Processing file /home/airflow/.local/lib/python3.7/site-packages/airflow/example_dags/example_latest_only_with_trigger.py for tasks to queue
[2022-12-03T05:12:05.626+0000] {logging_mixin.py:137} INFO - [2022-12-03T05:12:05.626+0000] {dagbag.py:538} INFO - Filling up the DagBag from /home/airflow/.local/lib/python3.7/site-packages/airflow/example_dags/example_latest_only_with_trigger.py
[2022-12-03T05:12:05.637+0000] {processor.py:753} INFO - DAG(s) dict_keys(['latest_only_with_trigger']) retrieved from /home/airflow/.local/lib/python3.7/site-packages/airflow/example_dags/example_latest_only_with_trigger.py
[2022-12-03T05:12:05.662+0000] {logging_mixin.py:137} INFO - [2022-12-03T05:12:05.662+0000] {dag.py:2676} INFO - Sync 1 DAGs
[2022-12-03T05:12:05.679+0000] {logging_mixin.py:137} INFO - [2022-12-03T05:12:05.679+0000] {dag.py:3427} INFO - Setting next_dagrun for latest_only_with_trigger to 2022-12-03T01:12:05.679485+00:00, run_after=2022-12-03T05:12:05.679485+00:00
[2022-12-03T05:12:05.695+0000] {processor.py:175} INFO - Processing /home/airflow/.local/lib/python3.7/site-packages/airflow/example_dags/example_latest_only_with_trigger.py took 0.074 seconds
[2022-12-03T05:12:39.883+0000] {processor.py:153} INFO - Started process (PID=1870) to work on /home/airflow/.local/lib/python3.7/site-packages/airflow/example_dags/example_latest_only_with_trigger.py
[2022-12-03T05:12:39.898+0000] {processor.py:743} INFO - Processing file /home/airflow/.local/lib/python3.7/site-packages/airflow/example_dags/example_latest_only_with_trigger.py for tasks to queue
[2022-12-03T05:12:39.902+0000] {logging_mixin.py:137} INFO - [2022-12-03T05:12:39.901+0000] {dagbag.py:538} INFO - Filling up the DagBag from /home/airflow/.local/lib/python3.7/site-packages/airflow/example_dags/example_latest_only_with_trigger.py
[2022-12-03T05:12:39.922+0000] {processor.py:753} INFO - DAG(s) dict_keys(['latest_only_with_trigger']) retrieved from /home/airflow/.local/lib/python3.7/site-packages/airflow/example_dags/example_latest_only_with_trigger.py
[2022-12-03T05:12:40.006+0000] {logging_mixin.py:137} INFO - [2022-12-03T05:12:40.006+0000] {dag.py:2676} INFO - Sync 1 DAGs
[2022-12-03T05:12:40.175+0000] {logging_mixin.py:137} INFO - [2022-12-03T05:12:40.171+0000] {dag.py:3427} INFO - Setting next_dagrun for latest_only_with_trigger to 2022-12-03T01:12:40.161114+00:00, run_after=2022-12-03T05:12:40.161114+00:00
[2022-12-03T05:12:40.328+0000] {processor.py:175} INFO - Processing /home/airflow/.local/lib/python3.7/site-packages/airflow/example_dags/example_latest_only_with_trigger.py took 0.449 seconds
[2022-12-03T05:13:10.461+0000] {processor.py:153} INFO - Started process (PID=2088) to work on /home/airflow/.local/lib/python3.7/site-packages/airflow/example_dags/example_latest_only_with_trigger.py
[2022-12-03T05:13:10.463+0000] {processor.py:743} INFO - Processing file /home/airflow/.local/lib/python3.7/site-packages/airflow/example_dags/example_latest_only_with_trigger.py for tasks to queue
[2022-12-03T05:13:10.464+0000] {logging_mixin.py:137} INFO - [2022-12-03T05:13:10.464+0000] {dagbag.py:538} INFO - Filling up the DagBag from /home/airflow/.local/lib/python3.7/site-packages/airflow/example_dags/example_latest_only_with_trigger.py
[2022-12-03T05:13:10.474+0000] {processor.py:753} INFO - DAG(s) dict_keys(['latest_only_with_trigger']) retrieved from /home/airflow/.local/lib/python3.7/site-packages/airflow/example_dags/example_latest_only_with_trigger.py
[2022-12-03T05:13:10.499+0000] {logging_mixin.py:137} INFO - [2022-12-03T05:13:10.498+0000] {dag.py:2676} INFO - Sync 1 DAGs
[2022-12-03T05:13:10.512+0000] {logging_mixin.py:137} INFO - [2022-12-03T05:13:10.512+0000] {dag.py:3427} INFO - Setting next_dagrun for latest_only_with_trigger to 2022-12-03T01:13:10.512412+00:00, run_after=2022-12-03T05:13:10.512412+00:00
[2022-12-03T05:13:10.523+0000] {processor.py:175} INFO - Processing /home/airflow/.local/lib/python3.7/site-packages/airflow/example_dags/example_latest_only_with_trigger.py took 0.065 seconds
[2022-12-03T05:13:41.216+0000] {processor.py:153} INFO - Started process (PID=2302) to work on /home/airflow/.local/lib/python3.7/site-packages/airflow/example_dags/example_latest_only_with_trigger.py
[2022-12-03T05:13:41.218+0000] {processor.py:743} INFO - Processing file /home/airflow/.local/lib/python3.7/site-packages/airflow/example_dags/example_latest_only_with_trigger.py for tasks to queue
[2022-12-03T05:13:41.218+0000] {logging_mixin.py:137} INFO - [2022-12-03T05:13:41.218+0000] {dagbag.py:538} INFO - Filling up the DagBag from /home/airflow/.local/lib/python3.7/site-packages/airflow/example_dags/example_latest_only_with_trigger.py
[2022-12-03T05:13:41.227+0000] {processor.py:753} INFO - DAG(s) dict_keys(['latest_only_with_trigger']) retrieved from /home/airflow/.local/lib/python3.7/site-packages/airflow/example_dags/example_latest_only_with_trigger.py
[2022-12-03T05:13:41.250+0000] {logging_mixin.py:137} INFO - [2022-12-03T05:13:41.250+0000] {dag.py:2676} INFO - Sync 1 DAGs
[2022-12-03T05:13:41.270+0000] {logging_mixin.py:137} INFO - [2022-12-03T05:13:41.270+0000] {dag.py:3427} INFO - Setting next_dagrun for latest_only_with_trigger to 2022-12-03T01:13:41.269963+00:00, run_after=2022-12-03T05:13:41.269963+00:00
[2022-12-03T05:13:41.300+0000] {processor.py:175} INFO - Processing /home/airflow/.local/lib/python3.7/site-packages/airflow/example_dags/example_latest_only_with_trigger.py took 0.086 seconds
[2022-12-03T05:14:12.283+0000] {processor.py:153} INFO - Started process (PID=2528) to work on /home/airflow/.local/lib/python3.7/site-packages/airflow/example_dags/example_latest_only_with_trigger.py
[2022-12-03T05:14:12.291+0000] {processor.py:743} INFO - Processing file /home/airflow/.local/lib/python3.7/site-packages/airflow/example_dags/example_latest_only_with_trigger.py for tasks to queue
[2022-12-03T05:14:12.295+0000] {logging_mixin.py:137} INFO - [2022-12-03T05:14:12.294+0000] {dagbag.py:538} INFO - Filling up the DagBag from /home/airflow/.local/lib/python3.7/site-packages/airflow/example_dags/example_latest_only_with_trigger.py
[2022-12-03T05:14:12.307+0000] {processor.py:753} INFO - DAG(s) dict_keys(['latest_only_with_trigger']) retrieved from /home/airflow/.local/lib/python3.7/site-packages/airflow/example_dags/example_latest_only_with_trigger.py
[2022-12-03T05:14:12.332+0000] {logging_mixin.py:137} INFO - [2022-12-03T05:14:12.332+0000] {dag.py:2676} INFO - Sync 1 DAGs
[2022-12-03T05:14:12.347+0000] {logging_mixin.py:137} INFO - [2022-12-03T05:14:12.347+0000] {dag.py:3427} INFO - Setting next_dagrun for latest_only_with_trigger to 2022-12-03T01:14:12.347627+00:00, run_after=2022-12-03T05:14:12.347627+00:00
[2022-12-03T05:14:12.363+0000] {processor.py:175} INFO - Processing /home/airflow/.local/lib/python3.7/site-packages/airflow/example_dags/example_latest_only_with_trigger.py took 0.082 seconds
[2022-12-03T05:14:42.644+0000] {processor.py:153} INFO - Started process (PID=2741) to work on /home/airflow/.local/lib/python3.7/site-packages/airflow/example_dags/example_latest_only_with_trigger.py
[2022-12-03T05:14:42.645+0000] {processor.py:743} INFO - Processing file /home/airflow/.local/lib/python3.7/site-packages/airflow/example_dags/example_latest_only_with_trigger.py for tasks to queue
[2022-12-03T05:14:42.647+0000] {logging_mixin.py:137} INFO - [2022-12-03T05:14:42.647+0000] {dagbag.py:538} INFO - Filling up the DagBag from /home/airflow/.local/lib/python3.7/site-packages/airflow/example_dags/example_latest_only_with_trigger.py
[2022-12-03T05:14:42.657+0000] {processor.py:753} INFO - DAG(s) dict_keys(['latest_only_with_trigger']) retrieved from /home/airflow/.local/lib/python3.7/site-packages/airflow/example_dags/example_latest_only_with_trigger.py
[2022-12-03T05:14:42.684+0000] {logging_mixin.py:137} INFO - [2022-12-03T05:14:42.684+0000] {dag.py:2676} INFO - Sync 1 DAGs
[2022-12-03T05:14:42.700+0000] {logging_mixin.py:137} INFO - [2022-12-03T05:14:42.700+0000] {dag.py:3427} INFO - Setting next_dagrun for latest_only_with_trigger to 2022-12-03T01:14:42.699870+00:00, run_after=2022-12-03T05:14:42.699870+00:00
[2022-12-03T05:14:42.718+0000] {processor.py:175} INFO - Processing /home/airflow/.local/lib/python3.7/site-packages/airflow/example_dags/example_latest_only_with_trigger.py took 0.077 seconds
[2022-12-03T05:15:13.551+0000] {processor.py:153} INFO - Started process (PID=2966) to work on /home/airflow/.local/lib/python3.7/site-packages/airflow/example_dags/example_latest_only_with_trigger.py
[2022-12-03T05:15:13.553+0000] {processor.py:743} INFO - Processing file /home/airflow/.local/lib/python3.7/site-packages/airflow/example_dags/example_latest_only_with_trigger.py for tasks to queue
[2022-12-03T05:15:13.554+0000] {logging_mixin.py:137} INFO - [2022-12-03T05:15:13.554+0000] {dagbag.py:538} INFO - Filling up the DagBag from /home/airflow/.local/lib/python3.7/site-packages/airflow/example_dags/example_latest_only_with_trigger.py
[2022-12-03T05:15:13.566+0000] {processor.py:753} INFO - DAG(s) dict_keys(['latest_only_with_trigger']) retrieved from /home/airflow/.local/lib/python3.7/site-packages/airflow/example_dags/example_latest_only_with_trigger.py
[2022-12-03T05:15:13.599+0000] {logging_mixin.py:137} INFO - [2022-12-03T05:15:13.599+0000] {dag.py:2676} INFO - Sync 1 DAGs
[2022-12-03T05:15:13.617+0000] {logging_mixin.py:137} INFO - [2022-12-03T05:15:13.617+0000] {dag.py:3427} INFO - Setting next_dagrun for latest_only_with_trigger to 2022-12-03T01:15:13.616981+00:00, run_after=2022-12-03T05:15:13.616981+00:00
[2022-12-03T05:15:13.631+0000] {processor.py:175} INFO - Processing /home/airflow/.local/lib/python3.7/site-packages/airflow/example_dags/example_latest_only_with_trigger.py took 0.083 seconds
[2022-12-03T05:15:43.987+0000] {processor.py:153} INFO - Started process (PID=3183) to work on /home/airflow/.local/lib/python3.7/site-packages/airflow/example_dags/example_latest_only_with_trigger.py
[2022-12-03T05:15:43.988+0000] {processor.py:743} INFO - Processing file /home/airflow/.local/lib/python3.7/site-packages/airflow/example_dags/example_latest_only_with_trigger.py for tasks to queue
[2022-12-03T05:15:43.989+0000] {logging_mixin.py:137} INFO - [2022-12-03T05:15:43.989+0000] {dagbag.py:538} INFO - Filling up the DagBag from /home/airflow/.local/lib/python3.7/site-packages/airflow/example_dags/example_latest_only_with_trigger.py
[2022-12-03T05:15:43.998+0000] {processor.py:753} INFO - DAG(s) dict_keys(['latest_only_with_trigger']) retrieved from /home/airflow/.local/lib/python3.7/site-packages/airflow/example_dags/example_latest_only_with_trigger.py
[2022-12-03T05:15:44.027+0000] {logging_mixin.py:137} INFO - [2022-12-03T05:15:44.027+0000] {dag.py:2676} INFO - Sync 1 DAGs
[2022-12-03T05:15:44.044+0000] {logging_mixin.py:137} INFO - [2022-12-03T05:15:44.043+0000] {dag.py:3427} INFO - Setting next_dagrun for latest_only_with_trigger to 2022-12-03T01:15:44.043833+00:00, run_after=2022-12-03T05:15:44.043833+00:00
[2022-12-03T05:15:44.055+0000] {processor.py:175} INFO - Processing /home/airflow/.local/lib/python3.7/site-packages/airflow/example_dags/example_latest_only_with_trigger.py took 0.071 seconds
[2022-12-03T05:16:14.285+0000] {processor.py:153} INFO - Started process (PID=3406) to work on /home/airflow/.local/lib/python3.7/site-packages/airflow/example_dags/example_latest_only_with_trigger.py
[2022-12-03T05:16:14.286+0000] {processor.py:743} INFO - Processing file /home/airflow/.local/lib/python3.7/site-packages/airflow/example_dags/example_latest_only_with_trigger.py for tasks to queue
[2022-12-03T05:16:14.288+0000] {logging_mixin.py:137} INFO - [2022-12-03T05:16:14.287+0000] {dagbag.py:538} INFO - Filling up the DagBag from /home/airflow/.local/lib/python3.7/site-packages/airflow/example_dags/example_latest_only_with_trigger.py
[2022-12-03T05:16:14.300+0000] {processor.py:753} INFO - DAG(s) dict_keys(['latest_only_with_trigger']) retrieved from /home/airflow/.local/lib/python3.7/site-packages/airflow/example_dags/example_latest_only_with_trigger.py
[2022-12-03T05:16:14.327+0000] {logging_mixin.py:137} INFO - [2022-12-03T05:16:14.327+0000] {dag.py:2676} INFO - Sync 1 DAGs
[2022-12-03T05:16:14.343+0000] {logging_mixin.py:137} INFO - [2022-12-03T05:16:14.343+0000] {dag.py:3427} INFO - Setting next_dagrun for latest_only_with_trigger to 2022-12-03T01:16:14.342903+00:00, run_after=2022-12-03T05:16:14.342903+00:00
[2022-12-03T05:16:14.356+0000] {processor.py:175} INFO - Processing /home/airflow/.local/lib/python3.7/site-packages/airflow/example_dags/example_latest_only_with_trigger.py took 0.073 seconds
[2022-12-03T05:16:44.620+0000] {processor.py:153} INFO - Started process (PID=3619) to work on /home/airflow/.local/lib/python3.7/site-packages/airflow/example_dags/example_latest_only_with_trigger.py
[2022-12-03T05:16:44.622+0000] {processor.py:743} INFO - Processing file /home/airflow/.local/lib/python3.7/site-packages/airflow/example_dags/example_latest_only_with_trigger.py for tasks to queue
[2022-12-03T05:16:44.623+0000] {logging_mixin.py:137} INFO - [2022-12-03T05:16:44.623+0000] {dagbag.py:538} INFO - Filling up the DagBag from /home/airflow/.local/lib/python3.7/site-packages/airflow/example_dags/example_latest_only_with_trigger.py
[2022-12-03T05:16:44.633+0000] {processor.py:753} INFO - DAG(s) dict_keys(['latest_only_with_trigger']) retrieved from /home/airflow/.local/lib/python3.7/site-packages/airflow/example_dags/example_latest_only_with_trigger.py
[2022-12-03T05:16:44.656+0000] {logging_mixin.py:137} INFO - [2022-12-03T05:16:44.656+0000] {dag.py:2676} INFO - Sync 1 DAGs
[2022-12-03T05:16:44.671+0000] {logging_mixin.py:137} INFO - [2022-12-03T05:16:44.671+0000] {dag.py:3427} INFO - Setting next_dagrun for latest_only_with_trigger to 2022-12-03T01:16:44.671248+00:00, run_after=2022-12-03T05:16:44.671248+00:00
[2022-12-03T05:16:44.694+0000] {processor.py:175} INFO - Processing /home/airflow/.local/lib/python3.7/site-packages/airflow/example_dags/example_latest_only_with_trigger.py took 0.076 seconds
[2022-12-03T05:17:15.004+0000] {processor.py:153} INFO - Started process (PID=3845) to work on /home/airflow/.local/lib/python3.7/site-packages/airflow/example_dags/example_latest_only_with_trigger.py
[2022-12-03T05:17:15.006+0000] {processor.py:743} INFO - Processing file /home/airflow/.local/lib/python3.7/site-packages/airflow/example_dags/example_latest_only_with_trigger.py for tasks to queue
[2022-12-03T05:17:15.011+0000] {logging_mixin.py:137} INFO - [2022-12-03T05:17:15.011+0000] {dagbag.py:538} INFO - Filling up the DagBag from /home/airflow/.local/lib/python3.7/site-packages/airflow/example_dags/example_latest_only_with_trigger.py
[2022-12-03T05:17:15.022+0000] {processor.py:753} INFO - DAG(s) dict_keys(['latest_only_with_trigger']) retrieved from /home/airflow/.local/lib/python3.7/site-packages/airflow/example_dags/example_latest_only_with_trigger.py
[2022-12-03T05:17:15.044+0000] {logging_mixin.py:137} INFO - [2022-12-03T05:17:15.044+0000] {dag.py:2676} INFO - Sync 1 DAGs
[2022-12-03T05:17:15.062+0000] {logging_mixin.py:137} INFO - [2022-12-03T05:17:15.062+0000] {dag.py:3427} INFO - Setting next_dagrun for latest_only_with_trigger to 2022-12-03T01:17:15.062131+00:00, run_after=2022-12-03T05:17:15.062131+00:00
[2022-12-03T05:17:15.074+0000] {processor.py:175} INFO - Processing /home/airflow/.local/lib/python3.7/site-packages/airflow/example_dags/example_latest_only_with_trigger.py took 0.074 seconds
[2022-12-03T05:17:45.623+0000] {processor.py:153} INFO - Started process (PID=4059) to work on /home/airflow/.local/lib/python3.7/site-packages/airflow/example_dags/example_latest_only_with_trigger.py
[2022-12-03T05:17:45.625+0000] {processor.py:743} INFO - Processing file /home/airflow/.local/lib/python3.7/site-packages/airflow/example_dags/example_latest_only_with_trigger.py for tasks to queue
[2022-12-03T05:17:45.630+0000] {logging_mixin.py:137} INFO - [2022-12-03T05:17:45.629+0000] {dagbag.py:538} INFO - Filling up the DagBag from /home/airflow/.local/lib/python3.7/site-packages/airflow/example_dags/example_latest_only_with_trigger.py
[2022-12-03T05:17:45.648+0000] {processor.py:753} INFO - DAG(s) dict_keys(['latest_only_with_trigger']) retrieved from /home/airflow/.local/lib/python3.7/site-packages/airflow/example_dags/example_latest_only_with_trigger.py
[2022-12-03T05:17:45.702+0000] {logging_mixin.py:137} INFO - [2022-12-03T05:17:45.702+0000] {dag.py:2676} INFO - Sync 1 DAGs
[2022-12-03T05:17:45.733+0000] {logging_mixin.py:137} INFO - [2022-12-03T05:17:45.733+0000] {dag.py:3427} INFO - Setting next_dagrun for latest_only_with_trigger to 2022-12-03T01:17:45.732961+00:00, run_after=2022-12-03T05:17:45.732961+00:00
[2022-12-03T05:17:45.767+0000] {processor.py:175} INFO - Processing /home/airflow/.local/lib/python3.7/site-packages/airflow/example_dags/example_latest_only_with_trigger.py took 0.147 seconds
[2022-12-03T05:18:57.138+0000] {processor.py:153} INFO - Started process (PID=327) to work on /home/airflow/.local/lib/python3.7/site-packages/airflow/example_dags/example_latest_only_with_trigger.py
[2022-12-03T05:18:57.141+0000] {processor.py:743} INFO - Processing file /home/airflow/.local/lib/python3.7/site-packages/airflow/example_dags/example_latest_only_with_trigger.py for tasks to queue
[2022-12-03T05:18:57.143+0000] {logging_mixin.py:137} INFO - [2022-12-03T05:18:57.143+0000] {dagbag.py:538} INFO - Filling up the DagBag from /home/airflow/.local/lib/python3.7/site-packages/airflow/example_dags/example_latest_only_with_trigger.py
[2022-12-03T05:18:57.177+0000] {processor.py:753} INFO - DAG(s) dict_keys(['latest_only_with_trigger']) retrieved from /home/airflow/.local/lib/python3.7/site-packages/airflow/example_dags/example_latest_only_with_trigger.py
[2022-12-03T05:18:57.208+0000] {logging_mixin.py:137} INFO - [2022-12-03T05:18:57.208+0000] {dag.py:2676} INFO - Sync 1 DAGs
[2022-12-03T05:18:57.224+0000] {logging_mixin.py:137} INFO - [2022-12-03T05:18:57.224+0000] {dag.py:3427} INFO - Setting next_dagrun for latest_only_with_trigger to 2022-12-03T01:18:57.224389+00:00, run_after=2022-12-03T05:18:57.224389+00:00
[2022-12-03T05:18:57.238+0000] {processor.py:175} INFO - Processing /home/airflow/.local/lib/python3.7/site-packages/airflow/example_dags/example_latest_only_with_trigger.py took 0.103 seconds
[2022-12-03T05:19:27.334+0000] {processor.py:153} INFO - Started process (PID=540) to work on /home/airflow/.local/lib/python3.7/site-packages/airflow/example_dags/example_latest_only_with_trigger.py
[2022-12-03T05:19:27.337+0000] {processor.py:743} INFO - Processing file /home/airflow/.local/lib/python3.7/site-packages/airflow/example_dags/example_latest_only_with_trigger.py for tasks to queue
[2022-12-03T05:19:27.340+0000] {logging_mixin.py:137} INFO - [2022-12-03T05:19:27.340+0000] {dagbag.py:538} INFO - Filling up the DagBag from /home/airflow/.local/lib/python3.7/site-packages/airflow/example_dags/example_latest_only_with_trigger.py
[2022-12-03T05:19:27.360+0000] {processor.py:753} INFO - DAG(s) dict_keys(['latest_only_with_trigger']) retrieved from /home/airflow/.local/lib/python3.7/site-packages/airflow/example_dags/example_latest_only_with_trigger.py
[2022-12-03T05:19:27.407+0000] {logging_mixin.py:137} INFO - [2022-12-03T05:19:27.407+0000] {dag.py:2676} INFO - Sync 1 DAGs
[2022-12-03T05:19:27.427+0000] {logging_mixin.py:137} INFO - [2022-12-03T05:19:27.427+0000] {dag.py:3427} INFO - Setting next_dagrun for latest_only_with_trigger to 2022-12-03T01:19:27.427643+00:00, run_after=2022-12-03T05:19:27.427643+00:00
[2022-12-03T05:19:27.450+0000] {processor.py:175} INFO - Processing /home/airflow/.local/lib/python3.7/site-packages/airflow/example_dags/example_latest_only_with_trigger.py took 0.119 seconds
[2022-12-03T05:19:58.290+0000] {processor.py:153} INFO - Started process (PID=767) to work on /home/airflow/.local/lib/python3.7/site-packages/airflow/example_dags/example_latest_only_with_trigger.py
[2022-12-03T05:19:58.294+0000] {processor.py:743} INFO - Processing file /home/airflow/.local/lib/python3.7/site-packages/airflow/example_dags/example_latest_only_with_trigger.py for tasks to queue
[2022-12-03T05:19:58.296+0000] {logging_mixin.py:137} INFO - [2022-12-03T05:19:58.296+0000] {dagbag.py:538} INFO - Filling up the DagBag from /home/airflow/.local/lib/python3.7/site-packages/airflow/example_dags/example_latest_only_with_trigger.py
[2022-12-03T05:19:58.307+0000] {processor.py:753} INFO - DAG(s) dict_keys(['latest_only_with_trigger']) retrieved from /home/airflow/.local/lib/python3.7/site-packages/airflow/example_dags/example_latest_only_with_trigger.py
[2022-12-03T05:19:58.333+0000] {logging_mixin.py:137} INFO - [2022-12-03T05:19:58.333+0000] {dag.py:2676} INFO - Sync 1 DAGs
[2022-12-03T05:19:58.351+0000] {logging_mixin.py:137} INFO - [2022-12-03T05:19:58.351+0000] {dag.py:3427} INFO - Setting next_dagrun for latest_only_with_trigger to 2022-12-03T01:19:58.350943+00:00, run_after=2022-12-03T05:19:58.350943+00:00
[2022-12-03T05:19:58.365+0000] {processor.py:175} INFO - Processing /home/airflow/.local/lib/python3.7/site-packages/airflow/example_dags/example_latest_only_with_trigger.py took 0.078 seconds
