[2022-12-03T05:08:58.605+0000] {processor.py:153} INFO - Started process (PID=223) to work on /home/airflow/.local/lib/python3.7/site-packages/airflow/example_dags/example_short_circuit_decorator.py
[2022-12-03T05:08:58.618+0000] {processor.py:743} INFO - Processing file /home/airflow/.local/lib/python3.7/site-packages/airflow/example_dags/example_short_circuit_decorator.py for tasks to queue
[2022-12-03T05:08:58.621+0000] {logging_mixin.py:137} INFO - [2022-12-03T05:08:58.620+0000] {dagbag.py:538} INFO - Filling up the DagBag from /home/airflow/.local/lib/python3.7/site-packages/airflow/example_dags/example_short_circuit_decorator.py
[2022-12-03T05:08:58.676+0000] {processor.py:753} INFO - DAG(s) dict_keys(['example_short_circuit_decorator']) retrieved from /home/airflow/.local/lib/python3.7/site-packages/airflow/example_dags/example_short_circuit_decorator.py
[2022-12-03T05:08:58.735+0000] {logging_mixin.py:137} INFO - [2022-12-03T05:08:58.734+0000] {dag.py:2676} INFO - Sync 1 DAGs
[2022-12-03T05:08:58.781+0000] {logging_mixin.py:137} INFO - [2022-12-03T05:08:58.781+0000] {dag.py:3427} INFO - Setting next_dagrun for example_short_circuit_decorator to 2022-12-02T05:08:58.780924+00:00, run_after=2022-12-03T05:08:58.780924+00:00
[2022-12-03T05:08:58.806+0000] {processor.py:175} INFO - Processing /home/airflow/.local/lib/python3.7/site-packages/airflow/example_dags/example_short_circuit_decorator.py took 0.209 seconds
[2022-12-03T05:09:29.112+0000] {processor.py:153} INFO - Started process (PID=435) to work on /home/airflow/.local/lib/python3.7/site-packages/airflow/example_dags/example_short_circuit_decorator.py
[2022-12-03T05:09:29.113+0000] {processor.py:743} INFO - Processing file /home/airflow/.local/lib/python3.7/site-packages/airflow/example_dags/example_short_circuit_decorator.py for tasks to queue
[2022-12-03T05:09:29.114+0000] {logging_mixin.py:137} INFO - [2022-12-03T05:09:29.114+0000] {dagbag.py:538} INFO - Filling up the DagBag from /home/airflow/.local/lib/python3.7/site-packages/airflow/example_dags/example_short_circuit_decorator.py
[2022-12-03T05:09:29.135+0000] {processor.py:753} INFO - DAG(s) dict_keys(['example_short_circuit_decorator']) retrieved from /home/airflow/.local/lib/python3.7/site-packages/airflow/example_dags/example_short_circuit_decorator.py
[2022-12-03T05:09:29.165+0000] {logging_mixin.py:137} INFO - [2022-12-03T05:09:29.165+0000] {dag.py:2676} INFO - Sync 1 DAGs
[2022-12-03T05:09:29.181+0000] {logging_mixin.py:137} INFO - [2022-12-03T05:09:29.181+0000] {dag.py:3427} INFO - Setting next_dagrun for example_short_circuit_decorator to 2022-12-02T05:09:29.181238+00:00, run_after=2022-12-03T05:09:29.181238+00:00
[2022-12-03T05:09:29.195+0000] {processor.py:175} INFO - Processing /home/airflow/.local/lib/python3.7/site-packages/airflow/example_dags/example_short_circuit_decorator.py took 0.086 seconds
[2022-12-03T05:09:59.906+0000] {processor.py:153} INFO - Started process (PID=654) to work on /home/airflow/.local/lib/python3.7/site-packages/airflow/example_dags/example_short_circuit_decorator.py
[2022-12-03T05:09:59.907+0000] {processor.py:743} INFO - Processing file /home/airflow/.local/lib/python3.7/site-packages/airflow/example_dags/example_short_circuit_decorator.py for tasks to queue
[2022-12-03T05:09:59.915+0000] {logging_mixin.py:137} INFO - [2022-12-03T05:09:59.915+0000] {dagbag.py:538} INFO - Filling up the DagBag from /home/airflow/.local/lib/python3.7/site-packages/airflow/example_dags/example_short_circuit_decorator.py
[2022-12-03T05:09:59.947+0000] {processor.py:753} INFO - DAG(s) dict_keys(['example_short_circuit_decorator']) retrieved from /home/airflow/.local/lib/python3.7/site-packages/airflow/example_dags/example_short_circuit_decorator.py
[2022-12-03T05:10:00.070+0000] {logging_mixin.py:137} INFO - [2022-12-03T05:10:00.069+0000] {dag.py:2676} INFO - Sync 1 DAGs
[2022-12-03T05:10:00.150+0000] {logging_mixin.py:137} INFO - [2022-12-03T05:10:00.150+0000] {dag.py:3427} INFO - Setting next_dagrun for example_short_circuit_decorator to 2022-12-02T05:10:00.150538+00:00, run_after=2022-12-03T05:10:00.150538+00:00
[2022-12-03T05:10:00.182+0000] {processor.py:175} INFO - Processing /home/airflow/.local/lib/python3.7/site-packages/airflow/example_dags/example_short_circuit_decorator.py took 0.279 seconds
[2022-12-03T05:10:30.407+0000] {processor.py:153} INFO - Started process (PID=874) to work on /home/airflow/.local/lib/python3.7/site-packages/airflow/example_dags/example_short_circuit_decorator.py
[2022-12-03T05:10:30.408+0000] {processor.py:743} INFO - Processing file /home/airflow/.local/lib/python3.7/site-packages/airflow/example_dags/example_short_circuit_decorator.py for tasks to queue
[2022-12-03T05:10:30.409+0000] {logging_mixin.py:137} INFO - [2022-12-03T05:10:30.409+0000] {dagbag.py:538} INFO - Filling up the DagBag from /home/airflow/.local/lib/python3.7/site-packages/airflow/example_dags/example_short_circuit_decorator.py
[2022-12-03T05:10:30.428+0000] {processor.py:753} INFO - DAG(s) dict_keys(['example_short_circuit_decorator']) retrieved from /home/airflow/.local/lib/python3.7/site-packages/airflow/example_dags/example_short_circuit_decorator.py
[2022-12-03T05:10:30.456+0000] {logging_mixin.py:137} INFO - [2022-12-03T05:10:30.456+0000] {dag.py:2676} INFO - Sync 1 DAGs
[2022-12-03T05:10:30.474+0000] {logging_mixin.py:137} INFO - [2022-12-03T05:10:30.473+0000] {dag.py:3427} INFO - Setting next_dagrun for example_short_circuit_decorator to 2022-12-02T05:10:30.473674+00:00, run_after=2022-12-03T05:10:30.473674+00:00
[2022-12-03T05:10:30.503+0000] {processor.py:175} INFO - Processing /home/airflow/.local/lib/python3.7/site-packages/airflow/example_dags/example_short_circuit_decorator.py took 0.099 seconds
[2022-12-03T05:11:01.463+0000] {processor.py:153} INFO - Started process (PID=1098) to work on /home/airflow/.local/lib/python3.7/site-packages/airflow/example_dags/example_short_circuit_decorator.py
[2022-12-03T05:11:01.465+0000] {processor.py:743} INFO - Processing file /home/airflow/.local/lib/python3.7/site-packages/airflow/example_dags/example_short_circuit_decorator.py for tasks to queue
[2022-12-03T05:11:01.475+0000] {logging_mixin.py:137} INFO - [2022-12-03T05:11:01.474+0000] {dagbag.py:538} INFO - Filling up the DagBag from /home/airflow/.local/lib/python3.7/site-packages/airflow/example_dags/example_short_circuit_decorator.py
[2022-12-03T05:11:01.528+0000] {processor.py:753} INFO - DAG(s) dict_keys(['example_short_circuit_decorator']) retrieved from /home/airflow/.local/lib/python3.7/site-packages/airflow/example_dags/example_short_circuit_decorator.py
[2022-12-03T05:11:01.557+0000] {logging_mixin.py:137} INFO - [2022-12-03T05:11:01.557+0000] {dag.py:2676} INFO - Sync 1 DAGs
[2022-12-03T05:11:01.577+0000] {logging_mixin.py:137} INFO - [2022-12-03T05:11:01.577+0000] {dag.py:3427} INFO - Setting next_dagrun for example_short_circuit_decorator to 2022-12-02T05:11:01.577248+00:00, run_after=2022-12-03T05:11:01.577248+00:00
[2022-12-03T05:11:01.593+0000] {processor.py:175} INFO - Processing /home/airflow/.local/lib/python3.7/site-packages/airflow/example_dags/example_short_circuit_decorator.py took 0.133 seconds
[2022-12-03T05:11:32.610+0000] {processor.py:153} INFO - Started process (PID=1315) to work on /home/airflow/.local/lib/python3.7/site-packages/airflow/example_dags/example_short_circuit_decorator.py
[2022-12-03T05:11:32.620+0000] {processor.py:743} INFO - Processing file /home/airflow/.local/lib/python3.7/site-packages/airflow/example_dags/example_short_circuit_decorator.py for tasks to queue
[2022-12-03T05:11:32.629+0000] {logging_mixin.py:137} INFO - [2022-12-03T05:11:32.628+0000] {dagbag.py:538} INFO - Filling up the DagBag from /home/airflow/.local/lib/python3.7/site-packages/airflow/example_dags/example_short_circuit_decorator.py
[2022-12-03T05:11:32.664+0000] {processor.py:753} INFO - DAG(s) dict_keys(['example_short_circuit_decorator']) retrieved from /home/airflow/.local/lib/python3.7/site-packages/airflow/example_dags/example_short_circuit_decorator.py
[2022-12-03T05:11:32.701+0000] {logging_mixin.py:137} INFO - [2022-12-03T05:11:32.700+0000] {dag.py:2676} INFO - Sync 1 DAGs
[2022-12-03T05:11:32.715+0000] {logging_mixin.py:137} INFO - [2022-12-03T05:11:32.715+0000] {dag.py:3427} INFO - Setting next_dagrun for example_short_circuit_decorator to 2022-12-02T05:11:32.715763+00:00, run_after=2022-12-03T05:11:32.715763+00:00
[2022-12-03T05:11:32.728+0000] {processor.py:175} INFO - Processing /home/airflow/.local/lib/python3.7/site-packages/airflow/example_dags/example_short_circuit_decorator.py took 0.122 seconds
[2022-12-03T05:12:02.988+0000] {processor.py:153} INFO - Started process (PID=1541) to work on /home/airflow/.local/lib/python3.7/site-packages/airflow/example_dags/example_short_circuit_decorator.py
[2022-12-03T05:12:02.989+0000] {processor.py:743} INFO - Processing file /home/airflow/.local/lib/python3.7/site-packages/airflow/example_dags/example_short_circuit_decorator.py for tasks to queue
[2022-12-03T05:12:02.990+0000] {logging_mixin.py:137} INFO - [2022-12-03T05:12:02.990+0000] {dagbag.py:538} INFO - Filling up the DagBag from /home/airflow/.local/lib/python3.7/site-packages/airflow/example_dags/example_short_circuit_decorator.py
[2022-12-03T05:12:03.034+0000] {processor.py:753} INFO - DAG(s) dict_keys(['example_short_circuit_decorator']) retrieved from /home/airflow/.local/lib/python3.7/site-packages/airflow/example_dags/example_short_circuit_decorator.py
[2022-12-03T05:12:03.082+0000] {logging_mixin.py:137} INFO - [2022-12-03T05:12:03.082+0000] {dag.py:2676} INFO - Sync 1 DAGs
[2022-12-03T05:12:03.124+0000] {logging_mixin.py:137} INFO - [2022-12-03T05:12:03.123+0000] {dag.py:3427} INFO - Setting next_dagrun for example_short_circuit_decorator to 2022-12-02T05:12:03.123597+00:00, run_after=2022-12-03T05:12:03.123597+00:00
[2022-12-03T05:12:03.143+0000] {processor.py:175} INFO - Processing /home/airflow/.local/lib/python3.7/site-packages/airflow/example_dags/example_short_circuit_decorator.py took 0.159 seconds
[2022-12-03T05:12:33.926+0000] {processor.py:153} INFO - Started process (PID=1756) to work on /home/airflow/.local/lib/python3.7/site-packages/airflow/example_dags/example_short_circuit_decorator.py
[2022-12-03T05:12:33.936+0000] {processor.py:743} INFO - Processing file /home/airflow/.local/lib/python3.7/site-packages/airflow/example_dags/example_short_circuit_decorator.py for tasks to queue
[2022-12-03T05:12:33.942+0000] {logging_mixin.py:137} INFO - [2022-12-03T05:12:33.942+0000] {dagbag.py:538} INFO - Filling up the DagBag from /home/airflow/.local/lib/python3.7/site-packages/airflow/example_dags/example_short_circuit_decorator.py
[2022-12-03T05:12:33.991+0000] {processor.py:753} INFO - DAG(s) dict_keys(['example_short_circuit_decorator']) retrieved from /home/airflow/.local/lib/python3.7/site-packages/airflow/example_dags/example_short_circuit_decorator.py
[2022-12-03T05:12:34.049+0000] {logging_mixin.py:137} INFO - [2022-12-03T05:12:34.049+0000] {dag.py:2676} INFO - Sync 1 DAGs
[2022-12-03T05:12:34.078+0000] {logging_mixin.py:137} INFO - [2022-12-03T05:12:34.078+0000] {dag.py:3427} INFO - Setting next_dagrun for example_short_circuit_decorator to 2022-12-02T05:12:34.078392+00:00, run_after=2022-12-03T05:12:34.078392+00:00
[2022-12-03T05:12:34.103+0000] {processor.py:175} INFO - Processing /home/airflow/.local/lib/python3.7/site-packages/airflow/example_dags/example_short_circuit_decorator.py took 0.186 seconds
[2022-12-03T05:13:05.012+0000] {processor.py:153} INFO - Started process (PID=1971) to work on /home/airflow/.local/lib/python3.7/site-packages/airflow/example_dags/example_short_circuit_decorator.py
[2022-12-03T05:13:05.015+0000] {processor.py:743} INFO - Processing file /home/airflow/.local/lib/python3.7/site-packages/airflow/example_dags/example_short_circuit_decorator.py for tasks to queue
[2022-12-03T05:13:05.018+0000] {logging_mixin.py:137} INFO - [2022-12-03T05:13:05.018+0000] {dagbag.py:538} INFO - Filling up the DagBag from /home/airflow/.local/lib/python3.7/site-packages/airflow/example_dags/example_short_circuit_decorator.py
[2022-12-03T05:13:05.049+0000] {processor.py:753} INFO - DAG(s) dict_keys(['example_short_circuit_decorator']) retrieved from /home/airflow/.local/lib/python3.7/site-packages/airflow/example_dags/example_short_circuit_decorator.py
[2022-12-03T05:13:05.081+0000] {logging_mixin.py:137} INFO - [2022-12-03T05:13:05.081+0000] {dag.py:2676} INFO - Sync 1 DAGs
[2022-12-03T05:13:05.101+0000] {logging_mixin.py:137} INFO - [2022-12-03T05:13:05.101+0000] {dag.py:3427} INFO - Setting next_dagrun for example_short_circuit_decorator to 2022-12-02T05:13:05.101527+00:00, run_after=2022-12-03T05:13:05.101527+00:00
[2022-12-03T05:13:05.116+0000] {processor.py:175} INFO - Processing /home/airflow/.local/lib/python3.7/site-packages/airflow/example_dags/example_short_circuit_decorator.py took 0.110 seconds
[2022-12-03T05:13:35.855+0000] {processor.py:153} INFO - Started process (PID=2197) to work on /home/airflow/.local/lib/python3.7/site-packages/airflow/example_dags/example_short_circuit_decorator.py
[2022-12-03T05:13:35.857+0000] {processor.py:743} INFO - Processing file /home/airflow/.local/lib/python3.7/site-packages/airflow/example_dags/example_short_circuit_decorator.py for tasks to queue
[2022-12-03T05:13:35.858+0000] {logging_mixin.py:137} INFO - [2022-12-03T05:13:35.858+0000] {dagbag.py:538} INFO - Filling up the DagBag from /home/airflow/.local/lib/python3.7/site-packages/airflow/example_dags/example_short_circuit_decorator.py
[2022-12-03T05:13:35.878+0000] {processor.py:753} INFO - DAG(s) dict_keys(['example_short_circuit_decorator']) retrieved from /home/airflow/.local/lib/python3.7/site-packages/airflow/example_dags/example_short_circuit_decorator.py
[2022-12-03T05:13:35.907+0000] {logging_mixin.py:137} INFO - [2022-12-03T05:13:35.907+0000] {dag.py:2676} INFO - Sync 1 DAGs
[2022-12-03T05:13:35.925+0000] {logging_mixin.py:137} INFO - [2022-12-03T05:13:35.924+0000] {dag.py:3427} INFO - Setting next_dagrun for example_short_circuit_decorator to 2022-12-02T05:13:35.924422+00:00, run_after=2022-12-03T05:13:35.924422+00:00
[2022-12-03T05:13:35.951+0000] {processor.py:175} INFO - Processing /home/airflow/.local/lib/python3.7/site-packages/airflow/example_dags/example_short_circuit_decorator.py took 0.101 seconds
[2022-12-03T05:14:06.453+0000] {processor.py:153} INFO - Started process (PID=2411) to work on /home/airflow/.local/lib/python3.7/site-packages/airflow/example_dags/example_short_circuit_decorator.py
[2022-12-03T05:14:06.458+0000] {processor.py:743} INFO - Processing file /home/airflow/.local/lib/python3.7/site-packages/airflow/example_dags/example_short_circuit_decorator.py for tasks to queue
[2022-12-03T05:14:06.462+0000] {logging_mixin.py:137} INFO - [2022-12-03T05:14:06.462+0000] {dagbag.py:538} INFO - Filling up the DagBag from /home/airflow/.local/lib/python3.7/site-packages/airflow/example_dags/example_short_circuit_decorator.py
[2022-12-03T05:14:06.513+0000] {processor.py:753} INFO - DAG(s) dict_keys(['example_short_circuit_decorator']) retrieved from /home/airflow/.local/lib/python3.7/site-packages/airflow/example_dags/example_short_circuit_decorator.py
[2022-12-03T05:14:06.551+0000] {logging_mixin.py:137} INFO - [2022-12-03T05:14:06.550+0000] {dag.py:2676} INFO - Sync 1 DAGs
[2022-12-03T05:14:06.570+0000] {logging_mixin.py:137} INFO - [2022-12-03T05:14:06.570+0000] {dag.py:3427} INFO - Setting next_dagrun for example_short_circuit_decorator to 2022-12-02T05:14:06.569948+00:00, run_after=2022-12-03T05:14:06.569948+00:00
[2022-12-03T05:14:06.582+0000] {processor.py:175} INFO - Processing /home/airflow/.local/lib/python3.7/site-packages/airflow/example_dags/example_short_circuit_decorator.py took 0.137 seconds
[2022-12-03T05:14:36.817+0000] {processor.py:153} INFO - Started process (PID=2636) to work on /home/airflow/.local/lib/python3.7/site-packages/airflow/example_dags/example_short_circuit_decorator.py
[2022-12-03T05:14:36.821+0000] {processor.py:743} INFO - Processing file /home/airflow/.local/lib/python3.7/site-packages/airflow/example_dags/example_short_circuit_decorator.py for tasks to queue
[2022-12-03T05:14:36.823+0000] {logging_mixin.py:137} INFO - [2022-12-03T05:14:36.823+0000] {dagbag.py:538} INFO - Filling up the DagBag from /home/airflow/.local/lib/python3.7/site-packages/airflow/example_dags/example_short_circuit_decorator.py
[2022-12-03T05:14:36.860+0000] {processor.py:753} INFO - DAG(s) dict_keys(['example_short_circuit_decorator']) retrieved from /home/airflow/.local/lib/python3.7/site-packages/airflow/example_dags/example_short_circuit_decorator.py
[2022-12-03T05:14:36.952+0000] {logging_mixin.py:137} INFO - [2022-12-03T05:14:36.952+0000] {dag.py:2676} INFO - Sync 1 DAGs
[2022-12-03T05:14:36.993+0000] {logging_mixin.py:137} INFO - [2022-12-03T05:14:36.993+0000] {dag.py:3427} INFO - Setting next_dagrun for example_short_circuit_decorator to 2022-12-02T05:14:36.993029+00:00, run_after=2022-12-03T05:14:36.993029+00:00
[2022-12-03T05:14:37.022+0000] {processor.py:175} INFO - Processing /home/airflow/.local/lib/python3.7/site-packages/airflow/example_dags/example_short_circuit_decorator.py took 0.209 seconds
[2022-12-03T05:15:07.505+0000] {processor.py:153} INFO - Started process (PID=2851) to work on /home/airflow/.local/lib/python3.7/site-packages/airflow/example_dags/example_short_circuit_decorator.py
[2022-12-03T05:15:07.508+0000] {processor.py:743} INFO - Processing file /home/airflow/.local/lib/python3.7/site-packages/airflow/example_dags/example_short_circuit_decorator.py for tasks to queue
[2022-12-03T05:15:07.511+0000] {logging_mixin.py:137} INFO - [2022-12-03T05:15:07.511+0000] {dagbag.py:538} INFO - Filling up the DagBag from /home/airflow/.local/lib/python3.7/site-packages/airflow/example_dags/example_short_circuit_decorator.py
[2022-12-03T05:15:07.539+0000] {processor.py:753} INFO - DAG(s) dict_keys(['example_short_circuit_decorator']) retrieved from /home/airflow/.local/lib/python3.7/site-packages/airflow/example_dags/example_short_circuit_decorator.py
[2022-12-03T05:15:07.567+0000] {logging_mixin.py:137} INFO - [2022-12-03T05:15:07.567+0000] {dag.py:2676} INFO - Sync 1 DAGs
[2022-12-03T05:15:07.585+0000] {logging_mixin.py:137} INFO - [2022-12-03T05:15:07.585+0000] {dag.py:3427} INFO - Setting next_dagrun for example_short_circuit_decorator to 2022-12-02T05:15:07.585358+00:00, run_after=2022-12-03T05:15:07.585358+00:00
[2022-12-03T05:15:07.621+0000] {processor.py:175} INFO - Processing /home/airflow/.local/lib/python3.7/site-packages/airflow/example_dags/example_short_circuit_decorator.py took 0.122 seconds
[2022-12-03T05:15:38.565+0000] {processor.py:153} INFO - Started process (PID=3078) to work on /home/airflow/.local/lib/python3.7/site-packages/airflow/example_dags/example_short_circuit_decorator.py
[2022-12-03T05:15:38.567+0000] {processor.py:743} INFO - Processing file /home/airflow/.local/lib/python3.7/site-packages/airflow/example_dags/example_short_circuit_decorator.py for tasks to queue
[2022-12-03T05:15:38.568+0000] {logging_mixin.py:137} INFO - [2022-12-03T05:15:38.568+0000] {dagbag.py:538} INFO - Filling up the DagBag from /home/airflow/.local/lib/python3.7/site-packages/airflow/example_dags/example_short_circuit_decorator.py
[2022-12-03T05:15:38.594+0000] {processor.py:753} INFO - DAG(s) dict_keys(['example_short_circuit_decorator']) retrieved from /home/airflow/.local/lib/python3.7/site-packages/airflow/example_dags/example_short_circuit_decorator.py
[2022-12-03T05:15:38.638+0000] {logging_mixin.py:137} INFO - [2022-12-03T05:15:38.638+0000] {dag.py:2676} INFO - Sync 1 DAGs
[2022-12-03T05:15:38.655+0000] {logging_mixin.py:137} INFO - [2022-12-03T05:15:38.655+0000] {dag.py:3427} INFO - Setting next_dagrun for example_short_circuit_decorator to 2022-12-02T05:15:38.655169+00:00, run_after=2022-12-03T05:15:38.655169+00:00
[2022-12-03T05:15:38.667+0000] {processor.py:175} INFO - Processing /home/airflow/.local/lib/python3.7/site-packages/airflow/example_dags/example_short_circuit_decorator.py took 0.108 seconds
[2022-12-03T05:16:09.532+0000] {processor.py:153} INFO - Started process (PID=3291) to work on /home/airflow/.local/lib/python3.7/site-packages/airflow/example_dags/example_short_circuit_decorator.py
[2022-12-03T05:16:09.536+0000] {processor.py:743} INFO - Processing file /home/airflow/.local/lib/python3.7/site-packages/airflow/example_dags/example_short_circuit_decorator.py for tasks to queue
[2022-12-03T05:16:09.538+0000] {logging_mixin.py:137} INFO - [2022-12-03T05:16:09.538+0000] {dagbag.py:538} INFO - Filling up the DagBag from /home/airflow/.local/lib/python3.7/site-packages/airflow/example_dags/example_short_circuit_decorator.py
[2022-12-03T05:16:09.582+0000] {processor.py:753} INFO - DAG(s) dict_keys(['example_short_circuit_decorator']) retrieved from /home/airflow/.local/lib/python3.7/site-packages/airflow/example_dags/example_short_circuit_decorator.py
[2022-12-03T05:16:09.681+0000] {logging_mixin.py:137} INFO - [2022-12-03T05:16:09.681+0000] {dag.py:2676} INFO - Sync 1 DAGs
[2022-12-03T05:16:09.712+0000] {logging_mixin.py:137} INFO - [2022-12-03T05:16:09.712+0000] {dag.py:3427} INFO - Setting next_dagrun for example_short_circuit_decorator to 2022-12-02T05:16:09.711938+00:00, run_after=2022-12-03T05:16:09.711938+00:00
[2022-12-03T05:16:09.734+0000] {processor.py:175} INFO - Processing /home/airflow/.local/lib/python3.7/site-packages/airflow/example_dags/example_short_circuit_decorator.py took 0.217 seconds
[2022-12-03T05:16:40.107+0000] {processor.py:153} INFO - Started process (PID=3516) to work on /home/airflow/.local/lib/python3.7/site-packages/airflow/example_dags/example_short_circuit_decorator.py
[2022-12-03T05:16:40.110+0000] {processor.py:743} INFO - Processing file /home/airflow/.local/lib/python3.7/site-packages/airflow/example_dags/example_short_circuit_decorator.py for tasks to queue
[2022-12-03T05:16:40.112+0000] {logging_mixin.py:137} INFO - [2022-12-03T05:16:40.112+0000] {dagbag.py:538} INFO - Filling up the DagBag from /home/airflow/.local/lib/python3.7/site-packages/airflow/example_dags/example_short_circuit_decorator.py
[2022-12-03T05:16:40.137+0000] {processor.py:753} INFO - DAG(s) dict_keys(['example_short_circuit_decorator']) retrieved from /home/airflow/.local/lib/python3.7/site-packages/airflow/example_dags/example_short_circuit_decorator.py
[2022-12-03T05:16:40.173+0000] {logging_mixin.py:137} INFO - [2022-12-03T05:16:40.171+0000] {dag.py:2676} INFO - Sync 1 DAGs
[2022-12-03T05:16:40.201+0000] {logging_mixin.py:137} INFO - [2022-12-03T05:16:40.201+0000] {dag.py:3427} INFO - Setting next_dagrun for example_short_circuit_decorator to 2022-12-02T05:16:40.201002+00:00, run_after=2022-12-03T05:16:40.201002+00:00
[2022-12-03T05:16:40.214+0000] {processor.py:175} INFO - Processing /home/airflow/.local/lib/python3.7/site-packages/airflow/example_dags/example_short_circuit_decorator.py took 0.115 seconds
[2022-12-03T05:17:10.375+0000] {processor.py:153} INFO - Started process (PID=3737) to work on /home/airflow/.local/lib/python3.7/site-packages/airflow/example_dags/example_short_circuit_decorator.py
[2022-12-03T05:17:10.379+0000] {processor.py:743} INFO - Processing file /home/airflow/.local/lib/python3.7/site-packages/airflow/example_dags/example_short_circuit_decorator.py for tasks to queue
[2022-12-03T05:17:10.380+0000] {logging_mixin.py:137} INFO - [2022-12-03T05:17:10.380+0000] {dagbag.py:538} INFO - Filling up the DagBag from /home/airflow/.local/lib/python3.7/site-packages/airflow/example_dags/example_short_circuit_decorator.py
[2022-12-03T05:17:10.412+0000] {processor.py:753} INFO - DAG(s) dict_keys(['example_short_circuit_decorator']) retrieved from /home/airflow/.local/lib/python3.7/site-packages/airflow/example_dags/example_short_circuit_decorator.py
[2022-12-03T05:17:10.463+0000] {logging_mixin.py:137} INFO - [2022-12-03T05:17:10.463+0000] {dag.py:2676} INFO - Sync 1 DAGs
[2022-12-03T05:17:10.490+0000] {logging_mixin.py:137} INFO - [2022-12-03T05:17:10.490+0000] {dag.py:3427} INFO - Setting next_dagrun for example_short_circuit_decorator to 2022-12-02T05:17:10.490131+00:00, run_after=2022-12-03T05:17:10.490131+00:00
[2022-12-03T05:17:10.508+0000] {processor.py:175} INFO - Processing /home/airflow/.local/lib/python3.7/site-packages/airflow/example_dags/example_short_circuit_decorator.py took 0.136 seconds
[2022-12-03T05:17:41.151+0000] {processor.py:153} INFO - Started process (PID=3956) to work on /home/airflow/.local/lib/python3.7/site-packages/airflow/example_dags/example_short_circuit_decorator.py
[2022-12-03T05:17:41.156+0000] {processor.py:743} INFO - Processing file /home/airflow/.local/lib/python3.7/site-packages/airflow/example_dags/example_short_circuit_decorator.py for tasks to queue
[2022-12-03T05:17:41.158+0000] {logging_mixin.py:137} INFO - [2022-12-03T05:17:41.158+0000] {dagbag.py:538} INFO - Filling up the DagBag from /home/airflow/.local/lib/python3.7/site-packages/airflow/example_dags/example_short_circuit_decorator.py
[2022-12-03T05:17:41.182+0000] {processor.py:753} INFO - DAG(s) dict_keys(['example_short_circuit_decorator']) retrieved from /home/airflow/.local/lib/python3.7/site-packages/airflow/example_dags/example_short_circuit_decorator.py
[2022-12-03T05:17:41.212+0000] {logging_mixin.py:137} INFO - [2022-12-03T05:17:41.212+0000] {dag.py:2676} INFO - Sync 1 DAGs
[2022-12-03T05:17:41.228+0000] {logging_mixin.py:137} INFO - [2022-12-03T05:17:41.228+0000] {dag.py:3427} INFO - Setting next_dagrun for example_short_circuit_decorator to 2022-12-02T05:17:41.228105+00:00, run_after=2022-12-03T05:17:41.228105+00:00
[2022-12-03T05:17:41.241+0000] {processor.py:175} INFO - Processing /home/airflow/.local/lib/python3.7/site-packages/airflow/example_dags/example_short_circuit_decorator.py took 0.092 seconds
[2022-12-03T05:18:55.329+0000] {processor.py:153} INFO - Started process (PID=222) to work on /home/airflow/.local/lib/python3.7/site-packages/airflow/example_dags/example_short_circuit_decorator.py
[2022-12-03T05:18:55.332+0000] {processor.py:743} INFO - Processing file /home/airflow/.local/lib/python3.7/site-packages/airflow/example_dags/example_short_circuit_decorator.py for tasks to queue
[2022-12-03T05:18:55.334+0000] {logging_mixin.py:137} INFO - [2022-12-03T05:18:55.334+0000] {dagbag.py:538} INFO - Filling up the DagBag from /home/airflow/.local/lib/python3.7/site-packages/airflow/example_dags/example_short_circuit_decorator.py
[2022-12-03T05:18:55.371+0000] {processor.py:753} INFO - DAG(s) dict_keys(['example_short_circuit_decorator']) retrieved from /home/airflow/.local/lib/python3.7/site-packages/airflow/example_dags/example_short_circuit_decorator.py
[2022-12-03T05:18:55.400+0000] {logging_mixin.py:137} INFO - [2022-12-03T05:18:55.400+0000] {dag.py:2676} INFO - Sync 1 DAGs
[2022-12-03T05:18:55.446+0000] {logging_mixin.py:137} INFO - [2022-12-03T05:18:55.446+0000] {dag.py:3427} INFO - Setting next_dagrun for example_short_circuit_decorator to 2022-12-02T05:18:55.446534+00:00, run_after=2022-12-03T05:18:55.446534+00:00
[2022-12-03T05:18:55.472+0000] {processor.py:175} INFO - Processing /home/airflow/.local/lib/python3.7/site-packages/airflow/example_dags/example_short_circuit_decorator.py took 0.146 seconds
[2022-12-03T05:19:25.814+0000] {processor.py:153} INFO - Started process (PID=435) to work on /home/airflow/.local/lib/python3.7/site-packages/airflow/example_dags/example_short_circuit_decorator.py
[2022-12-03T05:19:25.816+0000] {processor.py:743} INFO - Processing file /home/airflow/.local/lib/python3.7/site-packages/airflow/example_dags/example_short_circuit_decorator.py for tasks to queue
[2022-12-03T05:19:25.817+0000] {logging_mixin.py:137} INFO - [2022-12-03T05:19:25.817+0000] {dagbag.py:538} INFO - Filling up the DagBag from /home/airflow/.local/lib/python3.7/site-packages/airflow/example_dags/example_short_circuit_decorator.py
[2022-12-03T05:19:25.843+0000] {processor.py:753} INFO - DAG(s) dict_keys(['example_short_circuit_decorator']) retrieved from /home/airflow/.local/lib/python3.7/site-packages/airflow/example_dags/example_short_circuit_decorator.py
[2022-12-03T05:19:25.873+0000] {logging_mixin.py:137} INFO - [2022-12-03T05:19:25.872+0000] {dag.py:2676} INFO - Sync 1 DAGs
[2022-12-03T05:19:25.891+0000] {logging_mixin.py:137} INFO - [2022-12-03T05:19:25.891+0000] {dag.py:3427} INFO - Setting next_dagrun for example_short_circuit_decorator to 2022-12-02T05:19:25.890986+00:00, run_after=2022-12-03T05:19:25.890986+00:00
[2022-12-03T05:19:25.905+0000] {processor.py:175} INFO - Processing /home/airflow/.local/lib/python3.7/site-packages/airflow/example_dags/example_short_circuit_decorator.py took 0.093 seconds
[2022-12-03T05:19:56.878+0000] {processor.py:153} INFO - Started process (PID=662) to work on /home/airflow/.local/lib/python3.7/site-packages/airflow/example_dags/example_short_circuit_decorator.py
[2022-12-03T05:19:56.881+0000] {processor.py:743} INFO - Processing file /home/airflow/.local/lib/python3.7/site-packages/airflow/example_dags/example_short_circuit_decorator.py for tasks to queue
[2022-12-03T05:19:56.884+0000] {logging_mixin.py:137} INFO - [2022-12-03T05:19:56.884+0000] {dagbag.py:538} INFO - Filling up the DagBag from /home/airflow/.local/lib/python3.7/site-packages/airflow/example_dags/example_short_circuit_decorator.py
[2022-12-03T05:19:56.910+0000] {processor.py:753} INFO - DAG(s) dict_keys(['example_short_circuit_decorator']) retrieved from /home/airflow/.local/lib/python3.7/site-packages/airflow/example_dags/example_short_circuit_decorator.py
[2022-12-03T05:19:56.974+0000] {logging_mixin.py:137} INFO - [2022-12-03T05:19:56.973+0000] {dag.py:2676} INFO - Sync 1 DAGs
[2022-12-03T05:19:56.992+0000] {logging_mixin.py:137} INFO - [2022-12-03T05:19:56.992+0000] {dag.py:3427} INFO - Setting next_dagrun for example_short_circuit_decorator to 2022-12-02T05:19:56.991951+00:00, run_after=2022-12-03T05:19:56.991951+00:00
[2022-12-03T05:19:57.004+0000] {processor.py:175} INFO - Processing /home/airflow/.local/lib/python3.7/site-packages/airflow/example_dags/example_short_circuit_decorator.py took 0.129 seconds
