[2022-12-03T05:08:59.452+0000] {processor.py:153} INFO - Started process (PID=253) to work on /home/airflow/.local/lib/python3.7/site-packages/airflow/example_dags/example_trigger_target_dag.py
[2022-12-03T05:08:59.459+0000] {processor.py:743} INFO - Processing file /home/airflow/.local/lib/python3.7/site-packages/airflow/example_dags/example_trigger_target_dag.py for tasks to queue
[2022-12-03T05:08:59.461+0000] {logging_mixin.py:137} INFO - [2022-12-03T05:08:59.461+0000] {dagbag.py:538} INFO - Filling up the DagBag from /home/airflow/.local/lib/python3.7/site-packages/airflow/example_dags/example_trigger_target_dag.py
[2022-12-03T05:08:59.539+0000] {processor.py:753} INFO - DAG(s) dict_keys(['example_trigger_target_dag']) retrieved from /home/airflow/.local/lib/python3.7/site-packages/airflow/example_dags/example_trigger_target_dag.py
[2022-12-03T05:08:59.590+0000] {logging_mixin.py:137} INFO - [2022-12-03T05:08:59.590+0000] {dag.py:2676} INFO - Sync 1 DAGs
[2022-12-03T05:08:59.620+0000] {logging_mixin.py:137} INFO - [2022-12-03T05:08:59.620+0000] {dag.py:3427} INFO - Setting next_dagrun for example_trigger_target_dag to None, run_after=None
[2022-12-03T05:08:59.651+0000] {processor.py:175} INFO - Processing /home/airflow/.local/lib/python3.7/site-packages/airflow/example_dags/example_trigger_target_dag.py took 0.203 seconds
[2022-12-03T05:09:29.819+0000] {processor.py:153} INFO - Started process (PID=465) to work on /home/airflow/.local/lib/python3.7/site-packages/airflow/example_dags/example_trigger_target_dag.py
[2022-12-03T05:09:29.822+0000] {processor.py:743} INFO - Processing file /home/airflow/.local/lib/python3.7/site-packages/airflow/example_dags/example_trigger_target_dag.py for tasks to queue
[2022-12-03T05:09:29.824+0000] {logging_mixin.py:137} INFO - [2022-12-03T05:09:29.824+0000] {dagbag.py:538} INFO - Filling up the DagBag from /home/airflow/.local/lib/python3.7/site-packages/airflow/example_dags/example_trigger_target_dag.py
[2022-12-03T05:09:29.841+0000] {processor.py:753} INFO - DAG(s) dict_keys(['example_trigger_target_dag']) retrieved from /home/airflow/.local/lib/python3.7/site-packages/airflow/example_dags/example_trigger_target_dag.py
[2022-12-03T05:09:29.873+0000] {logging_mixin.py:137} INFO - [2022-12-03T05:09:29.873+0000] {dag.py:2676} INFO - Sync 1 DAGs
[2022-12-03T05:09:29.891+0000] {logging_mixin.py:137} INFO - [2022-12-03T05:09:29.891+0000] {dag.py:3427} INFO - Setting next_dagrun for example_trigger_target_dag to None, run_after=None
[2022-12-03T05:09:29.902+0000] {processor.py:175} INFO - Processing /home/airflow/.local/lib/python3.7/site-packages/airflow/example_dags/example_trigger_target_dag.py took 0.086 seconds
[2022-12-03T05:10:01.098+0000] {processor.py:153} INFO - Started process (PID=687) to work on /home/airflow/.local/lib/python3.7/site-packages/airflow/example_dags/example_trigger_target_dag.py
[2022-12-03T05:10:01.102+0000] {processor.py:743} INFO - Processing file /home/airflow/.local/lib/python3.7/site-packages/airflow/example_dags/example_trigger_target_dag.py for tasks to queue
[2022-12-03T05:10:01.104+0000] {logging_mixin.py:137} INFO - [2022-12-03T05:10:01.104+0000] {dagbag.py:538} INFO - Filling up the DagBag from /home/airflow/.local/lib/python3.7/site-packages/airflow/example_dags/example_trigger_target_dag.py
[2022-12-03T05:10:01.131+0000] {processor.py:753} INFO - DAG(s) dict_keys(['example_trigger_target_dag']) retrieved from /home/airflow/.local/lib/python3.7/site-packages/airflow/example_dags/example_trigger_target_dag.py
[2022-12-03T05:10:01.199+0000] {logging_mixin.py:137} INFO - [2022-12-03T05:10:01.199+0000] {dag.py:2676} INFO - Sync 1 DAGs
[2022-12-03T05:10:01.320+0000] {logging_mixin.py:137} INFO - [2022-12-03T05:10:01.320+0000] {dag.py:3427} INFO - Setting next_dagrun for example_trigger_target_dag to None, run_after=None
[2022-12-03T05:10:01.423+0000] {processor.py:175} INFO - Processing /home/airflow/.local/lib/python3.7/site-packages/airflow/example_dags/example_trigger_target_dag.py took 0.328 seconds
[2022-12-03T05:10:31.997+0000] {processor.py:153} INFO - Started process (PID=906) to work on /home/airflow/.local/lib/python3.7/site-packages/airflow/example_dags/example_trigger_target_dag.py
[2022-12-03T05:10:32.004+0000] {processor.py:743} INFO - Processing file /home/airflow/.local/lib/python3.7/site-packages/airflow/example_dags/example_trigger_target_dag.py for tasks to queue
[2022-12-03T05:10:32.008+0000] {logging_mixin.py:137} INFO - [2022-12-03T05:10:32.007+0000] {dagbag.py:538} INFO - Filling up the DagBag from /home/airflow/.local/lib/python3.7/site-packages/airflow/example_dags/example_trigger_target_dag.py
[2022-12-03T05:10:32.038+0000] {processor.py:753} INFO - DAG(s) dict_keys(['example_trigger_target_dag']) retrieved from /home/airflow/.local/lib/python3.7/site-packages/airflow/example_dags/example_trigger_target_dag.py
[2022-12-03T05:10:32.063+0000] {logging_mixin.py:137} INFO - [2022-12-03T05:10:32.063+0000] {dag.py:2676} INFO - Sync 1 DAGs
[2022-12-03T05:10:32.078+0000] {logging_mixin.py:137} INFO - [2022-12-03T05:10:32.078+0000] {dag.py:3427} INFO - Setting next_dagrun for example_trigger_target_dag to None, run_after=None
[2022-12-03T05:10:32.090+0000] {processor.py:175} INFO - Processing /home/airflow/.local/lib/python3.7/site-packages/airflow/example_dags/example_trigger_target_dag.py took 0.095 seconds
[2022-12-03T05:11:03.103+0000] {processor.py:153} INFO - Started process (PID=1131) to work on /home/airflow/.local/lib/python3.7/site-packages/airflow/example_dags/example_trigger_target_dag.py
[2022-12-03T05:11:03.105+0000] {processor.py:743} INFO - Processing file /home/airflow/.local/lib/python3.7/site-packages/airflow/example_dags/example_trigger_target_dag.py for tasks to queue
[2022-12-03T05:11:03.106+0000] {logging_mixin.py:137} INFO - [2022-12-03T05:11:03.106+0000] {dagbag.py:538} INFO - Filling up the DagBag from /home/airflow/.local/lib/python3.7/site-packages/airflow/example_dags/example_trigger_target_dag.py
[2022-12-03T05:11:03.122+0000] {processor.py:753} INFO - DAG(s) dict_keys(['example_trigger_target_dag']) retrieved from /home/airflow/.local/lib/python3.7/site-packages/airflow/example_dags/example_trigger_target_dag.py
[2022-12-03T05:11:03.148+0000] {logging_mixin.py:137} INFO - [2022-12-03T05:11:03.148+0000] {dag.py:2676} INFO - Sync 1 DAGs
[2022-12-03T05:11:03.164+0000] {logging_mixin.py:137} INFO - [2022-12-03T05:11:03.164+0000] {dag.py:3427} INFO - Setting next_dagrun for example_trigger_target_dag to None, run_after=None
[2022-12-03T05:11:03.176+0000] {processor.py:175} INFO - Processing /home/airflow/.local/lib/python3.7/site-packages/airflow/example_dags/example_trigger_target_dag.py took 0.076 seconds
[2022-12-03T05:11:33.999+0000] {processor.py:153} INFO - Started process (PID=1343) to work on /home/airflow/.local/lib/python3.7/site-packages/airflow/example_dags/example_trigger_target_dag.py
[2022-12-03T05:11:34.001+0000] {processor.py:743} INFO - Processing file /home/airflow/.local/lib/python3.7/site-packages/airflow/example_dags/example_trigger_target_dag.py for tasks to queue
[2022-12-03T05:11:34.002+0000] {logging_mixin.py:137} INFO - [2022-12-03T05:11:34.002+0000] {dagbag.py:538} INFO - Filling up the DagBag from /home/airflow/.local/lib/python3.7/site-packages/airflow/example_dags/example_trigger_target_dag.py
[2022-12-03T05:11:34.017+0000] {processor.py:753} INFO - DAG(s) dict_keys(['example_trigger_target_dag']) retrieved from /home/airflow/.local/lib/python3.7/site-packages/airflow/example_dags/example_trigger_target_dag.py
[2022-12-03T05:11:34.046+0000] {logging_mixin.py:137} INFO - [2022-12-03T05:11:34.046+0000] {dag.py:2676} INFO - Sync 1 DAGs
[2022-12-03T05:11:34.061+0000] {logging_mixin.py:137} INFO - [2022-12-03T05:11:34.061+0000] {dag.py:3427} INFO - Setting next_dagrun for example_trigger_target_dag to None, run_after=None
[2022-12-03T05:11:34.080+0000] {processor.py:175} INFO - Processing /home/airflow/.local/lib/python3.7/site-packages/airflow/example_dags/example_trigger_target_dag.py took 0.083 seconds
[2022-12-03T05:12:04.447+0000] {processor.py:153} INFO - Started process (PID=1569) to work on /home/airflow/.local/lib/python3.7/site-packages/airflow/example_dags/example_trigger_target_dag.py
[2022-12-03T05:12:04.451+0000] {processor.py:743} INFO - Processing file /home/airflow/.local/lib/python3.7/site-packages/airflow/example_dags/example_trigger_target_dag.py for tasks to queue
[2022-12-03T05:12:04.453+0000] {logging_mixin.py:137} INFO - [2022-12-03T05:12:04.453+0000] {dagbag.py:538} INFO - Filling up the DagBag from /home/airflow/.local/lib/python3.7/site-packages/airflow/example_dags/example_trigger_target_dag.py
[2022-12-03T05:12:04.473+0000] {processor.py:753} INFO - DAG(s) dict_keys(['example_trigger_target_dag']) retrieved from /home/airflow/.local/lib/python3.7/site-packages/airflow/example_dags/example_trigger_target_dag.py
[2022-12-03T05:12:04.518+0000] {logging_mixin.py:137} INFO - [2022-12-03T05:12:04.518+0000] {dag.py:2676} INFO - Sync 1 DAGs
[2022-12-03T05:12:04.537+0000] {logging_mixin.py:137} INFO - [2022-12-03T05:12:04.537+0000] {dag.py:3427} INFO - Setting next_dagrun for example_trigger_target_dag to None, run_after=None
[2022-12-03T05:12:04.553+0000] {processor.py:175} INFO - Processing /home/airflow/.local/lib/python3.7/site-packages/airflow/example_dags/example_trigger_target_dag.py took 0.109 seconds
[2022-12-03T05:12:35.544+0000] {processor.py:153} INFO - Started process (PID=1784) to work on /home/airflow/.local/lib/python3.7/site-packages/airflow/example_dags/example_trigger_target_dag.py
[2022-12-03T05:12:35.549+0000] {processor.py:743} INFO - Processing file /home/airflow/.local/lib/python3.7/site-packages/airflow/example_dags/example_trigger_target_dag.py for tasks to queue
[2022-12-03T05:12:35.551+0000] {logging_mixin.py:137} INFO - [2022-12-03T05:12:35.551+0000] {dagbag.py:538} INFO - Filling up the DagBag from /home/airflow/.local/lib/python3.7/site-packages/airflow/example_dags/example_trigger_target_dag.py
[2022-12-03T05:12:35.574+0000] {processor.py:753} INFO - DAG(s) dict_keys(['example_trigger_target_dag']) retrieved from /home/airflow/.local/lib/python3.7/site-packages/airflow/example_dags/example_trigger_target_dag.py
[2022-12-03T05:12:35.615+0000] {logging_mixin.py:137} INFO - [2022-12-03T05:12:35.615+0000] {dag.py:2676} INFO - Sync 1 DAGs
[2022-12-03T05:12:35.633+0000] {logging_mixin.py:137} INFO - [2022-12-03T05:12:35.633+0000] {dag.py:3427} INFO - Setting next_dagrun for example_trigger_target_dag to None, run_after=None
[2022-12-03T05:12:35.651+0000] {processor.py:175} INFO - Processing /home/airflow/.local/lib/python3.7/site-packages/airflow/example_dags/example_trigger_target_dag.py took 0.110 seconds
[2022-12-03T05:13:06.657+0000] {processor.py:153} INFO - Started process (PID=2001) to work on /home/airflow/.local/lib/python3.7/site-packages/airflow/example_dags/example_trigger_target_dag.py
[2022-12-03T05:13:06.658+0000] {processor.py:743} INFO - Processing file /home/airflow/.local/lib/python3.7/site-packages/airflow/example_dags/example_trigger_target_dag.py for tasks to queue
[2022-12-03T05:13:06.660+0000] {logging_mixin.py:137} INFO - [2022-12-03T05:13:06.660+0000] {dagbag.py:538} INFO - Filling up the DagBag from /home/airflow/.local/lib/python3.7/site-packages/airflow/example_dags/example_trigger_target_dag.py
[2022-12-03T05:13:06.690+0000] {processor.py:753} INFO - DAG(s) dict_keys(['example_trigger_target_dag']) retrieved from /home/airflow/.local/lib/python3.7/site-packages/airflow/example_dags/example_trigger_target_dag.py
[2022-12-03T05:13:06.780+0000] {logging_mixin.py:137} INFO - [2022-12-03T05:13:06.780+0000] {dag.py:2676} INFO - Sync 1 DAGs
[2022-12-03T05:13:06.820+0000] {logging_mixin.py:137} INFO - [2022-12-03T05:13:06.820+0000] {dag.py:3427} INFO - Setting next_dagrun for example_trigger_target_dag to None, run_after=None
[2022-12-03T05:13:06.841+0000] {processor.py:175} INFO - Processing /home/airflow/.local/lib/python3.7/site-packages/airflow/example_dags/example_trigger_target_dag.py took 0.188 seconds
[2022-12-03T05:13:37.147+0000] {processor.py:153} INFO - Started process (PID=2225) to work on /home/airflow/.local/lib/python3.7/site-packages/airflow/example_dags/example_trigger_target_dag.py
[2022-12-03T05:13:37.149+0000] {processor.py:743} INFO - Processing file /home/airflow/.local/lib/python3.7/site-packages/airflow/example_dags/example_trigger_target_dag.py for tasks to queue
[2022-12-03T05:13:37.150+0000] {logging_mixin.py:137} INFO - [2022-12-03T05:13:37.149+0000] {dagbag.py:538} INFO - Filling up the DagBag from /home/airflow/.local/lib/python3.7/site-packages/airflow/example_dags/example_trigger_target_dag.py
[2022-12-03T05:13:37.163+0000] {processor.py:753} INFO - DAG(s) dict_keys(['example_trigger_target_dag']) retrieved from /home/airflow/.local/lib/python3.7/site-packages/airflow/example_dags/example_trigger_target_dag.py
[2022-12-03T05:13:37.189+0000] {logging_mixin.py:137} INFO - [2022-12-03T05:13:37.189+0000] {dag.py:2676} INFO - Sync 1 DAGs
[2022-12-03T05:13:37.210+0000] {logging_mixin.py:137} INFO - [2022-12-03T05:13:37.210+0000] {dag.py:3427} INFO - Setting next_dagrun for example_trigger_target_dag to None, run_after=None
[2022-12-03T05:13:37.232+0000] {processor.py:175} INFO - Processing /home/airflow/.local/lib/python3.7/site-packages/airflow/example_dags/example_trigger_target_dag.py took 0.088 seconds
[2022-12-03T05:14:08.778+0000] {processor.py:153} INFO - Started process (PID=2450) to work on /home/airflow/.local/lib/python3.7/site-packages/airflow/example_dags/example_trigger_target_dag.py
[2022-12-03T05:14:08.781+0000] {processor.py:743} INFO - Processing file /home/airflow/.local/lib/python3.7/site-packages/airflow/example_dags/example_trigger_target_dag.py for tasks to queue
[2022-12-03T05:14:08.783+0000] {logging_mixin.py:137} INFO - [2022-12-03T05:14:08.783+0000] {dagbag.py:538} INFO - Filling up the DagBag from /home/airflow/.local/lib/python3.7/site-packages/airflow/example_dags/example_trigger_target_dag.py
[2022-12-03T05:14:08.828+0000] {processor.py:753} INFO - DAG(s) dict_keys(['example_trigger_target_dag']) retrieved from /home/airflow/.local/lib/python3.7/site-packages/airflow/example_dags/example_trigger_target_dag.py
[2022-12-03T05:14:08.888+0000] {logging_mixin.py:137} INFO - [2022-12-03T05:14:08.888+0000] {dag.py:2676} INFO - Sync 1 DAGs
[2022-12-03T05:14:08.971+0000] {logging_mixin.py:137} INFO - [2022-12-03T05:14:08.971+0000] {dag.py:3427} INFO - Setting next_dagrun for example_trigger_target_dag to None, run_after=None
[2022-12-03T05:14:09.049+0000] {processor.py:175} INFO - Processing /home/airflow/.local/lib/python3.7/site-packages/airflow/example_dags/example_trigger_target_dag.py took 0.275 seconds
[2022-12-03T05:14:39.352+0000] {processor.py:153} INFO - Started process (PID=2664) to work on /home/airflow/.local/lib/python3.7/site-packages/airflow/example_dags/example_trigger_target_dag.py
[2022-12-03T05:14:39.354+0000] {processor.py:743} INFO - Processing file /home/airflow/.local/lib/python3.7/site-packages/airflow/example_dags/example_trigger_target_dag.py for tasks to queue
[2022-12-03T05:14:39.355+0000] {logging_mixin.py:137} INFO - [2022-12-03T05:14:39.355+0000] {dagbag.py:538} INFO - Filling up the DagBag from /home/airflow/.local/lib/python3.7/site-packages/airflow/example_dags/example_trigger_target_dag.py
[2022-12-03T05:14:39.371+0000] {processor.py:753} INFO - DAG(s) dict_keys(['example_trigger_target_dag']) retrieved from /home/airflow/.local/lib/python3.7/site-packages/airflow/example_dags/example_trigger_target_dag.py
[2022-12-03T05:14:39.400+0000] {logging_mixin.py:137} INFO - [2022-12-03T05:14:39.400+0000] {dag.py:2676} INFO - Sync 1 DAGs
[2022-12-03T05:14:39.415+0000] {logging_mixin.py:137} INFO - [2022-12-03T05:14:39.415+0000] {dag.py:3427} INFO - Setting next_dagrun for example_trigger_target_dag to None, run_after=None
[2022-12-03T05:14:39.435+0000] {processor.py:175} INFO - Processing /home/airflow/.local/lib/python3.7/site-packages/airflow/example_dags/example_trigger_target_dag.py took 0.085 seconds
[2022-12-03T05:15:09.924+0000] {processor.py:153} INFO - Started process (PID=2879) to work on /home/airflow/.local/lib/python3.7/site-packages/airflow/example_dags/example_trigger_target_dag.py
[2022-12-03T05:15:09.927+0000] {processor.py:743} INFO - Processing file /home/airflow/.local/lib/python3.7/site-packages/airflow/example_dags/example_trigger_target_dag.py for tasks to queue
[2022-12-03T05:15:09.928+0000] {logging_mixin.py:137} INFO - [2022-12-03T05:15:09.928+0000] {dagbag.py:538} INFO - Filling up the DagBag from /home/airflow/.local/lib/python3.7/site-packages/airflow/example_dags/example_trigger_target_dag.py
[2022-12-03T05:15:09.945+0000] {processor.py:753} INFO - DAG(s) dict_keys(['example_trigger_target_dag']) retrieved from /home/airflow/.local/lib/python3.7/site-packages/airflow/example_dags/example_trigger_target_dag.py
[2022-12-03T05:15:10.007+0000] {logging_mixin.py:137} INFO - [2022-12-03T05:15:10.007+0000] {dag.py:2676} INFO - Sync 1 DAGs
[2022-12-03T05:15:10.036+0000] {logging_mixin.py:137} INFO - [2022-12-03T05:15:10.036+0000] {dag.py:3427} INFO - Setting next_dagrun for example_trigger_target_dag to None, run_after=None
[2022-12-03T05:15:10.053+0000] {processor.py:175} INFO - Processing /home/airflow/.local/lib/python3.7/site-packages/airflow/example_dags/example_trigger_target_dag.py took 0.131 seconds
[2022-12-03T05:15:40.969+0000] {processor.py:153} INFO - Started process (PID=3106) to work on /home/airflow/.local/lib/python3.7/site-packages/airflow/example_dags/example_trigger_target_dag.py
[2022-12-03T05:15:40.972+0000] {processor.py:743} INFO - Processing file /home/airflow/.local/lib/python3.7/site-packages/airflow/example_dags/example_trigger_target_dag.py for tasks to queue
[2022-12-03T05:15:40.973+0000] {logging_mixin.py:137} INFO - [2022-12-03T05:15:40.973+0000] {dagbag.py:538} INFO - Filling up the DagBag from /home/airflow/.local/lib/python3.7/site-packages/airflow/example_dags/example_trigger_target_dag.py
[2022-12-03T05:15:40.987+0000] {processor.py:753} INFO - DAG(s) dict_keys(['example_trigger_target_dag']) retrieved from /home/airflow/.local/lib/python3.7/site-packages/airflow/example_dags/example_trigger_target_dag.py
[2022-12-03T05:15:41.028+0000] {logging_mixin.py:137} INFO - [2022-12-03T05:15:41.028+0000] {dag.py:2676} INFO - Sync 1 DAGs
[2022-12-03T05:15:41.047+0000] {logging_mixin.py:137} INFO - [2022-12-03T05:15:41.047+0000] {dag.py:3427} INFO - Setting next_dagrun for example_trigger_target_dag to None, run_after=None
[2022-12-03T05:15:41.066+0000] {processor.py:175} INFO - Processing /home/airflow/.local/lib/python3.7/site-packages/airflow/example_dags/example_trigger_target_dag.py took 0.100 seconds
[2022-12-03T05:16:12.400+0000] {processor.py:153} INFO - Started process (PID=3327) to work on /home/airflow/.local/lib/python3.7/site-packages/airflow/example_dags/example_trigger_target_dag.py
[2022-12-03T05:16:12.402+0000] {processor.py:743} INFO - Processing file /home/airflow/.local/lib/python3.7/site-packages/airflow/example_dags/example_trigger_target_dag.py for tasks to queue
[2022-12-03T05:16:12.404+0000] {logging_mixin.py:137} INFO - [2022-12-03T05:16:12.404+0000] {dagbag.py:538} INFO - Filling up the DagBag from /home/airflow/.local/lib/python3.7/site-packages/airflow/example_dags/example_trigger_target_dag.py
[2022-12-03T05:16:12.436+0000] {processor.py:753} INFO - DAG(s) dict_keys(['example_trigger_target_dag']) retrieved from /home/airflow/.local/lib/python3.7/site-packages/airflow/example_dags/example_trigger_target_dag.py
[2022-12-03T05:16:12.532+0000] {logging_mixin.py:137} INFO - [2022-12-03T05:16:12.532+0000] {dag.py:2676} INFO - Sync 1 DAGs
[2022-12-03T05:16:12.553+0000] {logging_mixin.py:137} INFO - [2022-12-03T05:16:12.553+0000] {dag.py:3427} INFO - Setting next_dagrun for example_trigger_target_dag to None, run_after=None
[2022-12-03T05:16:12.569+0000] {processor.py:175} INFO - Processing /home/airflow/.local/lib/python3.7/site-packages/airflow/example_dags/example_trigger_target_dag.py took 0.183 seconds
[2022-12-03T05:16:43.583+0000] {processor.py:153} INFO - Started process (PID=3544) to work on /home/airflow/.local/lib/python3.7/site-packages/airflow/example_dags/example_trigger_target_dag.py
[2022-12-03T05:16:43.585+0000] {processor.py:743} INFO - Processing file /home/airflow/.local/lib/python3.7/site-packages/airflow/example_dags/example_trigger_target_dag.py for tasks to queue
[2022-12-03T05:16:43.589+0000] {logging_mixin.py:137} INFO - [2022-12-03T05:16:43.589+0000] {dagbag.py:538} INFO - Filling up the DagBag from /home/airflow/.local/lib/python3.7/site-packages/airflow/example_dags/example_trigger_target_dag.py
[2022-12-03T05:16:43.608+0000] {processor.py:753} INFO - DAG(s) dict_keys(['example_trigger_target_dag']) retrieved from /home/airflow/.local/lib/python3.7/site-packages/airflow/example_dags/example_trigger_target_dag.py
[2022-12-03T05:16:43.636+0000] {logging_mixin.py:137} INFO - [2022-12-03T05:16:43.635+0000] {dag.py:2676} INFO - Sync 1 DAGs
[2022-12-03T05:16:43.651+0000] {logging_mixin.py:137} INFO - [2022-12-03T05:16:43.651+0000] {dag.py:3427} INFO - Setting next_dagrun for example_trigger_target_dag to None, run_after=None
[2022-12-03T05:16:43.662+0000] {processor.py:175} INFO - Processing /home/airflow/.local/lib/python3.7/site-packages/airflow/example_dags/example_trigger_target_dag.py took 0.083 seconds
[2022-12-03T05:17:13.825+0000] {processor.py:153} INFO - Started process (PID=3770) to work on /home/airflow/.local/lib/python3.7/site-packages/airflow/example_dags/example_trigger_target_dag.py
[2022-12-03T05:17:13.827+0000] {processor.py:743} INFO - Processing file /home/airflow/.local/lib/python3.7/site-packages/airflow/example_dags/example_trigger_target_dag.py for tasks to queue
[2022-12-03T05:17:13.828+0000] {logging_mixin.py:137} INFO - [2022-12-03T05:17:13.828+0000] {dagbag.py:538} INFO - Filling up the DagBag from /home/airflow/.local/lib/python3.7/site-packages/airflow/example_dags/example_trigger_target_dag.py
[2022-12-03T05:17:13.843+0000] {processor.py:753} INFO - DAG(s) dict_keys(['example_trigger_target_dag']) retrieved from /home/airflow/.local/lib/python3.7/site-packages/airflow/example_dags/example_trigger_target_dag.py
[2022-12-03T05:17:13.869+0000] {logging_mixin.py:137} INFO - [2022-12-03T05:17:13.869+0000] {dag.py:2676} INFO - Sync 1 DAGs
[2022-12-03T05:17:13.885+0000] {logging_mixin.py:137} INFO - [2022-12-03T05:17:13.885+0000] {dag.py:3427} INFO - Setting next_dagrun for example_trigger_target_dag to None, run_after=None
[2022-12-03T05:17:13.900+0000] {processor.py:175} INFO - Processing /home/airflow/.local/lib/python3.7/site-packages/airflow/example_dags/example_trigger_target_dag.py took 0.078 seconds
[2022-12-03T05:17:44.553+0000] {processor.py:153} INFO - Started process (PID=3984) to work on /home/airflow/.local/lib/python3.7/site-packages/airflow/example_dags/example_trigger_target_dag.py
[2022-12-03T05:17:44.555+0000] {processor.py:743} INFO - Processing file /home/airflow/.local/lib/python3.7/site-packages/airflow/example_dags/example_trigger_target_dag.py for tasks to queue
[2022-12-03T05:17:44.557+0000] {logging_mixin.py:137} INFO - [2022-12-03T05:17:44.557+0000] {dagbag.py:538} INFO - Filling up the DagBag from /home/airflow/.local/lib/python3.7/site-packages/airflow/example_dags/example_trigger_target_dag.py
[2022-12-03T05:17:44.587+0000] {processor.py:753} INFO - DAG(s) dict_keys(['example_trigger_target_dag']) retrieved from /home/airflow/.local/lib/python3.7/site-packages/airflow/example_dags/example_trigger_target_dag.py
[2022-12-03T05:17:44.643+0000] {logging_mixin.py:137} INFO - [2022-12-03T05:17:44.643+0000] {dag.py:2676} INFO - Sync 1 DAGs
[2022-12-03T05:17:44.664+0000] {logging_mixin.py:137} INFO - [2022-12-03T05:17:44.663+0000] {dag.py:3427} INFO - Setting next_dagrun for example_trigger_target_dag to None, run_after=None
[2022-12-03T05:17:44.678+0000] {processor.py:175} INFO - Processing /home/airflow/.local/lib/python3.7/site-packages/airflow/example_dags/example_trigger_target_dag.py took 0.128 seconds
[2022-12-03T05:18:55.941+0000] {processor.py:153} INFO - Started process (PID=252) to work on /home/airflow/.local/lib/python3.7/site-packages/airflow/example_dags/example_trigger_target_dag.py
[2022-12-03T05:18:55.943+0000] {processor.py:743} INFO - Processing file /home/airflow/.local/lib/python3.7/site-packages/airflow/example_dags/example_trigger_target_dag.py for tasks to queue
[2022-12-03T05:18:55.955+0000] {logging_mixin.py:137} INFO - [2022-12-03T05:18:55.955+0000] {dagbag.py:538} INFO - Filling up the DagBag from /home/airflow/.local/lib/python3.7/site-packages/airflow/example_dags/example_trigger_target_dag.py
[2022-12-03T05:18:55.973+0000] {processor.py:753} INFO - DAG(s) dict_keys(['example_trigger_target_dag']) retrieved from /home/airflow/.local/lib/python3.7/site-packages/airflow/example_dags/example_trigger_target_dag.py
[2022-12-03T05:18:56.002+0000] {logging_mixin.py:137} INFO - [2022-12-03T05:18:56.002+0000] {dag.py:2676} INFO - Sync 1 DAGs
[2022-12-03T05:18:56.023+0000] {logging_mixin.py:137} INFO - [2022-12-03T05:18:56.023+0000] {dag.py:3427} INFO - Setting next_dagrun for example_trigger_target_dag to None, run_after=None
[2022-12-03T05:18:56.037+0000] {processor.py:175} INFO - Processing /home/airflow/.local/lib/python3.7/site-packages/airflow/example_dags/example_trigger_target_dag.py took 0.100 seconds
[2022-12-03T05:19:26.296+0000] {processor.py:153} INFO - Started process (PID=467) to work on /home/airflow/.local/lib/python3.7/site-packages/airflow/example_dags/example_trigger_target_dag.py
[2022-12-03T05:19:26.298+0000] {processor.py:743} INFO - Processing file /home/airflow/.local/lib/python3.7/site-packages/airflow/example_dags/example_trigger_target_dag.py for tasks to queue
[2022-12-03T05:19:26.299+0000] {logging_mixin.py:137} INFO - [2022-12-03T05:19:26.299+0000] {dagbag.py:538} INFO - Filling up the DagBag from /home/airflow/.local/lib/python3.7/site-packages/airflow/example_dags/example_trigger_target_dag.py
[2022-12-03T05:19:26.315+0000] {processor.py:753} INFO - DAG(s) dict_keys(['example_trigger_target_dag']) retrieved from /home/airflow/.local/lib/python3.7/site-packages/airflow/example_dags/example_trigger_target_dag.py
[2022-12-03T05:19:26.342+0000] {logging_mixin.py:137} INFO - [2022-12-03T05:19:26.342+0000] {dag.py:2676} INFO - Sync 1 DAGs
[2022-12-03T05:19:26.360+0000] {logging_mixin.py:137} INFO - [2022-12-03T05:19:26.360+0000] {dag.py:3427} INFO - Setting next_dagrun for example_trigger_target_dag to None, run_after=None
[2022-12-03T05:19:26.372+0000] {processor.py:175} INFO - Processing /home/airflow/.local/lib/python3.7/site-packages/airflow/example_dags/example_trigger_target_dag.py took 0.078 seconds
[2022-12-03T05:19:57.304+0000] {processor.py:153} INFO - Started process (PID=692) to work on /home/airflow/.local/lib/python3.7/site-packages/airflow/example_dags/example_trigger_target_dag.py
[2022-12-03T05:19:57.306+0000] {processor.py:743} INFO - Processing file /home/airflow/.local/lib/python3.7/site-packages/airflow/example_dags/example_trigger_target_dag.py for tasks to queue
[2022-12-03T05:19:57.308+0000] {logging_mixin.py:137} INFO - [2022-12-03T05:19:57.308+0000] {dagbag.py:538} INFO - Filling up the DagBag from /home/airflow/.local/lib/python3.7/site-packages/airflow/example_dags/example_trigger_target_dag.py
[2022-12-03T05:19:57.324+0000] {processor.py:753} INFO - DAG(s) dict_keys(['example_trigger_target_dag']) retrieved from /home/airflow/.local/lib/python3.7/site-packages/airflow/example_dags/example_trigger_target_dag.py
[2022-12-03T05:19:57.352+0000] {logging_mixin.py:137} INFO - [2022-12-03T05:19:57.352+0000] {dag.py:2676} INFO - Sync 1 DAGs
[2022-12-03T05:19:57.370+0000] {logging_mixin.py:137} INFO - [2022-12-03T05:19:57.370+0000] {dag.py:3427} INFO - Setting next_dagrun for example_trigger_target_dag to None, run_after=None
[2022-12-03T05:19:57.391+0000] {processor.py:175} INFO - Processing /home/airflow/.local/lib/python3.7/site-packages/airflow/example_dags/example_trigger_target_dag.py took 0.090 seconds
