[2022-12-03T05:09:01.243+0000] {processor.py:153} INFO - Started process (PID=321) to work on /home/airflow/.local/lib/python3.7/site-packages/airflow/example_dags/example_branch_day_of_week_operator.py
[2022-12-03T05:09:01.261+0000] {processor.py:743} INFO - Processing file /home/airflow/.local/lib/python3.7/site-packages/airflow/example_dags/example_branch_day_of_week_operator.py for tasks to queue
[2022-12-03T05:09:01.276+0000] {logging_mixin.py:137} INFO - [2022-12-03T05:09:01.276+0000] {dagbag.py:538} INFO - Filling up the DagBag from /home/airflow/.local/lib/python3.7/site-packages/airflow/example_dags/example_branch_day_of_week_operator.py
[2022-12-03T05:09:01.295+0000] {processor.py:753} INFO - DAG(s) dict_keys(['example_weekday_branch_operator']) retrieved from /home/airflow/.local/lib/python3.7/site-packages/airflow/example_dags/example_branch_day_of_week_operator.py
[2022-12-03T05:09:01.319+0000] {logging_mixin.py:137} INFO - [2022-12-03T05:09:01.319+0000] {dag.py:2676} INFO - Sync 1 DAGs
[2022-12-03T05:09:01.355+0000] {logging_mixin.py:137} INFO - [2022-12-03T05:09:01.355+0000] {dag.py:3427} INFO - Setting next_dagrun for example_weekday_branch_operator to 2022-12-02T00:00:00+00:00, run_after=2022-12-03T00:00:00+00:00
[2022-12-03T05:09:01.371+0000] {processor.py:175} INFO - Processing /home/airflow/.local/lib/python3.7/site-packages/airflow/example_dags/example_branch_day_of_week_operator.py took 0.134 seconds
[2022-12-03T05:09:32.081+0000] {processor.py:153} INFO - Started process (PID=535) to work on /home/airflow/.local/lib/python3.7/site-packages/airflow/example_dags/example_branch_day_of_week_operator.py
[2022-12-03T05:09:32.083+0000] {processor.py:743} INFO - Processing file /home/airflow/.local/lib/python3.7/site-packages/airflow/example_dags/example_branch_day_of_week_operator.py for tasks to queue
[2022-12-03T05:09:32.084+0000] {logging_mixin.py:137} INFO - [2022-12-03T05:09:32.084+0000] {dagbag.py:538} INFO - Filling up the DagBag from /home/airflow/.local/lib/python3.7/site-packages/airflow/example_dags/example_branch_day_of_week_operator.py
[2022-12-03T05:09:32.099+0000] {processor.py:753} INFO - DAG(s) dict_keys(['example_weekday_branch_operator']) retrieved from /home/airflow/.local/lib/python3.7/site-packages/airflow/example_dags/example_branch_day_of_week_operator.py
[2022-12-03T05:09:32.129+0000] {logging_mixin.py:137} INFO - [2022-12-03T05:09:32.129+0000] {dag.py:2676} INFO - Sync 1 DAGs
[2022-12-03T05:09:32.155+0000] {logging_mixin.py:137} INFO - [2022-12-03T05:09:32.155+0000] {dag.py:3427} INFO - Setting next_dagrun for example_weekday_branch_operator to 2022-12-02T00:00:00+00:00, run_after=2022-12-03T00:00:00+00:00
[2022-12-03T05:09:32.174+0000] {processor.py:175} INFO - Processing /home/airflow/.local/lib/python3.7/site-packages/airflow/example_dags/example_branch_day_of_week_operator.py took 0.095 seconds
[2022-12-03T05:10:03.152+0000] {processor.py:153} INFO - Started process (PID=762) to work on /home/airflow/.local/lib/python3.7/site-packages/airflow/example_dags/example_branch_day_of_week_operator.py
[2022-12-03T05:10:03.154+0000] {processor.py:743} INFO - Processing file /home/airflow/.local/lib/python3.7/site-packages/airflow/example_dags/example_branch_day_of_week_operator.py for tasks to queue
[2022-12-03T05:10:03.155+0000] {logging_mixin.py:137} INFO - [2022-12-03T05:10:03.154+0000] {dagbag.py:538} INFO - Filling up the DagBag from /home/airflow/.local/lib/python3.7/site-packages/airflow/example_dags/example_branch_day_of_week_operator.py
[2022-12-03T05:10:03.169+0000] {processor.py:753} INFO - DAG(s) dict_keys(['example_weekday_branch_operator']) retrieved from /home/airflow/.local/lib/python3.7/site-packages/airflow/example_dags/example_branch_day_of_week_operator.py
[2022-12-03T05:10:03.196+0000] {logging_mixin.py:137} INFO - [2022-12-03T05:10:03.196+0000] {dag.py:2676} INFO - Sync 1 DAGs
[2022-12-03T05:10:03.211+0000] {logging_mixin.py:137} INFO - [2022-12-03T05:10:03.210+0000] {dag.py:3427} INFO - Setting next_dagrun for example_weekday_branch_operator to 2022-12-02T00:00:00+00:00, run_after=2022-12-03T00:00:00+00:00
[2022-12-03T05:10:03.222+0000] {processor.py:175} INFO - Processing /home/airflow/.local/lib/python3.7/site-packages/airflow/example_dags/example_branch_day_of_week_operator.py took 0.072 seconds
[2022-12-03T05:10:33.415+0000] {processor.py:153} INFO - Started process (PID=976) to work on /home/airflow/.local/lib/python3.7/site-packages/airflow/example_dags/example_branch_day_of_week_operator.py
[2022-12-03T05:10:33.420+0000] {processor.py:743} INFO - Processing file /home/airflow/.local/lib/python3.7/site-packages/airflow/example_dags/example_branch_day_of_week_operator.py for tasks to queue
[2022-12-03T05:10:33.423+0000] {logging_mixin.py:137} INFO - [2022-12-03T05:10:33.423+0000] {dagbag.py:538} INFO - Filling up the DagBag from /home/airflow/.local/lib/python3.7/site-packages/airflow/example_dags/example_branch_day_of_week_operator.py
[2022-12-03T05:10:33.455+0000] {processor.py:753} INFO - DAG(s) dict_keys(['example_weekday_branch_operator']) retrieved from /home/airflow/.local/lib/python3.7/site-packages/airflow/example_dags/example_branch_day_of_week_operator.py
[2022-12-03T05:10:33.558+0000] {logging_mixin.py:137} INFO - [2022-12-03T05:10:33.558+0000] {dag.py:2676} INFO - Sync 1 DAGs
[2022-12-03T05:10:33.581+0000] {logging_mixin.py:137} INFO - [2022-12-03T05:10:33.581+0000] {dag.py:3427} INFO - Setting next_dagrun for example_weekday_branch_operator to 2022-12-02T00:00:00+00:00, run_after=2022-12-03T00:00:00+00:00
[2022-12-03T05:10:33.594+0000] {processor.py:175} INFO - Processing /home/airflow/.local/lib/python3.7/site-packages/airflow/example_dags/example_branch_day_of_week_operator.py took 0.183 seconds
[2022-12-03T05:11:04.044+0000] {processor.py:153} INFO - Started process (PID=1199) to work on /home/airflow/.local/lib/python3.7/site-packages/airflow/example_dags/example_branch_day_of_week_operator.py
[2022-12-03T05:11:04.045+0000] {processor.py:743} INFO - Processing file /home/airflow/.local/lib/python3.7/site-packages/airflow/example_dags/example_branch_day_of_week_operator.py for tasks to queue
[2022-12-03T05:11:04.047+0000] {logging_mixin.py:137} INFO - [2022-12-03T05:11:04.047+0000] {dagbag.py:538} INFO - Filling up the DagBag from /home/airflow/.local/lib/python3.7/site-packages/airflow/example_dags/example_branch_day_of_week_operator.py
[2022-12-03T05:11:04.057+0000] {processor.py:753} INFO - DAG(s) dict_keys(['example_weekday_branch_operator']) retrieved from /home/airflow/.local/lib/python3.7/site-packages/airflow/example_dags/example_branch_day_of_week_operator.py
[2022-12-03T05:11:04.092+0000] {logging_mixin.py:137} INFO - [2022-12-03T05:11:04.092+0000] {dag.py:2676} INFO - Sync 1 DAGs
[2022-12-03T05:11:04.113+0000] {logging_mixin.py:137} INFO - [2022-12-03T05:11:04.113+0000] {dag.py:3427} INFO - Setting next_dagrun for example_weekday_branch_operator to 2022-12-02T00:00:00+00:00, run_after=2022-12-03T00:00:00+00:00
[2022-12-03T05:11:04.131+0000] {processor.py:175} INFO - Processing /home/airflow/.local/lib/python3.7/site-packages/airflow/example_dags/example_branch_day_of_week_operator.py took 0.090 seconds
[2022-12-03T05:11:34.925+0000] {processor.py:153} INFO - Started process (PID=1413) to work on /home/airflow/.local/lib/python3.7/site-packages/airflow/example_dags/example_branch_day_of_week_operator.py
[2022-12-03T05:11:34.927+0000] {processor.py:743} INFO - Processing file /home/airflow/.local/lib/python3.7/site-packages/airflow/example_dags/example_branch_day_of_week_operator.py for tasks to queue
[2022-12-03T05:11:34.928+0000] {logging_mixin.py:137} INFO - [2022-12-03T05:11:34.928+0000] {dagbag.py:538} INFO - Filling up the DagBag from /home/airflow/.local/lib/python3.7/site-packages/airflow/example_dags/example_branch_day_of_week_operator.py
[2022-12-03T05:11:34.938+0000] {processor.py:753} INFO - DAG(s) dict_keys(['example_weekday_branch_operator']) retrieved from /home/airflow/.local/lib/python3.7/site-packages/airflow/example_dags/example_branch_day_of_week_operator.py
[2022-12-03T05:11:34.978+0000] {logging_mixin.py:137} INFO - [2022-12-03T05:11:34.978+0000] {dag.py:2676} INFO - Sync 1 DAGs
[2022-12-03T05:11:34.999+0000] {logging_mixin.py:137} INFO - [2022-12-03T05:11:34.999+0000] {dag.py:3427} INFO - Setting next_dagrun for example_weekday_branch_operator to 2022-12-02T00:00:00+00:00, run_after=2022-12-03T00:00:00+00:00
[2022-12-03T05:11:35.013+0000] {processor.py:175} INFO - Processing /home/airflow/.local/lib/python3.7/site-packages/airflow/example_dags/example_branch_day_of_week_operator.py took 0.089 seconds
[2022-12-03T05:12:05.533+0000] {processor.py:153} INFO - Started process (PID=1641) to work on /home/airflow/.local/lib/python3.7/site-packages/airflow/example_dags/example_branch_day_of_week_operator.py
[2022-12-03T05:12:05.534+0000] {processor.py:743} INFO - Processing file /home/airflow/.local/lib/python3.7/site-packages/airflow/example_dags/example_branch_day_of_week_operator.py for tasks to queue
[2022-12-03T05:12:05.535+0000] {logging_mixin.py:137} INFO - [2022-12-03T05:12:05.535+0000] {dagbag.py:538} INFO - Filling up the DagBag from /home/airflow/.local/lib/python3.7/site-packages/airflow/example_dags/example_branch_day_of_week_operator.py
[2022-12-03T05:12:05.545+0000] {processor.py:753} INFO - DAG(s) dict_keys(['example_weekday_branch_operator']) retrieved from /home/airflow/.local/lib/python3.7/site-packages/airflow/example_dags/example_branch_day_of_week_operator.py
[2022-12-03T05:12:05.569+0000] {logging_mixin.py:137} INFO - [2022-12-03T05:12:05.569+0000] {dag.py:2676} INFO - Sync 1 DAGs
[2022-12-03T05:12:05.587+0000] {logging_mixin.py:137} INFO - [2022-12-03T05:12:05.587+0000] {dag.py:3427} INFO - Setting next_dagrun for example_weekday_branch_operator to 2022-12-02T00:00:00+00:00, run_after=2022-12-03T00:00:00+00:00
[2022-12-03T05:12:05.599+0000] {processor.py:175} INFO - Processing /home/airflow/.local/lib/python3.7/site-packages/airflow/example_dags/example_branch_day_of_week_operator.py took 0.068 seconds
[2022-12-03T05:12:39.503+0000] {processor.py:153} INFO - Started process (PID=1863) to work on /home/airflow/.local/lib/python3.7/site-packages/airflow/example_dags/example_branch_day_of_week_operator.py
[2022-12-03T05:12:39.509+0000] {processor.py:743} INFO - Processing file /home/airflow/.local/lib/python3.7/site-packages/airflow/example_dags/example_branch_day_of_week_operator.py for tasks to queue
[2022-12-03T05:12:39.512+0000] {logging_mixin.py:137} INFO - [2022-12-03T05:12:39.512+0000] {dagbag.py:538} INFO - Filling up the DagBag from /home/airflow/.local/lib/python3.7/site-packages/airflow/example_dags/example_branch_day_of_week_operator.py
[2022-12-03T05:12:39.575+0000] {processor.py:753} INFO - DAG(s) dict_keys(['example_weekday_branch_operator']) retrieved from /home/airflow/.local/lib/python3.7/site-packages/airflow/example_dags/example_branch_day_of_week_operator.py
[2022-12-03T05:12:39.715+0000] {logging_mixin.py:137} INFO - [2022-12-03T05:12:39.715+0000] {dag.py:2676} INFO - Sync 1 DAGs
[2022-12-03T05:12:39.759+0000] {logging_mixin.py:137} INFO - [2022-12-03T05:12:39.759+0000] {dag.py:3427} INFO - Setting next_dagrun for example_weekday_branch_operator to 2022-12-02T00:00:00+00:00, run_after=2022-12-03T00:00:00+00:00
[2022-12-03T05:12:39.823+0000] {processor.py:175} INFO - Processing /home/airflow/.local/lib/python3.7/site-packages/airflow/example_dags/example_branch_day_of_week_operator.py took 0.333 seconds
[2022-12-03T05:13:10.366+0000] {processor.py:153} INFO - Started process (PID=2083) to work on /home/airflow/.local/lib/python3.7/site-packages/airflow/example_dags/example_branch_day_of_week_operator.py
[2022-12-03T05:13:10.368+0000] {processor.py:743} INFO - Processing file /home/airflow/.local/lib/python3.7/site-packages/airflow/example_dags/example_branch_day_of_week_operator.py for tasks to queue
[2022-12-03T05:13:10.369+0000] {logging_mixin.py:137} INFO - [2022-12-03T05:13:10.369+0000] {dagbag.py:538} INFO - Filling up the DagBag from /home/airflow/.local/lib/python3.7/site-packages/airflow/example_dags/example_branch_day_of_week_operator.py
[2022-12-03T05:13:10.379+0000] {processor.py:753} INFO - DAG(s) dict_keys(['example_weekday_branch_operator']) retrieved from /home/airflow/.local/lib/python3.7/site-packages/airflow/example_dags/example_branch_day_of_week_operator.py
[2022-12-03T05:13:10.405+0000] {logging_mixin.py:137} INFO - [2022-12-03T05:13:10.404+0000] {dag.py:2676} INFO - Sync 1 DAGs
[2022-12-03T05:13:10.420+0000] {logging_mixin.py:137} INFO - [2022-12-03T05:13:10.420+0000] {dag.py:3427} INFO - Setting next_dagrun for example_weekday_branch_operator to 2022-12-02T00:00:00+00:00, run_after=2022-12-03T00:00:00+00:00
[2022-12-03T05:13:10.431+0000] {processor.py:175} INFO - Processing /home/airflow/.local/lib/python3.7/site-packages/airflow/example_dags/example_branch_day_of_week_operator.py took 0.068 seconds
[2022-12-03T05:13:41.126+0000] {processor.py:153} INFO - Started process (PID=2297) to work on /home/airflow/.local/lib/python3.7/site-packages/airflow/example_dags/example_branch_day_of_week_operator.py
[2022-12-03T05:13:41.128+0000] {processor.py:743} INFO - Processing file /home/airflow/.local/lib/python3.7/site-packages/airflow/example_dags/example_branch_day_of_week_operator.py for tasks to queue
[2022-12-03T05:13:41.129+0000] {logging_mixin.py:137} INFO - [2022-12-03T05:13:41.129+0000] {dagbag.py:538} INFO - Filling up the DagBag from /home/airflow/.local/lib/python3.7/site-packages/airflow/example_dags/example_branch_day_of_week_operator.py
[2022-12-03T05:13:41.141+0000] {processor.py:753} INFO - DAG(s) dict_keys(['example_weekday_branch_operator']) retrieved from /home/airflow/.local/lib/python3.7/site-packages/airflow/example_dags/example_branch_day_of_week_operator.py
[2022-12-03T05:13:41.165+0000] {logging_mixin.py:137} INFO - [2022-12-03T05:13:41.165+0000] {dag.py:2676} INFO - Sync 1 DAGs
[2022-12-03T05:13:41.181+0000] {logging_mixin.py:137} INFO - [2022-12-03T05:13:41.181+0000] {dag.py:3427} INFO - Setting next_dagrun for example_weekday_branch_operator to 2022-12-02T00:00:00+00:00, run_after=2022-12-03T00:00:00+00:00
[2022-12-03T05:13:41.192+0000] {processor.py:175} INFO - Processing /home/airflow/.local/lib/python3.7/site-packages/airflow/example_dags/example_branch_day_of_week_operator.py took 0.069 seconds
[2022-12-03T05:14:12.140+0000] {processor.py:153} INFO - Started process (PID=2523) to work on /home/airflow/.local/lib/python3.7/site-packages/airflow/example_dags/example_branch_day_of_week_operator.py
[2022-12-03T05:14:12.143+0000] {processor.py:743} INFO - Processing file /home/airflow/.local/lib/python3.7/site-packages/airflow/example_dags/example_branch_day_of_week_operator.py for tasks to queue
[2022-12-03T05:14:12.144+0000] {logging_mixin.py:137} INFO - [2022-12-03T05:14:12.144+0000] {dagbag.py:538} INFO - Filling up the DagBag from /home/airflow/.local/lib/python3.7/site-packages/airflow/example_dags/example_branch_day_of_week_operator.py
[2022-12-03T05:14:12.158+0000] {processor.py:753} INFO - DAG(s) dict_keys(['example_weekday_branch_operator']) retrieved from /home/airflow/.local/lib/python3.7/site-packages/airflow/example_dags/example_branch_day_of_week_operator.py
[2022-12-03T05:14:12.195+0000] {logging_mixin.py:137} INFO - [2022-12-03T05:14:12.195+0000] {dag.py:2676} INFO - Sync 1 DAGs
[2022-12-03T05:14:12.216+0000] {logging_mixin.py:137} INFO - [2022-12-03T05:14:12.216+0000] {dag.py:3427} INFO - Setting next_dagrun for example_weekday_branch_operator to 2022-12-02T00:00:00+00:00, run_after=2022-12-03T00:00:00+00:00
[2022-12-03T05:14:12.229+0000] {processor.py:175} INFO - Processing /home/airflow/.local/lib/python3.7/site-packages/airflow/example_dags/example_branch_day_of_week_operator.py took 0.092 seconds
[2022-12-03T05:14:42.530+0000] {processor.py:153} INFO - Started process (PID=2736) to work on /home/airflow/.local/lib/python3.7/site-packages/airflow/example_dags/example_branch_day_of_week_operator.py
[2022-12-03T05:14:42.534+0000] {processor.py:743} INFO - Processing file /home/airflow/.local/lib/python3.7/site-packages/airflow/example_dags/example_branch_day_of_week_operator.py for tasks to queue
[2022-12-03T05:14:42.535+0000] {logging_mixin.py:137} INFO - [2022-12-03T05:14:42.535+0000] {dagbag.py:538} INFO - Filling up the DagBag from /home/airflow/.local/lib/python3.7/site-packages/airflow/example_dags/example_branch_day_of_week_operator.py
[2022-12-03T05:14:42.546+0000] {processor.py:753} INFO - DAG(s) dict_keys(['example_weekday_branch_operator']) retrieved from /home/airflow/.local/lib/python3.7/site-packages/airflow/example_dags/example_branch_day_of_week_operator.py
[2022-12-03T05:14:42.583+0000] {logging_mixin.py:137} INFO - [2022-12-03T05:14:42.583+0000] {dag.py:2676} INFO - Sync 1 DAGs
[2022-12-03T05:14:42.600+0000] {logging_mixin.py:137} INFO - [2022-12-03T05:14:42.599+0000] {dag.py:3427} INFO - Setting next_dagrun for example_weekday_branch_operator to 2022-12-02T00:00:00+00:00, run_after=2022-12-03T00:00:00+00:00
[2022-12-03T05:14:42.612+0000] {processor.py:175} INFO - Processing /home/airflow/.local/lib/python3.7/site-packages/airflow/example_dags/example_branch_day_of_week_operator.py took 0.084 seconds
[2022-12-03T05:15:13.535+0000] {processor.py:153} INFO - Started process (PID=2961) to work on /home/airflow/.local/lib/python3.7/site-packages/airflow/example_dags/example_branch_day_of_week_operator.py
[2022-12-03T05:15:13.537+0000] {processor.py:743} INFO - Processing file /home/airflow/.local/lib/python3.7/site-packages/airflow/example_dags/example_branch_day_of_week_operator.py for tasks to queue
[2022-12-03T05:15:13.539+0000] {logging_mixin.py:137} INFO - [2022-12-03T05:15:13.539+0000] {dagbag.py:538} INFO - Filling up the DagBag from /home/airflow/.local/lib/python3.7/site-packages/airflow/example_dags/example_branch_day_of_week_operator.py
[2022-12-03T05:15:13.554+0000] {processor.py:753} INFO - DAG(s) dict_keys(['example_weekday_branch_operator']) retrieved from /home/airflow/.local/lib/python3.7/site-packages/airflow/example_dags/example_branch_day_of_week_operator.py
[2022-12-03T05:15:13.587+0000] {logging_mixin.py:137} INFO - [2022-12-03T05:15:13.586+0000] {dag.py:2676} INFO - Sync 1 DAGs
[2022-12-03T05:15:13.606+0000] {logging_mixin.py:137} INFO - [2022-12-03T05:15:13.606+0000] {dag.py:3427} INFO - Setting next_dagrun for example_weekday_branch_operator to 2022-12-02T00:00:00+00:00, run_after=2022-12-03T00:00:00+00:00
[2022-12-03T05:15:13.621+0000] {processor.py:175} INFO - Processing /home/airflow/.local/lib/python3.7/site-packages/airflow/example_dags/example_branch_day_of_week_operator.py took 0.089 seconds
[2022-12-03T05:15:43.887+0000] {processor.py:153} INFO - Started process (PID=3178) to work on /home/airflow/.local/lib/python3.7/site-packages/airflow/example_dags/example_branch_day_of_week_operator.py
[2022-12-03T05:15:43.888+0000] {processor.py:743} INFO - Processing file /home/airflow/.local/lib/python3.7/site-packages/airflow/example_dags/example_branch_day_of_week_operator.py for tasks to queue
[2022-12-03T05:15:43.889+0000] {logging_mixin.py:137} INFO - [2022-12-03T05:15:43.889+0000] {dagbag.py:538} INFO - Filling up the DagBag from /home/airflow/.local/lib/python3.7/site-packages/airflow/example_dags/example_branch_day_of_week_operator.py
[2022-12-03T05:15:43.899+0000] {processor.py:753} INFO - DAG(s) dict_keys(['example_weekday_branch_operator']) retrieved from /home/airflow/.local/lib/python3.7/site-packages/airflow/example_dags/example_branch_day_of_week_operator.py
[2022-12-03T05:15:43.923+0000] {logging_mixin.py:137} INFO - [2022-12-03T05:15:43.923+0000] {dag.py:2676} INFO - Sync 1 DAGs
[2022-12-03T05:15:43.947+0000] {logging_mixin.py:137} INFO - [2022-12-03T05:15:43.946+0000] {dag.py:3427} INFO - Setting next_dagrun for example_weekday_branch_operator to 2022-12-02T00:00:00+00:00, run_after=2022-12-03T00:00:00+00:00
[2022-12-03T05:15:43.961+0000] {processor.py:175} INFO - Processing /home/airflow/.local/lib/python3.7/site-packages/airflow/example_dags/example_branch_day_of_week_operator.py took 0.076 seconds
[2022-12-03T05:16:14.276+0000] {processor.py:153} INFO - Started process (PID=3403) to work on /home/airflow/.local/lib/python3.7/site-packages/airflow/example_dags/example_branch_day_of_week_operator.py
[2022-12-03T05:16:14.278+0000] {processor.py:743} INFO - Processing file /home/airflow/.local/lib/python3.7/site-packages/airflow/example_dags/example_branch_day_of_week_operator.py for tasks to queue
[2022-12-03T05:16:14.281+0000] {logging_mixin.py:137} INFO - [2022-12-03T05:16:14.280+0000] {dagbag.py:538} INFO - Filling up the DagBag from /home/airflow/.local/lib/python3.7/site-packages/airflow/example_dags/example_branch_day_of_week_operator.py
[2022-12-03T05:16:14.292+0000] {processor.py:753} INFO - DAG(s) dict_keys(['example_weekday_branch_operator']) retrieved from /home/airflow/.local/lib/python3.7/site-packages/airflow/example_dags/example_branch_day_of_week_operator.py
[2022-12-03T05:16:14.322+0000] {logging_mixin.py:137} INFO - [2022-12-03T05:16:14.322+0000] {dag.py:2676} INFO - Sync 1 DAGs
[2022-12-03T05:16:14.339+0000] {logging_mixin.py:137} INFO - [2022-12-03T05:16:14.339+0000] {dag.py:3427} INFO - Setting next_dagrun for example_weekday_branch_operator to 2022-12-02T00:00:00+00:00, run_after=2022-12-03T00:00:00+00:00
[2022-12-03T05:16:14.353+0000] {processor.py:175} INFO - Processing /home/airflow/.local/lib/python3.7/site-packages/airflow/example_dags/example_branch_day_of_week_operator.py took 0.079 seconds
[2022-12-03T05:16:44.615+0000] {processor.py:153} INFO - Started process (PID=3616) to work on /home/airflow/.local/lib/python3.7/site-packages/airflow/example_dags/example_branch_day_of_week_operator.py
[2022-12-03T05:16:44.616+0000] {processor.py:743} INFO - Processing file /home/airflow/.local/lib/python3.7/site-packages/airflow/example_dags/example_branch_day_of_week_operator.py for tasks to queue
[2022-12-03T05:16:44.617+0000] {logging_mixin.py:137} INFO - [2022-12-03T05:16:44.617+0000] {dagbag.py:538} INFO - Filling up the DagBag from /home/airflow/.local/lib/python3.7/site-packages/airflow/example_dags/example_branch_day_of_week_operator.py
[2022-12-03T05:16:44.631+0000] {processor.py:753} INFO - DAG(s) dict_keys(['example_weekday_branch_operator']) retrieved from /home/airflow/.local/lib/python3.7/site-packages/airflow/example_dags/example_branch_day_of_week_operator.py
[2022-12-03T05:16:44.656+0000] {logging_mixin.py:137} INFO - [2022-12-03T05:16:44.656+0000] {dag.py:2676} INFO - Sync 1 DAGs
[2022-12-03T05:16:44.672+0000] {logging_mixin.py:137} INFO - [2022-12-03T05:16:44.672+0000] {dag.py:3427} INFO - Setting next_dagrun for example_weekday_branch_operator to 2022-12-02T00:00:00+00:00, run_after=2022-12-03T00:00:00+00:00
[2022-12-03T05:16:44.693+0000] {processor.py:175} INFO - Processing /home/airflow/.local/lib/python3.7/site-packages/airflow/example_dags/example_branch_day_of_week_operator.py took 0.081 seconds
[2022-12-03T05:17:14.996+0000] {processor.py:153} INFO - Started process (PID=3842) to work on /home/airflow/.local/lib/python3.7/site-packages/airflow/example_dags/example_branch_day_of_week_operator.py
[2022-12-03T05:17:14.999+0000] {processor.py:743} INFO - Processing file /home/airflow/.local/lib/python3.7/site-packages/airflow/example_dags/example_branch_day_of_week_operator.py for tasks to queue
[2022-12-03T05:17:15.000+0000] {logging_mixin.py:137} INFO - [2022-12-03T05:17:15.000+0000] {dagbag.py:538} INFO - Filling up the DagBag from /home/airflow/.local/lib/python3.7/site-packages/airflow/example_dags/example_branch_day_of_week_operator.py
[2022-12-03T05:17:15.018+0000] {processor.py:753} INFO - DAG(s) dict_keys(['example_weekday_branch_operator']) retrieved from /home/airflow/.local/lib/python3.7/site-packages/airflow/example_dags/example_branch_day_of_week_operator.py
[2022-12-03T05:17:15.044+0000] {logging_mixin.py:137} INFO - [2022-12-03T05:17:15.044+0000] {dag.py:2676} INFO - Sync 1 DAGs
[2022-12-03T05:17:15.059+0000] {logging_mixin.py:137} INFO - [2022-12-03T05:17:15.059+0000] {dag.py:3427} INFO - Setting next_dagrun for example_weekday_branch_operator to 2022-12-02T00:00:00+00:00, run_after=2022-12-03T00:00:00+00:00
[2022-12-03T05:17:15.072+0000] {processor.py:175} INFO - Processing /home/airflow/.local/lib/python3.7/site-packages/airflow/example_dags/example_branch_day_of_week_operator.py took 0.079 seconds
[2022-12-03T05:17:45.575+0000] {processor.py:153} INFO - Started process (PID=4054) to work on /home/airflow/.local/lib/python3.7/site-packages/airflow/example_dags/example_branch_day_of_week_operator.py
[2022-12-03T05:17:45.577+0000] {processor.py:743} INFO - Processing file /home/airflow/.local/lib/python3.7/site-packages/airflow/example_dags/example_branch_day_of_week_operator.py for tasks to queue
[2022-12-03T05:17:45.578+0000] {logging_mixin.py:137} INFO - [2022-12-03T05:17:45.578+0000] {dagbag.py:538} INFO - Filling up the DagBag from /home/airflow/.local/lib/python3.7/site-packages/airflow/example_dags/example_branch_day_of_week_operator.py
[2022-12-03T05:17:45.590+0000] {processor.py:753} INFO - DAG(s) dict_keys(['example_weekday_branch_operator']) retrieved from /home/airflow/.local/lib/python3.7/site-packages/airflow/example_dags/example_branch_day_of_week_operator.py
[2022-12-03T05:17:45.621+0000] {logging_mixin.py:137} INFO - [2022-12-03T05:17:45.621+0000] {dag.py:2676} INFO - Sync 1 DAGs
[2022-12-03T05:17:45.645+0000] {logging_mixin.py:137} INFO - [2022-12-03T05:17:45.645+0000] {dag.py:3427} INFO - Setting next_dagrun for example_weekday_branch_operator to 2022-12-02T00:00:00+00:00, run_after=2022-12-03T00:00:00+00:00
[2022-12-03T05:17:45.671+0000] {processor.py:175} INFO - Processing /home/airflow/.local/lib/python3.7/site-packages/airflow/example_dags/example_branch_day_of_week_operator.py took 0.099 seconds
[2022-12-03T05:18:57.033+0000] {processor.py:153} INFO - Started process (PID=320) to work on /home/airflow/.local/lib/python3.7/site-packages/airflow/example_dags/example_branch_day_of_week_operator.py
[2022-12-03T05:18:57.034+0000] {processor.py:743} INFO - Processing file /home/airflow/.local/lib/python3.7/site-packages/airflow/example_dags/example_branch_day_of_week_operator.py for tasks to queue
[2022-12-03T05:18:57.035+0000] {logging_mixin.py:137} INFO - [2022-12-03T05:18:57.035+0000] {dagbag.py:538} INFO - Filling up the DagBag from /home/airflow/.local/lib/python3.7/site-packages/airflow/example_dags/example_branch_day_of_week_operator.py
[2022-12-03T05:18:57.050+0000] {processor.py:753} INFO - DAG(s) dict_keys(['example_weekday_branch_operator']) retrieved from /home/airflow/.local/lib/python3.7/site-packages/airflow/example_dags/example_branch_day_of_week_operator.py
[2022-12-03T05:18:57.069+0000] {logging_mixin.py:137} INFO - [2022-12-03T05:18:57.069+0000] {dag.py:2676} INFO - Sync 1 DAGs
[2022-12-03T05:18:57.092+0000] {logging_mixin.py:137} INFO - [2022-12-03T05:18:57.092+0000] {dag.py:3427} INFO - Setting next_dagrun for example_weekday_branch_operator to 2022-12-02T00:00:00+00:00, run_after=2022-12-03T00:00:00+00:00
[2022-12-03T05:18:57.108+0000] {processor.py:175} INFO - Processing /home/airflow/.local/lib/python3.7/site-packages/airflow/example_dags/example_branch_day_of_week_operator.py took 0.078 seconds
[2022-12-03T05:19:27.238+0000] {processor.py:153} INFO - Started process (PID=535) to work on /home/airflow/.local/lib/python3.7/site-packages/airflow/example_dags/example_branch_day_of_week_operator.py
[2022-12-03T05:19:27.266+0000] {processor.py:743} INFO - Processing file /home/airflow/.local/lib/python3.7/site-packages/airflow/example_dags/example_branch_day_of_week_operator.py for tasks to queue
[2022-12-03T05:19:27.268+0000] {logging_mixin.py:137} INFO - [2022-12-03T05:19:27.268+0000] {dagbag.py:538} INFO - Filling up the DagBag from /home/airflow/.local/lib/python3.7/site-packages/airflow/example_dags/example_branch_day_of_week_operator.py
[2022-12-03T05:19:27.280+0000] {processor.py:753} INFO - DAG(s) dict_keys(['example_weekday_branch_operator']) retrieved from /home/airflow/.local/lib/python3.7/site-packages/airflow/example_dags/example_branch_day_of_week_operator.py
[2022-12-03T05:19:27.310+0000] {logging_mixin.py:137} INFO - [2022-12-03T05:19:27.310+0000] {dag.py:2676} INFO - Sync 1 DAGs
[2022-12-03T05:19:27.331+0000] {logging_mixin.py:137} INFO - [2022-12-03T05:19:27.331+0000] {dag.py:3427} INFO - Setting next_dagrun for example_weekday_branch_operator to 2022-12-02T00:00:00+00:00, run_after=2022-12-03T00:00:00+00:00
[2022-12-03T05:19:27.354+0000] {processor.py:175} INFO - Processing /home/airflow/.local/lib/python3.7/site-packages/airflow/example_dags/example_branch_day_of_week_operator.py took 0.118 seconds
[2022-12-03T05:19:58.208+0000] {processor.py:153} INFO - Started process (PID=762) to work on /home/airflow/.local/lib/python3.7/site-packages/airflow/example_dags/example_branch_day_of_week_operator.py
[2022-12-03T05:19:58.210+0000] {processor.py:743} INFO - Processing file /home/airflow/.local/lib/python3.7/site-packages/airflow/example_dags/example_branch_day_of_week_operator.py for tasks to queue
[2022-12-03T05:19:58.211+0000] {logging_mixin.py:137} INFO - [2022-12-03T05:19:58.211+0000] {dagbag.py:538} INFO - Filling up the DagBag from /home/airflow/.local/lib/python3.7/site-packages/airflow/example_dags/example_branch_day_of_week_operator.py
[2022-12-03T05:19:58.226+0000] {processor.py:753} INFO - DAG(s) dict_keys(['example_weekday_branch_operator']) retrieved from /home/airflow/.local/lib/python3.7/site-packages/airflow/example_dags/example_branch_day_of_week_operator.py
[2022-12-03T05:19:58.252+0000] {logging_mixin.py:137} INFO - [2022-12-03T05:19:58.252+0000] {dag.py:2676} INFO - Sync 1 DAGs
[2022-12-03T05:19:58.270+0000] {logging_mixin.py:137} INFO - [2022-12-03T05:19:58.270+0000] {dag.py:3427} INFO - Setting next_dagrun for example_weekday_branch_operator to 2022-12-02T00:00:00+00:00, run_after=2022-12-03T00:00:00+00:00
[2022-12-03T05:19:58.289+0000] {processor.py:175} INFO - Processing /home/airflow/.local/lib/python3.7/site-packages/airflow/example_dags/example_branch_day_of_week_operator.py took 0.084 seconds
