[2022-12-03T05:09:00.540+0000] {processor.py:153} INFO - Started process (PID=291) to work on /home/airflow/.local/lib/python3.7/site-packages/airflow/example_dags/example_branch_operator.py
[2022-12-03T05:09:00.544+0000] {processor.py:743} INFO - Processing file /home/airflow/.local/lib/python3.7/site-packages/airflow/example_dags/example_branch_operator.py for tasks to queue
[2022-12-03T05:09:00.546+0000] {logging_mixin.py:137} INFO - [2022-12-03T05:09:00.546+0000] {dagbag.py:538} INFO - Filling up the DagBag from /home/airflow/.local/lib/python3.7/site-packages/airflow/example_dags/example_branch_operator.py
[2022-12-03T05:09:00.574+0000] {processor.py:753} INFO - DAG(s) dict_keys(['example_branch_operator']) retrieved from /home/airflow/.local/lib/python3.7/site-packages/airflow/example_dags/example_branch_operator.py
[2022-12-03T05:09:00.603+0000] {logging_mixin.py:137} INFO - [2022-12-03T05:09:00.603+0000] {dag.py:2676} INFO - Sync 1 DAGs
[2022-12-03T05:09:00.628+0000] {logging_mixin.py:137} INFO - [2022-12-03T05:09:00.627+0000] {dag.py:3427} INFO - Setting next_dagrun for example_branch_operator to 2022-12-02T00:00:00+00:00, run_after=2022-12-03T00:00:00+00:00
[2022-12-03T05:09:00.647+0000] {processor.py:175} INFO - Processing /home/airflow/.local/lib/python3.7/site-packages/airflow/example_dags/example_branch_operator.py took 0.110 seconds
[2022-12-03T05:09:31.424+0000] {processor.py:153} INFO - Started process (PID=505) to work on /home/airflow/.local/lib/python3.7/site-packages/airflow/example_dags/example_branch_operator.py
[2022-12-03T05:09:31.426+0000] {processor.py:743} INFO - Processing file /home/airflow/.local/lib/python3.7/site-packages/airflow/example_dags/example_branch_operator.py for tasks to queue
[2022-12-03T05:09:31.427+0000] {logging_mixin.py:137} INFO - [2022-12-03T05:09:31.427+0000] {dagbag.py:538} INFO - Filling up the DagBag from /home/airflow/.local/lib/python3.7/site-packages/airflow/example_dags/example_branch_operator.py
[2022-12-03T05:09:31.443+0000] {processor.py:753} INFO - DAG(s) dict_keys(['example_branch_operator']) retrieved from /home/airflow/.local/lib/python3.7/site-packages/airflow/example_dags/example_branch_operator.py
[2022-12-03T05:09:31.473+0000] {logging_mixin.py:137} INFO - [2022-12-03T05:09:31.472+0000] {dag.py:2676} INFO - Sync 1 DAGs
[2022-12-03T05:09:31.494+0000] {logging_mixin.py:137} INFO - [2022-12-03T05:09:31.494+0000] {dag.py:3427} INFO - Setting next_dagrun for example_branch_operator to 2022-12-02T00:00:00+00:00, run_after=2022-12-03T00:00:00+00:00
[2022-12-03T05:09:31.519+0000] {processor.py:175} INFO - Processing /home/airflow/.local/lib/python3.7/site-packages/airflow/example_dags/example_branch_operator.py took 0.096 seconds
[2022-12-03T05:10:02.397+0000] {processor.py:153} INFO - Started process (PID=730) to work on /home/airflow/.local/lib/python3.7/site-packages/airflow/example_dags/example_branch_operator.py
[2022-12-03T05:10:02.398+0000] {processor.py:743} INFO - Processing file /home/airflow/.local/lib/python3.7/site-packages/airflow/example_dags/example_branch_operator.py for tasks to queue
[2022-12-03T05:10:02.399+0000] {logging_mixin.py:137} INFO - [2022-12-03T05:10:02.399+0000] {dagbag.py:538} INFO - Filling up the DagBag from /home/airflow/.local/lib/python3.7/site-packages/airflow/example_dags/example_branch_operator.py
[2022-12-03T05:10:02.413+0000] {processor.py:753} INFO - DAG(s) dict_keys(['example_branch_operator']) retrieved from /home/airflow/.local/lib/python3.7/site-packages/airflow/example_dags/example_branch_operator.py
[2022-12-03T05:10:02.444+0000] {logging_mixin.py:137} INFO - [2022-12-03T05:10:02.444+0000] {dag.py:2676} INFO - Sync 1 DAGs
[2022-12-03T05:10:02.463+0000] {logging_mixin.py:137} INFO - [2022-12-03T05:10:02.462+0000] {dag.py:3427} INFO - Setting next_dagrun for example_branch_operator to 2022-12-02T00:00:00+00:00, run_after=2022-12-03T00:00:00+00:00
[2022-12-03T05:10:02.489+0000] {processor.py:175} INFO - Processing /home/airflow/.local/lib/python3.7/site-packages/airflow/example_dags/example_branch_operator.py took 0.094 seconds
[2022-12-03T05:10:32.712+0000] {processor.py:153} INFO - Started process (PID=944) to work on /home/airflow/.local/lib/python3.7/site-packages/airflow/example_dags/example_branch_operator.py
[2022-12-03T05:10:32.713+0000] {processor.py:743} INFO - Processing file /home/airflow/.local/lib/python3.7/site-packages/airflow/example_dags/example_branch_operator.py for tasks to queue
[2022-12-03T05:10:32.714+0000] {logging_mixin.py:137} INFO - [2022-12-03T05:10:32.714+0000] {dagbag.py:538} INFO - Filling up the DagBag from /home/airflow/.local/lib/python3.7/site-packages/airflow/example_dags/example_branch_operator.py
[2022-12-03T05:10:32.727+0000] {processor.py:753} INFO - DAG(s) dict_keys(['example_branch_operator']) retrieved from /home/airflow/.local/lib/python3.7/site-packages/airflow/example_dags/example_branch_operator.py
[2022-12-03T05:10:32.769+0000] {logging_mixin.py:137} INFO - [2022-12-03T05:10:32.769+0000] {dag.py:2676} INFO - Sync 1 DAGs
[2022-12-03T05:10:32.795+0000] {logging_mixin.py:137} INFO - [2022-12-03T05:10:32.795+0000] {dag.py:3427} INFO - Setting next_dagrun for example_branch_operator to 2022-12-02T00:00:00+00:00, run_after=2022-12-03T00:00:00+00:00
[2022-12-03T05:10:32.811+0000] {processor.py:175} INFO - Processing /home/airflow/.local/lib/python3.7/site-packages/airflow/example_dags/example_branch_operator.py took 0.102 seconds
[2022-12-03T05:11:03.563+0000] {processor.py:153} INFO - Started process (PID=1169) to work on /home/airflow/.local/lib/python3.7/site-packages/airflow/example_dags/example_branch_operator.py
[2022-12-03T05:11:03.566+0000] {processor.py:743} INFO - Processing file /home/airflow/.local/lib/python3.7/site-packages/airflow/example_dags/example_branch_operator.py for tasks to queue
[2022-12-03T05:11:03.567+0000] {logging_mixin.py:137} INFO - [2022-12-03T05:11:03.567+0000] {dagbag.py:538} INFO - Filling up the DagBag from /home/airflow/.local/lib/python3.7/site-packages/airflow/example_dags/example_branch_operator.py
[2022-12-03T05:11:03.578+0000] {processor.py:753} INFO - DAG(s) dict_keys(['example_branch_operator']) retrieved from /home/airflow/.local/lib/python3.7/site-packages/airflow/example_dags/example_branch_operator.py
[2022-12-03T05:11:03.609+0000] {logging_mixin.py:137} INFO - [2022-12-03T05:11:03.609+0000] {dag.py:2676} INFO - Sync 1 DAGs
[2022-12-03T05:11:03.628+0000] {logging_mixin.py:137} INFO - [2022-12-03T05:11:03.628+0000] {dag.py:3427} INFO - Setting next_dagrun for example_branch_operator to 2022-12-02T00:00:00+00:00, run_after=2022-12-03T00:00:00+00:00
[2022-12-03T05:11:03.642+0000] {processor.py:175} INFO - Processing /home/airflow/.local/lib/python3.7/site-packages/airflow/example_dags/example_branch_operator.py took 0.081 seconds
[2022-12-03T05:11:34.560+0000] {processor.py:153} INFO - Started process (PID=1383) to work on /home/airflow/.local/lib/python3.7/site-packages/airflow/example_dags/example_branch_operator.py
[2022-12-03T05:11:34.562+0000] {processor.py:743} INFO - Processing file /home/airflow/.local/lib/python3.7/site-packages/airflow/example_dags/example_branch_operator.py for tasks to queue
[2022-12-03T05:11:34.563+0000] {logging_mixin.py:137} INFO - [2022-12-03T05:11:34.563+0000] {dagbag.py:538} INFO - Filling up the DagBag from /home/airflow/.local/lib/python3.7/site-packages/airflow/example_dags/example_branch_operator.py
[2022-12-03T05:11:34.574+0000] {processor.py:753} INFO - DAG(s) dict_keys(['example_branch_operator']) retrieved from /home/airflow/.local/lib/python3.7/site-packages/airflow/example_dags/example_branch_operator.py
[2022-12-03T05:11:34.603+0000] {logging_mixin.py:137} INFO - [2022-12-03T05:11:34.603+0000] {dag.py:2676} INFO - Sync 1 DAGs
[2022-12-03T05:11:34.621+0000] {logging_mixin.py:137} INFO - [2022-12-03T05:11:34.621+0000] {dag.py:3427} INFO - Setting next_dagrun for example_branch_operator to 2022-12-02T00:00:00+00:00, run_after=2022-12-03T00:00:00+00:00
[2022-12-03T05:11:34.639+0000] {processor.py:175} INFO - Processing /home/airflow/.local/lib/python3.7/site-packages/airflow/example_dags/example_branch_operator.py took 0.081 seconds
[2022-12-03T05:12:05.087+0000] {processor.py:153} INFO - Started process (PID=1609) to work on /home/airflow/.local/lib/python3.7/site-packages/airflow/example_dags/example_branch_operator.py
[2022-12-03T05:12:05.088+0000] {processor.py:743} INFO - Processing file /home/airflow/.local/lib/python3.7/site-packages/airflow/example_dags/example_branch_operator.py for tasks to queue
[2022-12-03T05:12:05.089+0000] {logging_mixin.py:137} INFO - [2022-12-03T05:12:05.089+0000] {dagbag.py:538} INFO - Filling up the DagBag from /home/airflow/.local/lib/python3.7/site-packages/airflow/example_dags/example_branch_operator.py
[2022-12-03T05:12:05.100+0000] {processor.py:753} INFO - DAG(s) dict_keys(['example_branch_operator']) retrieved from /home/airflow/.local/lib/python3.7/site-packages/airflow/example_dags/example_branch_operator.py
[2022-12-03T05:12:05.127+0000] {logging_mixin.py:137} INFO - [2022-12-03T05:12:05.127+0000] {dag.py:2676} INFO - Sync 1 DAGs
[2022-12-03T05:12:05.143+0000] {logging_mixin.py:137} INFO - [2022-12-03T05:12:05.142+0000] {dag.py:3427} INFO - Setting next_dagrun for example_branch_operator to 2022-12-02T00:00:00+00:00, run_after=2022-12-03T00:00:00+00:00
[2022-12-03T05:12:05.158+0000] {processor.py:175} INFO - Processing /home/airflow/.local/lib/python3.7/site-packages/airflow/example_dags/example_branch_operator.py took 0.074 seconds
[2022-12-03T05:12:37.890+0000] {processor.py:153} INFO - Started process (PID=1824) to work on /home/airflow/.local/lib/python3.7/site-packages/airflow/example_dags/example_branch_operator.py
[2022-12-03T05:12:37.893+0000] {processor.py:743} INFO - Processing file /home/airflow/.local/lib/python3.7/site-packages/airflow/example_dags/example_branch_operator.py for tasks to queue
[2022-12-03T05:12:37.898+0000] {logging_mixin.py:137} INFO - [2022-12-03T05:12:37.898+0000] {dagbag.py:538} INFO - Filling up the DagBag from /home/airflow/.local/lib/python3.7/site-packages/airflow/example_dags/example_branch_operator.py
[2022-12-03T05:12:37.923+0000] {processor.py:753} INFO - DAG(s) dict_keys(['example_branch_operator']) retrieved from /home/airflow/.local/lib/python3.7/site-packages/airflow/example_dags/example_branch_operator.py
[2022-12-03T05:12:37.994+0000] {logging_mixin.py:137} INFO - [2022-12-03T05:12:37.994+0000] {dag.py:2676} INFO - Sync 1 DAGs
[2022-12-03T05:12:38.039+0000] {logging_mixin.py:137} INFO - [2022-12-03T05:12:38.039+0000] {dag.py:3427} INFO - Setting next_dagrun for example_branch_operator to 2022-12-02T00:00:00+00:00, run_after=2022-12-03T00:00:00+00:00
[2022-12-03T05:12:38.088+0000] {processor.py:175} INFO - Processing /home/airflow/.local/lib/python3.7/site-packages/airflow/example_dags/example_branch_operator.py took 0.201 seconds
[2022-12-03T05:13:08.650+0000] {processor.py:153} INFO - Started process (PID=2051) to work on /home/airflow/.local/lib/python3.7/site-packages/airflow/example_dags/example_branch_operator.py
[2022-12-03T05:13:08.653+0000] {processor.py:743} INFO - Processing file /home/airflow/.local/lib/python3.7/site-packages/airflow/example_dags/example_branch_operator.py for tasks to queue
[2022-12-03T05:13:08.654+0000] {logging_mixin.py:137} INFO - [2022-12-03T05:13:08.654+0000] {dagbag.py:538} INFO - Filling up the DagBag from /home/airflow/.local/lib/python3.7/site-packages/airflow/example_dags/example_branch_operator.py
[2022-12-03T05:13:08.693+0000] {processor.py:753} INFO - DAG(s) dict_keys(['example_branch_operator']) retrieved from /home/airflow/.local/lib/python3.7/site-packages/airflow/example_dags/example_branch_operator.py
[2022-12-03T05:13:08.810+0000] {logging_mixin.py:137} INFO - [2022-12-03T05:13:08.810+0000] {dag.py:2676} INFO - Sync 1 DAGs
[2022-12-03T05:13:08.844+0000] {logging_mixin.py:137} INFO - [2022-12-03T05:13:08.844+0000] {dag.py:3427} INFO - Setting next_dagrun for example_branch_operator to 2022-12-02T00:00:00+00:00, run_after=2022-12-03T00:00:00+00:00
[2022-12-03T05:13:08.877+0000] {processor.py:175} INFO - Processing /home/airflow/.local/lib/python3.7/site-packages/airflow/example_dags/example_branch_operator.py took 0.230 seconds
[2022-12-03T05:13:39.727+0000] {processor.py:153} INFO - Started process (PID=2265) to work on /home/airflow/.local/lib/python3.7/site-packages/airflow/example_dags/example_branch_operator.py
[2022-12-03T05:13:39.729+0000] {processor.py:743} INFO - Processing file /home/airflow/.local/lib/python3.7/site-packages/airflow/example_dags/example_branch_operator.py for tasks to queue
[2022-12-03T05:13:39.733+0000] {logging_mixin.py:137} INFO - [2022-12-03T05:13:39.733+0000] {dagbag.py:538} INFO - Filling up the DagBag from /home/airflow/.local/lib/python3.7/site-packages/airflow/example_dags/example_branch_operator.py
[2022-12-03T05:13:39.751+0000] {processor.py:753} INFO - DAG(s) dict_keys(['example_branch_operator']) retrieved from /home/airflow/.local/lib/python3.7/site-packages/airflow/example_dags/example_branch_operator.py
[2022-12-03T05:13:39.779+0000] {logging_mixin.py:137} INFO - [2022-12-03T05:13:39.779+0000] {dag.py:2676} INFO - Sync 1 DAGs
[2022-12-03T05:13:39.795+0000] {logging_mixin.py:137} INFO - [2022-12-03T05:13:39.795+0000] {dag.py:3427} INFO - Setting next_dagrun for example_branch_operator to 2022-12-02T00:00:00+00:00, run_after=2022-12-03T00:00:00+00:00
[2022-12-03T05:13:39.807+0000] {processor.py:175} INFO - Processing /home/airflow/.local/lib/python3.7/site-packages/airflow/example_dags/example_branch_operator.py took 0.084 seconds
[2022-12-03T05:14:10.372+0000] {processor.py:153} INFO - Started process (PID=2493) to work on /home/airflow/.local/lib/python3.7/site-packages/airflow/example_dags/example_branch_operator.py
[2022-12-03T05:14:10.373+0000] {processor.py:743} INFO - Processing file /home/airflow/.local/lib/python3.7/site-packages/airflow/example_dags/example_branch_operator.py for tasks to queue
[2022-12-03T05:14:10.375+0000] {logging_mixin.py:137} INFO - [2022-12-03T05:14:10.375+0000] {dagbag.py:538} INFO - Filling up the DagBag from /home/airflow/.local/lib/python3.7/site-packages/airflow/example_dags/example_branch_operator.py
[2022-12-03T05:14:10.397+0000] {processor.py:753} INFO - DAG(s) dict_keys(['example_branch_operator']) retrieved from /home/airflow/.local/lib/python3.7/site-packages/airflow/example_dags/example_branch_operator.py
[2022-12-03T05:14:10.438+0000] {logging_mixin.py:137} INFO - [2022-12-03T05:14:10.437+0000] {dag.py:2676} INFO - Sync 1 DAGs
[2022-12-03T05:14:10.457+0000] {logging_mixin.py:137} INFO - [2022-12-03T05:14:10.457+0000] {dag.py:3427} INFO - Setting next_dagrun for example_branch_operator to 2022-12-02T00:00:00+00:00, run_after=2022-12-03T00:00:00+00:00
[2022-12-03T05:14:10.475+0000] {processor.py:175} INFO - Processing /home/airflow/.local/lib/python3.7/site-packages/airflow/example_dags/example_branch_operator.py took 0.106 seconds
[2022-12-03T05:14:41.046+0000] {processor.py:153} INFO - Started process (PID=2704) to work on /home/airflow/.local/lib/python3.7/site-packages/airflow/example_dags/example_branch_operator.py
[2022-12-03T05:14:41.048+0000] {processor.py:743} INFO - Processing file /home/airflow/.local/lib/python3.7/site-packages/airflow/example_dags/example_branch_operator.py for tasks to queue
[2022-12-03T05:14:41.049+0000] {logging_mixin.py:137} INFO - [2022-12-03T05:14:41.049+0000] {dagbag.py:538} INFO - Filling up the DagBag from /home/airflow/.local/lib/python3.7/site-packages/airflow/example_dags/example_branch_operator.py
[2022-12-03T05:14:41.062+0000] {processor.py:753} INFO - DAG(s) dict_keys(['example_branch_operator']) retrieved from /home/airflow/.local/lib/python3.7/site-packages/airflow/example_dags/example_branch_operator.py
[2022-12-03T05:14:41.098+0000] {logging_mixin.py:137} INFO - [2022-12-03T05:14:41.098+0000] {dag.py:2676} INFO - Sync 1 DAGs
[2022-12-03T05:14:41.116+0000] {logging_mixin.py:137} INFO - [2022-12-03T05:14:41.116+0000] {dag.py:3427} INFO - Setting next_dagrun for example_branch_operator to 2022-12-02T00:00:00+00:00, run_after=2022-12-03T00:00:00+00:00
[2022-12-03T05:14:41.130+0000] {processor.py:175} INFO - Processing /home/airflow/.local/lib/python3.7/site-packages/airflow/example_dags/example_branch_operator.py took 0.087 seconds
[2022-12-03T05:15:11.777+0000] {processor.py:153} INFO - Started process (PID=2928) to work on /home/airflow/.local/lib/python3.7/site-packages/airflow/example_dags/example_branch_operator.py
[2022-12-03T05:15:11.779+0000] {processor.py:743} INFO - Processing file /home/airflow/.local/lib/python3.7/site-packages/airflow/example_dags/example_branch_operator.py for tasks to queue
[2022-12-03T05:15:11.780+0000] {logging_mixin.py:137} INFO - [2022-12-03T05:15:11.780+0000] {dagbag.py:538} INFO - Filling up the DagBag from /home/airflow/.local/lib/python3.7/site-packages/airflow/example_dags/example_branch_operator.py
[2022-12-03T05:15:11.799+0000] {processor.py:753} INFO - DAG(s) dict_keys(['example_branch_operator']) retrieved from /home/airflow/.local/lib/python3.7/site-packages/airflow/example_dags/example_branch_operator.py
[2022-12-03T05:15:11.839+0000] {logging_mixin.py:137} INFO - [2022-12-03T05:15:11.839+0000] {dag.py:2676} INFO - Sync 1 DAGs
[2022-12-03T05:15:11.866+0000] {logging_mixin.py:137} INFO - [2022-12-03T05:15:11.866+0000] {dag.py:3427} INFO - Setting next_dagrun for example_branch_operator to 2022-12-02T00:00:00+00:00, run_after=2022-12-03T00:00:00+00:00
[2022-12-03T05:15:11.920+0000] {processor.py:175} INFO - Processing /home/airflow/.local/lib/python3.7/site-packages/airflow/example_dags/example_branch_operator.py took 0.146 seconds
[2022-12-03T05:15:42.480+0000] {processor.py:153} INFO - Started process (PID=3146) to work on /home/airflow/.local/lib/python3.7/site-packages/airflow/example_dags/example_branch_operator.py
[2022-12-03T05:15:42.482+0000] {processor.py:743} INFO - Processing file /home/airflow/.local/lib/python3.7/site-packages/airflow/example_dags/example_branch_operator.py for tasks to queue
[2022-12-03T05:15:42.483+0000] {logging_mixin.py:137} INFO - [2022-12-03T05:15:42.483+0000] {dagbag.py:538} INFO - Filling up the DagBag from /home/airflow/.local/lib/python3.7/site-packages/airflow/example_dags/example_branch_operator.py
[2022-12-03T05:15:42.494+0000] {processor.py:753} INFO - DAG(s) dict_keys(['example_branch_operator']) retrieved from /home/airflow/.local/lib/python3.7/site-packages/airflow/example_dags/example_branch_operator.py
[2022-12-03T05:15:42.520+0000] {logging_mixin.py:137} INFO - [2022-12-03T05:15:42.520+0000] {dag.py:2676} INFO - Sync 1 DAGs
[2022-12-03T05:15:42.536+0000] {logging_mixin.py:137} INFO - [2022-12-03T05:15:42.536+0000] {dag.py:3427} INFO - Setting next_dagrun for example_branch_operator to 2022-12-02T00:00:00+00:00, run_after=2022-12-03T00:00:00+00:00
[2022-12-03T05:15:42.555+0000] {processor.py:175} INFO - Processing /home/airflow/.local/lib/python3.7/site-packages/airflow/example_dags/example_branch_operator.py took 0.077 seconds
[2022-12-03T05:16:13.719+0000] {processor.py:153} INFO - Started process (PID=3373) to work on /home/airflow/.local/lib/python3.7/site-packages/airflow/example_dags/example_branch_operator.py
[2022-12-03T05:16:13.722+0000] {processor.py:743} INFO - Processing file /home/airflow/.local/lib/python3.7/site-packages/airflow/example_dags/example_branch_operator.py for tasks to queue
[2022-12-03T05:16:13.728+0000] {logging_mixin.py:137} INFO - [2022-12-03T05:16:13.728+0000] {dagbag.py:538} INFO - Filling up the DagBag from /home/airflow/.local/lib/python3.7/site-packages/airflow/example_dags/example_branch_operator.py
[2022-12-03T05:16:13.747+0000] {processor.py:753} INFO - DAG(s) dict_keys(['example_branch_operator']) retrieved from /home/airflow/.local/lib/python3.7/site-packages/airflow/example_dags/example_branch_operator.py
[2022-12-03T05:16:13.795+0000] {logging_mixin.py:137} INFO - [2022-12-03T05:16:13.795+0000] {dag.py:2676} INFO - Sync 1 DAGs
[2022-12-03T05:16:13.820+0000] {logging_mixin.py:137} INFO - [2022-12-03T05:16:13.820+0000] {dag.py:3427} INFO - Setting next_dagrun for example_branch_operator to 2022-12-02T00:00:00+00:00, run_after=2022-12-03T00:00:00+00:00
[2022-12-03T05:16:13.849+0000] {processor.py:175} INFO - Processing /home/airflow/.local/lib/python3.7/site-packages/airflow/example_dags/example_branch_operator.py took 0.136 seconds
[2022-12-03T05:16:44.285+0000] {processor.py:153} INFO - Started process (PID=3586) to work on /home/airflow/.local/lib/python3.7/site-packages/airflow/example_dags/example_branch_operator.py
[2022-12-03T05:16:44.286+0000] {processor.py:743} INFO - Processing file /home/airflow/.local/lib/python3.7/site-packages/airflow/example_dags/example_branch_operator.py for tasks to queue
[2022-12-03T05:16:44.287+0000] {logging_mixin.py:137} INFO - [2022-12-03T05:16:44.287+0000] {dagbag.py:538} INFO - Filling up the DagBag from /home/airflow/.local/lib/python3.7/site-packages/airflow/example_dags/example_branch_operator.py
[2022-12-03T05:16:44.299+0000] {processor.py:753} INFO - DAG(s) dict_keys(['example_branch_operator']) retrieved from /home/airflow/.local/lib/python3.7/site-packages/airflow/example_dags/example_branch_operator.py
[2022-12-03T05:16:44.324+0000] {logging_mixin.py:137} INFO - [2022-12-03T05:16:44.324+0000] {dag.py:2676} INFO - Sync 1 DAGs
[2022-12-03T05:16:44.340+0000] {logging_mixin.py:137} INFO - [2022-12-03T05:16:44.340+0000] {dag.py:3427} INFO - Setting next_dagrun for example_branch_operator to 2022-12-02T00:00:00+00:00, run_after=2022-12-03T00:00:00+00:00
[2022-12-03T05:16:44.352+0000] {processor.py:175} INFO - Processing /home/airflow/.local/lib/python3.7/site-packages/airflow/example_dags/example_branch_operator.py took 0.070 seconds
[2022-12-03T05:17:14.473+0000] {processor.py:153} INFO - Started process (PID=3812) to work on /home/airflow/.local/lib/python3.7/site-packages/airflow/example_dags/example_branch_operator.py
[2022-12-03T05:17:14.474+0000] {processor.py:743} INFO - Processing file /home/airflow/.local/lib/python3.7/site-packages/airflow/example_dags/example_branch_operator.py for tasks to queue
[2022-12-03T05:17:14.475+0000] {logging_mixin.py:137} INFO - [2022-12-03T05:17:14.475+0000] {dagbag.py:538} INFO - Filling up the DagBag from /home/airflow/.local/lib/python3.7/site-packages/airflow/example_dags/example_branch_operator.py
[2022-12-03T05:17:14.485+0000] {processor.py:753} INFO - DAG(s) dict_keys(['example_branch_operator']) retrieved from /home/airflow/.local/lib/python3.7/site-packages/airflow/example_dags/example_branch_operator.py
[2022-12-03T05:17:14.508+0000] {logging_mixin.py:137} INFO - [2022-12-03T05:17:14.508+0000] {dag.py:2676} INFO - Sync 1 DAGs
[2022-12-03T05:17:14.522+0000] {logging_mixin.py:137} INFO - [2022-12-03T05:17:14.522+0000] {dag.py:3427} INFO - Setting next_dagrun for example_branch_operator to 2022-12-02T00:00:00+00:00, run_after=2022-12-03T00:00:00+00:00
[2022-12-03T05:17:14.534+0000] {processor.py:175} INFO - Processing /home/airflow/.local/lib/python3.7/site-packages/airflow/example_dags/example_branch_operator.py took 0.063 seconds
[2022-12-03T05:17:45.140+0000] {processor.py:153} INFO - Started process (PID=4024) to work on /home/airflow/.local/lib/python3.7/site-packages/airflow/example_dags/example_branch_operator.py
[2022-12-03T05:17:45.142+0000] {processor.py:743} INFO - Processing file /home/airflow/.local/lib/python3.7/site-packages/airflow/example_dags/example_branch_operator.py for tasks to queue
[2022-12-03T05:17:45.143+0000] {logging_mixin.py:137} INFO - [2022-12-03T05:17:45.143+0000] {dagbag.py:538} INFO - Filling up the DagBag from /home/airflow/.local/lib/python3.7/site-packages/airflow/example_dags/example_branch_operator.py
[2022-12-03T05:17:45.154+0000] {processor.py:753} INFO - DAG(s) dict_keys(['example_branch_operator']) retrieved from /home/airflow/.local/lib/python3.7/site-packages/airflow/example_dags/example_branch_operator.py
[2022-12-03T05:17:45.183+0000] {logging_mixin.py:137} INFO - [2022-12-03T05:17:45.183+0000] {dag.py:2676} INFO - Sync 1 DAGs
[2022-12-03T05:17:45.218+0000] {logging_mixin.py:137} INFO - [2022-12-03T05:17:45.218+0000] {dag.py:3427} INFO - Setting next_dagrun for example_branch_operator to 2022-12-02T00:00:00+00:00, run_after=2022-12-03T00:00:00+00:00
[2022-12-03T05:17:45.248+0000] {processor.py:175} INFO - Processing /home/airflow/.local/lib/python3.7/site-packages/airflow/example_dags/example_branch_operator.py took 0.110 seconds
[2022-12-03T05:18:56.539+0000] {processor.py:153} INFO - Started process (PID=290) to work on /home/airflow/.local/lib/python3.7/site-packages/airflow/example_dags/example_branch_operator.py
[2022-12-03T05:18:56.543+0000] {processor.py:743} INFO - Processing file /home/airflow/.local/lib/python3.7/site-packages/airflow/example_dags/example_branch_operator.py for tasks to queue
[2022-12-03T05:18:56.545+0000] {logging_mixin.py:137} INFO - [2022-12-03T05:18:56.545+0000] {dagbag.py:538} INFO - Filling up the DagBag from /home/airflow/.local/lib/python3.7/site-packages/airflow/example_dags/example_branch_operator.py
[2022-12-03T05:18:56.566+0000] {processor.py:753} INFO - DAG(s) dict_keys(['example_branch_operator']) retrieved from /home/airflow/.local/lib/python3.7/site-packages/airflow/example_dags/example_branch_operator.py
[2022-12-03T05:18:56.586+0000] {logging_mixin.py:137} INFO - [2022-12-03T05:18:56.586+0000] {dag.py:2676} INFO - Sync 1 DAGs
[2022-12-03T05:18:56.617+0000] {logging_mixin.py:137} INFO - [2022-12-03T05:18:56.617+0000] {dag.py:3427} INFO - Setting next_dagrun for example_branch_operator to 2022-12-02T00:00:00+00:00, run_after=2022-12-03T00:00:00+00:00
[2022-12-03T05:18:56.633+0000] {processor.py:175} INFO - Processing /home/airflow/.local/lib/python3.7/site-packages/airflow/example_dags/example_branch_operator.py took 0.096 seconds
[2022-12-03T05:19:26.799+0000] {processor.py:153} INFO - Started process (PID=505) to work on /home/airflow/.local/lib/python3.7/site-packages/airflow/example_dags/example_branch_operator.py
[2022-12-03T05:19:26.801+0000] {processor.py:743} INFO - Processing file /home/airflow/.local/lib/python3.7/site-packages/airflow/example_dags/example_branch_operator.py for tasks to queue
[2022-12-03T05:19:26.802+0000] {logging_mixin.py:137} INFO - [2022-12-03T05:19:26.802+0000] {dagbag.py:538} INFO - Filling up the DagBag from /home/airflow/.local/lib/python3.7/site-packages/airflow/example_dags/example_branch_operator.py
[2022-12-03T05:19:26.816+0000] {processor.py:753} INFO - DAG(s) dict_keys(['example_branch_operator']) retrieved from /home/airflow/.local/lib/python3.7/site-packages/airflow/example_dags/example_branch_operator.py
[2022-12-03T05:19:26.845+0000] {logging_mixin.py:137} INFO - [2022-12-03T05:19:26.845+0000] {dag.py:2676} INFO - Sync 1 DAGs
[2022-12-03T05:19:26.862+0000] {logging_mixin.py:137} INFO - [2022-12-03T05:19:26.862+0000] {dag.py:3427} INFO - Setting next_dagrun for example_branch_operator to 2022-12-02T00:00:00+00:00, run_after=2022-12-03T00:00:00+00:00
[2022-12-03T05:19:26.879+0000] {processor.py:175} INFO - Processing /home/airflow/.local/lib/python3.7/site-packages/airflow/example_dags/example_branch_operator.py took 0.082 seconds
[2022-12-03T05:19:57.835+0000] {processor.py:153} INFO - Started process (PID=732) to work on /home/airflow/.local/lib/python3.7/site-packages/airflow/example_dags/example_branch_operator.py
[2022-12-03T05:19:57.837+0000] {processor.py:743} INFO - Processing file /home/airflow/.local/lib/python3.7/site-packages/airflow/example_dags/example_branch_operator.py for tasks to queue
[2022-12-03T05:19:57.838+0000] {logging_mixin.py:137} INFO - [2022-12-03T05:19:57.838+0000] {dagbag.py:538} INFO - Filling up the DagBag from /home/airflow/.local/lib/python3.7/site-packages/airflow/example_dags/example_branch_operator.py
[2022-12-03T05:19:57.850+0000] {processor.py:753} INFO - DAG(s) dict_keys(['example_branch_operator']) retrieved from /home/airflow/.local/lib/python3.7/site-packages/airflow/example_dags/example_branch_operator.py
[2022-12-03T05:19:57.879+0000] {logging_mixin.py:137} INFO - [2022-12-03T05:19:57.879+0000] {dag.py:2676} INFO - Sync 1 DAGs
[2022-12-03T05:19:57.902+0000] {logging_mixin.py:137} INFO - [2022-12-03T05:19:57.902+0000] {dag.py:3427} INFO - Setting next_dagrun for example_branch_operator to 2022-12-02T00:00:00+00:00, run_after=2022-12-03T00:00:00+00:00
[2022-12-03T05:19:57.918+0000] {processor.py:175} INFO - Processing /home/airflow/.local/lib/python3.7/site-packages/airflow/example_dags/example_branch_operator.py took 0.085 seconds
