[2022-12-03T05:09:01.744+0000] {processor.py:153} INFO - Started process (PID=341) to work on /home/airflow/.local/lib/python3.7/site-packages/airflow/example_dags/tutorial_taskflow_api.py
[2022-12-03T05:09:01.746+0000] {processor.py:743} INFO - Processing file /home/airflow/.local/lib/python3.7/site-packages/airflow/example_dags/tutorial_taskflow_api.py for tasks to queue
[2022-12-03T05:09:01.748+0000] {logging_mixin.py:137} INFO - [2022-12-03T05:09:01.748+0000] {dagbag.py:538} INFO - Filling up the DagBag from /home/airflow/.local/lib/python3.7/site-packages/airflow/example_dags/tutorial_taskflow_api.py
[2022-12-03T05:09:01.782+0000] {processor.py:753} INFO - DAG(s) dict_keys(['tutorial_taskflow_api']) retrieved from /home/airflow/.local/lib/python3.7/site-packages/airflow/example_dags/tutorial_taskflow_api.py
[2022-12-03T05:09:01.837+0000] {logging_mixin.py:137} INFO - [2022-12-03T05:09:01.837+0000] {dag.py:2676} INFO - Sync 1 DAGs
[2022-12-03T05:09:01.878+0000] {logging_mixin.py:137} INFO - [2022-12-03T05:09:01.878+0000] {dag.py:3427} INFO - Setting next_dagrun for tutorial_taskflow_api to None, run_after=None
[2022-12-03T05:09:01.896+0000] {processor.py:175} INFO - Processing /home/airflow/.local/lib/python3.7/site-packages/airflow/example_dags/tutorial_taskflow_api.py took 0.160 seconds
[2022-12-03T05:09:32.348+0000] {processor.py:153} INFO - Started process (PID=555) to work on /home/airflow/.local/lib/python3.7/site-packages/airflow/example_dags/tutorial_taskflow_api.py
[2022-12-03T05:09:32.351+0000] {processor.py:743} INFO - Processing file /home/airflow/.local/lib/python3.7/site-packages/airflow/example_dags/tutorial_taskflow_api.py for tasks to queue
[2022-12-03T05:09:32.352+0000] {logging_mixin.py:137} INFO - [2022-12-03T05:09:32.352+0000] {dagbag.py:538} INFO - Filling up the DagBag from /home/airflow/.local/lib/python3.7/site-packages/airflow/example_dags/tutorial_taskflow_api.py
[2022-12-03T05:09:32.374+0000] {processor.py:753} INFO - DAG(s) dict_keys(['tutorial_taskflow_api']) retrieved from /home/airflow/.local/lib/python3.7/site-packages/airflow/example_dags/tutorial_taskflow_api.py
[2022-12-03T05:09:32.423+0000] {logging_mixin.py:137} INFO - [2022-12-03T05:09:32.423+0000] {dag.py:2676} INFO - Sync 1 DAGs
[2022-12-03T05:09:32.453+0000] {logging_mixin.py:137} INFO - [2022-12-03T05:09:32.452+0000] {dag.py:3427} INFO - Setting next_dagrun for tutorial_taskflow_api to None, run_after=None
[2022-12-03T05:09:32.474+0000] {processor.py:175} INFO - Processing /home/airflow/.local/lib/python3.7/site-packages/airflow/example_dags/tutorial_taskflow_api.py took 0.136 seconds
[2022-12-03T05:10:03.470+0000] {processor.py:153} INFO - Started process (PID=782) to work on /home/airflow/.local/lib/python3.7/site-packages/airflow/example_dags/tutorial_taskflow_api.py
[2022-12-03T05:10:03.471+0000] {processor.py:743} INFO - Processing file /home/airflow/.local/lib/python3.7/site-packages/airflow/example_dags/tutorial_taskflow_api.py for tasks to queue
[2022-12-03T05:10:03.476+0000] {logging_mixin.py:137} INFO - [2022-12-03T05:10:03.476+0000] {dagbag.py:538} INFO - Filling up the DagBag from /home/airflow/.local/lib/python3.7/site-packages/airflow/example_dags/tutorial_taskflow_api.py
[2022-12-03T05:10:03.509+0000] {processor.py:753} INFO - DAG(s) dict_keys(['tutorial_taskflow_api']) retrieved from /home/airflow/.local/lib/python3.7/site-packages/airflow/example_dags/tutorial_taskflow_api.py
[2022-12-03T05:10:03.745+0000] {logging_mixin.py:137} INFO - [2022-12-03T05:10:03.743+0000] {dag.py:2676} INFO - Sync 1 DAGs
[2022-12-03T05:10:03.795+0000] {logging_mixin.py:137} INFO - [2022-12-03T05:10:03.795+0000] {dag.py:3427} INFO - Setting next_dagrun for tutorial_taskflow_api to None, run_after=None
[2022-12-03T05:10:03.817+0000] {processor.py:175} INFO - Processing /home/airflow/.local/lib/python3.7/site-packages/airflow/example_dags/tutorial_taskflow_api.py took 0.352 seconds
[2022-12-03T05:10:34.765+0000] {processor.py:153} INFO - Started process (PID=996) to work on /home/airflow/.local/lib/python3.7/site-packages/airflow/example_dags/tutorial_taskflow_api.py
[2022-12-03T05:10:34.772+0000] {processor.py:743} INFO - Processing file /home/airflow/.local/lib/python3.7/site-packages/airflow/example_dags/tutorial_taskflow_api.py for tasks to queue
[2022-12-03T05:10:34.782+0000] {logging_mixin.py:137} INFO - [2022-12-03T05:10:34.781+0000] {dagbag.py:538} INFO - Filling up the DagBag from /home/airflow/.local/lib/python3.7/site-packages/airflow/example_dags/tutorial_taskflow_api.py
[2022-12-03T05:10:34.820+0000] {processor.py:753} INFO - DAG(s) dict_keys(['tutorial_taskflow_api']) retrieved from /home/airflow/.local/lib/python3.7/site-packages/airflow/example_dags/tutorial_taskflow_api.py
[2022-12-03T05:10:34.851+0000] {logging_mixin.py:137} INFO - [2022-12-03T05:10:34.851+0000] {dag.py:2676} INFO - Sync 1 DAGs
[2022-12-03T05:10:34.871+0000] {logging_mixin.py:137} INFO - [2022-12-03T05:10:34.871+0000] {dag.py:3427} INFO - Setting next_dagrun for tutorial_taskflow_api to None, run_after=None
[2022-12-03T05:10:34.887+0000] {processor.py:175} INFO - Processing /home/airflow/.local/lib/python3.7/site-packages/airflow/example_dags/tutorial_taskflow_api.py took 0.128 seconds
[2022-12-03T05:11:05.346+0000] {processor.py:153} INFO - Started process (PID=1221) to work on /home/airflow/.local/lib/python3.7/site-packages/airflow/example_dags/tutorial_taskflow_api.py
[2022-12-03T05:11:05.349+0000] {processor.py:743} INFO - Processing file /home/airflow/.local/lib/python3.7/site-packages/airflow/example_dags/tutorial_taskflow_api.py for tasks to queue
[2022-12-03T05:11:05.351+0000] {logging_mixin.py:137} INFO - [2022-12-03T05:11:05.350+0000] {dagbag.py:538} INFO - Filling up the DagBag from /home/airflow/.local/lib/python3.7/site-packages/airflow/example_dags/tutorial_taskflow_api.py
[2022-12-03T05:11:05.377+0000] {processor.py:753} INFO - DAG(s) dict_keys(['tutorial_taskflow_api']) retrieved from /home/airflow/.local/lib/python3.7/site-packages/airflow/example_dags/tutorial_taskflow_api.py
[2022-12-03T05:11:05.406+0000] {logging_mixin.py:137} INFO - [2022-12-03T05:11:05.406+0000] {dag.py:2676} INFO - Sync 1 DAGs
[2022-12-03T05:11:05.426+0000] {logging_mixin.py:137} INFO - [2022-12-03T05:11:05.426+0000] {dag.py:3427} INFO - Setting next_dagrun for tutorial_taskflow_api to None, run_after=None
[2022-12-03T05:11:05.440+0000] {processor.py:175} INFO - Processing /home/airflow/.local/lib/python3.7/site-packages/airflow/example_dags/tutorial_taskflow_api.py took 0.099 seconds
[2022-12-03T05:11:36.243+0000] {processor.py:153} INFO - Started process (PID=1442) to work on /home/airflow/.local/lib/python3.7/site-packages/airflow/example_dags/tutorial_taskflow_api.py
[2022-12-03T05:11:36.251+0000] {processor.py:743} INFO - Processing file /home/airflow/.local/lib/python3.7/site-packages/airflow/example_dags/tutorial_taskflow_api.py for tasks to queue
[2022-12-03T05:11:36.255+0000] {logging_mixin.py:137} INFO - [2022-12-03T05:11:36.255+0000] {dagbag.py:538} INFO - Filling up the DagBag from /home/airflow/.local/lib/python3.7/site-packages/airflow/example_dags/tutorial_taskflow_api.py
[2022-12-03T05:11:36.313+0000] {processor.py:753} INFO - DAG(s) dict_keys(['tutorial_taskflow_api']) retrieved from /home/airflow/.local/lib/python3.7/site-packages/airflow/example_dags/tutorial_taskflow_api.py
[2022-12-03T05:11:36.638+0000] {logging_mixin.py:137} INFO - [2022-12-03T05:11:36.638+0000] {dag.py:2676} INFO - Sync 1 DAGs
[2022-12-03T05:11:36.792+0000] {logging_mixin.py:137} INFO - [2022-12-03T05:11:36.791+0000] {dag.py:3427} INFO - Setting next_dagrun for tutorial_taskflow_api to None, run_after=None
[2022-12-03T05:11:36.875+0000] {processor.py:175} INFO - Processing /home/airflow/.local/lib/python3.7/site-packages/airflow/example_dags/tutorial_taskflow_api.py took 0.648 seconds
[2022-12-03T05:12:07.806+0000] {processor.py:153} INFO - Started process (PID=1661) to work on /home/airflow/.local/lib/python3.7/site-packages/airflow/example_dags/tutorial_taskflow_api.py
[2022-12-03T05:12:07.811+0000] {processor.py:743} INFO - Processing file /home/airflow/.local/lib/python3.7/site-packages/airflow/example_dags/tutorial_taskflow_api.py for tasks to queue
[2022-12-03T05:12:07.814+0000] {logging_mixin.py:137} INFO - [2022-12-03T05:12:07.814+0000] {dagbag.py:538} INFO - Filling up the DagBag from /home/airflow/.local/lib/python3.7/site-packages/airflow/example_dags/tutorial_taskflow_api.py
[2022-12-03T05:12:07.836+0000] {processor.py:753} INFO - DAG(s) dict_keys(['tutorial_taskflow_api']) retrieved from /home/airflow/.local/lib/python3.7/site-packages/airflow/example_dags/tutorial_taskflow_api.py
[2022-12-03T05:12:07.871+0000] {logging_mixin.py:137} INFO - [2022-12-03T05:12:07.871+0000] {dag.py:2676} INFO - Sync 1 DAGs
[2022-12-03T05:12:07.889+0000] {logging_mixin.py:137} INFO - [2022-12-03T05:12:07.889+0000] {dag.py:3427} INFO - Setting next_dagrun for tutorial_taskflow_api to None, run_after=None
[2022-12-03T05:12:07.903+0000] {processor.py:175} INFO - Processing /home/airflow/.local/lib/python3.7/site-packages/airflow/example_dags/tutorial_taskflow_api.py took 0.102 seconds
[2022-12-03T05:12:40.982+0000] {processor.py:153} INFO - Started process (PID=1883) to work on /home/airflow/.local/lib/python3.7/site-packages/airflow/example_dags/tutorial_taskflow_api.py
[2022-12-03T05:12:40.988+0000] {processor.py:743} INFO - Processing file /home/airflow/.local/lib/python3.7/site-packages/airflow/example_dags/tutorial_taskflow_api.py for tasks to queue
[2022-12-03T05:12:41.002+0000] {logging_mixin.py:137} INFO - [2022-12-03T05:12:41.002+0000] {dagbag.py:538} INFO - Filling up the DagBag from /home/airflow/.local/lib/python3.7/site-packages/airflow/example_dags/tutorial_taskflow_api.py
[2022-12-03T05:12:41.140+0000] {processor.py:753} INFO - DAG(s) dict_keys(['tutorial_taskflow_api']) retrieved from /home/airflow/.local/lib/python3.7/site-packages/airflow/example_dags/tutorial_taskflow_api.py
[2022-12-03T05:12:41.283+0000] {logging_mixin.py:137} INFO - [2022-12-03T05:12:41.282+0000] {dag.py:2676} INFO - Sync 1 DAGs
[2022-12-03T05:12:41.388+0000] {logging_mixin.py:137} INFO - [2022-12-03T05:12:41.388+0000] {dag.py:3427} INFO - Setting next_dagrun for tutorial_taskflow_api to None, run_after=None
[2022-12-03T05:12:41.556+0000] {processor.py:175} INFO - Processing /home/airflow/.local/lib/python3.7/site-packages/airflow/example_dags/tutorial_taskflow_api.py took 0.644 seconds
[2022-12-03T05:13:12.607+0000] {processor.py:153} INFO - Started process (PID=2101) to work on /home/airflow/.local/lib/python3.7/site-packages/airflow/example_dags/tutorial_taskflow_api.py
[2022-12-03T05:13:12.609+0000] {processor.py:743} INFO - Processing file /home/airflow/.local/lib/python3.7/site-packages/airflow/example_dags/tutorial_taskflow_api.py for tasks to queue
[2022-12-03T05:13:12.611+0000] {logging_mixin.py:137} INFO - [2022-12-03T05:13:12.611+0000] {dagbag.py:538} INFO - Filling up the DagBag from /home/airflow/.local/lib/python3.7/site-packages/airflow/example_dags/tutorial_taskflow_api.py
[2022-12-03T05:13:12.639+0000] {processor.py:753} INFO - DAG(s) dict_keys(['tutorial_taskflow_api']) retrieved from /home/airflow/.local/lib/python3.7/site-packages/airflow/example_dags/tutorial_taskflow_api.py
[2022-12-03T05:13:12.681+0000] {logging_mixin.py:137} INFO - [2022-12-03T05:13:12.681+0000] {dag.py:2676} INFO - Sync 1 DAGs
[2022-12-03T05:13:12.703+0000] {logging_mixin.py:137} INFO - [2022-12-03T05:13:12.703+0000] {dag.py:3427} INFO - Setting next_dagrun for tutorial_taskflow_api to None, run_after=None
[2022-12-03T05:13:12.718+0000] {processor.py:175} INFO - Processing /home/airflow/.local/lib/python3.7/site-packages/airflow/example_dags/tutorial_taskflow_api.py took 0.114 seconds
[2022-12-03T05:13:43.432+0000] {processor.py:153} INFO - Started process (PID=2314) to work on /home/airflow/.local/lib/python3.7/site-packages/airflow/example_dags/tutorial_taskflow_api.py
[2022-12-03T05:13:43.435+0000] {processor.py:743} INFO - Processing file /home/airflow/.local/lib/python3.7/site-packages/airflow/example_dags/tutorial_taskflow_api.py for tasks to queue
[2022-12-03T05:13:43.439+0000] {logging_mixin.py:137} INFO - [2022-12-03T05:13:43.438+0000] {dagbag.py:538} INFO - Filling up the DagBag from /home/airflow/.local/lib/python3.7/site-packages/airflow/example_dags/tutorial_taskflow_api.py
[2022-12-03T05:13:43.474+0000] {processor.py:753} INFO - DAG(s) dict_keys(['tutorial_taskflow_api']) retrieved from /home/airflow/.local/lib/python3.7/site-packages/airflow/example_dags/tutorial_taskflow_api.py
[2022-12-03T05:13:43.541+0000] {logging_mixin.py:137} INFO - [2022-12-03T05:13:43.541+0000] {dag.py:2676} INFO - Sync 1 DAGs
[2022-12-03T05:13:43.620+0000] {logging_mixin.py:137} INFO - [2022-12-03T05:13:43.620+0000] {dag.py:3427} INFO - Setting next_dagrun for tutorial_taskflow_api to None, run_after=None
[2022-12-03T05:13:43.669+0000] {processor.py:175} INFO - Processing /home/airflow/.local/lib/python3.7/site-packages/airflow/example_dags/tutorial_taskflow_api.py took 0.241 seconds
[2022-12-03T05:14:14.429+0000] {processor.py:153} INFO - Started process (PID=2541) to work on /home/airflow/.local/lib/python3.7/site-packages/airflow/example_dags/tutorial_taskflow_api.py
[2022-12-03T05:14:14.431+0000] {processor.py:743} INFO - Processing file /home/airflow/.local/lib/python3.7/site-packages/airflow/example_dags/tutorial_taskflow_api.py for tasks to queue
[2022-12-03T05:14:14.432+0000] {logging_mixin.py:137} INFO - [2022-12-03T05:14:14.432+0000] {dagbag.py:538} INFO - Filling up the DagBag from /home/airflow/.local/lib/python3.7/site-packages/airflow/example_dags/tutorial_taskflow_api.py
[2022-12-03T05:14:14.454+0000] {processor.py:753} INFO - DAG(s) dict_keys(['tutorial_taskflow_api']) retrieved from /home/airflow/.local/lib/python3.7/site-packages/airflow/example_dags/tutorial_taskflow_api.py
[2022-12-03T05:14:14.488+0000] {logging_mixin.py:137} INFO - [2022-12-03T05:14:14.488+0000] {dag.py:2676} INFO - Sync 1 DAGs
[2022-12-03T05:14:14.508+0000] {logging_mixin.py:137} INFO - [2022-12-03T05:14:14.508+0000] {dag.py:3427} INFO - Setting next_dagrun for tutorial_taskflow_api to None, run_after=None
[2022-12-03T05:14:14.522+0000] {processor.py:175} INFO - Processing /home/airflow/.local/lib/python3.7/site-packages/airflow/example_dags/tutorial_taskflow_api.py took 0.098 seconds
[2022-12-03T05:14:44.834+0000] {processor.py:153} INFO - Started process (PID=2754) to work on /home/airflow/.local/lib/python3.7/site-packages/airflow/example_dags/tutorial_taskflow_api.py
[2022-12-03T05:14:44.840+0000] {processor.py:743} INFO - Processing file /home/airflow/.local/lib/python3.7/site-packages/airflow/example_dags/tutorial_taskflow_api.py for tasks to queue
[2022-12-03T05:14:44.845+0000] {logging_mixin.py:137} INFO - [2022-12-03T05:14:44.845+0000] {dagbag.py:538} INFO - Filling up the DagBag from /home/airflow/.local/lib/python3.7/site-packages/airflow/example_dags/tutorial_taskflow_api.py
[2022-12-03T05:14:44.873+0000] {processor.py:753} INFO - DAG(s) dict_keys(['tutorial_taskflow_api']) retrieved from /home/airflow/.local/lib/python3.7/site-packages/airflow/example_dags/tutorial_taskflow_api.py
[2022-12-03T05:14:44.907+0000] {logging_mixin.py:137} INFO - [2022-12-03T05:14:44.907+0000] {dag.py:2676} INFO - Sync 1 DAGs
[2022-12-03T05:14:44.927+0000] {logging_mixin.py:137} INFO - [2022-12-03T05:14:44.927+0000] {dag.py:3427} INFO - Setting next_dagrun for tutorial_taskflow_api to None, run_after=None
[2022-12-03T05:14:44.953+0000] {processor.py:175} INFO - Processing /home/airflow/.local/lib/python3.7/site-packages/airflow/example_dags/tutorial_taskflow_api.py took 0.123 seconds
[2022-12-03T05:15:15.750+0000] {processor.py:153} INFO - Started process (PID=2981) to work on /home/airflow/.local/lib/python3.7/site-packages/airflow/example_dags/tutorial_taskflow_api.py
[2022-12-03T05:15:15.754+0000] {processor.py:743} INFO - Processing file /home/airflow/.local/lib/python3.7/site-packages/airflow/example_dags/tutorial_taskflow_api.py for tasks to queue
[2022-12-03T05:15:15.756+0000] {logging_mixin.py:137} INFO - [2022-12-03T05:15:15.756+0000] {dagbag.py:538} INFO - Filling up the DagBag from /home/airflow/.local/lib/python3.7/site-packages/airflow/example_dags/tutorial_taskflow_api.py
[2022-12-03T05:15:15.785+0000] {processor.py:753} INFO - DAG(s) dict_keys(['tutorial_taskflow_api']) retrieved from /home/airflow/.local/lib/python3.7/site-packages/airflow/example_dags/tutorial_taskflow_api.py
[2022-12-03T05:15:15.827+0000] {logging_mixin.py:137} INFO - [2022-12-03T05:15:15.827+0000] {dag.py:2676} INFO - Sync 1 DAGs
[2022-12-03T05:15:15.846+0000] {logging_mixin.py:137} INFO - [2022-12-03T05:15:15.845+0000] {dag.py:3427} INFO - Setting next_dagrun for tutorial_taskflow_api to None, run_after=None
[2022-12-03T05:15:15.859+0000] {processor.py:175} INFO - Processing /home/airflow/.local/lib/python3.7/site-packages/airflow/example_dags/tutorial_taskflow_api.py took 0.118 seconds
[2022-12-03T05:15:46.254+0000] {processor.py:153} INFO - Started process (PID=3195) to work on /home/airflow/.local/lib/python3.7/site-packages/airflow/example_dags/tutorial_taskflow_api.py
[2022-12-03T05:15:46.262+0000] {processor.py:743} INFO - Processing file /home/airflow/.local/lib/python3.7/site-packages/airflow/example_dags/tutorial_taskflow_api.py for tasks to queue
[2022-12-03T05:15:46.266+0000] {logging_mixin.py:137} INFO - [2022-12-03T05:15:46.266+0000] {dagbag.py:538} INFO - Filling up the DagBag from /home/airflow/.local/lib/python3.7/site-packages/airflow/example_dags/tutorial_taskflow_api.py
[2022-12-03T05:15:46.331+0000] {processor.py:753} INFO - DAG(s) dict_keys(['tutorial_taskflow_api']) retrieved from /home/airflow/.local/lib/python3.7/site-packages/airflow/example_dags/tutorial_taskflow_api.py
[2022-12-03T05:15:46.583+0000] {logging_mixin.py:137} INFO - [2022-12-03T05:15:46.583+0000] {dag.py:2676} INFO - Sync 1 DAGs
[2022-12-03T05:15:46.644+0000] {logging_mixin.py:137} INFO - [2022-12-03T05:15:46.644+0000] {dag.py:3427} INFO - Setting next_dagrun for tutorial_taskflow_api to None, run_after=None
[2022-12-03T05:15:46.675+0000] {processor.py:175} INFO - Processing /home/airflow/.local/lib/python3.7/site-packages/airflow/example_dags/tutorial_taskflow_api.py took 0.428 seconds
[2022-12-03T05:16:17.531+0000] {processor.py:153} INFO - Started process (PID=3420) to work on /home/airflow/.local/lib/python3.7/site-packages/airflow/example_dags/tutorial_taskflow_api.py
[2022-12-03T05:16:17.535+0000] {processor.py:743} INFO - Processing file /home/airflow/.local/lib/python3.7/site-packages/airflow/example_dags/tutorial_taskflow_api.py for tasks to queue
[2022-12-03T05:16:17.538+0000] {logging_mixin.py:137} INFO - [2022-12-03T05:16:17.538+0000] {dagbag.py:538} INFO - Filling up the DagBag from /home/airflow/.local/lib/python3.7/site-packages/airflow/example_dags/tutorial_taskflow_api.py
[2022-12-03T05:16:17.581+0000] {processor.py:753} INFO - DAG(s) dict_keys(['tutorial_taskflow_api']) retrieved from /home/airflow/.local/lib/python3.7/site-packages/airflow/example_dags/tutorial_taskflow_api.py
[2022-12-03T05:16:17.649+0000] {logging_mixin.py:137} INFO - [2022-12-03T05:16:17.649+0000] {dag.py:2676} INFO - Sync 1 DAGs
[2022-12-03T05:16:17.675+0000] {logging_mixin.py:137} INFO - [2022-12-03T05:16:17.674+0000] {dag.py:3427} INFO - Setting next_dagrun for tutorial_taskflow_api to None, run_after=None
[2022-12-03T05:16:17.695+0000] {processor.py:175} INFO - Processing /home/airflow/.local/lib/python3.7/site-packages/airflow/example_dags/tutorial_taskflow_api.py took 0.171 seconds
[2022-12-03T05:16:47.791+0000] {processor.py:153} INFO - Started process (PID=3644) to work on /home/airflow/.local/lib/python3.7/site-packages/airflow/example_dags/tutorial_taskflow_api.py
[2022-12-03T05:16:47.796+0000] {processor.py:743} INFO - Processing file /home/airflow/.local/lib/python3.7/site-packages/airflow/example_dags/tutorial_taskflow_api.py for tasks to queue
[2022-12-03T05:16:47.798+0000] {logging_mixin.py:137} INFO - [2022-12-03T05:16:47.798+0000] {dagbag.py:538} INFO - Filling up the DagBag from /home/airflow/.local/lib/python3.7/site-packages/airflow/example_dags/tutorial_taskflow_api.py
[2022-12-03T05:16:47.830+0000] {processor.py:753} INFO - DAG(s) dict_keys(['tutorial_taskflow_api']) retrieved from /home/airflow/.local/lib/python3.7/site-packages/airflow/example_dags/tutorial_taskflow_api.py
[2022-12-03T05:16:47.877+0000] {logging_mixin.py:137} INFO - [2022-12-03T05:16:47.877+0000] {dag.py:2676} INFO - Sync 1 DAGs
[2022-12-03T05:16:47.897+0000] {logging_mixin.py:137} INFO - [2022-12-03T05:16:47.897+0000] {dag.py:3427} INFO - Setting next_dagrun for tutorial_taskflow_api to None, run_after=None
[2022-12-03T05:16:47.924+0000] {processor.py:175} INFO - Processing /home/airflow/.local/lib/python3.7/site-packages/airflow/example_dags/tutorial_taskflow_api.py took 0.137 seconds
[2022-12-03T05:17:18.236+0000] {processor.py:153} INFO - Started process (PID=3859) to work on /home/airflow/.local/lib/python3.7/site-packages/airflow/example_dags/tutorial_taskflow_api.py
[2022-12-03T05:17:18.239+0000] {processor.py:743} INFO - Processing file /home/airflow/.local/lib/python3.7/site-packages/airflow/example_dags/tutorial_taskflow_api.py for tasks to queue
[2022-12-03T05:17:18.244+0000] {logging_mixin.py:137} INFO - [2022-12-03T05:17:18.244+0000] {dagbag.py:538} INFO - Filling up the DagBag from /home/airflow/.local/lib/python3.7/site-packages/airflow/example_dags/tutorial_taskflow_api.py
[2022-12-03T05:17:18.283+0000] {processor.py:753} INFO - DAG(s) dict_keys(['tutorial_taskflow_api']) retrieved from /home/airflow/.local/lib/python3.7/site-packages/airflow/example_dags/tutorial_taskflow_api.py
[2022-12-03T05:17:18.342+0000] {logging_mixin.py:137} INFO - [2022-12-03T05:17:18.342+0000] {dag.py:2676} INFO - Sync 1 DAGs
[2022-12-03T05:17:18.363+0000] {logging_mixin.py:137} INFO - [2022-12-03T05:17:18.362+0000] {dag.py:3427} INFO - Setting next_dagrun for tutorial_taskflow_api to None, run_after=None
[2022-12-03T05:17:18.378+0000] {processor.py:175} INFO - Processing /home/airflow/.local/lib/python3.7/site-packages/airflow/example_dags/tutorial_taskflow_api.py took 0.148 seconds
[2022-12-03T05:17:48.926+0000] {processor.py:153} INFO - Started process (PID=4085) to work on /home/airflow/.local/lib/python3.7/site-packages/airflow/example_dags/tutorial_taskflow_api.py
[2022-12-03T05:17:48.929+0000] {processor.py:743} INFO - Processing file /home/airflow/.local/lib/python3.7/site-packages/airflow/example_dags/tutorial_taskflow_api.py for tasks to queue
[2022-12-03T05:17:48.933+0000] {logging_mixin.py:137} INFO - [2022-12-03T05:17:48.933+0000] {dagbag.py:538} INFO - Filling up the DagBag from /home/airflow/.local/lib/python3.7/site-packages/airflow/example_dags/tutorial_taskflow_api.py
[2022-12-03T05:17:48.965+0000] {processor.py:753} INFO - DAG(s) dict_keys(['tutorial_taskflow_api']) retrieved from /home/airflow/.local/lib/python3.7/site-packages/airflow/example_dags/tutorial_taskflow_api.py
[2022-12-03T05:17:49.026+0000] {logging_mixin.py:137} INFO - [2022-12-03T05:17:49.026+0000] {dag.py:2676} INFO - Sync 1 DAGs
[2022-12-03T05:17:49.048+0000] {logging_mixin.py:137} INFO - [2022-12-03T05:17:49.048+0000] {dag.py:3427} INFO - Setting next_dagrun for tutorial_taskflow_api to None, run_after=None
[2022-12-03T05:17:49.063+0000] {processor.py:175} INFO - Processing /home/airflow/.local/lib/python3.7/site-packages/airflow/example_dags/tutorial_taskflow_api.py took 0.147 seconds
[2022-12-03T05:18:57.377+0000] {processor.py:153} INFO - Started process (PID=342) to work on /home/airflow/.local/lib/python3.7/site-packages/airflow/example_dags/tutorial_taskflow_api.py
[2022-12-03T05:18:57.378+0000] {processor.py:743} INFO - Processing file /home/airflow/.local/lib/python3.7/site-packages/airflow/example_dags/tutorial_taskflow_api.py for tasks to queue
[2022-12-03T05:18:57.380+0000] {logging_mixin.py:137} INFO - [2022-12-03T05:18:57.380+0000] {dagbag.py:538} INFO - Filling up the DagBag from /home/airflow/.local/lib/python3.7/site-packages/airflow/example_dags/tutorial_taskflow_api.py
[2022-12-03T05:18:57.400+0000] {processor.py:753} INFO - DAG(s) dict_keys(['tutorial_taskflow_api']) retrieved from /home/airflow/.local/lib/python3.7/site-packages/airflow/example_dags/tutorial_taskflow_api.py
[2022-12-03T05:18:57.427+0000] {logging_mixin.py:137} INFO - [2022-12-03T05:18:57.426+0000] {dag.py:2676} INFO - Sync 1 DAGs
[2022-12-03T05:18:57.457+0000] {logging_mixin.py:137} INFO - [2022-12-03T05:18:57.457+0000] {dag.py:3427} INFO - Setting next_dagrun for tutorial_taskflow_api to None, run_after=None
[2022-12-03T05:18:57.474+0000] {processor.py:175} INFO - Processing /home/airflow/.local/lib/python3.7/site-packages/airflow/example_dags/tutorial_taskflow_api.py took 0.099 seconds
[2022-12-03T05:19:27.537+0000] {processor.py:153} INFO - Started process (PID=555) to work on /home/airflow/.local/lib/python3.7/site-packages/airflow/example_dags/tutorial_taskflow_api.py
[2022-12-03T05:19:27.539+0000] {processor.py:743} INFO - Processing file /home/airflow/.local/lib/python3.7/site-packages/airflow/example_dags/tutorial_taskflow_api.py for tasks to queue
[2022-12-03T05:19:27.542+0000] {logging_mixin.py:137} INFO - [2022-12-03T05:19:27.541+0000] {dagbag.py:538} INFO - Filling up the DagBag from /home/airflow/.local/lib/python3.7/site-packages/airflow/example_dags/tutorial_taskflow_api.py
[2022-12-03T05:19:27.559+0000] {processor.py:753} INFO - DAG(s) dict_keys(['tutorial_taskflow_api']) retrieved from /home/airflow/.local/lib/python3.7/site-packages/airflow/example_dags/tutorial_taskflow_api.py
[2022-12-03T05:19:27.590+0000] {logging_mixin.py:137} INFO - [2022-12-03T05:19:27.590+0000] {dag.py:2676} INFO - Sync 1 DAGs
[2022-12-03T05:19:27.616+0000] {logging_mixin.py:137} INFO - [2022-12-03T05:19:27.616+0000] {dag.py:3427} INFO - Setting next_dagrun for tutorial_taskflow_api to None, run_after=None
[2022-12-03T05:19:27.632+0000] {processor.py:175} INFO - Processing /home/airflow/.local/lib/python3.7/site-packages/airflow/example_dags/tutorial_taskflow_api.py took 0.098 seconds
[2022-12-03T05:19:58.445+0000] {processor.py:153} INFO - Started process (PID=782) to work on /home/airflow/.local/lib/python3.7/site-packages/airflow/example_dags/tutorial_taskflow_api.py
[2022-12-03T05:19:58.448+0000] {processor.py:743} INFO - Processing file /home/airflow/.local/lib/python3.7/site-packages/airflow/example_dags/tutorial_taskflow_api.py for tasks to queue
[2022-12-03T05:19:58.451+0000] {logging_mixin.py:137} INFO - [2022-12-03T05:19:58.450+0000] {dagbag.py:538} INFO - Filling up the DagBag from /home/airflow/.local/lib/python3.7/site-packages/airflow/example_dags/tutorial_taskflow_api.py
[2022-12-03T05:19:58.469+0000] {processor.py:753} INFO - DAG(s) dict_keys(['tutorial_taskflow_api']) retrieved from /home/airflow/.local/lib/python3.7/site-packages/airflow/example_dags/tutorial_taskflow_api.py
[2022-12-03T05:19:58.508+0000] {logging_mixin.py:137} INFO - [2022-12-03T05:19:58.508+0000] {dag.py:2676} INFO - Sync 1 DAGs
[2022-12-03T05:19:58.530+0000] {logging_mixin.py:137} INFO - [2022-12-03T05:19:58.530+0000] {dag.py:3427} INFO - Setting next_dagrun for tutorial_taskflow_api to None, run_after=None
[2022-12-03T05:19:58.583+0000] {processor.py:175} INFO - Processing /home/airflow/.local/lib/python3.7/site-packages/airflow/example_dags/tutorial_taskflow_api.py took 0.140 seconds
