[2022-12-03T05:08:56.745+0000] {processor.py:153} INFO - Started process (PID=198) to work on /home/airflow/.local/lib/python3.7/site-packages/airflow/example_dags/tutorial_dag.py
[2022-12-03T05:08:56.762+0000] {processor.py:743} INFO - Processing file /home/airflow/.local/lib/python3.7/site-packages/airflow/example_dags/tutorial_dag.py for tasks to queue
[2022-12-03T05:08:56.770+0000] {logging_mixin.py:137} INFO - [2022-12-03T05:08:56.770+0000] {dagbag.py:538} INFO - Filling up the DagBag from /home/airflow/.local/lib/python3.7/site-packages/airflow/example_dags/tutorial_dag.py
[2022-12-03T05:08:56.807+0000] {processor.py:753} INFO - DAG(s) dict_keys(['tutorial_dag']) retrieved from /home/airflow/.local/lib/python3.7/site-packages/airflow/example_dags/tutorial_dag.py
[2022-12-03T05:08:56.848+0000] {logging_mixin.py:137} INFO - [2022-12-03T05:08:56.848+0000] {dag.py:2676} INFO - Sync 1 DAGs
[2022-12-03T05:08:56.875+0000] {logging_mixin.py:137} INFO - [2022-12-03T05:08:56.875+0000] {dag.py:3427} INFO - Setting next_dagrun for tutorial_dag to None, run_after=None
[2022-12-03T05:08:56.953+0000] {processor.py:175} INFO - Processing /home/airflow/.local/lib/python3.7/site-packages/airflow/example_dags/tutorial_dag.py took 0.225 seconds
[2022-12-03T05:09:27.430+0000] {processor.py:153} INFO - Started process (PID=410) to work on /home/airflow/.local/lib/python3.7/site-packages/airflow/example_dags/tutorial_dag.py
[2022-12-03T05:09:27.432+0000] {processor.py:743} INFO - Processing file /home/airflow/.local/lib/python3.7/site-packages/airflow/example_dags/tutorial_dag.py for tasks to queue
[2022-12-03T05:09:27.433+0000] {logging_mixin.py:137} INFO - [2022-12-03T05:09:27.433+0000] {dagbag.py:538} INFO - Filling up the DagBag from /home/airflow/.local/lib/python3.7/site-packages/airflow/example_dags/tutorial_dag.py
[2022-12-03T05:09:27.443+0000] {processor.py:753} INFO - DAG(s) dict_keys(['tutorial_dag']) retrieved from /home/airflow/.local/lib/python3.7/site-packages/airflow/example_dags/tutorial_dag.py
[2022-12-03T05:09:27.479+0000] {logging_mixin.py:137} INFO - [2022-12-03T05:09:27.478+0000] {dag.py:2676} INFO - Sync 1 DAGs
[2022-12-03T05:09:27.499+0000] {logging_mixin.py:137} INFO - [2022-12-03T05:09:27.498+0000] {dag.py:3427} INFO - Setting next_dagrun for tutorial_dag to None, run_after=None
[2022-12-03T05:09:27.521+0000] {processor.py:175} INFO - Processing /home/airflow/.local/lib/python3.7/site-packages/airflow/example_dags/tutorial_dag.py took 0.092 seconds
[2022-12-03T05:09:58.479+0000] {processor.py:153} INFO - Started process (PID=623) to work on /home/airflow/.local/lib/python3.7/site-packages/airflow/example_dags/tutorial_dag.py
[2022-12-03T05:09:58.481+0000] {processor.py:743} INFO - Processing file /home/airflow/.local/lib/python3.7/site-packages/airflow/example_dags/tutorial_dag.py for tasks to queue
[2022-12-03T05:09:58.484+0000] {logging_mixin.py:137} INFO - [2022-12-03T05:09:58.483+0000] {dagbag.py:538} INFO - Filling up the DagBag from /home/airflow/.local/lib/python3.7/site-packages/airflow/example_dags/tutorial_dag.py
[2022-12-03T05:09:58.502+0000] {processor.py:753} INFO - DAG(s) dict_keys(['tutorial_dag']) retrieved from /home/airflow/.local/lib/python3.7/site-packages/airflow/example_dags/tutorial_dag.py
[2022-12-03T05:09:58.544+0000] {logging_mixin.py:137} INFO - [2022-12-03T05:09:58.544+0000] {dag.py:2676} INFO - Sync 1 DAGs
[2022-12-03T05:09:58.562+0000] {logging_mixin.py:137} INFO - [2022-12-03T05:09:58.562+0000] {dag.py:3427} INFO - Setting next_dagrun for tutorial_dag to None, run_after=None
[2022-12-03T05:09:58.576+0000] {processor.py:175} INFO - Processing /home/airflow/.local/lib/python3.7/site-packages/airflow/example_dags/tutorial_dag.py took 0.100 seconds
[2022-12-03T05:10:29.092+0000] {processor.py:153} INFO - Started process (PID=849) to work on /home/airflow/.local/lib/python3.7/site-packages/airflow/example_dags/tutorial_dag.py
[2022-12-03T05:10:29.094+0000] {processor.py:743} INFO - Processing file /home/airflow/.local/lib/python3.7/site-packages/airflow/example_dags/tutorial_dag.py for tasks to queue
[2022-12-03T05:10:29.096+0000] {logging_mixin.py:137} INFO - [2022-12-03T05:10:29.096+0000] {dagbag.py:538} INFO - Filling up the DagBag from /home/airflow/.local/lib/python3.7/site-packages/airflow/example_dags/tutorial_dag.py
[2022-12-03T05:10:29.108+0000] {processor.py:753} INFO - DAG(s) dict_keys(['tutorial_dag']) retrieved from /home/airflow/.local/lib/python3.7/site-packages/airflow/example_dags/tutorial_dag.py
[2022-12-03T05:10:29.132+0000] {logging_mixin.py:137} INFO - [2022-12-03T05:10:29.132+0000] {dag.py:2676} INFO - Sync 1 DAGs
[2022-12-03T05:10:29.146+0000] {logging_mixin.py:137} INFO - [2022-12-03T05:10:29.146+0000] {dag.py:3427} INFO - Setting next_dagrun for tutorial_dag to None, run_after=None
[2022-12-03T05:10:29.170+0000] {processor.py:175} INFO - Processing /home/airflow/.local/lib/python3.7/site-packages/airflow/example_dags/tutorial_dag.py took 0.080 seconds
[2022-12-03T05:10:59.864+0000] {processor.py:153} INFO - Started process (PID=1063) to work on /home/airflow/.local/lib/python3.7/site-packages/airflow/example_dags/tutorial_dag.py
[2022-12-03T05:10:59.866+0000] {processor.py:743} INFO - Processing file /home/airflow/.local/lib/python3.7/site-packages/airflow/example_dags/tutorial_dag.py for tasks to queue
[2022-12-03T05:10:59.867+0000] {logging_mixin.py:137} INFO - [2022-12-03T05:10:59.867+0000] {dagbag.py:538} INFO - Filling up the DagBag from /home/airflow/.local/lib/python3.7/site-packages/airflow/example_dags/tutorial_dag.py
[2022-12-03T05:10:59.879+0000] {processor.py:753} INFO - DAG(s) dict_keys(['tutorial_dag']) retrieved from /home/airflow/.local/lib/python3.7/site-packages/airflow/example_dags/tutorial_dag.py
[2022-12-03T05:10:59.918+0000] {logging_mixin.py:137} INFO - [2022-12-03T05:10:59.918+0000] {dag.py:2676} INFO - Sync 1 DAGs
[2022-12-03T05:10:59.939+0000] {logging_mixin.py:137} INFO - [2022-12-03T05:10:59.939+0000] {dag.py:3427} INFO - Setting next_dagrun for tutorial_dag to None, run_after=None
[2022-12-03T05:10:59.952+0000] {processor.py:175} INFO - Processing /home/airflow/.local/lib/python3.7/site-packages/airflow/example_dags/tutorial_dag.py took 0.090 seconds
[2022-12-03T05:11:30.278+0000] {processor.py:153} INFO - Started process (PID=1288) to work on /home/airflow/.local/lib/python3.7/site-packages/airflow/example_dags/tutorial_dag.py
[2022-12-03T05:11:30.280+0000] {processor.py:743} INFO - Processing file /home/airflow/.local/lib/python3.7/site-packages/airflow/example_dags/tutorial_dag.py for tasks to queue
[2022-12-03T05:11:30.281+0000] {logging_mixin.py:137} INFO - [2022-12-03T05:11:30.281+0000] {dagbag.py:538} INFO - Filling up the DagBag from /home/airflow/.local/lib/python3.7/site-packages/airflow/example_dags/tutorial_dag.py
[2022-12-03T05:11:30.292+0000] {processor.py:753} INFO - DAG(s) dict_keys(['tutorial_dag']) retrieved from /home/airflow/.local/lib/python3.7/site-packages/airflow/example_dags/tutorial_dag.py
[2022-12-03T05:11:30.315+0000] {logging_mixin.py:137} INFO - [2022-12-03T05:11:30.315+0000] {dag.py:2676} INFO - Sync 1 DAGs
[2022-12-03T05:11:30.330+0000] {logging_mixin.py:137} INFO - [2022-12-03T05:11:30.329+0000] {dag.py:3427} INFO - Setting next_dagrun for tutorial_dag to None, run_after=None
[2022-12-03T05:11:30.340+0000] {processor.py:175} INFO - Processing /home/airflow/.local/lib/python3.7/site-packages/airflow/example_dags/tutorial_dag.py took 0.064 seconds
[2022-12-03T05:12:01.366+0000] {processor.py:153} INFO - Started process (PID=1509) to work on /home/airflow/.local/lib/python3.7/site-packages/airflow/example_dags/tutorial_dag.py
[2022-12-03T05:12:01.368+0000] {processor.py:743} INFO - Processing file /home/airflow/.local/lib/python3.7/site-packages/airflow/example_dags/tutorial_dag.py for tasks to queue
[2022-12-03T05:12:01.369+0000] {logging_mixin.py:137} INFO - [2022-12-03T05:12:01.369+0000] {dagbag.py:538} INFO - Filling up the DagBag from /home/airflow/.local/lib/python3.7/site-packages/airflow/example_dags/tutorial_dag.py
[2022-12-03T05:12:01.380+0000] {processor.py:753} INFO - DAG(s) dict_keys(['tutorial_dag']) retrieved from /home/airflow/.local/lib/python3.7/site-packages/airflow/example_dags/tutorial_dag.py
[2022-12-03T05:12:01.442+0000] {logging_mixin.py:137} INFO - [2022-12-03T05:12:01.441+0000] {dag.py:2676} INFO - Sync 1 DAGs
[2022-12-03T05:12:01.468+0000] {logging_mixin.py:137} INFO - [2022-12-03T05:12:01.468+0000] {dag.py:3427} INFO - Setting next_dagrun for tutorial_dag to None, run_after=None
[2022-12-03T05:12:01.490+0000] {processor.py:175} INFO - Processing /home/airflow/.local/lib/python3.7/site-packages/airflow/example_dags/tutorial_dag.py took 0.126 seconds
[2022-12-03T05:12:32.225+0000] {processor.py:153} INFO - Started process (PID=1729) to work on /home/airflow/.local/lib/python3.7/site-packages/airflow/example_dags/tutorial_dag.py
[2022-12-03T05:12:32.227+0000] {processor.py:743} INFO - Processing file /home/airflow/.local/lib/python3.7/site-packages/airflow/example_dags/tutorial_dag.py for tasks to queue
[2022-12-03T05:12:32.228+0000] {logging_mixin.py:137} INFO - [2022-12-03T05:12:32.228+0000] {dagbag.py:538} INFO - Filling up the DagBag from /home/airflow/.local/lib/python3.7/site-packages/airflow/example_dags/tutorial_dag.py
[2022-12-03T05:12:32.240+0000] {processor.py:753} INFO - DAG(s) dict_keys(['tutorial_dag']) retrieved from /home/airflow/.local/lib/python3.7/site-packages/airflow/example_dags/tutorial_dag.py
[2022-12-03T05:12:32.292+0000] {logging_mixin.py:137} INFO - [2022-12-03T05:12:32.292+0000] {dag.py:2676} INFO - Sync 1 DAGs
[2022-12-03T05:12:32.317+0000] {logging_mixin.py:137} INFO - [2022-12-03T05:12:32.317+0000] {dag.py:3427} INFO - Setting next_dagrun for tutorial_dag to None, run_after=None
[2022-12-03T05:12:32.334+0000] {processor.py:175} INFO - Processing /home/airflow/.local/lib/python3.7/site-packages/airflow/example_dags/tutorial_dag.py took 0.110 seconds
[2022-12-03T05:13:02.579+0000] {processor.py:153} INFO - Started process (PID=1944) to work on /home/airflow/.local/lib/python3.7/site-packages/airflow/example_dags/tutorial_dag.py
[2022-12-03T05:13:02.581+0000] {processor.py:743} INFO - Processing file /home/airflow/.local/lib/python3.7/site-packages/airflow/example_dags/tutorial_dag.py for tasks to queue
[2022-12-03T05:13:02.583+0000] {logging_mixin.py:137} INFO - [2022-12-03T05:13:02.583+0000] {dagbag.py:538} INFO - Filling up the DagBag from /home/airflow/.local/lib/python3.7/site-packages/airflow/example_dags/tutorial_dag.py
[2022-12-03T05:13:02.593+0000] {processor.py:753} INFO - DAG(s) dict_keys(['tutorial_dag']) retrieved from /home/airflow/.local/lib/python3.7/site-packages/airflow/example_dags/tutorial_dag.py
[2022-12-03T05:13:02.630+0000] {logging_mixin.py:137} INFO - [2022-12-03T05:13:02.630+0000] {dag.py:2676} INFO - Sync 1 DAGs
[2022-12-03T05:13:02.663+0000] {logging_mixin.py:137} INFO - [2022-12-03T05:13:02.663+0000] {dag.py:3427} INFO - Setting next_dagrun for tutorial_dag to None, run_after=None
[2022-12-03T05:13:02.679+0000] {processor.py:175} INFO - Processing /home/airflow/.local/lib/python3.7/site-packages/airflow/example_dags/tutorial_dag.py took 0.102 seconds
[2022-12-03T05:13:33.541+0000] {processor.py:153} INFO - Started process (PID=2170) to work on /home/airflow/.local/lib/python3.7/site-packages/airflow/example_dags/tutorial_dag.py
[2022-12-03T05:13:33.542+0000] {processor.py:743} INFO - Processing file /home/airflow/.local/lib/python3.7/site-packages/airflow/example_dags/tutorial_dag.py for tasks to queue
[2022-12-03T05:13:33.543+0000] {logging_mixin.py:137} INFO - [2022-12-03T05:13:33.543+0000] {dagbag.py:538} INFO - Filling up the DagBag from /home/airflow/.local/lib/python3.7/site-packages/airflow/example_dags/tutorial_dag.py
[2022-12-03T05:13:33.553+0000] {processor.py:753} INFO - DAG(s) dict_keys(['tutorial_dag']) retrieved from /home/airflow/.local/lib/python3.7/site-packages/airflow/example_dags/tutorial_dag.py
[2022-12-03T05:13:33.582+0000] {logging_mixin.py:137} INFO - [2022-12-03T05:13:33.582+0000] {dag.py:2676} INFO - Sync 1 DAGs
[2022-12-03T05:13:33.609+0000] {logging_mixin.py:137} INFO - [2022-12-03T05:13:33.609+0000] {dag.py:3427} INFO - Setting next_dagrun for tutorial_dag to None, run_after=None
[2022-12-03T05:13:33.625+0000] {processor.py:175} INFO - Processing /home/airflow/.local/lib/python3.7/site-packages/airflow/example_dags/tutorial_dag.py took 0.086 seconds
[2022-12-03T05:14:04.099+0000] {processor.py:153} INFO - Started process (PID=2384) to work on /home/airflow/.local/lib/python3.7/site-packages/airflow/example_dags/tutorial_dag.py
[2022-12-03T05:14:04.100+0000] {processor.py:743} INFO - Processing file /home/airflow/.local/lib/python3.7/site-packages/airflow/example_dags/tutorial_dag.py for tasks to queue
[2022-12-03T05:14:04.101+0000] {logging_mixin.py:137} INFO - [2022-12-03T05:14:04.101+0000] {dagbag.py:538} INFO - Filling up the DagBag from /home/airflow/.local/lib/python3.7/site-packages/airflow/example_dags/tutorial_dag.py
[2022-12-03T05:14:04.114+0000] {processor.py:753} INFO - DAG(s) dict_keys(['tutorial_dag']) retrieved from /home/airflow/.local/lib/python3.7/site-packages/airflow/example_dags/tutorial_dag.py
[2022-12-03T05:14:04.173+0000] {logging_mixin.py:137} INFO - [2022-12-03T05:14:04.173+0000] {dag.py:2676} INFO - Sync 1 DAGs
[2022-12-03T05:14:04.191+0000] {logging_mixin.py:137} INFO - [2022-12-03T05:14:04.191+0000] {dag.py:3427} INFO - Setting next_dagrun for tutorial_dag to None, run_after=None
[2022-12-03T05:14:04.203+0000] {processor.py:175} INFO - Processing /home/airflow/.local/lib/python3.7/site-packages/airflow/example_dags/tutorial_dag.py took 0.107 seconds
[2022-12-03T05:14:35.090+0000] {processor.py:153} INFO - Started process (PID=2609) to work on /home/airflow/.local/lib/python3.7/site-packages/airflow/example_dags/tutorial_dag.py
[2022-12-03T05:14:35.096+0000] {processor.py:743} INFO - Processing file /home/airflow/.local/lib/python3.7/site-packages/airflow/example_dags/tutorial_dag.py for tasks to queue
[2022-12-03T05:14:35.103+0000] {logging_mixin.py:137} INFO - [2022-12-03T05:14:35.103+0000] {dagbag.py:538} INFO - Filling up the DagBag from /home/airflow/.local/lib/python3.7/site-packages/airflow/example_dags/tutorial_dag.py
[2022-12-03T05:14:35.152+0000] {processor.py:753} INFO - DAG(s) dict_keys(['tutorial_dag']) retrieved from /home/airflow/.local/lib/python3.7/site-packages/airflow/example_dags/tutorial_dag.py
[2022-12-03T05:14:35.250+0000] {logging_mixin.py:137} INFO - [2022-12-03T05:14:35.250+0000] {dag.py:2676} INFO - Sync 1 DAGs
[2022-12-03T05:14:35.303+0000] {logging_mixin.py:137} INFO - [2022-12-03T05:14:35.303+0000] {dag.py:3427} INFO - Setting next_dagrun for tutorial_dag to None, run_after=None
[2022-12-03T05:14:35.339+0000] {processor.py:175} INFO - Processing /home/airflow/.local/lib/python3.7/site-packages/airflow/example_dags/tutorial_dag.py took 0.252 seconds
[2022-12-03T05:15:06.221+0000] {processor.py:153} INFO - Started process (PID=2826) to work on /home/airflow/.local/lib/python3.7/site-packages/airflow/example_dags/tutorial_dag.py
[2022-12-03T05:15:06.223+0000] {processor.py:743} INFO - Processing file /home/airflow/.local/lib/python3.7/site-packages/airflow/example_dags/tutorial_dag.py for tasks to queue
[2022-12-03T05:15:06.224+0000] {logging_mixin.py:137} INFO - [2022-12-03T05:15:06.224+0000] {dagbag.py:538} INFO - Filling up the DagBag from /home/airflow/.local/lib/python3.7/site-packages/airflow/example_dags/tutorial_dag.py
[2022-12-03T05:15:06.235+0000] {processor.py:753} INFO - DAG(s) dict_keys(['tutorial_dag']) retrieved from /home/airflow/.local/lib/python3.7/site-packages/airflow/example_dags/tutorial_dag.py
[2022-12-03T05:15:06.264+0000] {logging_mixin.py:137} INFO - [2022-12-03T05:15:06.264+0000] {dag.py:2676} INFO - Sync 1 DAGs
[2022-12-03T05:15:06.280+0000] {logging_mixin.py:137} INFO - [2022-12-03T05:15:06.280+0000] {dag.py:3427} INFO - Setting next_dagrun for tutorial_dag to None, run_after=None
[2022-12-03T05:15:06.294+0000] {processor.py:175} INFO - Processing /home/airflow/.local/lib/python3.7/site-packages/airflow/example_dags/tutorial_dag.py took 0.076 seconds
[2022-12-03T05:15:36.975+0000] {processor.py:153} INFO - Started process (PID=3053) to work on /home/airflow/.local/lib/python3.7/site-packages/airflow/example_dags/tutorial_dag.py
[2022-12-03T05:15:36.988+0000] {processor.py:743} INFO - Processing file /home/airflow/.local/lib/python3.7/site-packages/airflow/example_dags/tutorial_dag.py for tasks to queue
[2022-12-03T05:15:36.991+0000] {logging_mixin.py:137} INFO - [2022-12-03T05:15:36.991+0000] {dagbag.py:538} INFO - Filling up the DagBag from /home/airflow/.local/lib/python3.7/site-packages/airflow/example_dags/tutorial_dag.py
[2022-12-03T05:15:37.028+0000] {processor.py:753} INFO - DAG(s) dict_keys(['tutorial_dag']) retrieved from /home/airflow/.local/lib/python3.7/site-packages/airflow/example_dags/tutorial_dag.py
[2022-12-03T05:15:37.103+0000] {logging_mixin.py:137} INFO - [2022-12-03T05:15:37.103+0000] {dag.py:2676} INFO - Sync 1 DAGs
[2022-12-03T05:15:37.147+0000] {logging_mixin.py:137} INFO - [2022-12-03T05:15:37.147+0000] {dag.py:3427} INFO - Setting next_dagrun for tutorial_dag to None, run_after=None
[2022-12-03T05:15:37.172+0000] {processor.py:175} INFO - Processing /home/airflow/.local/lib/python3.7/site-packages/airflow/example_dags/tutorial_dag.py took 0.203 seconds
[2022-12-03T05:16:08.067+0000] {processor.py:153} INFO - Started process (PID=3266) to work on /home/airflow/.local/lib/python3.7/site-packages/airflow/example_dags/tutorial_dag.py
[2022-12-03T05:16:08.071+0000] {processor.py:743} INFO - Processing file /home/airflow/.local/lib/python3.7/site-packages/airflow/example_dags/tutorial_dag.py for tasks to queue
[2022-12-03T05:16:08.078+0000] {logging_mixin.py:137} INFO - [2022-12-03T05:16:08.078+0000] {dagbag.py:538} INFO - Filling up the DagBag from /home/airflow/.local/lib/python3.7/site-packages/airflow/example_dags/tutorial_dag.py
[2022-12-03T05:16:08.121+0000] {processor.py:753} INFO - DAG(s) dict_keys(['tutorial_dag']) retrieved from /home/airflow/.local/lib/python3.7/site-packages/airflow/example_dags/tutorial_dag.py
[2022-12-03T05:16:08.183+0000] {logging_mixin.py:137} INFO - [2022-12-03T05:16:08.183+0000] {dag.py:2676} INFO - Sync 1 DAGs
[2022-12-03T05:16:08.205+0000] {logging_mixin.py:137} INFO - [2022-12-03T05:16:08.205+0000] {dag.py:3427} INFO - Setting next_dagrun for tutorial_dag to None, run_after=None
[2022-12-03T05:16:08.224+0000] {processor.py:175} INFO - Processing /home/airflow/.local/lib/python3.7/site-packages/airflow/example_dags/tutorial_dag.py took 0.167 seconds
[2022-12-03T05:16:38.712+0000] {processor.py:153} INFO - Started process (PID=3491) to work on /home/airflow/.local/lib/python3.7/site-packages/airflow/example_dags/tutorial_dag.py
[2022-12-03T05:16:38.715+0000] {processor.py:743} INFO - Processing file /home/airflow/.local/lib/python3.7/site-packages/airflow/example_dags/tutorial_dag.py for tasks to queue
[2022-12-03T05:16:38.717+0000] {logging_mixin.py:137} INFO - [2022-12-03T05:16:38.716+0000] {dagbag.py:538} INFO - Filling up the DagBag from /home/airflow/.local/lib/python3.7/site-packages/airflow/example_dags/tutorial_dag.py
[2022-12-03T05:16:38.734+0000] {processor.py:753} INFO - DAG(s) dict_keys(['tutorial_dag']) retrieved from /home/airflow/.local/lib/python3.7/site-packages/airflow/example_dags/tutorial_dag.py
[2022-12-03T05:16:38.766+0000] {logging_mixin.py:137} INFO - [2022-12-03T05:16:38.766+0000] {dag.py:2676} INFO - Sync 1 DAGs
[2022-12-03T05:16:38.781+0000] {logging_mixin.py:137} INFO - [2022-12-03T05:16:38.781+0000] {dag.py:3427} INFO - Setting next_dagrun for tutorial_dag to None, run_after=None
[2022-12-03T05:16:38.794+0000] {processor.py:175} INFO - Processing /home/airflow/.local/lib/python3.7/site-packages/airflow/example_dags/tutorial_dag.py took 0.088 seconds
[2022-12-03T05:17:09.848+0000] {processor.py:153} INFO - Started process (PID=3705) to work on /home/airflow/.local/lib/python3.7/site-packages/airflow/example_dags/tutorial_dag.py
[2022-12-03T05:17:09.851+0000] {processor.py:743} INFO - Processing file /home/airflow/.local/lib/python3.7/site-packages/airflow/example_dags/tutorial_dag.py for tasks to queue
[2022-12-03T05:17:09.852+0000] {logging_mixin.py:137} INFO - [2022-12-03T05:17:09.852+0000] {dagbag.py:538} INFO - Filling up the DagBag from /home/airflow/.local/lib/python3.7/site-packages/airflow/example_dags/tutorial_dag.py
[2022-12-03T05:17:09.875+0000] {processor.py:753} INFO - DAG(s) dict_keys(['tutorial_dag']) retrieved from /home/airflow/.local/lib/python3.7/site-packages/airflow/example_dags/tutorial_dag.py
[2022-12-03T05:17:09.922+0000] {logging_mixin.py:137} INFO - [2022-12-03T05:17:09.922+0000] {dag.py:2676} INFO - Sync 1 DAGs
[2022-12-03T05:17:09.960+0000] {logging_mixin.py:137} INFO - [2022-12-03T05:17:09.960+0000] {dag.py:3427} INFO - Setting next_dagrun for tutorial_dag to None, run_after=None
[2022-12-03T05:17:09.980+0000] {processor.py:175} INFO - Processing /home/airflow/.local/lib/python3.7/site-packages/airflow/example_dags/tutorial_dag.py took 0.138 seconds
[2022-12-03T05:17:40.455+0000] {processor.py:153} INFO - Started process (PID=3931) to work on /home/airflow/.local/lib/python3.7/site-packages/airflow/example_dags/tutorial_dag.py
[2022-12-03T05:17:40.457+0000] {processor.py:743} INFO - Processing file /home/airflow/.local/lib/python3.7/site-packages/airflow/example_dags/tutorial_dag.py for tasks to queue
[2022-12-03T05:17:40.459+0000] {logging_mixin.py:137} INFO - [2022-12-03T05:17:40.459+0000] {dagbag.py:538} INFO - Filling up the DagBag from /home/airflow/.local/lib/python3.7/site-packages/airflow/example_dags/tutorial_dag.py
[2022-12-03T05:17:40.470+0000] {processor.py:753} INFO - DAG(s) dict_keys(['tutorial_dag']) retrieved from /home/airflow/.local/lib/python3.7/site-packages/airflow/example_dags/tutorial_dag.py
[2022-12-03T05:17:40.528+0000] {logging_mixin.py:137} INFO - [2022-12-03T05:17:40.528+0000] {dag.py:2676} INFO - Sync 1 DAGs
[2022-12-03T05:17:40.565+0000] {logging_mixin.py:137} INFO - [2022-12-03T05:17:40.565+0000] {dag.py:3427} INFO - Setting next_dagrun for tutorial_dag to None, run_after=None
[2022-12-03T05:17:40.584+0000] {processor.py:175} INFO - Processing /home/airflow/.local/lib/python3.7/site-packages/airflow/example_dags/tutorial_dag.py took 0.136 seconds
[2022-12-03T05:18:54.320+0000] {processor.py:153} INFO - Started process (PID=197) to work on /home/airflow/.local/lib/python3.7/site-packages/airflow/example_dags/tutorial_dag.py
[2022-12-03T05:18:54.323+0000] {processor.py:743} INFO - Processing file /home/airflow/.local/lib/python3.7/site-packages/airflow/example_dags/tutorial_dag.py for tasks to queue
[2022-12-03T05:18:54.332+0000] {logging_mixin.py:137} INFO - [2022-12-03T05:18:54.331+0000] {dagbag.py:538} INFO - Filling up the DagBag from /home/airflow/.local/lib/python3.7/site-packages/airflow/example_dags/tutorial_dag.py
[2022-12-03T05:18:54.351+0000] {processor.py:753} INFO - DAG(s) dict_keys(['tutorial_dag']) retrieved from /home/airflow/.local/lib/python3.7/site-packages/airflow/example_dags/tutorial_dag.py
[2022-12-03T05:18:54.398+0000] {logging_mixin.py:137} INFO - [2022-12-03T05:18:54.398+0000] {dag.py:2676} INFO - Sync 1 DAGs
[2022-12-03T05:18:54.478+0000] {logging_mixin.py:137} INFO - [2022-12-03T05:18:54.478+0000] {dag.py:3427} INFO - Setting next_dagrun for tutorial_dag to None, run_after=None
[2022-12-03T05:18:54.534+0000] {processor.py:175} INFO - Processing /home/airflow/.local/lib/python3.7/site-packages/airflow/example_dags/tutorial_dag.py took 0.217 seconds
[2022-12-03T05:19:25.534+0000] {processor.py:153} INFO - Started process (PID=412) to work on /home/airflow/.local/lib/python3.7/site-packages/airflow/example_dags/tutorial_dag.py
[2022-12-03T05:19:25.535+0000] {processor.py:743} INFO - Processing file /home/airflow/.local/lib/python3.7/site-packages/airflow/example_dags/tutorial_dag.py for tasks to queue
[2022-12-03T05:19:25.537+0000] {logging_mixin.py:137} INFO - [2022-12-03T05:19:25.537+0000] {dagbag.py:538} INFO - Filling up the DagBag from /home/airflow/.local/lib/python3.7/site-packages/airflow/example_dags/tutorial_dag.py
[2022-12-03T05:19:25.547+0000] {processor.py:753} INFO - DAG(s) dict_keys(['tutorial_dag']) retrieved from /home/airflow/.local/lib/python3.7/site-packages/airflow/example_dags/tutorial_dag.py
[2022-12-03T05:19:25.578+0000] {logging_mixin.py:137} INFO - [2022-12-03T05:19:25.578+0000] {dag.py:2676} INFO - Sync 1 DAGs
[2022-12-03T05:19:25.600+0000] {logging_mixin.py:137} INFO - [2022-12-03T05:19:25.599+0000] {dag.py:3427} INFO - Setting next_dagrun for tutorial_dag to None, run_after=None
[2022-12-03T05:19:25.614+0000] {processor.py:175} INFO - Processing /home/airflow/.local/lib/python3.7/site-packages/airflow/example_dags/tutorial_dag.py took 0.083 seconds
[2022-12-03T05:19:56.570+0000] {processor.py:153} INFO - Started process (PID=639) to work on /home/airflow/.local/lib/python3.7/site-packages/airflow/example_dags/tutorial_dag.py
[2022-12-03T05:19:56.572+0000] {processor.py:743} INFO - Processing file /home/airflow/.local/lib/python3.7/site-packages/airflow/example_dags/tutorial_dag.py for tasks to queue
[2022-12-03T05:19:56.575+0000] {logging_mixin.py:137} INFO - [2022-12-03T05:19:56.574+0000] {dagbag.py:538} INFO - Filling up the DagBag from /home/airflow/.local/lib/python3.7/site-packages/airflow/example_dags/tutorial_dag.py
[2022-12-03T05:19:56.589+0000] {processor.py:753} INFO - DAG(s) dict_keys(['tutorial_dag']) retrieved from /home/airflow/.local/lib/python3.7/site-packages/airflow/example_dags/tutorial_dag.py
[2022-12-03T05:19:56.619+0000] {logging_mixin.py:137} INFO - [2022-12-03T05:19:56.619+0000] {dag.py:2676} INFO - Sync 1 DAGs
[2022-12-03T05:19:56.636+0000] {logging_mixin.py:137} INFO - [2022-12-03T05:19:56.636+0000] {dag.py:3427} INFO - Setting next_dagrun for tutorial_dag to None, run_after=None
[2022-12-03T05:19:56.649+0000] {processor.py:175} INFO - Processing /home/airflow/.local/lib/python3.7/site-packages/airflow/example_dags/tutorial_dag.py took 0.082 seconds
